18:26:57.405	SERVER	admin	OK	Server was started (port: 1984).
18:27:07.567	0:0:0:0:0:0:0:1:65259	admin	REQUEST	[GET] http://localhost:8080/BaseX823/dba/databases
18:27:09.357	0:0:0:0:0:0:0:1:65259	admin	302		1795.28 ms
18:27:09.357	0:0:0:0:0:0:0:1:65259	admin	200		0.32 ms
18:27:09.372	0:0:0:0:0:0:0:1:65259	admin	REQUEST	[GET] http://localhost:8080/BaseX823/dba/login
18:27:09.445	0:0:0:0:0:0:0:1:65259	admin	200		73.79 ms
18:27:09.532	0:0:0:0:0:0:0:1:65259	admin	REQUEST	[GET] http://localhost:8080/BaseX823/dba/static/style.css
18:27:09.583	0:0:0:0:0:0:0:1:65261	admin	REQUEST	[GET] http://localhost:8080/BaseX823/dba/static/js.js
18:27:09.643	0:0:0:0:0:0:0:1:65259	admin	200		111.57 ms
18:27:09.667	0:0:0:0:0:0:0:1:65261	admin	200		84.56 ms
18:27:09.715	0:0:0:0:0:0:0:1:65259	admin	REQUEST	[GET] http://localhost:8080/BaseX823/dba/static/basex.svg
18:27:09.791	0:0:0:0:0:0:0:1:65259	admin	200		75.64 ms
18:27:14.353	0:0:0:0:0:0:0:1:65259	admin	REQUEST	[POST] http://localhost:8080/BaseX823/dba/login-check
18:27:14.493	SERVER	admin	INFO	User was logged in: admin
18:27:14.494	0:0:0:0:0:0:0:1:65259	admin	302		141.11 ms
18:27:14.494	0:0:0:0:0:0:0:1:65259	admin	200		0.13 ms
18:27:14.505	0:0:0:0:0:0:0:1:65259	admin	REQUEST	[GET] http://localhost:8080/BaseX823/dba/databases
18:27:14.759	0:0:0:0:0:0:0:1:65259	admin	200		254.07 ms
18:27:18.206	0:0:0:0:0:0:0:1:65259	admin	REQUEST	[GET] http://localhost:8080/BaseX823/dba/database?name=factbook
18:27:18.466	0:0:0:0:0:0:0:1:65259	admin	200		260.8 ms
18:27:24.860	0:0:0:0:0:0:0:1:65259	admin	REQUEST	[GET] http://localhost:8080/BaseX823/dba/database?name=factbook&resource=factbook.xml
18:27:25.040	0:0:0:0:0:0:0:1:65259	admin	200		180.01 ms
18:27:25.609	0:0:0:0:0:0:0:1:65259	admin	REQUEST	[POST] http://localhost:8080/BaseX823/dba/query-resource?name=factbook&resource=factbook.xml&sort=&loglist=
18:27:25.828	0:0:0:0:0:0:0:1:65259	admin	200		219.45 ms
18:27:27.458	0:0:0:0:0:0:0:1:65259	admin	REQUEST	[GET] http://localhost:8080/BaseX823/dba/database?name=factbook&resource=factbook.xml
18:27:27.588	0:0:0:0:0:0:0:1:65259	admin	200		129.65 ms
18:27:27.985	0:0:0:0:0:0:0:1:65259	admin	REQUEST	[POST] http://localhost:8080/BaseX823/dba/query-resource?name=factbook&resource=factbook.xml&sort=&loglist=
18:27:28.119	0:0:0:0:0:0:0:1:65259	admin	200		134.62 ms
18:27:31.485	0:0:0:0:0:0:0:1:65259	admin	REQUEST	[GET] http://localhost:8080/BaseX823/dba/database?name=factbook&resource=factbook.xml
18:27:31.649	0:0:0:0:0:0:0:1:65259	admin	200		164.55 ms
18:27:32.018	0:0:0:0:0:0:0:1:65259	admin	REQUEST	[POST] http://localhost:8080/BaseX823/dba/query-resource?name=factbook&resource=factbook.xml&sort=&loglist=
18:27:32.193	0:0:0:0:0:0:0:1:65259	admin	200		175.71 ms
18:27:38.525	0:0:0:0:0:0:0:1:65259	admin	REQUEST	[POST] http://localhost:8080/BaseX823/dba/database
18:27:38.589	0:0:0:0:0:0:0:1:65259	admin	302		64.54 ms
18:27:38.589	0:0:0:0:0:0:0:1:65259	admin	200		0.12 ms
18:27:38.605	0:0:0:0:0:0:0:1:65259	admin	REQUEST	[GET] http://localhost:8080/BaseX823/dba/delete?name=factbook&resource=factbook.xml
18:27:38.751	0:0:0:0:0:0:0:1:65259	admin	400	Stopped at /Users/arthur/Downloads/Projects/WEB/servlet-test/root-base/work/BaseX823/webapp/dba/databases/resources/delete.xqm, 26/10: [bxerr:BXDB0007] Database 'factbook' is currently opened by another process.	145.54 ms
18:27:58.357	0:0:0:0:0:0:0:1:65259	admin	REQUEST	[POST] http://localhost:8080/BaseX823/dba/database
18:27:58.430	0:0:0:0:0:0:0:1:65259	admin	302		73.69 ms
18:27:58.431	0:0:0:0:0:0:0:1:65259	admin	200		0.13 ms
18:27:58.443	0:0:0:0:0:0:0:1:65259	admin	REQUEST	[GET] http://localhost:8080/BaseX823/dba/delete?name=factbook&resource=factbook.xml
18:27:58.577	0:0:0:0:0:0:0:1:65259	admin	302		133.79 ms
18:27:58.577	0:0:0:0:0:0:0:1:65259	admin	200		0.11 ms
18:27:58.590	0:0:0:0:0:0:0:1:65259	admin	REQUEST	[GET] http://localhost:8080/BaseX823/dba/database?name=factbook&info=Deleted%20resources%3A%201
18:27:58.694	0:0:0:0:0:0:0:1:65259	admin	200		104.27 ms
18:28:05.651	0:0:0:0:0:0:0:1:65259	admin	REQUEST	[POST] http://localhost:8080/BaseX823/dba/database
18:28:05.734	0:0:0:0:0:0:0:1:65259	admin	302		83.28 ms
18:28:05.735	0:0:0:0:0:0:0:1:65259	admin	200		0.17 ms
18:28:05.748	0:0:0:0:0:0:0:1:65259	admin	REQUEST	[GET] http://localhost:8080/BaseX823/dba/add?name=factbook
18:28:05.801	0:0:0:0:0:0:0:1:65259	admin	200		52.67 ms
18:28:27.149	0:0:0:0:0:0:0:1:65259	admin	REQUEST	[POST] http://localhost:8080/BaseX823/dba/add
18:28:28.471	0:0:0:0:0:0:0:1:65259	admin	302		1322.69 ms
18:28:28.472	0:0:0:0:0:0:0:1:65259	admin	200		0.12 ms
18:28:28.481	0:0:0:0:0:0:0:1:65259	admin	REQUEST	[GET] http://localhost:8080/BaseX823/dba/database?name=factbook&resource=factbook.xml&info=Added%20resource%3A%20factbook
18:28:28.541	0:0:0:0:0:0:0:1:65259	admin	200		59.6 ms
18:28:28.961	0:0:0:0:0:0:0:1:65259	admin	REQUEST	[POST] http://localhost:8080/BaseX823/dba/query-resource?name=factbook&resource=factbook.xml&sort=&loglist=
18:28:29.067	0:0:0:0:0:0:0:1:65259	admin	200		105.57 ms
18:28:36.709	0:0:0:0:0:0:0:1:65259	admin	REQUEST	[GET] http://localhost:8080/BaseX823/dba/queries
18:28:36.793	0:0:0:0:0:0:0:1:65259	admin	200		84.17 ms
18:28:36.974	0:0:0:0:0:0:0:1:65259	admin	REQUEST	[GET] http://localhost:8080/BaseX823/dba/static/codemirror/lib/codemirror.css
18:28:37.016	0:0:0:0:0:0:0:1:65270	admin	REQUEST	[GET] http://localhost:8080/BaseX823/dba/static/editor.js
18:28:37.029	0:0:0:0:0:0:0:1:65273	admin	REQUEST	[GET] http://localhost:8080/BaseX823/dba/static/codemirror/mode/xquery/xquery.js
18:28:37.030	0:0:0:0:0:0:0:1:65275	admin	REQUEST	[GET] http://localhost:8080/BaseX823/dba/static/codemirror/mode/xml/xml.js
18:28:37.032	0:0:0:0:0:0:0:1:65274	admin	REQUEST	[GET] http://localhost:8080/BaseX823/dba/static/codemirror/lib/codemirror.js
18:28:37.063	0:0:0:0:0:0:0:1:65259	admin	200		89.14 ms
18:28:37.166	0:0:0:0:0:0:0:1:65273	admin	200		137.77 ms
18:28:37.189	0:0:0:0:0:0:0:1:65275	admin	200		159.73 ms
18:28:37.193	0:0:0:0:0:0:0:1:65270	admin	200		176.61 ms
18:28:37.209	0:0:0:0:0:0:0:1:65274	admin	200		177.59 ms
19:02:17.479	0:0:0:0:0:0:0:1:65314	admin	REQUEST	[GET] http://localhost:8080/BaseX823/dba/logs
19:02:17.591	0:0:0:0:0:0:0:1:65314	admin	302		112.04 ms
19:02:17.591	0:0:0:0:0:0:0:1:65314	admin	200		0.1 ms
19:02:17.599	0:0:0:0:0:0:0:1:65314	admin	REQUEST	[GET] http://localhost:8080/BaseX823/dba/login
19:02:17.633	0:0:0:0:0:0:0:1:65314	admin	200		33.99 ms
19:02:24.841	0:0:0:0:0:0:0:1:65314	admin	REQUEST	[POST] http://localhost:8080/BaseX823/dba/login-check
19:02:24.957	SERVER	admin	INFO	User was logged in: admin
19:02:24.958	0:0:0:0:0:0:0:1:65314	admin	302		116.39 ms
19:02:24.958	0:0:0:0:0:0:0:1:65314	admin	200		0.08 ms
19:02:24.983	0:0:0:0:0:0:0:1:65314	admin	REQUEST	[GET] http://localhost:8080/BaseX823/dba/databases
19:02:25.049	0:0:0:0:0:0:0:1:65314	admin	200		66.59 ms
19:02:29.498	0:0:0:0:0:0:0:1:65314	admin	REQUEST	[GET] http://localhost:8080/BaseX823/dba/logs
19:02:29.581	0:0:0:0:0:0:0:1:65314	admin	200		83.26 ms
19:02:33.718	0:0:0:0:0:0:0:1:65314	admin	REQUEST	[GET] http://localhost:8080/BaseX823/dba/settings
19:02:33.783	0:0:0:0:0:0:0:1:65314	admin	200		65.17 ms
19:02:45.837	0:0:0:0:0:0:0:1:65314	admin	REQUEST	[GET] http://localhost:8080/BaseX823/dba/databases
19:02:45.953	0:0:0:0:0:0:0:1:65314	admin	200		116.41 ms
19:06:59.112	0:0:0:0:0:0:0:1:65370	admin	REQUEST	[GET] http://localhost:8080/BaseX823/dba/database?name=factbook
19:06:59.217	0:0:0:0:0:0:0:1:65370	admin	200		104.52 ms
19:07:58.040	0:0:0:0:0:0:0:1:65374	admin	REQUEST	[GET] http://localhost:8080/BaseX823/dba/databases
19:07:58.140	0:0:0:0:0:0:0:1:65374	admin	200		100.59 ms
19:53:30.343	0:0:0:0:0:0:0:1:49664	admin	REQUEST	[GET] http://localhost:8080/BaseX823/dba/databases
19:53:30.499	0:0:0:0:0:0:0:1:49664	admin	302		156.68 ms
19:53:30.501	0:0:0:0:0:0:0:1:49664	admin	200		2.27 ms
19:53:30.518	0:0:0:0:0:0:0:1:49664	admin	REQUEST	[GET] http://localhost:8080/BaseX823/dba/login
19:53:30.579	0:0:0:0:0:0:0:1:49664	admin	200		61.05 ms
19:53:30.693	0:0:0:0:0:0:0:1:49664	admin	REQUEST	[GET] http://localhost:8080/BaseX823/dba/static/style.css
19:53:30.763	0:0:0:0:0:0:0:1:49666	admin	REQUEST	[GET] http://localhost:8080/BaseX823/dba/static/js.js
19:53:30.822	0:0:0:0:0:0:0:1:49664	admin	200		128.73 ms
19:53:30.848	0:0:0:0:0:0:0:1:49666	admin	200		85.14 ms
19:53:30.876	0:0:0:0:0:0:0:1:49664	admin	REQUEST	[GET] http://localhost:8080/BaseX823/dba/static/basex.svg
19:53:30.937	0:0:0:0:0:0:0:1:49664	admin	200		61.1 ms
19:53:35.561	0:0:0:0:0:0:0:1:49664	admin	REQUEST	[POST] http://localhost:8080/BaseX823/dba/login-check
19:53:35.681	SERVER	admin	INFO	User was logged in: admin
19:53:35.681	0:0:0:0:0:0:0:1:49664	admin	302		119.87 ms
19:53:35.681	0:0:0:0:0:0:0:1:49664	admin	200		0.08 ms
19:53:35.694	0:0:0:0:0:0:0:1:49664	admin	REQUEST	[GET] http://localhost:8080/BaseX823/dba/databases
19:53:35.768	0:0:0:0:0:0:0:1:49664	admin	200		74.13 ms
19:53:40.026	0:0:0:0:0:0:0:1:49664	admin	REQUEST	[GET] http://localhost:8080/BaseX823/dba/database?name=cm
19:53:40.180	0:0:0:0:0:0:0:1:49664	admin	200		154.12 ms
19:53:51.872	0:0:0:0:0:0:0:1:49664	admin	REQUEST	[GET] http://localhost:8080/BaseX823/dba/databases
19:53:51.969	0:0:0:0:0:0:0:1:49664	admin	200		97.12 ms
19:57:31.865	0:0:0:0:0:0:0:1:49764	admin	REQUEST	[GET] http://localhost:8080/BaseX823/dba/database?name=cm
19:57:32.182	0:0:0:0:0:0:0:1:49764	admin	200		316.55 ms
19:57:34.189	0:0:0:0:0:0:0:1:49764	admin	REQUEST	[GET] http://localhost:8080/BaseX823/dba/databases
19:57:34.298	0:0:0:0:0:0:0:1:49764	admin	200		108.9 ms
19:57:37.361	0:0:0:0:0:0:0:1:49764	admin	REQUEST	[GET] http://localhost:8080/BaseX823/dba/databases
19:57:37.432	0:0:0:0:0:0:0:1:49764	admin	200		71.44 ms
20:16:36.187	SERVER	admin	OK	Server was stopped (port: 1984).
20:16:54.794	SERVER	admin	OK	Server was started (port: 1984).
20:17:04.029	0:0:0:0:0:0:0:1:50024	admin	REQUEST	[GET] http://localhost:8080/BaseX823/dba/databases
20:17:05.707	0:0:0:0:0:0:0:1:50024	admin	302		1680.94 ms
20:17:05.708	0:0:0:0:0:0:0:1:50024	admin	200		0.34 ms
20:17:05.726	0:0:0:0:0:0:0:1:50024	admin	REQUEST	[GET] http://localhost:8080/BaseX823/dba/login
20:17:05.796	0:0:0:0:0:0:0:1:50024	admin	200		69.99 ms
20:17:10.987	0:0:0:0:0:0:0:1:50024	admin	REQUEST	[POST] http://localhost:8080/BaseX823/dba/login-check
20:17:11.126	SERVER	admin	INFO	User was logged in: admin
20:17:11.127	0:0:0:0:0:0:0:1:50024	admin	302		139.9 ms
20:17:11.127	0:0:0:0:0:0:0:1:50024	admin	200		0.13 ms
20:17:11.136	0:0:0:0:0:0:0:1:50024	admin	REQUEST	[GET] http://localhost:8080/BaseX823/dba/databases
20:17:11.301	0:0:0:0:0:0:0:1:50024	admin	200		165.62 ms
20:17:20.848	0:0:0:0:0:0:0:1:50032	admin	REQUEST	[GET] http://localhost:8080/BaseX823/dba/databases
20:17:21.000	0:0:0:0:0:0:0:1:50024	admin	REQUEST	[GET] http://localhost:8080/BaseX823/
20:17:21.189	0:0:0:0:0:0:0:1:50024	admin	200		188.78 ms
20:17:21.440	0:0:0:0:0:0:0:1:50032	admin	200		591.89 ms
20:17:44.317	0:0:0:0:0:0:0:1:50024	admin	REQUEST	[GET] http://localhost:8080/BaseX823/testcm
20:17:44.427	0:0:0:0:0:0:0:1:50024	admin	404	No function found that matches the request.	111.02 ms
20:18:51.402	0:0:0:0:0:0:0:1:50050	admin	REQUEST	[GET] http://localhost:8080/BaseX823/testcm
20:18:51.468	0:0:0:0:0:0:0:1:50050	admin	400	Stopped at /Users/arthur/Downloads/Projects/WEB/servlet-test/root-base/work/BaseX823/webapp/restxq.xqm, 115/12: [XQST0034] Duplicate declaration of function 'page:start'.	65.81 ms
20:19:35.405	0:0:0:0:0:0:0:1:50060	admin	REQUEST	[GET] http://localhost:8080/BaseX823/testcm
20:19:35.619	0:0:0:0:0:0:0:1:50060	admin	400	Stopped at /Users/arthur/Downloads/Projects/WEB/servlet-test/root-base/work/BaseX823/webapp/restxq.xqm, 119/6: [bxerr:BXDB0006] Database path 'cm/Users/arthur/Documents/Projects/WEB/cm/webapp/bin/wsr/static/test.html' yields no documents.	216.03 ms
20:21:18.770	0:0:0:0:0:0:0:1:50070	admin	REQUEST	[GET] http://localhost:8080/BaseX823/dba/databases
20:21:18.816	0:0:0:0:0:0:0:1:50070	admin	400	Stopped at /Users/arthur/Downloads/Projects/WEB/servlet-test/root-base/work/BaseX823/webapp/dba/login.xqm, 199/12: [XPST0081] No namespace declared for 'page:cm'.	46.88 ms
20:21:19.040	0:0:0:0:0:0:0:1:50072	admin	REQUEST	[GET] http://localhost:8080/BaseX823/dba
20:21:19.057	0:0:0:0:0:0:0:1:50072	admin	400	Stopped at /Users/arthur/Downloads/Projects/WEB/servlet-test/root-base/work/BaseX823/webapp/dba/login.xqm, 199/12: [XPST0081] No namespace declared for 'page:cm'.	17.83 ms
20:21:54.137	0:0:0:0:0:0:0:1:50083	admin	REQUEST	[GET] http://localhost:8080/BaseX823/dba
20:21:54.232	0:0:0:0:0:0:0:1:50083	admin	302		95.34 ms
20:21:54.232	0:0:0:0:0:0:0:1:50083	admin	200		0.11 ms
20:21:54.242	0:0:0:0:0:0:0:1:50083	admin	REQUEST	[GET] http://localhost:8080/BaseX823/dba/databases
20:21:54.335	0:0:0:0:0:0:0:1:50083	admin	200		93.38 ms
20:22:01.650	0:0:0:0:0:0:0:1:50112	admin	REQUEST	[GET] http://localhost:8080/BaseX823/dba/databases
20:22:01.733	0:0:0:0:0:0:0:1:50112	admin	200		82.58 ms
20:22:04.489	0:0:0:0:0:0:0:1:50083	admin	REQUEST	[GET] http://localhost:8080/BaseX823/dba/testcm
20:22:04.653	0:0:0:0:0:0:0:1:50083	admin	400	Stopped at /Users/arthur/Downloads/Projects/WEB/servlet-test/root-base/work/BaseX823/webapp/dba/login.xqm, 203/6: [bxerr:BXDB0006] Database path 'cm/Users/arthur/Documents/Projects/WEB/cm/webapp/bin/wsr/static/test.html' yields no documents.	164.94 ms
20:23:07.467	0:0:0:0:0:0:0:1:50122	admin	REQUEST	[GET] http://localhost:8080/BaseX823/dba/database?name=cm
20:23:07.621	0:0:0:0:0:0:0:1:50122	admin	200		154.01 ms
20:23:21.942	0:0:0:0:0:0:0:1:50122	admin	REQUEST	[GET] http://localhost:8080/BaseX823/dba/database?name=cm&resource=test.html
20:23:22.096	0:0:0:0:0:0:0:1:50122	admin	200		153.52 ms
20:23:22.502	0:0:0:0:0:0:0:1:50122	admin	REQUEST	[POST] http://localhost:8080/BaseX823/dba/query-resource?name=cm&resource=test.html&sort=&loglist=
20:23:22.643	0:0:0:0:0:0:0:1:50122	admin	200		141.9 ms
20:23:49.657	0:0:0:0:0:0:0:1:50145	admin	REQUEST	[GET] http://localhost:8080/BaseX823/dba/testcm
20:23:50.015	0:0:0:0:0:0:0:1:50145	admin	400	Stopped at /Users/arthur/Downloads/Projects/WEB/servlet-test/root-base/work/BaseX823/webapp/dba/login.xqm, 199/12: [XPTY0004] Cannot promote element() to element(html): element head {...}.	357.8 ms
20:23:50.015	0:0:0:0:0:0:0:1:50145	admin	500	Committed	0.44 ms
20:33:58.804	0:0:0:0:0:0:0:1:50216	admin	REQUEST	[GET] http://localhost:8080/BaseX823/dba/testcm
20:33:59.028	0:0:0:0:0:0:0:1:50216	admin	400	Stopped at /Users/arthur/Downloads/Projects/WEB/servlet-test/root-base/work/BaseX823/webapp/dba/login.xqm, 199/12: [XPTY0004] Cannot promote element() to element(html): element head {...}.	224.04 ms
20:33:59.029	0:0:0:0:0:0:0:1:50216	admin	500	Committed	1.1 ms
20:34:11.819	0:0:0:0:0:0:0:1:50216	admin	REQUEST	[GET] http://localhost:8080/BaseX823/dba/logout
20:34:11.906	SERVER	admin	INFO	User was logged out: admin
20:34:11.909	0:0:0:0:0:0:0:1:50216	admin	302		90.03 ms
20:34:11.910	0:0:0:0:0:0:0:1:50216	admin	200		0.13 ms
20:34:11.923	0:0:0:0:0:0:0:1:50216	admin	REQUEST	[GET] http://localhost:8080/BaseX823/dba/login?nane=admin&url=
20:34:12.004	0:0:0:0:0:0:0:1:50216	admin	200		81.35 ms
20:34:21.235	0:0:0:0:0:0:0:1:50220	admin	REQUEST	[GET] http://localhost:8080/BaseX823/dba/databases
20:34:21.504	0:0:0:0:0:0:0:1:50220	admin	302		269.18 ms
20:34:21.510	0:0:0:0:0:0:0:1:50220	admin	200		5.59 ms
20:34:21.525	0:0:0:0:0:0:0:1:50220	admin	REQUEST	[GET] http://localhost:8080/BaseX823/dba/login
20:34:21.619	0:0:0:0:0:0:0:1:50220	admin	200		94.48 ms
20:34:24.209	0:0:0:0:0:0:0:1:50220	admin	REQUEST	[GET] http://localhost:8080/BaseX823/dba/testcm
20:34:24.397	0:0:0:0:0:0:0:1:50220	admin	400	Stopped at /Users/arthur/Downloads/Projects/WEB/servlet-test/root-base/work/BaseX823/webapp/dba/login.xqm, 199/12: [XPTY0004] Cannot promote element() to element(html): element head {...}.	188.45 ms
20:34:24.398	0:0:0:0:0:0:0:1:50220	admin	500	Committed	0.14 ms
20:34:35.606	0:0:0:0:0:0:0:1:50216	admin	REQUEST	[GET] http://localhost:8080/BaseX823/dba/testcm
20:34:35.801	0:0:0:0:0:0:0:1:50216	admin	400	Stopped at /Users/arthur/Downloads/Projects/WEB/servlet-test/root-base/work/BaseX823/webapp/dba/login.xqm, 199/12: [XPTY0004] Cannot promote element() to element(html): element head {...}.	195.38 ms
20:34:35.801	0:0:0:0:0:0:0:1:50216	admin	500	Committed	0.21 ms
20:35:34.830	0:0:0:0:0:0:0:1:50258	admin	REQUEST	[GET] http://localhost:8080/BaseX823/dba/testcm
20:35:35.482	0:0:0:0:0:0:0:1:50258	admin	400	Stopped at /Users/arthur/Downloads/Projects/WEB/servlet-test/root-base/work/BaseX823/webapp/dba/login.xqm, 199/12: [XPTY0004] Cannot promote element() to element(html): element head {...}.	653.35 ms
20:35:35.484	0:0:0:0:0:0:0:1:50258	admin	500	Committed	2.62 ms
20:36:56.945	0:0:0:0:0:0:0:1:50338	admin	REQUEST	[GET] http://localhost:8080/BaseX823/dba/testcm
20:36:57.561	0:0:0:0:0:0:0:1:50338	admin	400	Stopped at /Users/arthur/Downloads/Projects/WEB/servlet-test/root-base/work/BaseX823/webapp/dba/login.xqm, 199/12: [XPTY0004] Cannot promote element() to element(html): element head {...}.	616.61 ms
20:36:57.561	0:0:0:0:0:0:0:1:50338	admin	500	Committed	0.17 ms
20:40:21.750	0:0:0:0:0:0:0:1:50376	admin	REQUEST	[GET] http://localhost:8080/BaseX823/dba/testcm
20:40:24.391	0:0:0:0:0:0:0:1:50376	admin	400	Stopped at /Users/arthur/Downloads/Projects/WEB/servlet-test/root-base/work/BaseX823/webapp/dba/login.xqm, 199/12: [XPTY0004] Cannot promote element() to element(html): element head {...}.	2640.85 ms
20:40:24.393	0:0:0:0:0:0:0:1:50376	admin	500	Committed	1.81 ms
20:40:32.322	0:0:0:0:0:0:0:1:50376	admin	REQUEST	[GET] http://localhost:8080/BaseX823/dba/testcm
20:40:33.168	0:0:0:0:0:0:0:1:50376	admin	400	Stopped at /Users/arthur/Downloads/Projects/WEB/servlet-test/root-base/work/BaseX823/webapp/dba/login.xqm, 199/12: [XPTY0004] Cannot promote element() to element(html): element head {...}.	846.23 ms
20:40:33.168	0:0:0:0:0:0:0:1:50376	admin	500	Committed	0.39 ms
