11:20:17.341	SERVER	admin	OK	Server was started (port: 1984).
11:20:34.860	0:0:0:0:0:0:0:1:54523	admin	REQUEST	[GET] http://localhost:8080/
11:20:36.761	0:0:0:0:0:0:0:1:54523	admin	400	Stopped at /Users/arthur/Library/Application Support/BaseX/Repo/webapp_cm/cm.xqm, 17/12: [XPTY0004] Cannot promote element() to element(html): element head {...}.	1903.34 ms
11:20:36.761	0:0:0:0:0:0:0:1:54523	admin	500	Committed	0.28 ms
11:20:44.980	0:0:0:0:0:0:0:1:54523	admin	REQUEST	[GET] http://localhost:8080/
11:20:45.143	0:0:0:0:0:0:0:1:54523	admin	400	Stopped at /Users/arthur/Library/Application Support/BaseX/Repo/webapp_cm/cm.xqm, 17/12: [XPTY0004] Cannot promote element() to element(html): element head {...}.	162.91 ms
11:20:45.143	0:0:0:0:0:0:0:1:54523	admin	500	Committed	0.15 ms
11:20:45.944	0:0:0:0:0:0:0:1:54554	admin	REQUEST	[GET] http://localhost:8080/dba
11:20:45.999	0:0:0:0:0:0:0:1:54554	admin	302		54.56 ms
11:20:45.999	0:0:0:0:0:0:0:1:54554	admin	200		0.2 ms
11:20:46.006	0:0:0:0:0:0:0:1:54554	admin	REQUEST	[GET] http://localhost:8080/dba/databases
11:20:46.153	0:0:0:0:0:0:0:1:54554	admin	302		146.7 ms
11:20:46.153	0:0:0:0:0:0:0:1:54554	admin	200		0.14 ms
11:20:46.169	0:0:0:0:0:0:0:1:54554	admin	REQUEST	[GET] http://localhost:8080/dba/login
11:20:46.218	0:0:0:0:0:0:0:1:54554	admin	200		49.36 ms
11:20:46.339	0:0:0:0:0:0:0:1:54554	admin	REQUEST	[GET] http://localhost:8080/dba/static/style.css
11:20:46.404	0:0:0:0:0:0:0:1:54556	admin	REQUEST	[GET] http://localhost:8080/dba/static/js.js
11:20:46.450	0:0:0:0:0:0:0:1:54554	admin	200		111.47 ms
11:20:46.456	0:0:0:0:0:0:0:1:54556	admin	200		51.38 ms
11:20:46.488	0:0:0:0:0:0:0:1:54554	admin	REQUEST	[GET] http://localhost:8080/dba/static/basex.svg
11:20:46.546	0:0:0:0:0:0:0:1:54554	admin	200		58.6 ms
11:20:50.961	0:0:0:0:0:0:0:1:54554	admin	REQUEST	[POST] http://localhost:8080/dba/login-check
11:20:51.061	SERVER	admin	INFO	User was logged in: admin
11:20:51.062	0:0:0:0:0:0:0:1:54554	admin	302		101.42 ms
11:20:51.062	0:0:0:0:0:0:0:1:54554	admin	200		0.12 ms
11:20:51.069	0:0:0:0:0:0:0:1:54554	admin	REQUEST	[GET] http://localhost:8080/dba/databases
11:20:51.277	0:0:0:0:0:0:0:1:54554	admin	200		208.06 ms
11:43:03.423	0:0:0:0:0:0:0:1:54901	admin	REQUEST	[GET] http://localhost:8080/file
11:43:03.491	0:0:0:0:0:0:0:1:54904	admin	REQUEST	[GET] http://localhost:8080/files
11:43:03.589	0:0:0:0:0:0:0:1:54904	admin	404	No function found that matches the request.	98.95 ms
11:43:03.626	0:0:0:0:0:0:0:1:54901	admin	200		203.02 ms
11:43:08.138	0:0:0:0:0:0:0:1:54919	admin	REQUEST	[GET] http://localhost:8080/file
11:43:08.198	0:0:0:0:0:0:0:1:54919	admin	200		60.83 ms
11:43:08.570	0:0:0:0:0:0:0:1:54919	admin	REQUEST	[GET] http://localhost:8080/file
11:43:08.592	0:0:0:0:0:0:0:1:54919	admin	200		22.49 ms
11:43:08.895	0:0:0:0:0:0:0:1:54919	admin	REQUEST	[GET] http://localhost:8080/
11:43:09.014	0:0:0:0:0:0:0:1:54919	admin	400	Stopped at /Users/arthur/Library/Application Support/BaseX/Repo/webapp_cm/cm.xqm, 17/12: [XPTY0004] Cannot promote element() to element(html): element head {...}.	119.49 ms
11:43:09.015	0:0:0:0:0:0:0:1:54919	admin	500	Committed	0.16 ms
11:43:09.657	0:0:0:0:0:0:0:1:54919	admin	REQUEST	[GET] http://localhost:8080/.init
11:43:09.658	0:0:0:0:0:0:0:1:54919	admin	200		0.34 ms
11:43:12.292	0:0:0:0:0:0:0:1:54904	admin	REQUEST	[GET] http://localhost:8080/files
11:43:12.890	0:0:0:0:0:0:0:1:54904	admin	404	No function found that matches the request.	597.31 ms
11:43:22.081	0:0:0:0:0:0:0:1:54919	admin	REQUEST	[GET] http://localhost:8080/file
11:43:22.103	0:0:0:0:0:0:0:1:54919	admin	200		22.13 ms
12:08:44.552	0:0:0:0:0:0:0:1:55273	admin	REQUEST	[GET] http://localhost:8080/files
12:08:44.640	0:0:0:0:0:0:0:1:55273	admin	404	No function found that matches the request.	89.79 ms
12:08:51.071	0:0:0:0:0:0:0:1:55273	admin	REQUEST	[GET] http://localhost:8080/dba/users
12:08:51.218	0:0:0:0:0:0:0:1:55273	admin	200		147.5 ms
12:16:14.709	0:0:0:0:0:0:0:1:55537	admin	REQUEST	[GET] http://localhost:8080/dba/databases
12:16:14.924	0:0:0:0:0:0:0:1:55537	admin	200		215.5 ms
12:16:16.895	0:0:0:0:0:0:0:1:55537	admin	REQUEST	[GET] http://localhost:8080/dba/database?name=cm
12:16:17.089	0:0:0:0:0:0:0:1:55537	admin	200		194.34 ms
12:16:19.187	0:0:0:0:0:0:0:1:55537	admin	REQUEST	[GET] http://localhost:8080/dba/database?name=cm&resource=test.html
12:16:19.352	0:0:0:0:0:0:0:1:55537	admin	200		165.91 ms
12:16:19.839	0:0:0:0:0:0:0:1:55537	admin	REQUEST	[POST] http://localhost:8080/dba/query-resource?name=cm&resource=test.html&sort=&loglist=
12:16:19.973	0:0:0:0:0:0:0:1:55537	admin	200		134.3 ms
12:18:19.290	0:0:0:0:0:0:0:1:55546	admin	REQUEST	[POST] http://localhost:8080/dba/database
12:18:19.357	0:0:0:0:0:0:0:1:55546	admin	302		67.6 ms
12:18:19.358	0:0:0:0:0:0:0:1:55546	admin	200		0.17 ms
12:18:19.394	0:0:0:0:0:0:0:1:55546	admin	REQUEST	[GET] http://localhost:8080/dba/add?name=cm
12:18:19.451	0:0:0:0:0:0:0:1:55546	admin	200		57.24 ms
12:19:08.747	0:0:0:0:0:0:0:1:55554	admin	REQUEST	[POST] http://localhost:8080/dba/add
12:19:08.959	0:0:0:0:0:0:0:1:55554	admin	302		212.38 ms
12:19:08.960	0:0:0:0:0:0:0:1:55554	admin	200		0.11 ms
12:19:08.970	0:0:0:0:0:0:0:1:55554	admin	REQUEST	[GET] http://localhost:8080/dba/add?error=Resource%20already%20exists%3A%20test.html.&name=cm&resource=
12:19:09.012	0:0:0:0:0:0:0:1:55554	admin	200		42.04 ms
12:19:12.690	0:0:0:0:0:0:0:1:55554	admin	REQUEST	[GET] http://localhost:8080/dba/databases
12:19:12.779	0:0:0:0:0:0:0:1:55554	admin	200		88.72 ms
12:19:15.140	0:0:0:0:0:0:0:1:55554	admin	REQUEST	[GET] http://localhost:8080/dba/database?name=cm
12:19:15.282	0:0:0:0:0:0:0:1:55554	admin	200		142.04 ms
12:19:16.453	0:0:0:0:0:0:0:1:55554	admin	REQUEST	[GET] http://localhost:8080/dba/database?name=cm&resource=test.html
12:19:18.547	0:0:0:0:0:0:0:1:55554	admin	200		2094.18 ms
12:19:19.128	0:0:0:0:0:0:0:1:55554	admin	REQUEST	[POST] http://localhost:8080/dba/query-resource?name=cm&resource=test.html&sort=&loglist=
12:19:19.285	0:0:0:0:0:0:0:1:55554	admin	200		156.88 ms
12:19:45.113	0:0:0:0:0:0:0:1:55554	admin	REQUEST	[GET] http://localhost:8080/dba/logout
12:19:45.165	SERVER	admin	INFO	User was logged out: admin
12:19:45.166	0:0:0:0:0:0:0:1:55554	admin	302		53.27 ms
12:19:45.167	0:0:0:0:0:0:0:1:55554	admin	200		0.11 ms
12:19:45.177	0:0:0:0:0:0:0:1:55554	admin	REQUEST	[GET] http://localhost:8080/dba/login?nane=admin&url=
12:19:45.249	0:0:0:0:0:0:0:1:55554	admin	200		71.91 ms
12:24:17.504	0:0:0:0:0:0:0:1:55587	admin	REQUEST	[GET] http://localhost:8080/
12:24:17.679	0:0:0:0:0:0:0:1:55587	admin	400	Stopped at /Users/arthur/Library/Application Support/BaseX/Repo/webapp_cm/cm.xqm, 17/12: [XPTY0004] Cannot promote element() to element(html): element head {...}.	175.31 ms
12:24:17.679	0:0:0:0:0:0:0:1:55587	admin	500	Committed	0.17 ms
12:24:17.741	0:0:0:0:0:0:0:1:55590	admin	REQUEST	[GET] http://localhost:8080/
12:24:17.861	0:0:0:0:0:0:0:1:55590	admin	400	Stopped at /Users/arthur/Library/Application Support/BaseX/Repo/webapp_cm/cm.xqm, 17/12: [XPTY0004] Cannot promote element() to element(html): element head {...}.	119.61 ms
12:24:17.861	0:0:0:0:0:0:0:1:55590	admin	500	Committed	0.13 ms
12:25:19.500	0:0:0:0:0:0:0:1:55619	admin	REQUEST	[GET] http://localhost:8080/
12:25:19.679	0:0:0:0:0:0:0:1:55619	admin	400	Stopped at /Users/arthur/Library/Application Support/BaseX/Repo/webapp_cm/cm.xqm, 17/12: [XPTY0004] Cannot promote element() to element(html): element head {...}.	179.32 ms
12:25:19.687	0:0:0:0:0:0:0:1:55619	admin	500	Committed	8.07 ms
12:25:20.360	0:0:0:0:0:0:0:1:55619	admin	REQUEST	[GET] http://localhost:8080/dba/databases
12:25:20.444	0:0:0:0:0:0:0:1:55619	admin	302		84.03 ms
12:25:20.444	0:0:0:0:0:0:0:1:55619	admin	200		0.16 ms
12:25:20.455	0:0:0:0:0:0:0:1:55619	admin	REQUEST	[GET] http://localhost:8080/dba/login
12:25:20.493	0:0:0:0:0:0:0:1:55619	admin	200		37.95 ms
12:25:20.611	0:0:0:0:0:0:0:1:55635	admin	REQUEST	[GET] http://localhost:8080/dba/static/style.css
12:25:20.611	0:0:0:0:0:0:0:1:55636	admin	REQUEST	[GET] http://localhost:8080/dba/static/js.js
12:25:20.641	0:0:0:0:0:0:0:1:55635	admin	200		31.0 ms
12:25:20.657	0:0:0:0:0:0:0:1:55636	admin	200		46.76 ms
12:25:20.785	0:0:0:0:0:0:0:1:55635	admin	REQUEST	[GET] http://localhost:8080/dba/static/basex.svg
12:25:20.844	0:0:0:0:0:0:0:1:55635	admin	200		59.52 ms
12:25:28.762	0:0:0:0:0:0:0:1:55635	admin	REQUEST	[POST] http://localhost:8080/dba/login-check
12:25:28.800	SERVER	admin	INFO	User was logged in: admin
12:25:28.801	0:0:0:0:0:0:0:1:55635	admin	302		39.06 ms
12:25:28.801	0:0:0:0:0:0:0:1:55635	admin	200		0.08 ms
12:25:28.821	0:0:0:0:0:0:0:1:55635	admin	REQUEST	[GET] http://localhost:8080/dba/databases
12:25:28.919	0:0:0:0:0:0:0:1:55635	admin	200		97.87 ms
12:28:33.654	0:0:0:0:0:0:0:1:55649	admin	REQUEST	[GET] http://localhost:8080/dba/files
12:28:33.709	0:0:0:0:0:0:0:1:55649	admin	200		54.74 ms
12:32:15.287	0:0:0:0:0:0:0:1:55710	admin	REQUEST	[GET] http://localhost:8080/dba/logout
12:32:15.313	SERVER	admin	INFO	User was logged out: admin
12:32:15.313	0:0:0:0:0:0:0:1:55710	admin	302		26.65 ms
12:32:15.313	0:0:0:0:0:0:0:1:55710	admin	200		0.08 ms
12:32:15.332	0:0:0:0:0:0:0:1:55710	admin	REQUEST	[GET] http://localhost:8080/dba/login?nane=admin&url=
12:32:15.358	0:0:0:0:0:0:0:1:55710	admin	200		25.96 ms
15:34:11.226	0:0:0:0:0:0:0:1:57634	admin	REQUEST	[GET] http://localhost:8080/install
15:34:11.257	0:0:0:0:0:0:0:1:57634	admin	400	Stopped at /Users/arthur/Library/Application Support/BaseX/Repo/webapp_cm/cm.xqm, 32/5: [XPST0003] Expecting ')', found 'a'.	32.49 ms
15:34:22.149	0:0:0:0:0:0:0:1:57643	admin	REQUEST	[GET] http://localhost:8080/.init
15:34:22.150	0:0:0:0:0:0:0:1:57643	admin	200		0.47 ms
15:34:28.350	0:0:0:0:0:0:0:1:57634	admin	REQUEST	[GET] http://localhost:8080/install
15:34:28.352	0:0:0:0:0:0:0:1:57634	admin	400	Stopped at /Users/arthur/Library/Application Support/BaseX/Repo/webapp_cm/cm.xqm, 32/5: [XPST0003] Expecting ')', found 'a'.	2.16 ms
15:39:58.484	0:0:0:0:0:0:0:1:57691	admin	REQUEST	[GET] http://localhost:8080/install
15:39:58.486	0:0:0:0:0:0:0:1:57691	admin	400	Stopped at /Users/arthur/Library/Application Support/BaseX/Repo/webapp_cm/cm.xqm, 32/5: [XPST0003] Expecting ')', found 'a'.	2.44 ms
15:40:46.803	0:0:0:0:0:0:0:1:57716	admin	REQUEST	[GET] http://localhost:8080/install
15:40:46.809	0:0:0:0:0:0:0:1:57716	admin	400	Stopped at /Users/arthur/Library/Application Support/BaseX/Repo/webapp_cm/cm.xqm, 32/5: [XPST0003] Expecting ')', found 'a'.	6.02 ms
15:44:57.522	0:0:0:0:0:0:0:1:57729	admin	REQUEST	[GET] http://localhost:8080/.init
15:44:57.523	0:0:0:0:0:0:0:1:57729	admin	200		0.63 ms
15:45:55.707	0:0:0:0:0:0:0:1:57740	admin	REQUEST	[GET] http://localhost:8080/install
15:45:55.710	0:0:0:0:0:0:0:1:57740	admin	400	Stopped at /Users/arthur/Library/Application Support/BaseX/Repo/webapp_cm/cm.xqm, 34/39: [XPST0003] Invalid key, simple expression expected.	3.67 ms
15:46:50.740	0:0:0:0:0:0:0:1:57746	admin	REQUEST	[GET] http://localhost:8080/install
15:46:50.743	0:0:0:0:0:0:0:1:57746	admin	400	Stopped at /Users/arthur/Library/Application Support/BaseX/Repo/webapp_cm/cm.xqm, 34/39: [XPST0003] Invalid key, simple expression expected.	3.12 ms
15:46:52.338	0:0:0:0:0:0:0:1:57746	admin	REQUEST	[GET] http://localhost:8080/install
15:46:52.340	0:0:0:0:0:0:0:1:57746	admin	400	Stopped at /Users/arthur/Library/Application Support/BaseX/Repo/webapp_cm/cm.xqm, 34/39: [XPST0003] Invalid key, simple expression expected.	1.74 ms
15:46:55.361	0:0:0:0:0:0:0:1:57746	admin	REQUEST	[GET] http://localhost:8080/.init
15:46:55.361	0:0:0:0:0:0:0:1:57746	admin	200		0.35 ms
15:46:58.402	0:0:0:0:0:0:0:1:57746	admin	REQUEST	[GET] http://localhost:8080/install
15:46:58.404	0:0:0:0:0:0:0:1:57746	admin	400	Stopped at /Users/arthur/Library/Application Support/BaseX/Repo/webapp_cm/cm.xqm, 34/39: [XPST0003] Invalid key, simple expression expected.	2.21 ms
15:48:22.752	0:0:0:0:0:0:0:1:57751	admin	REQUEST	[GET] http://localhost:8080/install
15:48:22.755	0:0:0:0:0:0:0:1:57751	admin	400	Stopped at /Users/arthur/Library/Application Support/BaseX/Repo/webapp_cm/cm.xqm, 35/3: [XPST0003] Expecting '}', found 'r'.	2.51 ms
15:49:03.177	0:0:0:0:0:0:0:1:57756	admin	REQUEST	[GET] http://localhost:8080/install
15:49:03.217	0:0:0:0:0:0:0:1:57756	admin	400	Stopped at /Users/arthur/Library/Application Support/BaseX/Repo/webapp_cm/cm.xqm, 35/11: [XPST0017] Unknown function 'return'.	40.92 ms
15:49:31.636	0:0:0:0:0:0:0:1:57756	admin	REQUEST	[GET] http://localhost:8080/install
15:49:34.115	0:0:0:0:0:0:0:1:57756	admin	400	Stopped at /Users/arthur/Library/Application Support/BaseX/Repo/webapp_cm/cm.xqm, 34/13: [XPST0008] Undefined variable $name.	2479.64 ms
15:49:35.010	0:0:0:0:0:0:0:1:57765	admin	REQUEST	[GET] http://localhost:8080/install
15:49:35.079	0:0:0:0:0:0:0:1:57765	admin	400	Stopped at /Users/arthur/Library/Application Support/BaseX/Repo/webapp_cm/cm.xqm, 34/13: [XPST0008] Undefined variable $name.	69.11 ms
15:49:51.129	0:0:0:0:0:0:0:1:57765	admin	REQUEST	[GET] http://localhost:8080/install
15:49:51.166	0:0:0:0:0:0:0:1:57765	admin	400	Stopped at /Users/arthur/Library/Application Support/BaseX/Repo/webapp_cm/cm.xqm, 34/13: [XPST0008] Undefined variable $name.	36.73 ms
15:54:35.142	0:0:0:0:0:0:0:1:57789	admin	REQUEST	[GET] http://localhost:8080/install
15:54:35.186	0:0:0:0:0:0:0:1:57789	admin	400	Stopped at /Users/arthur/Library/Application Support/BaseX/Repo/webapp_cm/cm.xqm, 34/13: [bxerr:BXXQ0001] No updating expression allowed.	44.09 ms
15:54:43.652	0:0:0:0:0:0:0:1:57789	admin	REQUEST	[GET] http://localhost:8080/install
15:54:43.691	0:0:0:0:0:0:0:1:57789	admin	400	Stopped at /Users/arthur/Library/Application Support/BaseX/Repo/webapp_cm/cm.xqm, 34/13: [bxerr:BXXQ0001] No updating expression allowed.	39.23 ms
15:54:51.581	0:0:0:0:0:0:0:1:57789	admin	REQUEST	[POST] http://localhost:8080/dba/login-check
15:54:51.666	SERVER	admin	INFO	User was logged in: admin
15:54:51.666	0:0:0:0:0:0:0:1:57789	admin	302		85.33 ms
15:54:51.666	0:0:0:0:0:0:0:1:57789	admin	200		0.08 ms
15:54:51.702	0:0:0:0:0:0:0:1:57789	admin	REQUEST	[GET] http://localhost:8080/dba/databases
15:54:51.816	0:0:0:0:0:0:0:1:57789	admin	200		114.5 ms
15:55:00.361	0:0:0:0:0:0:0:1:57816	admin	REQUEST	[GET] http://localhost:8080/install
15:55:00.419	0:0:0:0:0:0:0:1:57816	admin	400	Stopped at /Users/arthur/Library/Application Support/BaseX/Repo/webapp_cm/cm.xqm, 34/13: [bxerr:BXXQ0001] No updating expression allowed.	58.55 ms
15:58:22.561	0:0:0:0:0:0:0:1:57895	admin	REQUEST	[GET] http://localhost:8080/install
15:58:22.567	0:0:0:0:0:0:0:1:57895	admin	400	Stopped at /Users/arthur/Library/Application Support/BaseX/Repo/webapp_cm/cm.xqm, 32/12: [XUST0028] No return type allowed in updating functions.	6.36 ms
15:58:24.098	0:0:0:0:0:0:0:1:57895	admin	REQUEST	[GET] http://localhost:8080/install
15:58:24.099	0:0:0:0:0:0:0:1:57895	admin	400	Stopped at /Users/arthur/Library/Application Support/BaseX/Repo/webapp_cm/cm.xqm, 32/12: [XUST0028] No return type allowed in updating functions.	1.52 ms
16:01:29.185	0:0:0:0:0:0:0:1:57905	admin	REQUEST	[GET] http://localhost:8080/install
16:01:29.193	0:0:0:0:0:0:0:1:57905	admin	400	Stopped at /Users/arthur/Library/Application Support/BaseX/Repo/webapp_cm/cm.xqm, 37/1: [XUST0001] List expression: all expressions must be updating or return an empty sequence.	7.6 ms
16:01:52.119	0:0:0:0:0:0:0:1:57905	admin	REQUEST	[GET] http://localhost:8080/install
16:01:52.123	0:0:0:0:0:0:0:1:57905	admin	400	Stopped at /Users/arthur/Library/Application Support/BaseX/Repo/webapp_cm/cm.xqm, 32/12: [XUST0028] No return type allowed in updating functions.	4.04 ms
16:02:36.857	0:0:0:0:0:0:0:1:57912	admin	REQUEST	[GET] http://localhost:8080/install
16:02:36.860	0:0:0:0:0:0:0:1:57912	admin	400	Stopped at /Users/arthur/Library/Application Support/BaseX/Repo/webapp_cm/cm.xqm, 36/1: [XUST0001] List expression: all expressions must be updating or return an empty sequence.	2.97 ms
16:07:30.849	0:0:0:0:0:0:0:1:57935	admin	REQUEST	[GET] http://localhost:8080/install
16:07:30.855	0:0:0:0:0:0:0:1:57935	admin	400	Stopped at /Users/arthur/Library/Application Support/BaseX/Repo/webapp_cm/cm.xqm, 37/1: [XUST0001] List expression: all expressions must be updating or return an empty sequence.	5.4 ms
16:07:32.167	0:0:0:0:0:0:0:1:57935	admin	REQUEST	[GET] http://localhost:8080/install
16:07:32.174	0:0:0:0:0:0:0:1:57935	admin	400	Stopped at /Users/arthur/Library/Application Support/BaseX/Repo/webapp_cm/cm.xqm, 37/1: [XUST0001] List expression: all expressions must be updating or return an empty sequence.	7.85 ms
16:07:58.020	0:0:0:0:0:0:0:1:57963	admin	REQUEST	[GET] http://localhost:8080/
16:07:58.024	0:0:0:0:0:0:0:1:57963	admin	400	Stopped at /Users/arthur/Library/Application Support/BaseX/Repo/webapp_cm/cm.xqm, 37/1: [XUST0001] List expression: all expressions must be updating or return an empty sequence.	3.38 ms
16:07:59.661	0:0:0:0:0:0:0:1:57963	admin	REQUEST	[GET] http://localhost:8080/.init
16:07:59.661	0:0:0:0:0:0:0:1:57963	admin	200		0.26 ms
16:08:04.039	0:0:0:0:0:0:0:1:57968	admin	REQUEST	[GET] http://localhost:8080/install
16:08:04.042	0:0:0:0:0:0:0:1:57968	admin	400	Stopped at /Users/arthur/Library/Application Support/BaseX/Repo/webapp_cm/cm.xqm, 37/1: [XUST0001] List expression: all expressions must be updating or return an empty sequence.	2.31 ms
16:08:06.920	0:0:0:0:0:0:0:1:57968	admin	REQUEST	[GET] http://localhost:8080/install
16:08:06.922	0:0:0:0:0:0:0:1:57968	admin	400	Stopped at /Users/arthur/Library/Application Support/BaseX/Repo/webapp_cm/cm.xqm, 37/1: [XUST0001] List expression: all expressions must be updating or return an empty sequence.	2.65 ms
16:10:38.121	0:0:0:0:0:0:0:1:57983	admin	REQUEST	[GET] http://localhost:8080/install
16:10:38.126	0:0:0:0:0:0:0:1:57983	admin	400	Stopped at /Users/arthur/Library/Application Support/BaseX/Repo/webapp_cm/cm.xqm, 34/13: [XUST0002] Function body must be an updating expression.	5.23 ms
16:16:24.661	0:0:0:0:0:0:0:1:58008	admin	REQUEST	[GET] http://localhost:8080/install
16:16:24.663	0:0:0:0:0:0:0:1:58008	admin	400	Stopped at /Users/arthur/Library/Application Support/BaseX/Repo/webapp_cm/cm.xqm, 34/13: [XUST0002] Function body must be an updating expression.	2.8 ms
16:16:25.938	0:0:0:0:0:0:0:1:58008	admin	REQUEST	[GET] http://localhost:8080/install
16:16:25.941	0:0:0:0:0:0:0:1:58008	admin	400	Stopped at /Users/arthur/Library/Application Support/BaseX/Repo/webapp_cm/cm.xqm, 34/13: [XUST0002] Function body must be an updating expression.	2.41 ms
16:16:30.216	0:0:0:0:0:0:0:1:58008	admin	REQUEST	[GET] http://localhost:8080/.init
16:16:30.216	0:0:0:0:0:0:0:1:58008	admin	200		0.3 ms
16:16:33.595	0:0:0:0:0:0:0:1:58008	admin	REQUEST	[GET] http://localhost:8080/install
16:16:33.603	0:0:0:0:0:0:0:1:58008	admin	400	Stopped at /Users/arthur/Library/Application Support/BaseX/Repo/webapp_cm/cm.xqm, 34/13: [XUST0002] Function body must be an updating expression.	8.09 ms
16:16:35.295	0:0:0:0:0:0:0:1:58008	admin	REQUEST	[GET] http://localhost:8080/install
16:16:35.298	0:0:0:0:0:0:0:1:58008	admin	400	Stopped at /Users/arthur/Library/Application Support/BaseX/Repo/webapp_cm/cm.xqm, 34/13: [XUST0002] Function body must be an updating expression.	2.62 ms
16:16:36.350	0:0:0:0:0:0:0:1:58008	admin	REQUEST	[GET] http://localhost:8080/install
16:16:36.362	0:0:0:0:0:0:0:1:58008	admin	400	Stopped at /Users/arthur/Library/Application Support/BaseX/Repo/webapp_cm/cm.xqm, 34/13: [XUST0002] Function body must be an updating expression.	11.78 ms
16:16:37.341	0:0:0:0:0:0:0:1:58008	admin	REQUEST	[GET] http://localhost:8080/install
16:16:37.346	0:0:0:0:0:0:0:1:58008	admin	400	Stopped at /Users/arthur/Library/Application Support/BaseX/Repo/webapp_cm/cm.xqm, 34/13: [XUST0002] Function body must be an updating expression.	5.7 ms
16:16:38.355	0:0:0:0:0:0:0:1:58008	admin	REQUEST	[GET] http://localhost:8080/install
16:16:38.358	0:0:0:0:0:0:0:1:58008	admin	400	Stopped at /Users/arthur/Library/Application Support/BaseX/Repo/webapp_cm/cm.xqm, 34/13: [XUST0002] Function body must be an updating expression.	3.14 ms
16:16:39.275	0:0:0:0:0:0:0:1:58008	admin	REQUEST	[GET] http://localhost:8080/install
16:16:39.276	0:0:0:0:0:0:0:1:58008	admin	400	Stopped at /Users/arthur/Library/Application Support/BaseX/Repo/webapp_cm/cm.xqm, 34/13: [XUST0002] Function body must be an updating expression.	1.91 ms
16:16:42.730	0:0:0:0:0:0:0:1:58008	admin	REQUEST	[GET] http://localhost:8080/.init
16:16:42.731	0:0:0:0:0:0:0:1:58008	admin	200		0.68 ms
16:16:45.644	0:0:0:0:0:0:0:1:58008	admin	REQUEST	[GET] http://localhost:8080/install
16:16:45.646	0:0:0:0:0:0:0:1:58008	admin	400	Stopped at /Users/arthur/Library/Application Support/BaseX/Repo/webapp_cm/cm.xqm, 34/13: [XUST0002] Function body must be an updating expression.	2.33 ms
16:40:52.771	0:0:0:0:0:0:0:1:58089	admin	REQUEST	[GET] http://localhost:8080/.init
16:40:52.779	0:0:0:0:0:0:0:1:58089	admin	200		10.25 ms
16:40:54.474	0:0:0:0:0:0:0:1:58089	admin	REQUEST	[GET] http://localhost:8080/.init
16:40:54.474	0:0:0:0:0:0:0:1:58089	admin	200		0.4 ms
16:40:58.444	0:0:0:0:0:0:0:1:58089	admin	REQUEST	[GET] http://localhost:8080/install
16:40:58.455	0:0:0:0:0:0:0:1:58089	admin	400	Stopped at /Users/arthur/Library/Application Support/BaseX/Repo/webapp_cm/cm.xqm, 34/13: [XUST0002] Function body must be an updating expression.	11.23 ms
16:40:59.560	0:0:0:0:0:0:0:1:58089	admin	REQUEST	[GET] http://localhost:8080/install
16:40:59.569	0:0:0:0:0:0:0:1:58089	admin	400	Stopped at /Users/arthur/Library/Application Support/BaseX/Repo/webapp_cm/cm.xqm, 34/13: [XUST0002] Function body must be an updating expression.	9.24 ms
16:41:00.527	0:0:0:0:0:0:0:1:58089	admin	REQUEST	[GET] http://localhost:8080/install
16:41:00.530	0:0:0:0:0:0:0:1:58089	admin	400	Stopped at /Users/arthur/Library/Application Support/BaseX/Repo/webapp_cm/cm.xqm, 34/13: [XUST0002] Function body must be an updating expression.	2.26 ms
16:41:01.246	0:0:0:0:0:0:0:1:58089	admin	REQUEST	[GET] http://localhost:8080/install
16:41:01.247	0:0:0:0:0:0:0:1:58089	admin	400	Stopped at /Users/arthur/Library/Application Support/BaseX/Repo/webapp_cm/cm.xqm, 34/13: [XUST0002] Function body must be an updating expression.	1.86 ms
16:41:25.432	0:0:0:0:0:0:0:1:58089	admin	REQUEST	[GET] http://localhost:8080/install
16:41:25.842	0:0:0:0:0:0:0:1:58089	admin	400	Stopped at /Users/arthur/Library/Application Support/BaseX/Repo/webapp_cm/cm.xqm, 34/13: [bxerr:BXXQ0001] No updating expression allowed.	410.66 ms
16:41:34.587	0:0:0:0:0:0:0:1:58089	admin	REQUEST	[GET] http://localhost:8080/install
16:41:34.590	0:0:0:0:0:0:0:1:58089	admin	400	Stopped at /Users/arthur/Library/Application Support/BaseX/Repo/webapp_cm/cm.xqm, 34/13: [XUST0002] Function body must be an updating expression.	3.64 ms
18:30:31.416	0:0:0:0:0:0:0:1:58202	admin	REQUEST	[GET] http://localhost:8080/install
18:30:31.423	0:0:0:0:0:0:0:1:58202	admin	400	Stopped at /Users/arthur/Library/Application Support/BaseX/Repo/webapp_cm/cm.xqm, 34/13: [XUST0002] Function body must be an updating expression.	6.95 ms
18:30:33.868	0:0:0:0:0:0:0:1:58202	admin	REQUEST	[GET] http://localhost:8080/install
18:30:33.870	0:0:0:0:0:0:0:1:58202	admin	400	Stopped at /Users/arthur/Library/Application Support/BaseX/Repo/webapp_cm/cm.xqm, 34/13: [XUST0002] Function body must be an updating expression.	1.95 ms
18:32:19.386	0:0:0:0:0:0:0:1:58205	admin	REQUEST	[GET] http://localhost:8080/install
18:32:19.388	0:0:0:0:0:0:0:1:58205	admin	400	Stopped at /Users/arthur/Library/Application Support/BaseX/Repo/webapp_cm/cm.xqm, 34/13: [XUST0002] Function body must be an updating expression.	2.24 ms
18:32:22.372	0:0:0:0:0:0:0:1:58205	admin	REQUEST	[GET] http://localhost:8080/install
18:32:22.377	0:0:0:0:0:0:0:1:58205	admin	400	Stopped at /Users/arthur/Library/Application Support/BaseX/Repo/webapp_cm/cm.xqm, 34/13: [XUST0002] Function body must be an updating expression.	5.09 ms
18:32:57.383	0:0:0:0:0:0:0:1:58207	admin	REQUEST	[GET] http://localhost:8080/install
18:32:57.390	0:0:0:0:0:0:0:1:58207	admin	400	Stopped at /Users/arthur/Library/Application Support/BaseX/Repo/webapp_cm/cm.xqm, 34/15: [XUST0002] Function body must be an updating expression.	6.82 ms
18:32:58.455	0:0:0:0:0:0:0:1:58207	admin	REQUEST	[GET] http://localhost:8080/install
18:32:58.456	0:0:0:0:0:0:0:1:58207	admin	400	Stopped at /Users/arthur/Library/Application Support/BaseX/Repo/webapp_cm/cm.xqm, 34/15: [XUST0002] Function body must be an updating expression.	1.93 ms
18:40:45.533	0:0:0:0:0:0:0:1:58230	admin	REQUEST	[GET] http://localhost:8080/install
18:40:45.540	0:0:0:0:0:0:0:1:58230	admin	400	Stopped at /Users/arthur/Library/Application Support/BaseX/Repo/webapp_cm/cm.xqm, 40/45: [XPST0008] Undefined variable $name.	6.99 ms
18:42:29.804	0:0:0:0:0:0:0:1:58233	admin	REQUEST	[GET] http://localhost:8080/install
18:42:29.986	0:0:0:0:0:0:0:1:58233	admin	302		182.8 ms
18:42:29.986	0:0:0:0:0:0:0:1:58233	admin	200		0.08 ms
18:42:29.998	0:0:0:0:0:0:0:1:58233	admin	REQUEST	[GET] http://localhost:8080/response?message=Created%20Database%3A%20cm
18:42:30.020	0:0:0:0:0:0:0:1:58233	admin	404	No function found that matches the request.	21.89 ms
18:45:10.376	0:0:0:0:0:0:0:1:58269	admin	REQUEST	[GET] http://localhost:8080/install
18:45:10.465	0:0:0:0:0:0:0:1:58269	admin	302		89.34 ms
18:45:10.465	0:0:0:0:0:0:0:1:58269	admin	200		0.09 ms
18:45:10.473	0:0:0:0:0:0:0:1:58269	admin	REQUEST	[GET] http://localhost:8080/response/?message=Created%20Database%3A%20cm
18:45:10.492	0:0:0:0:0:0:0:1:58269	admin	404	No function found that matches the request.	18.82 ms
18:46:16.563	0:0:0:0:0:0:0:1:58281	admin	REQUEST	[GET] http://localhost:8080/response?message=Created%20Database%3A%20cm
18:46:16.579	0:0:0:0:0:0:0:1:58281	admin	404	No function found that matches the request.	16.1 ms
18:46:22.799	0:0:0:0:0:0:0:1:58281	admin	REQUEST	[GET] http://localhost:8080/dba/database?name=factbook
18:46:22.888	0:0:0:0:0:0:0:1:58281	admin	302		89.21 ms
18:46:22.888	0:0:0:0:0:0:0:1:58281	admin	200		0.09 ms
18:46:22.904	0:0:0:0:0:0:0:1:58281	admin	REQUEST	[GET] http://localhost:8080/dba/login
18:46:22.932	0:0:0:0:0:0:0:1:58281	admin	200		28.04 ms
18:46:30.682	0:0:0:0:0:0:0:1:58281	admin	REQUEST	[POST] http://localhost:8080/dba/login-check
18:46:30.763	SERVER	admin	INFO	User was logged in: admin
18:46:30.764	0:0:0:0:0:0:0:1:58281	admin	302		82.24 ms
18:46:30.764	0:0:0:0:0:0:0:1:58281	admin	200		0.33 ms
18:46:30.777	0:0:0:0:0:0:0:1:58281	admin	REQUEST	[GET] http://localhost:8080/dba/databases
18:46:30.852	0:0:0:0:0:0:0:1:58281	admin	200		75.64 ms
18:46:37.372	0:0:0:0:0:0:0:1:58281	admin	REQUEST	[GET] http://localhost:8080/dba/database?name=cm
18:46:37.445	0:0:0:0:0:0:0:1:58281	admin	200		73.08 ms
18:48:46.844	0:0:0:0:0:0:0:1:58307	admin	REQUEST	[GET] http://localhost:8080/dba/databases
18:48:46.910	0:0:0:0:0:0:0:1:58307	admin	200		66.02 ms
18:48:52.854	0:0:0:0:0:0:0:1:58307	admin	REQUEST	[POST] http://localhost:8080/dba/databases
18:48:52.882	0:0:0:0:0:0:0:1:58307	admin	302		28.74 ms
18:48:52.882	0:0:0:0:0:0:0:1:58307	admin	200		0.09 ms
18:48:52.894	0:0:0:0:0:0:0:1:58307	admin	REQUEST	[GET] http://localhost:8080/dba/drop-db?name=cm&redirect=databases
18:48:52.928	0:0:0:0:0:0:0:1:58307	admin	302		33.68 ms
18:48:52.928	0:0:0:0:0:0:0:1:58307	admin	200		0.09 ms
18:48:52.947	0:0:0:0:0:0:0:1:58307	admin	REQUEST	[GET] http://localhost:8080/dba/databases?info=Dropped%20databases%3A%201
18:48:53.015	0:0:0:0:0:0:0:1:58307	admin	200		67.82 ms
18:49:02.932	0:0:0:0:0:0:0:1:58315	admin	REQUEST	[GET] http://localhost:8080/dba/login
18:49:02.983	0:0:0:0:0:0:0:1:58315	admin	200		51.11 ms
18:49:03.180	0:0:0:0:0:0:0:1:58315	admin	REQUEST	[GET] http://localhost:8080/
18:49:03.208	0:0:0:0:0:0:0:1:58315	admin	400	Stopped at /Users/arthur/Library/Application Support/BaseX/Repo/webapp_cm/cm.xqm, 25/5: [FODC0002] Resource '/Users/arthur/Library/Application Support/BaseX/Repo/webapp_cm/cm/test.html' does not exist.	28.11 ms
18:49:03.990	0:0:0:0:0:0:0:1:58315	admin	REQUEST	[GET] http://localhost:8080/info_deviceStatus.html?tab=Home&menu=DevStatus
18:49:04.002	0:0:0:0:0:0:0:1:58315	admin	404	No function found that matches the request.	12.28 ms
18:49:05.863	0:0:0:0:0:0:0:1:58315	admin	REQUEST	[GET] http://localhost:8080/install
18:49:05.937	0:0:0:0:0:0:0:1:58315	admin	302		74.09 ms
18:49:05.937	0:0:0:0:0:0:0:1:58315	admin	200		0.08 ms
18:49:05.952	0:0:0:0:0:0:0:1:58315	admin	REQUEST	[GET] http://localhost:8080/response/?message=Created%20Database%3A%20cm
18:49:05.967	0:0:0:0:0:0:0:1:58315	admin	200		15.29 ms
18:49:25.036	0:0:0:0:0:0:0:1:58326	admin	REQUEST	[GET] http://localhost:8080/dba/databases
18:49:25.093	0:0:0:0:0:0:0:1:58326	admin	200		57.27 ms
18:50:16.915	0:0:0:0:0:0:0:1:58328	admin	REQUEST	[POST] http://localhost:8080/dba/databases
18:50:16.938	0:0:0:0:0:0:0:1:58328	admin	302		23.65 ms
18:50:16.938	0:0:0:0:0:0:0:1:58328	admin	200		0.1 ms
18:50:16.956	0:0:0:0:0:0:0:1:58328	admin	REQUEST	[GET] http://localhost:8080/dba/drop-db?name=cm&redirect=databases
18:50:16.988	0:0:0:0:0:0:0:1:58328	admin	302		32.53 ms
18:50:16.988	0:0:0:0:0:0:0:1:58328	admin	200		0.12 ms
18:50:17.006	0:0:0:0:0:0:0:1:58328	admin	REQUEST	[GET] http://localhost:8080/dba/databases?info=Dropped%20databases%3A%201
18:50:17.066	0:0:0:0:0:0:0:1:58328	admin	200		60.59 ms
18:52:11.555	0:0:0:0:0:0:0:1:58340	admin	REQUEST	[GET] http://localhost:8080/.init
18:52:11.555	0:0:0:0:0:0:0:1:58340	admin	200		0.6 ms
18:52:13.285	0:0:0:0:0:0:0:1:58349	admin	REQUEST	[GET] http://localhost:8080/.install
18:52:13.289	0:0:0:0:0:0:0:1:58349	admin	400	Stopped at /Users/arthur/Library/Application Support/BaseX/Repo/webapp_cm/cm.xqm, 55/3: [XPST0003] Expecting '}', found 'd'.	3.95 ms
18:52:30.219	0:0:0:0:0:0:0:1:58349	admin	REQUEST	[GET] http://localhost:8080/.install
18:52:30.723	0:0:0:0:0:0:0:1:58349	admin	400	Stopped at /Users/arthur/Library/Application Support/BaseX/Repo/webapp_cm/cm.xqm, 44/15: [bxerr:BXDB0002] Database 'cm' was not found.	504.76 ms
18:52:56.036	0:0:0:0:0:0:0:1:58349	admin	REQUEST	[GET] http://localhost:8080/dba/databases
18:52:56.123	0:0:0:0:0:0:0:1:58349	admin	200		86.83 ms
18:53:00.808	0:0:0:0:0:0:0:1:58349	admin	REQUEST	[GET] http://localhost:8080/.install
18:53:00.853	0:0:0:0:0:0:0:1:58349	admin	400	Stopped at /Users/arthur/Library/Application Support/BaseX/Repo/webapp_cm/cm.xqm, 44/15: [bxerr:BXDB0002] Database 'cm' was not found.	45.25 ms
19:09:18.491	0:0:0:0:0:0:0:1:58366	admin	REQUEST	[GET] http://localhost:8080/.install
19:09:18.555	0:0:0:0:0:0:0:1:58366	admin	302		64.02 ms
19:09:18.555	0:0:0:0:0:0:0:1:58366	admin	200		0.08 ms
19:09:18.562	0:0:0:0:0:0:0:1:58366	admin	REQUEST	[GET] http://localhost:8080/response/?message=Database%20cm%20successfully%20installed%21
19:09:18.584	0:0:0:0:0:0:0:1:58366	admin	200		21.44 ms
19:09:27.533	0:0:0:0:0:0:0:1:58381	admin	REQUEST	[GET] http://localhost:8080/r
19:09:27.553	0:0:0:0:0:0:0:1:58381	admin	404	No function found that matches the request.	19.88 ms
19:09:27.982	0:0:0:0:0:0:0:1:58381	admin	REQUEST	[GET] http://localhost:8080/
19:09:28.021	0:0:0:0:0:0:0:1:58381	admin	400	Stopped at /Users/arthur/Library/Application Support/BaseX/Repo/webapp_cm/cm.xqm, 25/7: [bxerr:BXDB0006] Database path 'cm/test.html' yields no documents.	39.21 ms
19:09:30.480	0:0:0:0:0:0:0:1:58366	admin	REQUEST	[GET] http://localhost:8080/.setup
19:09:30.514	0:0:0:0:0:0:0:1:58366	admin	400	Stopped at /Users/arthur/Library/Application Support/BaseX/Repo/webapp_cm/cm.xqm, 58/17: [XPST0008] Undefined variable $name.	33.54 ms
19:12:33.229	0:0:0:0:0:0:0:1:58407	admin	REQUEST	[GET] http://localhost:8080/.setup
19:12:33.295	0:0:0:0:0:0:0:1:58407	admin	302		65.59 ms
19:12:33.295	0:0:0:0:0:0:0:1:58407	admin	200		0.07 ms
19:12:33.308	0:0:0:0:0:0:0:1:58407	admin	REQUEST	[GET] http://localhost:8080/response?message=Database%20cm%20sucessfully%20setup%21
19:12:33.323	0:0:0:0:0:0:0:1:58407	admin	200		15.56 ms
19:17:52.131	0:0:0:0:0:0:0:1:58443	admin	REQUEST	[GET] http://localhost:8080/.init
19:17:52.132	0:0:0:0:0:0:0:1:58443	admin	200		0.59 ms
19:17:54.395	0:0:0:0:0:0:0:1:58443	admin	REQUEST	[GET] http://localhost:8080/.install
19:17:54.665	0:0:0:0:0:0:0:1:58443	admin	302		270.62 ms
19:17:54.665	0:0:0:0:0:0:0:1:58443	admin	200		0.07 ms
19:17:54.673	0:0:0:0:0:0:0:1:58443	admin	REQUEST	[GET] http://localhost:8080/response/?message=Database%20cm%20successfully%20installed%21
19:17:54.689	0:0:0:0:0:0:0:1:58443	admin	200		16.01 ms
19:18:03.355	0:0:0:0:0:0:0:1:58443	admin	REQUEST	[GET] http://localhost:8080/
19:18:03.389	0:0:0:0:0:0:0:1:58443	admin	400	Stopped at /Users/arthur/Library/Application Support/BaseX/Repo/webapp_cm/cm.xqm, 25/7: [bxerr:BXDB0006] Database path 'cm/test.html' yields no documents.	34.4 ms
19:18:04.127	0:0:0:0:0:0:0:1:58443	admin	REQUEST	[GET] http://localhost:8080/.init
19:18:04.127	0:0:0:0:0:0:0:1:58443	admin	200		0.23 ms
19:18:04.552	0:0:0:0:0:0:0:1:58443	admin	REQUEST	[GET] http://localhost:8080/.setup
19:18:04.818	0:0:0:0:0:0:0:1:58443	admin	302		265.95 ms
19:18:04.818	0:0:0:0:0:0:0:1:58443	admin	200		0.08 ms
19:18:04.825	0:0:0:0:0:0:0:1:58443	admin	REQUEST	[GET] http://localhost:8080/response?message=Database%20cm%20sucessfully%20setup%21
19:18:04.838	0:0:0:0:0:0:0:1:58443	admin	200		13.14 ms
19:36:01.819	0:0:0:0:0:0:0:1:58645	admin	REQUEST	[GET] http://localhost:8080/.init
19:36:01.824	0:0:0:0:0:0:0:1:58645	admin	200		5.7 ms
19:36:03.450	0:0:0:0:0:0:0:1:58645	admin	REQUEST	[GET] http://localhost:8080/.install
19:36:03.453	0:0:0:0:0:0:0:1:58645	admin	400	Stopped at /Users/arthur/Library/Application Support/BaseX/Repo/webapp_cm/cm.xqm, 71/40: [XPST0003] Expecting closing bracket for function 'xquery:update'.	3.5 ms
19:36:44.495	0:0:0:0:0:0:0:1:58664	admin	REQUEST	[GET] http://localhost:8080/.install
19:36:44.926	0:0:0:0:0:0:0:1:58664	admin	302		430.58 ms
19:36:44.926	0:0:0:0:0:0:0:1:58664	admin	200		0.07 ms
19:36:44.935	0:0:0:0:0:0:0:1:58664	admin	REQUEST	[GET] http://localhost:8080/response/?message=Database%20cm%20successfully%20installed%21
19:36:44.951	0:0:0:0:0:0:0:1:58664	admin	200		16.11 ms
19:36:52.432	0:0:0:0:0:0:0:1:58672	admin	REQUEST	[GET] http://localhost:8080/.setup
19:36:52.460	0:0:0:0:0:0:0:1:58672	admin	400	Stopped at /Users/arthur/Library/Application Support/BaseX/Repo/webapp_cm/cm.xqm, 58/17: [XPST0003] Expecting closing bracket for function 'db:add'.	27.95 ms
19:38:50.151	0:0:0:0:0:0:0:1:58684	admin	REQUEST	[GET] http://localhost:8080/.setup
19:38:50.190	0:0:0:0:0:0:0:1:58684	admin	400	Stopped at /Users/arthur/Library/Application Support/BaseX/Repo/webapp_cm/cm.xqm, 58/17: [XPST0003] Expecting closing bracket for function 'db:add'.	39.47 ms
19:40:49.441	0:0:0:0:0:0:0:1:58766	admin	REQUEST	[GET] http://localhost:8080/.setup
19:40:49.515	0:0:0:0:0:0:0:1:58766	admin	400	Stopped at /Users/arthur/Library/Application Support/BaseX/Repo/webapp_cm/cm.xqm, 58/17: [XPST0003] Expecting ')', found 'l'.	74.59 ms
19:41:09.105	0:0:0:0:0:0:0:1:58766	admin	REQUEST	[GET] http://localhost:8080/.setup
19:41:09.241	0:0:0:0:0:0:0:1:58766	admin	400	Stopped at /Users/arthur/Library/Application Support/BaseX/Repo/webapp_cm/cm.xqm, 58/17: [XPST0003] Incomplete FLWOR expression: expecting 'return'.	135.95 ms
19:41:36.795	0:0:0:0:0:0:0:1:58766	admin	REQUEST	[GET] http://localhost:8080/.setup
19:41:36.880	0:0:0:0:0:0:0:1:58766	admin	400	Stopped at /Users/arthur/Library/Application Support/BaseX/Repo/webapp_cm/cm.xqm, 58/17: [bxerr:BXDB0006] Database path 'cm/bin/app.xml' yields no documents.	84.9 ms
19:43:29.389	0:0:0:0:0:0:0:1:58801	admin	REQUEST	[GET] http://localhost:8080/.setup
19:43:29.434	0:0:0:0:0:0:0:1:58801	admin	302		45.71 ms
19:43:29.434	0:0:0:0:0:0:0:1:58801	admin	200		0.08 ms
19:43:29.453	0:0:0:0:0:0:0:1:58801	admin	REQUEST	[GET] http://localhost:8080/response?message=Database%20cm%20sucessfully%20setup%21
19:43:29.479	0:0:0:0:0:0:0:1:58801	admin	200		25.24 ms
19:44:54.503	0:0:0:0:0:0:0:1:58812	admin	REQUEST	[GET] http://localhost:8080/.init
19:44:54.503	0:0:0:0:0:0:0:1:58812	admin	200		0.57 ms
19:44:56.860	0:0:0:0:0:0:0:1:58812	admin	REQUEST	[GET] http://localhost:8080/.install
19:44:57.178	0:0:0:0:0:0:0:1:58812	admin	302		318.63 ms
19:44:57.178	0:0:0:0:0:0:0:1:58812	admin	200		0.09 ms
19:44:57.186	0:0:0:0:0:0:0:1:58812	admin	REQUEST	[GET] http://localhost:8080/response/?message=Database%20cm%20successfully%20installed%21
19:44:57.202	0:0:0:0:0:0:0:1:58812	admin	200		16.0 ms
19:45:02.736	0:0:0:0:0:0:0:1:58812	admin	REQUEST	[GET] http://localhost:8080/r
19:45:02.750	0:0:0:0:0:0:0:1:58812	admin	404	No function found that matches the request.	13.55 ms
19:45:03.131	0:0:0:0:0:0:0:1:58812	admin	REQUEST	[GET] http://localhost:8080/
19:45:03.172	0:0:0:0:0:0:0:1:58812	admin	400	Stopped at /Users/arthur/Library/Application Support/BaseX/Repo/webapp_cm/cm.xqm, 25/7: [bxerr:BXDB0006] Database path 'cm/test.html' yields no documents.	41.51 ms
19:45:04.096	0:0:0:0:0:0:0:1:58812	admin	REQUEST	[GET] http://localhost:8080/.setup
19:45:04.155	0:0:0:0:0:0:0:1:58812	admin	302		58.44 ms
19:45:04.155	0:0:0:0:0:0:0:1:58812	admin	200		0.07 ms
19:45:04.169	0:0:0:0:0:0:0:1:58812	admin	REQUEST	[GET] http://localhost:8080/response?message=Database%20cm%20sucessfully%20setup%21
19:45:04.189	0:0:0:0:0:0:0:1:58812	admin	200		20.26 ms
20:05:06.057	0:0:0:0:0:0:0:1:59174	admin	REQUEST	[GET] http://localhost:8080/
20:05:06.070	0:0:0:0:0:0:0:1:59174	admin	400	Stopped at /Users/arthur/Library/Application Support/BaseX/Repo/webapp_cm/cm.xqm, 93/12: [XPST0003] Expecting ')', found 'e'.	16.05 ms
20:05:06.334	0:0:0:0:0:0:0:1:59176	admin	REQUEST	[GET] http://localhost:8080/.init
20:05:06.334	0:0:0:0:0:0:0:1:59176	admin	200		0.22 ms
20:05:07.081	0:0:0:0:0:0:0:1:59176	admin	REQUEST	[GET] http://localhost:8080/.install
20:05:07.083	0:0:0:0:0:0:0:1:59176	admin	400	Stopped at /Users/arthur/Library/Application Support/BaseX/Repo/webapp_cm/cm.xqm, 93/12: [XPST0003] Expecting ')', found 'e'.	1.95 ms
20:06:06.001	0:0:0:0:0:0:0:1:59187	admin	REQUEST	[GET] http://localhost:8080/.install
20:06:06.008	0:0:0:0:0:0:0:1:59187	admin	400	Stopped at /Users/arthur/Library/Application Support/BaseX/Repo/webapp_cm/cm.xqm, 93/13: [XPST0017] Unknown function 'return'.	7.49 ms
20:08:56.969	0:0:0:0:0:0:0:1:59198	admin	REQUEST	[GET] http://localhost:8080/.install
20:08:56.978	0:0:0:0:0:0:0:1:59198	admin	400	Stopped at /Users/arthur/Library/Application Support/BaseX/Repo/webapp_cm/cm.xqm, 92/13: [XPST0017] Unknown function 'return'.	9.23 ms
20:09:00.984	0:0:0:0:0:0:0:1:59198	admin	REQUEST	[GET] http://localhost:8080/.install
20:09:00.989	0:0:0:0:0:0:0:1:59198	admin	400	Stopped at /Users/arthur/Library/Application Support/BaseX/Repo/webapp_cm/cm.xqm, 92/13: [XPST0017] Unknown function 'return'.	5.01 ms
20:09:24.804	0:0:0:0:0:0:0:1:59198	admin	REQUEST	[GET] http://localhost:8080/.install
20:09:24.810	0:0:0:0:0:0:0:1:59198	admin	400	Stopped at /Users/arthur/Library/Application Support/BaseX/Repo/webapp_cm/cm.xqm, 90/6: [XPST0003] Incomplete FLWOR expression: expecting 'return'.	6.36 ms
20:09:26.073	0:0:0:0:0:0:0:1:59198	admin	REQUEST	[GET] http://localhost:8080/.install
20:09:26.074	0:0:0:0:0:0:0:1:59198	admin	400	Stopped at /Users/arthur/Library/Application Support/BaseX/Repo/webapp_cm/cm.xqm, 90/6: [XPST0003] Incomplete FLWOR expression: expecting 'return'.	1.94 ms
20:09:58.315	0:0:0:0:0:0:0:1:59213	admin	REQUEST	[GET] http://localhost:8080/.install
20:09:58.321	0:0:0:0:0:0:0:1:59213	admin	400	Stopped at /Users/arthur/Library/Application Support/BaseX/Repo/webapp_cm/cm.xqm, 93/13: [XPST0017] Unknown function 'return'.	5.99 ms
20:09:59.428	0:0:0:0:0:0:0:1:59213	admin	REQUEST	[GET] http://localhost:8080/.install
20:09:59.440	0:0:0:0:0:0:0:1:59213	admin	400	Stopped at /Users/arthur/Library/Application Support/BaseX/Repo/webapp_cm/cm.xqm, 93/13: [XPST0017] Unknown function 'return'.	11.88 ms
