17:22:09.588	0:0:0:0:0:0:0:1:49735	admin	REQUEST	[GET] http://localhost:8080/.init
17:22:09.626	0:0:0:0:0:0:0:1:49735	admin	200		38.62 ms
17:22:10.571	0:0:0:0:0:0:0:1:49735	admin	REQUEST	[GET] http://localhost:8080/.install
17:22:11.157	0:0:0:0:0:0:0:1:49735	admin	302		586.0 ms
17:22:11.157	0:0:0:0:0:0:0:1:49735	admin	200		0.11 ms
17:22:11.192	0:0:0:0:0:0:0:1:49735	admin	REQUEST	[GET] http://localhost:8080/response/?message=Database%20cm%20successfully%20installed
17:22:11.294	0:0:0:0:0:0:0:1:49735	admin	200		101.86 ms
17:22:18.929	0:0:0:0:0:0:0:1:49735	admin	REQUEST	[GET] http://localhost:8080/.install
17:22:19.000	0:0:0:0:0:0:0:1:49735	admin	400	Stopped at /Users/arthur/Library/Application Support/BaseX/Repo/webapp_cm/cm.xqm, 40/17: [FOER0000] Database already exists: cm / ffd73bce-4078-4d5e-ae85-3a1c19c751ad.	71.29 ms
17:22:19.247	0:0:0:0:0:0:0:1:49735	admin	REQUEST	[GET] http://localhost:8080/.setup
17:22:19.292	0:0:0:0:0:0:0:1:49735	admin	400	Stopped at /Users/arthur/Library/Application Support/BaseX/Repo/webapp_cm/cm.xqm, 63/17: [FOER0000] Database already exists: cm / 840ee819-217b-4001-b421-83eec4b4226f.	45.03 ms
17:22:25.200	0:0:0:0:0:0:0:1:49737	admin	REQUEST	[GET] http://localhost:8080/.setup
17:22:25.242	0:0:0:0:0:0:0:1:49737	admin	400	Stopped at /Users/arthur/Library/Application Support/BaseX/Repo/webapp_cm/cm.xqm, 63/17: [FOER0000] Database already exists: cm / 3896d58f-21d2-4b18-a349-79d053abd93d.	41.89 ms
17:22:58.548	0:0:0:0:0:0:0:1:49741	admin	REQUEST	[GET] http://localhost:8080/.setup
17:22:58.555	0:0:0:0:0:0:0:1:49741	admin	400	Stopped at /Users/arthur/Library/Application Support/BaseX/Repo/webapp_cm/cm.xqm, 13/2: [XPST0003] No expression allowed in a library module.	6.61 ms
17:23:02.934	0:0:0:0:0:0:0:1:49741	admin	REQUEST	[GET] http://localhost:8080/.setup
17:23:02.936	0:0:0:0:0:0:0:1:49741	admin	400	Stopped at /Users/arthur/Library/Application Support/BaseX/Repo/webapp_cm/cm.xqm, 13/2: [XPST0003] No expression allowed in a library module.	1.43 ms
17:24:35.989	0:0:0:0:0:0:0:1:49747	admin	REQUEST	[GET] http://localhost:8080/.setup
17:24:36.017	0:0:0:0:0:0:0:1:49747	admin	400	Stopped at /Users/arthur/Library/Application Support/BaseX/Repo/webapp_cm/cm.xqm, 13/66: [XPST0003] Incomplete expression.	27.58 ms
17:24:39.917	0:0:0:0:0:0:0:1:49747	admin	REQUEST	[GET] http://localhost:8080/.setup
17:24:39.925	0:0:0:0:0:0:0:1:49747	admin	400	Stopped at /Users/arthur/Library/Application Support/BaseX/Repo/webapp_cm/cm.xqm, 13/66: [XPST0003] Incomplete expression.	8.81 ms
17:25:08.430	0:0:0:0:0:0:0:1:49747	admin	REQUEST	[GET] http://localhost:8080/.setup
17:25:08.432	0:0:0:0:0:0:0:1:49747	admin	400	Stopped at /Users/arthur/Library/Application Support/BaseX/Repo/webapp_cm/cm.xqm, 13/50: [XPST0003] Expecting variable declaration.	2.05 ms
17:25:38.485	0:0:0:0:0:0:0:1:49751	admin	REQUEST	[GET] http://localhost:8080/.setup
17:25:38.487	0:0:0:0:0:0:0:1:49751	admin	400	Stopped at /Users/arthur/Library/Application Support/BaseX/Repo/webapp_cm/cm.xqm, 13/62: [XPST0008] Undefined variable $random:uuid.	1.15 ms
19:36:50.557	0:0:0:0:0:0:0:1:49889	admin	REQUEST	[GET] http://localhost:8080/.setup
19:36:50.580	0:0:0:0:0:0:0:1:49889	admin	400	Stopped at /Users/arthur/Library/Application Support/BaseX/Repo/webapp_cm/cm.xqm, 13/37: [XPST0003] Expecting variable declaration.	24.34 ms
19:38:34.062	0:0:0:0:0:0:0:1:49910	admin	REQUEST	[GET] http://localhost:8080/.setup
19:38:34.165	0:0:0:0:0:0:0:1:49910	admin	400	Stopped at /Users/arthur/Library/Application Support/BaseX/Repo/webapp_cm/cm.xqm, 64/17: [FODC0007] Invalid database name: '<id>{random:uuid()}</id>'.	103.1 ms
19:39:13.243	0:0:0:0:0:0:0:1:49916	admin	REQUEST	[GET] http://localhost:8080/.setup
19:39:13.319	0:0:0:0:0:0:0:1:49916	admin	400	Stopped at /Users/arthur/Library/Application Support/BaseX/Repo/webapp_cm/cm.xqm, 64/17: [FODC0007] Invalid database name: '<id>{random:uuid()}</id>'.	76.08 ms
19:45:04.475	0:0:0:0:0:0:0:1:49931	admin	REQUEST	[GET] http://localhost:8080/.setup
19:45:04.508	0:0:0:0:0:0:0:1:49931	admin	400	Stopped at /Users/arthur/Library/Application Support/BaseX/Repo/webapp_cm/cm.xqm, 64/17: [XPST0003] Expecting ':=', found '/'.	32.45 ms
19:46:47.168	0:0:0:0:0:0:0:1:49941	admin	REQUEST	[GET] http://localhost:8080/.setup
19:46:47.170	0:0:0:0:0:0:0:1:49941	admin	400	Stopped at /Users/arthur/Library/Application Support/BaseX/Repo/webapp_cm/cm.xqm, 31/3: [XPST0003] Expecting '}', found 'd'.	2.24 ms
19:46:54.496	0:0:0:0:0:0:0:1:49956	admin	REQUEST	[GET] http://localhost:8080/.setup
19:46:54.497	0:0:0:0:0:0:0:1:49956	admin	400	Stopped at /Users/arthur/Library/Application Support/BaseX/Repo/webapp_cm/cm.xqm, 31/3: [XPST0003] Expecting '}', found 'd'.	1.11 ms
19:46:54.783	0:0:0:0:0:0:0:1:49956	admin	REQUEST	[GET] http://localhost:8080/
19:46:54.784	0:0:0:0:0:0:0:1:49956	admin	400	Stopped at /Users/arthur/Library/Application Support/BaseX/Repo/webapp_cm/cm.xqm, 31/3: [XPST0003] Expecting '}', found 'd'.	1.07 ms
19:46:54.989	0:0:0:0:0:0:0:1:49941	admin	REQUEST	[GET] http://localhost:8080/
19:46:54.992	0:0:0:0:0:0:0:1:49941	admin	400	Stopped at /Users/arthur/Library/Application Support/BaseX/Repo/webapp_cm/cm.xqm, 31/3: [XPST0003] Expecting '}', found 'd'.	3.52 ms
19:47:32.961	0:0:0:0:0:0:0:1:49968	admin	REQUEST	[GET] http://localhost:8080/
19:47:33.025	0:0:0:0:0:0:0:1:49968	admin	400	Stopped at /Users/arthur/Library/Application Support/BaseX/Repo/webapp_cm/cm.xqm, 31/7: [bxerr:BXDB0006] Database path 'cm/test.html' yields no documents.	64.33 ms
19:47:51.599	0:0:0:0:0:0:0:1:49968	admin	REQUEST	[GET] http://localhost:8080/
19:47:51.600	0:0:0:0:0:0:0:1:49968	admin	400	Stopped at /Users/arthur/Library/Application Support/BaseX/Repo/webapp_cm/cm.xqm, 31/1: [XPST0003] Incomplete expression.	1.53 ms
19:48:01.404	0:0:0:0:0:0:0:1:49968	admin	REQUEST	[GET] http://localhost:8080/
19:48:01.442	0:0:0:0:0:0:0:1:49968	admin	400	Stopped at /Users/arthur/Library/Application Support/BaseX/Repo/webapp_cm/cm.xqm, 31/1: [XPTY0019] id: node expected as input, xs:string found: "<id>{random:uuid()}</id>".	38.2 ms
19:48:04.634	0:0:0:0:0:0:0:1:49968	admin	REQUEST	[GET] http://localhost:8080/
19:48:04.668	0:0:0:0:0:0:0:1:49968	admin	400	Stopped at /Users/arthur/Library/Application Support/BaseX/Repo/webapp_cm/cm.xqm, 31/1: [XPTY0019] id: node expected as input, xs:string found: "<id>{random:uuid()}</id>".	34.35 ms
19:48:39.226	0:0:0:0:0:0:0:1:49998	admin	REQUEST	[GET] http://localhost:8080/
19:48:39.282	0:0:0:0:0:0:0:1:49998	admin	400	Stopped at /Users/arthur/Library/Application Support/BaseX/Repo/webapp_cm/cm.xqm, 31/1: [XPTY0019] id: node expected as input, xs:string found: "<id>273acaf7-2973-4362-bff4-6a2....	56.24 ms
19:48:42.633	0:0:0:0:0:0:0:1:49998	admin	REQUEST	[GET] http://localhost:8080/
19:48:42.673	0:0:0:0:0:0:0:1:49998	admin	400	Stopped at /Users/arthur/Library/Application Support/BaseX/Repo/webapp_cm/cm.xqm, 31/1: [XPTY0019] id: node expected as input, xs:string found: "<id>9d59cf6b-862d-455c-b282-af1....	40.66 ms
19:50:14.546	0:0:0:0:0:0:0:1:50025	admin	REQUEST	[GET] http://localhost:8080/
19:50:14.556	0:0:0:0:0:0:0:1:50025	admin	400	Stopped at /Users/arthur/Library/Application Support/BaseX/Repo/webapp_cm/cm.xqm, 30/8: [XPST0003] Expecting ')', found '$'.	9.73 ms
19:51:28.476	0:0:0:0:0:0:0:1:50104	admin	REQUEST	[GET] http://localhost:8080/
19:51:28.593	0:0:0:0:0:0:0:1:50104	admin	400	Stopped at /Users/arthur/Library/Application Support/BaseX/Repo/webapp_cm/cm.xqm, 27/12: [XPTY0004] Cannot promote element() to element(html): element id {...}.	117.32 ms
19:52:25.815	0:0:0:0:0:0:0:1:50115	admin	REQUEST	[GET] http://localhost:8080/
19:52:25.846	0:0:0:0:0:0:0:1:50115	admin	400	Stopped at /Users/arthur/Library/Application Support/BaseX/Repo/webapp_cm/cm.xqm, 27/12: [XPTY0004] Cannot promote element() to element(html): element body {...}.	30.85 ms
19:52:47.799	0:0:0:0:0:0:0:1:50115	admin	REQUEST	[GET] http://localhost:8080/
19:52:47.834	0:0:0:0:0:0:0:1:50115	admin	400	Stopped at /Users/arthur/Library/Application Support/BaseX/Repo/webapp_cm/cm.xqm, 27/12: [XPTY0004] Cannot promote document-node() to element(html): document-node {"cm.xqm"}.	34.8 ms
19:53:39.710	0:0:0:0:0:0:0:1:50125	admin	REQUEST	[GET] http://localhost:8080/
19:53:39.745	0:0:0:0:0:0:0:1:50125	admin	400	Stopped at /Users/arthur/Library/Application Support/BaseX/Repo/webapp_cm/cm.xqm, 27/12: [XPTY0004] Cannot promote document-node() to element(html): document-node {"cm.xqm"}.	34.93 ms
19:53:45.234	0:0:0:0:0:0:0:1:50125	admin	REQUEST	[GET] http://localhost:8080/
19:53:45.270	0:0:0:0:0:0:0:1:50125	admin	400	Stopped at /Users/arthur/Library/Application Support/BaseX/Repo/webapp_cm/cm.xqm, 27/12: [XPTY0004] Cannot promote document-node() to element(html): document-node {"cm.xqm"}.	36.39 ms
19:53:55.694	0:0:0:0:0:0:0:1:50125	admin	REQUEST	[GET] http://localhost:8080/
19:53:55.714	0:0:0:0:0:0:0:1:50125	admin	200		20.4 ms
19:54:00.403	0:0:0:0:0:0:0:1:50125	admin	REQUEST	[GET] http://localhost:8080/
19:54:00.421	0:0:0:0:0:0:0:1:50125	admin	200		17.98 ms
19:54:01.096	0:0:0:0:0:0:0:1:50125	admin	REQUEST	[GET] http://localhost:8080/
19:54:01.112	0:0:0:0:0:0:0:1:50125	admin	200		16.59 ms
19:54:01.650	0:0:0:0:0:0:0:1:50125	admin	REQUEST	[GET] http://localhost:8080/
19:54:01.664	0:0:0:0:0:0:0:1:50125	admin	200		14.46 ms
20:02:34.277	0:0:0:0:0:0:0:1:50181	admin	REQUEST	[GET] http://localhost:8080/
20:02:34.292	0:0:0:0:0:0:0:1:50181	admin	200		14.78 ms
20:02:35.199	0:0:0:0:0:0:0:1:50181	admin	REQUEST	[GET] http://localhost:8080/.setup
20:02:35.228	0:0:0:0:0:0:0:1:50181	admin	400	Stopped at /Users/arthur/Library/Application Support/BaseX/Repo/webapp_cm/cm.xqm, 64/17: [FODC0007] Invalid database name: '<html>0516e6b3-f4e0-473e-b111-dd42c2245c00</html>'.	28.41 ms
20:06:44.286	0:0:0:0:0:0:0:1:50211	admin	REQUEST	[GET] http://localhost:8080/.setup
20:06:44.314	0:0:0:0:0:0:0:1:50211	admin	400	Stopped at /Users/arthur/Library/Application Support/BaseX/Repo/webapp_cm/cm.xqm, 64/17: [bxerr:BXDB0012] Database 'cm' can only be created once.	27.85 ms
20:08:49.115	0:0:0:0:0:0:0:1:50228	admin	REQUEST	[GET] http://localhost:8080/.setup
20:08:49.146	0:0:0:0:0:0:0:1:50228	admin	400	Stopped at /Users/arthur/Library/Application Support/BaseX/Repo/webapp_cm/cm.xqm, 64/17: [bxerr:BXDB0002] Database 'cm' was not found.	30.88 ms
20:36:12.371	0:0:0:0:0:0:0:1:50274	admin	REQUEST	[GET] http://localhost:8080/
20:36:12.375	0:0:0:0:0:0:0:1:50274	admin	400	Stopped at /Users/arthur/Library/Application Support/BaseX/Repo/webapp_cm/cm.xqm, 13/1: [XPST0003] Expecting ';', found 'd'.	4.45 ms
20:36:12.405	0:0:0:0:0:0:0:1:50276	admin	REQUEST	[GET] http://localhost:8080/
20:36:12.409	0:0:0:0:0:0:0:1:50276	admin	400	Stopped at /Users/arthur/Library/Application Support/BaseX/Repo/webapp_cm/cm.xqm, 13/1: [XPST0003] Expecting ';', found 'd'.	4.37 ms
20:36:15.476	0:0:0:0:0:0:0:1:50274	admin	REQUEST	[GET] http://localhost:8080/
20:36:15.477	0:0:0:0:0:0:0:1:50274	admin	400	Stopped at /Users/arthur/Library/Application Support/BaseX/Repo/webapp_cm/cm.xqm, 13/1: [XPST0003] Expecting ';', found 'd'.	0.98 ms
20:36:35.435	0:0:0:0:0:0:0:1:50274	admin	REQUEST	[GET] http://localhost:8080/
20:36:35.437	0:0:0:0:0:0:0:1:50274	admin	400	Stopped at /Users/arthur/Library/Application Support/BaseX/Repo/webapp_cm/cm.xqm, 31/10: [XPST0003] Expecting '}', found 'i'.	2.3 ms
20:40:10.528	0:0:0:0:0:0:0:1:50306	admin	REQUEST	[GET] http://localhost:8080/
20:40:10.531	0:0:0:0:0:0:0:1:50306	admin	400	Stopped at /Users/arthur/Library/Application Support/BaseX/Repo/webapp_cm/cm.xqm, 38/17: [XPST0008] Undefined variable $options.	3.13 ms
20:41:31.764	0:0:0:0:0:0:0:1:50316	admin	REQUEST	[GET] http://localhost:8080/
20:41:31.782	0:0:0:0:0:0:0:1:50316	admin	400	Stopped at /Users/arthur/Library/Application Support/BaseX/Repo/webapp_cm/cm.xqm, 38/12: [XPST0003] Expecting '}', found 'i'.	17.84 ms
20:45:36.361	0:0:0:0:0:0:0:1:50328	admin	REQUEST	[GET] http://localhost:8080/
20:45:36.368	0:0:0:0:0:0:0:1:50328	admin	400	Stopped at /Users/arthur/Library/Application Support/BaseX/Repo/webapp_cm/cm.xqm, 38/13: [XPST0017] Unknown function 'return'.	7.06 ms
20:46:28.797	0:0:0:0:0:0:0:1:50339	admin	REQUEST	[GET] http://localhost:8080/
20:46:28.832	0:0:0:0:0:0:0:1:50339	admin	200		34.33 ms
