22:05:37.041	SERVER	admin	OK	Server was started (port: 1984).
22:06:58.558	0:0:0:0:0:0:0:1:61852	admin	REQUEST	[GET] http://localhost:8080/
22:06:58.745	0:0:0:0:0:0:0:1:61852	admin	400	Stopped at /Users/arthur/Downloads/Projects/WEB/servlet-test/root-base/work/cm/webapp/__MACOSX/dba/._common.xqm, 1/1: [XPST0003] Query contains an illegal character (#0).	192.97 ms
22:08:41.022	SERVER	admin	OK	Server was stopped (port: 1984).
22:10:30.892	SERVER	admin	OK	Server was started (port: 1984).
22:10:43.811	0:0:0:0:0:0:0:1:61870	admin	REQUEST	[GET] http://localhost:8080/
22:10:44.000	0:0:0:0:0:0:0:1:61870	admin	400	Stopped at /Users/arthur/Downloads/Projects/WEB/servlet-test/root-base/work/cm/webapp/__MACOSX/dba/._common.xqm, 1/1: [XPST0003] Query contains an illegal character (#0).	192.64 ms
22:10:45.532	0:0:0:0:0:0:0:1:61870	admin	REQUEST	[GET] http://localhost:8080/
22:10:45.544	0:0:0:0:0:0:0:1:61870	admin	400	Stopped at /Users/arthur/Downloads/Projects/WEB/servlet-test/root-base/work/cm/webapp/__MACOSX/dba/._common.xqm, 1/1: [XPST0003] Query contains an illegal character (#0).	11.51 ms
22:11:14.438	SERVER	admin	OK	Server was stopped (port: 1984).
22:13:45.672	SERVER	admin	OK	Server was started (port: 1984).
22:14:58.847	0:0:0:0:0:0:0:1:61886	admin	REQUEST	[GET] http://localhost:8080/
22:14:59.032	0:0:0:0:0:0:0:1:61886	admin	400	Stopped at /Users/arthur/Downloads/Projects/WEB/servlet-test/root-base/work/cm/webapp/__MACOSX/dba/._common.xqm, 1/1: [XPST0003] Query contains an illegal character (#0).	190.53 ms
22:15:04.222	0:0:0:0:0:0:0:1:61894	admin	REQUEST	[GET] http://localhost:8080/
22:15:04.231	0:0:0:0:0:0:0:1:61894	admin	400	Stopped at /Users/arthur/Downloads/Projects/WEB/servlet-test/root-base/work/cm/webapp/__MACOSX/dba/._common.xqm, 1/1: [XPST0003] Query contains an illegal character (#0).	9.04 ms
22:15:12.083	0:0:0:0:0:0:0:1:61894	admin	REQUEST	[GET] http://localhost:8080/
22:15:12.085	0:0:0:0:0:0:0:1:61894	admin	400	Stopped at /Users/arthur/Downloads/Projects/WEB/servlet-test/root-base/work/cm/webapp/__MACOSX/dba/._common.xqm, 1/1: [XPST0003] Query contains an illegal character (#0).	2.87 ms
22:15:13.390	0:0:0:0:0:0:0:1:61886	admin	REQUEST	[GET] http://localhost:8080/dba
22:15:13.394	0:0:0:0:0:0:0:1:61886	admin	400	Stopped at /Users/arthur/Downloads/Projects/WEB/servlet-test/root-base/work/cm/webapp/__MACOSX/dba/._common.xqm, 1/1: [XPST0003] Query contains an illegal character (#0).	3.93 ms
22:20:05.271	SERVER	admin	OK	Server was stopped (port: 1984).
22:20:30.507	SERVER	admin	OK	Server was started (port: 1984).
22:20:33.214	0:0:0:0:0:0:0:1:61953	admin	REQUEST	[GET] http://localhost:8080/
22:20:34.368	0:0:0:0:0:0:0:1:61953	admin	400	Stopped at /Users/arthur/Downloads/Projects/WEB/servlet-test/root-base/work/cm/webapp/cm.xqm, 17/12: [XPTY0004] Cannot promote element() to element(html): element head {...}.	1157.04 ms
22:20:34.369	0:0:0:0:0:0:0:1:61953	admin	500	Committed	0.29 ms
22:21:08.395	SERVER	admin	OK	Server was stopped (port: 1984).
