07:43:19.628	0:0:0:0:0:0:0:1:52497	admin	REQUEST	[GET] http://localhost:8080/test
07:43:19.970	0:0:0:0:0:0:0:1:52497	admin	400	Stopped at /Users/arthur/Library/Application Support/BaseX/Repo/webapp_cm/cm/common.xqm, 50/33: [XPST0017] Several implementations found for 'Q{org.apache.poi.xssf.usermodel.XSSFWorkbook}createSheet#0'.	343.3 ms
07:52:41.353	0:0:0:0:0:0:0:1:52931	admin	REQUEST	[GET] http://localhost:8080/test
07:52:41.375	0:0:0:0:0:0:0:1:52931	admin	400	Stopped at /Users/arthur/Library/Application Support/BaseX/Repo/webapp_cm/cm/common.xqm, 50/33: [XPST0017] Several implementations found for 'Q{org.apache.poi.xssf.usermodel.XSSFWorkbook}createSheet#0'.	22.12 ms
07:53:37.618	0:0:0:0:0:0:0:1:52945	admin	REQUEST	[GET] http://localhost:8080/
07:53:37.683	0:0:0:0:0:0:0:1:52948	admin	REQUEST	[GET] http://localhost:8080/
07:53:37.956	0:0:0:0:0:0:0:1:52948	admin	302		272.83 ms
07:53:37.956	0:0:0:0:0:0:0:1:52948	admin	200		0.19 ms
07:53:37.964	0:0:0:0:0:0:0:1:52945	admin	302		346.55 ms
07:53:37.964	0:0:0:0:0:0:0:1:52945	admin	200		0.18 ms
07:53:37.970	0:0:0:0:0:0:0:1:52948	admin	REQUEST	[GET] http://localhost:8080/cm/app
07:53:38.076	SERVER	admin	INFO	Missing database. Start database setup procedure.
07:53:38.077	0:0:0:0:0:0:0:1:52948	admin	302		106.43 ms
07:53:38.077	0:0:0:0:0:0:0:1:52948	admin	200		0.09 ms
07:53:38.094	0:0:0:0:0:0:0:1:52948	admin	REQUEST	[GET] http://localhost:8080/cm/install?task=setup&message=Missing%20database.%20Please%20setup%20database.&text=Start%20database%20setup&link=install%2F.setup
07:53:38.158	0:0:0:0:0:0:0:1:52948	admin	200		64.05 ms
07:53:48.211	0:0:0:0:0:0:0:1:52976	admin	REQUEST	[GET] http://localhost:8080/
07:53:48.247	0:0:0:0:0:0:0:1:52976	admin	302		36.27 ms
07:53:48.247	0:0:0:0:0:0:0:1:52976	admin	200		0.11 ms
07:53:48.254	0:0:0:0:0:0:0:1:52976	admin	REQUEST	[GET] http://localhost:8080/cm/app
07:53:48.317	SERVER	admin	INFO	Missing database. Start database setup procedure.
07:53:48.318	0:0:0:0:0:0:0:1:52976	admin	302		63.31 ms
07:53:48.318	0:0:0:0:0:0:0:1:52976	admin	200		0.09 ms
07:53:48.325	0:0:0:0:0:0:0:1:52976	admin	REQUEST	[GET] http://localhost:8080/cm/install?task=setup&message=Missing%20database.%20Please%20setup%20database.&text=Start%20database%20setup&link=install%2F.setup
07:53:48.357	0:0:0:0:0:0:0:1:52976	admin	200		32.61 ms
07:53:51.788	0:0:0:0:0:0:0:1:52976	admin	REQUEST	[GET] http://localhost:8080/
07:53:51.838	0:0:0:0:0:0:0:1:52976	admin	302		49.93 ms
07:53:51.838	0:0:0:0:0:0:0:1:52976	admin	200		0.12 ms
19:35:44.178	0:0:0:0:0:0:0:1:53566	admin	REQUEST	[GET] http://localhost:8080/
19:35:44.217	0:0:0:0:0:0:0:1:53566	admin	400	Stopped at /Users/arthur/Library/Application Support/BaseX/Repo/webapp_cm/cm/modules/tmpl.xqm, 35/12: [XQST0034] Duplicate declaration of function 'tmpl:wrap'.	39.77 ms
19:36:26.373	0:0:0:0:0:0:0:1:53592	admin	REQUEST	[GET] http://localhost:8080/
19:36:26.383	0:0:0:0:0:0:0:1:53592	admin	400	Stopped at /Users/arthur/Library/Application Support/BaseX/Repo/webapp_cm/cm/modules/tmpl.xqm, 159/26: [XPST0008] Undefined variable $link.	9.78 ms
19:36:29.405	0:0:0:0:0:0:0:1:53592	admin	REQUEST	[GET] http://localhost:8080/
19:36:29.412	0:0:0:0:0:0:0:1:53592	admin	400	Stopped at /Users/arthur/Library/Application Support/BaseX/Repo/webapp_cm/cm/modules/tmpl.xqm, 159/26: [XPST0008] Undefined variable $link.	6.94 ms
19:41:37.069	0:0:0:0:0:0:0:1:53617	admin	REQUEST	[GET] http://localhost:8080/
19:41:37.101	0:0:0:0:0:0:0:1:53617	admin	400	Stopped at /Users/arthur/Library/Application Support/BaseX/Repo/webapp_cm/cm/modules/tmpl.xqm, 159/22: [XPST0081] No namespace declared for 'lang:pages'.	31.93 ms
19:43:25.370	0:0:0:0:0:0:0:1:53620	admin	REQUEST	[GET] http://localhost:8080/
19:43:25.387	0:0:0:0:0:0:0:1:53620	admin	400	Stopped at /Users/arthur/Library/Application Support/BaseX/Repo/webapp_cm/cm/modules/tmpl.xqm, 163/21: [XPST0008] Undefined variable $message.	17.22 ms
19:47:10.296	0:0:0:0:0:0:0:1:53624	admin	REQUEST	[GET] http://localhost:8080/
19:47:10.313	0:0:0:0:0:0:0:1:53624	admin	400	Stopped at /Users/arthur/Library/Application Support/BaseX/Repo/webapp_cm/cm/install/inst.xqm, 34/3: [XPST0003] Expecting '$', found ')'.	17.92 ms
19:47:53.895	0:0:0:0:0:0:0:1:53628	admin	REQUEST	[GET] http://localhost:8080/
19:47:53.910	0:0:0:0:0:0:0:1:53628	admin	400	Stopped at /Users/arthur/Library/Application Support/BaseX/Repo/webapp_cm/cm/install/inst.xqm, 97/41: [XPST0008] Undefined variable $lang:application.	14.76 ms
19:50:38.416	0:0:0:0:0:0:0:1:53630	admin	REQUEST	[GET] http://localhost:8080/
19:50:38.503	0:0:0:0:0:0:0:1:53630	admin	302		87.99 ms
19:50:38.504	0:0:0:0:0:0:0:1:53630	admin	200		0.13 ms
19:50:38.514	0:0:0:0:0:0:0:1:53630	admin	REQUEST	[GET] http://localhost:8080/cm/app
19:50:38.607	SERVER	admin	INFO	Missing database. Start database setup procedure.
19:50:38.607	0:0:0:0:0:0:0:1:53630	admin	302		93.35 ms
19:50:38.607	0:0:0:0:0:0:0:1:53630	admin	200		0.08 ms
19:50:38.616	0:0:0:0:0:0:0:1:53630	admin	REQUEST	[GET] http://localhost:8080/cm/install?name=setup
19:50:38.658	0:0:0:0:0:0:0:1:53630	admin	200		42.05 ms
19:50:38.783	0:0:0:0:0:0:0:1:53630	admin	REQUEST	[GET] http://localhost:8080/css?style=default
19:50:38.876	0:0:0:0:0:0:0:1:53630	admin	200		94.87 ms
19:59:40.708	0:0:0:0:0:0:0:1:53669	admin	REQUEST	[GET] http://localhost:8080/
19:59:40.759	0:0:0:0:0:0:0:1:53669	admin	302		50.25 ms
19:59:40.759	0:0:0:0:0:0:0:1:53669	admin	200		0.1 ms
19:59:40.767	0:0:0:0:0:0:0:1:53669	admin	REQUEST	[GET] http://localhost:8080/cm/app
19:59:40.934	0:0:0:0:0:0:0:1:53672	admin	REQUEST	[GET] http://localhost:8080/
19:59:40.974	0:0:0:0:0:0:0:1:53672	admin	302		39.64 ms
19:59:40.974	0:0:0:0:0:0:0:1:53672	admin	200		0.11 ms
19:59:40.984	0:0:0:0:0:0:0:1:53672	admin	REQUEST	[GET] http://localhost:8080/cm/app
19:59:41.058	SERVER	admin	INFO	Missing database. Start database setup procedure.
19:59:41.059	0:0:0:0:0:0:0:1:53669	admin	302		292.49 ms
19:59:41.060	0:0:0:0:0:0:0:1:53669	admin	200		0.11 ms
19:59:41.081	SERVER	admin	INFO	Missing database. Start database setup procedure.
19:59:41.082	0:0:0:0:0:0:0:1:53672	admin	302		97.6 ms
19:59:41.082	0:0:0:0:0:0:0:1:53672	admin	200		0.08 ms
19:59:41.093	0:0:0:0:0:0:0:1:53672	admin	REQUEST	[GET] http://localhost:8080/cm/install?name=setup
19:59:41.133	0:0:0:0:0:0:0:1:53672	admin	200		40.03 ms
23:06:12.294	0:0:0:0:0:0:0:1:55530	admin	REQUEST	[GET] http://localhost:8080/cm/install?name=setup
23:06:12.434	0:0:0:0:0:0:0:1:55530	admin	200		141.78 ms
23:06:12.555	0:0:0:0:0:0:0:1:55530	admin	REQUEST	[GET] http://localhost:8080/css?style=default
23:06:12.638	0:0:0:0:0:0:0:1:55530	admin	200		83.39 ms
23:06:21.099	0:0:0:0:0:0:0:1:55530	admin	REQUEST	[GET] http://localhost:8080/
23:06:21.176	0:0:0:0:0:0:0:1:55530	admin	302		77.29 ms
23:06:21.177	0:0:0:0:0:0:0:1:55530	admin	200		0.1 ms
23:06:21.203	0:0:0:0:0:0:0:1:55530	admin	REQUEST	[GET] http://localhost:8080/cm/app
23:06:21.321	SERVER	admin	INFO	Missing database. Start database setup procedure.
23:06:21.321	0:0:0:0:0:0:0:1:55530	admin	302		118.49 ms
23:06:21.322	0:0:0:0:0:0:0:1:55530	admin	200		0.1 ms
23:06:21.340	0:0:0:0:0:0:0:1:55530	admin	REQUEST	[GET] http://localhost:8080/cm/install?name=setup
23:06:21.382	0:0:0:0:0:0:0:1:55530	admin	200		42.83 ms
23:34:59.140	0:0:0:0:0:0:0:1:55803	admin	REQUEST	[GET] http://localhost:8080/cm/install?name=setup
23:34:59.169	0:0:0:0:0:0:0:1:55803	admin	400	Stopped at /Users/arthur/Library/Application Support/BaseX/Repo/webapp_cm/cm/install/inst.xqm, 38/3: [XPST0003] Incomplete FLWOR expression: expecting 'return'.	29.09 ms
23:35:16.604	0:0:0:0:0:0:0:1:55803	admin	REQUEST	[GET] http://localhost:8080/cm/install?name=setup
23:35:16.610	0:0:0:0:0:0:0:1:55803	admin	400	Stopped at /Users/arthur/Library/Application Support/BaseX/Repo/webapp_cm/cm/install/inst.xqm, 38/3: [XPST0003] Incomplete FLWOR expression: expecting 'return'.	6.56 ms
23:35:17.999	0:0:0:0:0:0:0:1:55803	admin	REQUEST	[GET] http://localhost:8080/cm/install?name=setup
23:35:18.008	0:0:0:0:0:0:0:1:55803	admin	400	Stopped at /Users/arthur/Library/Application Support/BaseX/Repo/webapp_cm/cm/install/inst.xqm, 38/3: [XPST0003] Incomplete FLWOR expression: expecting 'return'.	9.67 ms
23:36:19.240	0:0:0:0:0:0:0:1:55807	admin	REQUEST	[GET] http://localhost:8080/cm/install?name=setup
23:36:19.357	0:0:0:0:0:0:0:1:55807	admin	400	Stopped at /Users/arthur/Library/Application Support/BaseX/Repo/webapp_cm/cm/modules/tmpl.xqm, 159/38: [XPTY0004] Item expected, empty sequence found. Stack Trace: - /Users/arthur/Library/Application Support/BaseX/Repo/webapp_cm/cm/modules/tmpl.xqm, 47/17	117.39 ms
23:43:08.309	0:0:0:0:0:0:0:1:55823	admin	REQUEST	[GET] http://localhost:8080/cm/install?name=setup
23:43:08.321	0:0:0:0:0:0:0:1:55823	admin	400	Stopped at /Users/arthur/Library/Application Support/BaseX/Repo/webapp_cm/cm/install/inst.xqm, 38/15: [XPST0003] Expecting ':=', found '('.	11.84 ms
23:43:09.395	0:0:0:0:0:0:0:1:55823	admin	REQUEST	[GET] http://localhost:8080/cm/install?name=setup
23:43:09.403	0:0:0:0:0:0:0:1:55823	admin	400	Stopped at /Users/arthur/Library/Application Support/BaseX/Repo/webapp_cm/cm/install/inst.xqm, 38/15: [XPST0003] Expecting ':=', found '('.	8.26 ms
23:43:40.893	0:0:0:0:0:0:0:1:55827	admin	REQUEST	[GET] http://localhost:8080/cm/install?name=setup
23:43:40.902	0:0:0:0:0:0:0:1:55827	admin	400	Stopped at /Users/arthur/Library/Application Support/BaseX/Repo/webapp_cm/cm/install/inst.xqm, 38/7: [XPST0003] Incomplete 'let' expression.	9.26 ms
23:43:42.175	0:0:0:0:0:0:0:1:55827	admin	REQUEST	[GET] http://localhost:8080/cm/install?name=setup
23:43:42.182	0:0:0:0:0:0:0:1:55827	admin	400	Stopped at /Users/arthur/Library/Application Support/BaseX/Repo/webapp_cm/cm/install/inst.xqm, 38/7: [XPST0003] Incomplete 'let' expression.	7.96 ms
23:44:12.391	0:0:0:0:0:0:0:1:55843	admin	REQUEST	[GET] http://localhost:8080/cm/install?name=setup
23:44:12.404	0:0:0:0:0:0:0:1:55843	admin	400	Stopped at /Users/arthur/Library/Application Support/BaseX/Repo/webapp_cm/cm/install/inst.xqm, 38/9: [XPST0003] Variable name expected, '(' found.	13.22 ms
23:44:13.405	0:0:0:0:0:0:0:1:55843	admin	REQUEST	[GET] http://localhost:8080/cm/install?name=setup
23:44:13.413	0:0:0:0:0:0:0:1:55843	admin	400	Stopped at /Users/arthur/Library/Application Support/BaseX/Repo/webapp_cm/cm/install/inst.xqm, 38/9: [XPST0003] Variable name expected, '(' found.	7.97 ms
23:50:18.803	0:0:0:0:0:0:0:1:55869	admin	REQUEST	[GET] http://localhost:8080/cm/install?name=setup
23:50:18.812	0:0:0:0:0:0:0:1:55869	admin	400	Stopped at /Users/arthur/Library/Application Support/BaseX/Repo/webapp_cm/cm/install/inst.xqm, 38/9: [XPST0003] Variable name expected, '(' found.	8.96 ms
23:50:20.646	0:0:0:0:0:0:0:1:55869	admin	REQUEST	[GET] http://localhost:8080/cm/install?name=setup
23:50:20.656	0:0:0:0:0:0:0:1:55869	admin	400	Stopped at /Users/arthur/Library/Application Support/BaseX/Repo/webapp_cm/cm/install/inst.xqm, 38/9: [XPST0003] Variable name expected, '(' found.	10.27 ms
23:50:34.488	0:0:0:0:0:0:0:1:55869	admin	REQUEST	[GET] http://localhost:8080/cm/install?name=setup
23:50:34.496	0:0:0:0:0:0:0:1:55869	admin	400	Stopped at /Users/arthur/Library/Application Support/BaseX/Repo/webapp_cm/cm/install/inst.xqm, 38/3: [XPST0003] Incomplete FLWOR expression: expecting 'return'.	9.03 ms
23:54:30.547	0:0:0:0:0:0:0:1:55884	admin	REQUEST	[GET] http://localhost:8080/cm/install?name=setup
23:54:30.554	0:0:0:0:0:0:0:1:55884	admin	400	Stopped at /Users/arthur/Library/Application Support/BaseX/Repo/webapp_cm/cm/install/inst.xqm, 126/21: [XPST0017] tmpl:wrap: 1 argument supplied (2-3 expected).	6.99 ms
23:55:07.326	0:0:0:0:0:0:0:1:55888	admin	REQUEST	[GET] http://localhost:8080/cm/install?name=setup
23:55:07.397	0:0:0:0:0:0:0:1:55888	admin	200		71.3 ms
23:55:07.509	0:0:0:0:0:0:0:1:55888	admin	REQUEST	[GET] http://localhost:8080/css?style=default
23:55:07.583	0:0:0:0:0:0:0:1:55888	admin	200		74.56 ms
23:55:14.286	0:0:0:0:0:0:0:1:55888	admin	REQUEST	[GET] http://localhost:8080/cm/install?name=setup
23:55:14.341	0:0:0:0:0:0:0:1:55888	admin	200		55.03 ms
23:55:14.455	0:0:0:0:0:0:0:1:55888	admin	REQUEST	[GET] http://localhost:8080/css?style=default
23:55:14.528	0:0:0:0:0:0:0:1:55888	admin	200		73.51 ms
23:55:22.193	0:0:0:0:0:0:0:1:55888	admin	REQUEST	[GET] http://localhost:8080/
23:55:22.248	0:0:0:0:0:0:0:1:55888	admin	302		55.2 ms
23:55:22.249	0:0:0:0:0:0:0:1:55888	admin	200		0.13 ms
23:55:22.258	0:0:0:0:0:0:0:1:55888	admin	REQUEST	[GET] http://localhost:8080/cm/app
23:55:22.341	0:0:0:0:0:0:0:1:55888	admin	400	Stopped at /Users/arthur/Library/Application Support/BaseX/Repo/webapp_cm/cm/app/main.xqm, 36/21: [XPST0017] tmpl:wrap: 1 argument supplied (2-3 expected).	82.79 ms
23:55:24.213	0:0:0:0:0:0:0:1:55888	admin	REQUEST	[GET] http://localhost:8080/cm/app
23:55:24.271	0:0:0:0:0:0:0:1:55888	admin	400	Stopped at /Users/arthur/Library/Application Support/BaseX/Repo/webapp_cm/cm/app/main.xqm, 36/21: [XPST0017] tmpl:wrap: 1 argument supplied (2-3 expected).	58.13 ms
23:56:15.153	0:0:0:0:0:0:0:1:55917	admin	REQUEST	[GET] http://localhost:8080/cm/app
23:56:15.242	SERVER	admin	INFO	Missing database. Start database setup procedure.
23:56:15.242	0:0:0:0:0:0:0:1:55917	admin	302		88.92 ms
23:56:15.242	0:0:0:0:0:0:0:1:55917	admin	200		0.07 ms
23:56:15.256	0:0:0:0:0:0:0:1:55917	admin	REQUEST	[GET] http://localhost:8080/cm/install?name=setup
23:56:15.287	0:0:0:0:0:0:0:1:55917	admin	200		31.18 ms
23:56:15.412	0:0:0:0:0:0:0:1:55917	admin	REQUEST	[GET] http://localhost:8080/css?style=default
23:56:15.448	0:0:0:0:0:0:0:1:55917	admin	200		35.97 ms
23:56:21.375	0:0:0:0:0:0:0:1:55917	admin	REQUEST	[GET] http://localhost:8080/
23:56:21.407	0:0:0:0:0:0:0:1:55917	admin	302		32.94 ms
23:56:21.408	0:0:0:0:0:0:0:1:55917	admin	200		0.09 ms
23:56:21.425	0:0:0:0:0:0:0:1:55917	admin	REQUEST	[GET] http://localhost:8080/cm/app
23:56:21.520	SERVER	admin	INFO	Missing database. Start database setup procedure.
23:56:21.522	0:0:0:0:0:0:0:1:55917	admin	302		96.72 ms
23:56:21.522	0:0:0:0:0:0:0:1:55917	admin	200		0.1 ms
23:56:21.529	0:0:0:0:0:0:0:1:55917	admin	REQUEST	[GET] http://localhost:8080/cm/install?name=setup
23:56:21.556	0:0:0:0:0:0:0:1:55917	admin	200		26.92 ms
