13:26:24.506	SERVER	admin	OK	Server was stopped (port: 1984).
13:27:01.998	SERVER	admin	OK	Server was started (port: 1984).
13:28:26.783	SERVER	admin	OK	Server was stopped (port: 1984).
13:52:52.837	SERVER	admin	OK	Server was started (port: 1984).
13:53:10.476	0:0:0:0:0:0:0:1:52317	admin	REQUEST	[GET] http://localhost:8080/
13:53:11.220	0:0:0:0:0:0:0:1:52317	admin	200		746.5 ms
14:02:40.587	SERVER	admin	ERROR	Server is running or permission was denied.
14:03:19.591	SERVER	admin	OK	Server was stopped (port: 1984).
14:03:30.469	SERVER	admin	OK	Server was started (port: 1984).
14:03:37.355	0:0:0:0:0:0:0:1:52337	admin	REQUEST	[GET] http://localhost:8080/
14:03:38.813	0:0:0:0:0:0:0:1:52337	admin	400	Stopped at /Users/arthur/Downloads/Projects/WEB/servlet-test/root-base/work/cm/webapp/cm.xqm, 17/12: [XPTY0004] Cannot promote element() to element(html): element head {...}.	1467.64 ms
14:03:38.814	0:0:0:0:0:0:0:1:52337	admin	500	Committed	0.29 ms
17:11:45.464	SERVER	admin	OK	Server was stopped (port: 1984).
17:12:57.660	SERVER	admin	OK	Server was started (port: 1984).
17:13:41.107	0:0:0:0:0:0:0:1:53076	admin	REQUEST	[GET] http://localhost:8080/
17:13:42.100	0:0:0:0:0:0:0:1:53076	admin	400	Stopped at /Users/arthur/Downloads/Projects/WEB/servlet-test/root-base/work/cm/webapp/cm.xqm, 17/12: [XPTY0004] Cannot promote element() to element(html): element head {...}.	996.21 ms
17:13:42.102	0:0:0:0:0:0:0:1:53076	admin	500	Committed	1.32 ms
17:16:50.989	0:0:0:0:0:0:0:1:53120	admin	REQUEST	[GET] http://localhost:8080/
17:16:51.375	0:0:0:0:0:0:0:1:53120	admin	400	Stopped at /Users/arthur/Downloads/Projects/WEB/servlet-test/root-base/work/cm/webapp/cm.xqm, 17/12: [XPTY0004] Cannot promote element() to element(html): element head {...}.	386.42 ms
17:16:51.376	0:0:0:0:0:0:0:1:53120	admin	500	Committed	0.19 ms
17:17:24.743	0:0:0:0:0:0:0:1:53156	admin	REQUEST	[GET] http://localhost:8080/
17:17:24.918	0:0:0:0:0:0:0:1:53156	admin	400	Stopped at /Users/arthur/Downloads/Projects/WEB/servlet-test/root-base/work/cm/webapp/cm.xqm, 17/12: [XPTY0004] Cannot promote element() to element(html): element head {...}.	175.11 ms
17:17:24.918	0:0:0:0:0:0:0:1:53156	admin	500	Committed	0.17 ms
17:32:09.063	0:0:0:0:0:0:0:1:53209	admin	REQUEST	[GET] http://localhost:8080/
17:32:09.301	0:0:0:0:0:0:0:1:53209	admin	400	Stopped at /Users/arthur/Downloads/Projects/WEB/servlet-test/root-base/work/cm/webapp/cm.xqm, 17/12: [XPTY0004] Cannot promote element() to element(html): element head {...}.	238.35 ms
17:32:09.301	0:0:0:0:0:0:0:1:53209	admin	500	Committed	0.16 ms
17:34:01.175	SERVER	admin	OK	Server was stopped (port: 1984).
17:34:12.017	SERVER	admin	OK	Server was started (port: 1984).
17:35:03.495	0:0:0:0:0:0:0:1:53245	admin	REQUEST	[GET] http://localhost:8080/
17:35:04.777	0:0:0:0:0:0:0:1:53245	admin	400	Stopped at /Users/arthur/Downloads/Projects/WEB/servlet-test/root-base/work/cm/webapp/cm.xqm, 17/12: [XPTY0004] Cannot promote element() to element(html): element head {...}.	1286.02 ms
17:35:04.778	0:0:0:0:0:0:0:1:53245	admin	500	Committed	0.33 ms
17:36:06.607	0:0:0:0:0:0:0:1:53283	admin	REQUEST	[GET] http://localhost:8080/
17:36:06.841	0:0:0:0:0:0:0:1:53283	admin	400	Stopped at /Users/arthur/Downloads/Projects/WEB/servlet-test/root-base/work/cm/webapp/cm.xqm, 17/12: [XPTY0004] Cannot promote element() to element(html): element html {...}.	234.45 ms
17:39:21.721	SERVER	admin	OK	Server was stopped (port: 1984).
17:41:33.779	SERVER	admin	OK	Server was started (port: 1984).
17:42:01.605	0:0:0:0:0:0:0:1:53315	admin	REQUEST	[GET] http://localhost:8080/
17:42:04.344	0:0:0:0:0:0:0:1:53315	admin	400	Stopped at /Users/arthur/Downloads/Projects/WEB/servlet-test/root-base/work/cm/webapp/cm.xqm, 17/12: [XPTY0004] Cannot promote element() to element(html): element head {...}.	2743.95 ms
17:44:37.144	SERVER	admin	ERROR	Server is running or permission was denied.
17:44:44.395	SERVER	admin	OK	Server was stopped (port: 1984).
17:44:55.080	SERVER	admin	OK	Server was started (port: 1984).
17:45:20.537	0:0:0:0:0:0:0:1:53322	admin	REQUEST	[GET] http://localhost:8080/
17:45:21.661	0:0:0:0:0:0:0:1:53322	admin	400	Stopped at /Users/arthur/Downloads/Projects/WEB/servlet-test/root-base/work/cm/webapp/cm.xqm, 17/12: [XPTY0004] Cannot promote element() to element(html): element head {...}.	1126.99 ms
17:45:21.662	0:0:0:0:0:0:0:1:53322	admin	500	Committed	0.32 ms
