17:51:14.444	0:0:0:0:0:0:0:1:51834	admin	REQUEST	[GET] http://localhost:8080/
17:51:14.581	0:0:0:0:0:0:0:1:51834	admin	302		137.77 ms
17:51:14.581	0:0:0:0:0:0:0:1:51834	admin	200		0.21 ms
17:51:14.597	0:0:0:0:0:0:0:1:51834	admin	REQUEST	[GET] http://localhost:8080/cm/app/main
17:51:14.674	0:0:0:0:0:0:0:1:51834	admin	302		77.61 ms
17:51:14.674	0:0:0:0:0:0:0:1:51834	admin	200		0.06 ms
17:51:14.687	0:0:0:0:0:0:0:1:51834	admin	REQUEST	[GET] http://localhost:8080/cm/install?message=Missing%20Database.%20Please%20setup%20Database.&text=Setup&link=%2Fcm%2Finstall%2F.setup
17:51:14.710	SERVER	admin	INFO	Setup Application
17:51:14.715	0:0:0:0:0:0:0:1:51834	admin	200		27.89 ms
17:51:23.698	0:0:0:0:0:0:0:1:51834	admin	REQUEST	[GET] http://localhost:8080/cm/install/.setup
17:51:23.835	0:0:0:0:0:0:0:1:51834	admin	302		137.21 ms
17:51:23.835	0:0:0:0:0:0:0:1:51834	admin	200		0.06 ms
17:51:23.843	0:0:0:0:0:0:0:1:51834	admin	REQUEST	[GET] http://localhost:8080/cm/install?message=Database%20cm_main%20successfully%20installed&text=Configure&link=%2Fcm%2Finstall%2F.configure
17:51:23.896	SERVER	admin	INFO	Setup Application
17:51:23.897	0:0:0:0:0:0:0:1:51834	admin	200		53.28 ms
17:51:26.258	0:0:0:0:0:0:0:1:51834	admin	REQUEST	[GET] http://localhost:8080/cm/install/.configure
17:51:26.320	SERVER	admin	INFO	Application setup done!
17:51:26.349	0:0:0:0:0:0:0:1:51834	admin	302		90.96 ms
17:51:26.349	0:0:0:0:0:0:0:1:51834	admin	200		0.08 ms
17:51:26.357	0:0:0:0:0:0:0:1:51834	admin	REQUEST	[GET] http://localhost:8080/cm/install?message=Database%20cm_main%20%2F%2092a6be54-be1b-4367-a5b6-f770196cade4%20sucessfully%20setup&text=Start%20Application&link=%2F
17:51:26.379	SERVER	admin	INFO	Setup Application
17:51:26.380	0:0:0:0:0:0:0:1:51834	admin	200		22.77 ms
17:51:28.110	0:0:0:0:0:0:0:1:51834	admin	REQUEST	[GET] http://localhost:8080/
17:51:28.128	0:0:0:0:0:0:0:1:51834	admin	302		18.8 ms
17:51:28.128	0:0:0:0:0:0:0:1:51834	admin	200		0.07 ms
17:51:28.144	0:0:0:0:0:0:0:1:51834	admin	REQUEST	[GET] http://localhost:8080/cm/app/main
17:51:28.176	0:0:0:0:0:0:0:1:51834	admin	200		32.4 ms
18:00:40.913	0:0:0:0:0:0:0:1:51850	admin	REQUEST	[GET] http://localhost:8080/
18:00:40.940	0:0:0:0:0:0:0:1:51850	admin	302		26.84 ms
18:00:40.940	0:0:0:0:0:0:0:1:51850	admin	200		0.07 ms
18:00:40.969	0:0:0:0:0:0:0:1:51850	admin	REQUEST	[GET] http://localhost:8080/cm/app/main
18:00:41.039	0:0:0:0:0:0:0:1:51850	admin	302		70.18 ms
18:00:41.039	0:0:0:0:0:0:0:1:51850	admin	200		0.07 ms
18:00:41.049	0:0:0:0:0:0:0:1:51850	admin	REQUEST	[GET] http://localhost:8080/cm/install?message=Missing%20Database.%20Please%20setup%20Database.&text=Setup&link=%2Fcm%2Finstall%2F.setup
18:00:41.070	SERVER	admin	INFO	Setup Application
18:00:41.070	0:0:0:0:0:0:0:1:51850	admin	200		20.9 ms
18:02:50.444	0:0:0:0:0:0:0:1:51856	admin	REQUEST	[GET] http://localhost:8080/
18:02:50.447	0:0:0:0:0:0:0:1:51856	admin	400	Stopped at /Users/arthur/Library/Application Support/BaseX/Repo/webapp_cm/cm/install/inst.xqm, 46/9: [XQST0118] Different start and end tag: <br>...</body>.	3.74 ms
18:02:50.975	0:0:0:0:0:0:0:1:51858	admin	REQUEST	[GET] http://localhost:8080/
18:02:50.983	0:0:0:0:0:0:0:1:51858	admin	400	Stopped at /Users/arthur/Library/Application Support/BaseX/Repo/webapp_cm/cm/install/inst.xqm, 46/9: [XQST0118] Different start and end tag: <br>...</body>.	7.46 ms
19:10:25.724	0:0:0:0:0:0:0:1:51954	admin	REQUEST	[GET] http://localhost:8080/
19:10:25.753	0:0:0:0:0:0:0:1:51954	admin	302		29.44 ms
19:10:25.755	0:0:0:0:0:0:0:1:51954	admin	200		1.3 ms
19:10:25.768	0:0:0:0:0:0:0:1:51954	admin	REQUEST	[GET] http://localhost:8080/cm/app/main
19:10:25.830	0:0:0:0:0:0:0:1:51954	admin	302		61.46 ms
19:10:25.830	0:0:0:0:0:0:0:1:51954	admin	200		0.07 ms
19:10:25.851	0:0:0:0:0:0:0:1:51954	admin	REQUEST	[GET] http://localhost:8080/cm/install?message=Missing%20Database.%20Please%20setup%20Database.&text=Setup&link=%2Fcm%2Finstall%2F.setup
19:10:25.880	SERVER	admin	INFO	Setup Application
19:10:25.880	0:0:0:0:0:0:0:1:51954	admin	200		29.67 ms
19:57:32.061	0:0:0:0:0:0:0:1:52034	admin	REQUEST	[GET] http://localhost:8080/
19:57:32.095	0:0:0:0:0:0:0:1:52034	admin	302		33.76 ms
19:57:32.095	0:0:0:0:0:0:0:1:52034	admin	200		0.26 ms
19:57:32.103	0:0:0:0:0:0:0:1:52034	admin	REQUEST	[GET] http://localhost:8080/cm/app/main
19:57:32.148	0:0:0:0:0:0:0:1:52034	admin	302		44.63 ms
19:57:32.148	0:0:0:0:0:0:0:1:52034	admin	200		0.08 ms
19:57:32.162	0:0:0:0:0:0:0:1:52034	admin	REQUEST	[GET] http://localhost:8080/cm/install?message=Missing%20Database.%20Please%20setup%20Database.&text=Setup&link=%2Fcm%2Finstall%2F.setup
19:57:32.182	SERVER	admin	INFO	Setup Application
19:57:32.182	0:0:0:0:0:0:0:1:52034	admin	200		19.79 ms
19:57:32.348	0:0:0:0:0:0:0:1:52037	admin	REQUEST	[GET] http://localhost:8080/
19:57:32.381	0:0:0:0:0:0:0:1:52037	admin	302		32.21 ms
19:57:32.381	0:0:0:0:0:0:0:1:52037	admin	200		0.07 ms
19:57:32.393	0:0:0:0:0:0:0:1:52037	admin	REQUEST	[GET] http://localhost:8080/cm/app/main
19:57:32.447	0:0:0:0:0:0:0:1:52037	admin	302		53.96 ms
19:57:32.447	0:0:0:0:0:0:0:1:52037	admin	200		0.07 ms
19:57:32.455	0:0:0:0:0:0:0:1:52037	admin	REQUEST	[GET] http://localhost:8080/cm/install?message=Missing%20Database.%20Please%20setup%20Database.&text=Setup&link=%2Fcm%2Finstall%2F.setup
19:57:32.493	SERVER	admin	INFO	Setup Application
19:57:32.494	0:0:0:0:0:0:0:1:52037	admin	200		38.91 ms
19:57:37.837	0:0:0:0:0:0:0:1:52037	admin	REQUEST	[GET] http://localhost:8080/cm/install?message=Missing%20Database.%20Please%20setup%20Database.&text=Setup&link=%2Fcm%2Finstall%2F.setup
19:57:37.876	SERVER	admin	INFO	Setup Application
19:57:37.877	0:0:0:0:0:0:0:1:52037	admin	200		39.47 ms
19:57:39.153	0:0:0:0:0:0:0:1:52037	admin	REQUEST	[GET] http://localhost:8080/cm/install?message=Missing%20Database.%20Please%20setup%20Database.&text=Setup&link=%2Fcm%2Finstall%2F.setup
19:57:39.176	SERVER	admin	INFO	Setup Application
19:57:39.176	0:0:0:0:0:0:0:1:52037	admin	200		24.05 ms
19:57:40.254	0:0:0:0:0:0:0:1:52037	admin	REQUEST	[GET] http://localhost:8080/cm/install?message=Missing%20Database.%20Please%20setup%20Database.&text=Setup&link=%2Fcm%2Finstall%2F.setup
19:57:40.277	SERVER	admin	INFO	Setup Application
19:57:40.277	0:0:0:0:0:0:0:1:52037	admin	200		23.67 ms
20:05:56.098	0:0:0:0:0:0:0:1:52054	admin	REQUEST	[GET] http://localhost:8080/cm/install?message=Missing%20Database.%20Please%20setup%20Database.&text=Setup&link=%2Fcm%2Finstall%2F.setup
20:05:56.102	0:0:0:0:0:0:0:1:52054	admin	400	Stopped at /Users/arthur/Library/Application Support/BaseX/Repo/webapp_cm/cm/install/inst.xqm, 40/54: [XPST0003] Expecting closing bracket for function 'tmpl:wrap'.	4.37 ms
20:07:23.385	0:0:0:0:0:0:0:1:52065	admin	REQUEST	[GET] http://localhost:8080/cm/install?message=Missing%20Database.%20Please%20setup%20Database.&text=Setup&link=%2Fcm%2Finstall%2F.setup
20:07:23.392	0:0:0:0:0:0:0:1:52065	admin	400	Stopped at /Users/arthur/Library/Application Support/BaseX/Repo/webapp_cm/cm/install/inst.xqm, 40/56: [XPST0003] Incomplete expression.	6.26 ms
20:07:24.222	0:0:0:0:0:0:0:1:52065	admin	REQUEST	[GET] http://localhost:8080/cm/install?message=Missing%20Database.%20Please%20setup%20Database.&text=Setup&link=%2Fcm%2Finstall%2F.setup
20:07:24.227	0:0:0:0:0:0:0:1:52065	admin	400	Stopped at /Users/arthur/Library/Application Support/BaseX/Repo/webapp_cm/cm/install/inst.xqm, 40/56: [XPST0003] Incomplete expression.	5.12 ms
20:14:49.225	0:0:0:0:0:0:0:1:52087	admin	REQUEST	[GET] http://localhost:8080/cm/install?message=Missing%20Database.%20Please%20setup%20Database.&text=Setup&link=%2Fcm%2Finstall%2F.setup
20:14:49.248	0:0:0:0:0:0:0:1:52087	admin	400	Stopped at /Users/arthur/Library/Application Support/BaseX/Repo/webapp_cm/cm/install/inst.xqm, 39/83: [XPST0003] Incomplete expression.	22.83 ms
20:16:07.123	0:0:0:0:0:0:0:1:52091	admin	REQUEST	[GET] http://localhost:8080/cm/install?message=Missing%20Database.%20Please%20setup%20Database.&text=Setup&link=%2Fcm%2Finstall%2F.setup
20:16:07.131	0:0:0:0:0:0:0:1:52091	admin	400	Stopped at /Users/arthur/Library/Application Support/BaseX/Repo/webapp_cm/cm/install/inst.xqm, 39/82: [XPST0003] Expecting closing bracket for function 'tmpl:wrap'.	7.98 ms
20:16:56.120	0:0:0:0:0:0:0:1:52095	admin	REQUEST	[GET] http://localhost:8080/cm/install?message=Missing%20Database.%20Please%20setup%20Database.&text=Setup&link=%2Fcm%2Finstall%2F.setup
20:16:56.123	0:0:0:0:0:0:0:1:52095	admin	400	Stopped at /Users/arthur/Library/Application Support/BaseX/Repo/webapp_cm/cm/install/inst.xqm, 39/50: [XPST0003] Incomplete expression.	3.51 ms
20:17:16.618	0:0:0:0:0:0:0:1:52095	admin	REQUEST	[GET] http://localhost:8080/cm/install?message=Missing%20Database.%20Please%20setup%20Database.&text=Setup&link=%2Fcm%2Finstall%2F.setup
20:17:16.628	0:0:0:0:0:0:0:1:52095	admin	400	Stopped at /Users/arthur/Library/Application Support/BaseX/Repo/webapp_cm/cm/install/inst.xqm, 39/87: [XPST0003] Incomplete expression.	9.65 ms
20:17:18.306	0:0:0:0:0:0:0:1:52095	admin	REQUEST	[GET] http://localhost:8080/cm/install?message=Missing%20Database.%20Please%20setup%20Database.&text=Setup&link=%2Fcm%2Finstall%2F.setup
20:17:18.312	0:0:0:0:0:0:0:1:52095	admin	400	Stopped at /Users/arthur/Library/Application Support/BaseX/Repo/webapp_cm/cm/install/inst.xqm, 39/87: [XPST0003] Incomplete expression.	6.21 ms
20:32:05.306	0:0:0:0:0:0:0:1:52588	admin	REQUEST	[GET] http://localhost:8080/cm/install?message=Missing%20Database.%20Please%20setup%20Database.&text=Setup&link=%2Fcm%2Finstall%2F.setup
20:32:05.312	0:0:0:0:0:0:0:1:52588	admin	400	Stopped at /Users/arthur/Library/Application Support/BaseX/Repo/webapp_cm/cm/install/inst.xqm, 39/15: [XPST0003] Expecting closing bracket for function 'tmpl:wrap'.	6.32 ms
20:32:44.156	0:0:0:0:0:0:0:1:52596	admin	REQUEST	[GET] http://localhost:8080/cm/install?message=Missing%20Database.%20Please%20setup%20Database.&text=Setup&link=%2Fcm%2Finstall%2F.setup
20:32:44.162	0:0:0:0:0:0:0:1:52596	admin	400	Stopped at /Users/arthur/Library/Application Support/BaseX/Repo/webapp_cm/cm/install/inst.xqm, 39/16: [XPST0003] Expecting ')', found '{'.	5.11 ms
21:47:22.070	0:0:0:0:0:0:0:1:52732	admin	REQUEST	[GET] http://localhost:8080/cm/install?message=Missing%20Database.%20Please%20setup%20Database.&text=Setup&link=%2Fcm%2Finstall%2F.setup
21:47:22.084	0:0:0:0:0:0:0:1:52732	admin	400	Stopped at /Users/arthur/Library/Application Support/BaseX/Repo/webapp_cm/cm/install/inst.xqm, 39/18: [XPST0003] Expecting variable declaration.	14.17 ms
21:47:23.408	0:0:0:0:0:0:0:1:52732	admin	REQUEST	[GET] http://localhost:8080/cm/install?message=Missing%20Database.%20Please%20setup%20Database.&text=Setup&link=%2Fcm%2Finstall%2F.setup
21:47:23.412	0:0:0:0:0:0:0:1:52732	admin	400	Stopped at /Users/arthur/Library/Application Support/BaseX/Repo/webapp_cm/cm/install/inst.xqm, 39/18: [XPST0003] Expecting variable declaration.	4.15 ms
21:50:03.910	0:0:0:0:0:0:0:1:52740	admin	REQUEST	[GET] http://localhost:8080/cm/install?message=Missing%20Database.%20Please%20setup%20Database.&text=Setup&link=%2Fcm%2Finstall%2F.setup
21:50:03.916	0:0:0:0:0:0:0:1:52740	admin	400	Stopped at /Users/arthur/Library/Application Support/BaseX/Repo/webapp_cm/cm/install/inst.xqm, 44/12: [XPST0003] Expecting return value.	5.99 ms
21:53:40.983	0:0:0:0:0:0:0:1:52744	admin	REQUEST	[GET] http://localhost:8080/cm/install?message=Missing%20Database.%20Please%20setup%20Database.&text=Setup&link=%2Fcm%2Finstall%2F.setup
21:53:40.988	0:0:0:0:0:0:0:1:52744	admin	400	Stopped at /Users/arthur/Library/Application Support/BaseX/Repo/webapp_cm/cm/install/inst.xqm, 44/5: [XPST0003] Incomplete FLWOR expression: expecting 'return'.	4.7 ms
21:55:15.191	0:0:0:0:0:0:0:1:52758	admin	REQUEST	[GET] http://localhost:8080/cm/install?message=Missing%20Database.%20Please%20setup%20Database.&text=Setup&link=%2Fcm%2Finstall%2F.setup
21:55:15.198	0:0:0:0:0:0:0:1:52758	admin	400	Stopped at /Users/arthur/Library/Application Support/BaseX/Repo/webapp_cm/cm/install/inst.xqm, 44/12: [XPST0003] Expecting return value.	7.27 ms
21:55:16.157	0:0:0:0:0:0:0:1:52758	admin	REQUEST	[GET] http://localhost:8080/cm/install?message=Missing%20Database.%20Please%20setup%20Database.&text=Setup&link=%2Fcm%2Finstall%2F.setup
21:55:16.161	0:0:0:0:0:0:0:1:52758	admin	400	Stopped at /Users/arthur/Library/Application Support/BaseX/Repo/webapp_cm/cm/install/inst.xqm, 44/12: [XPST0003] Expecting return value.	4.08 ms
22:10:35.742	0:0:0:0:0:0:0:1:53271	admin	REQUEST	[GET] http://localhost:8080/cm/install?message=Missing%20Database.%20Please%20setup%20Database.&text=Setup&link=%2Fcm%2Finstall%2F.setup
22:10:35.753	0:0:0:0:0:0:0:1:53271	admin	400	Stopped at /Users/arthur/Library/Application Support/BaseX/Repo/webapp_cm/cm/install/inst.xqm, 49/3: [XPST0003] Expecting ';', found '<'.	10.63 ms
22:10:37.380	0:0:0:0:0:0:0:1:53271	admin	REQUEST	[GET] http://localhost:8080/cm/install?message=Missing%20Database.%20Please%20setup%20Database.&text=Setup&link=%2Fcm%2Finstall%2F.setup
22:10:37.386	0:0:0:0:0:0:0:1:53271	admin	400	Stopped at /Users/arthur/Library/Application Support/BaseX/Repo/webapp_cm/cm/install/inst.xqm, 49/3: [XPST0003] Expecting ';', found '<'.	5.87 ms
22:11:25.949	0:0:0:0:0:0:0:1:53275	admin	REQUEST	[GET] http://localhost:8080/cm/install?message=Missing%20Database.%20Please%20setup%20Database.&text=Setup&link=%2Fcm%2Finstall%2F.setup
22:11:25.989	SERVER	admin	INFO	Setup Application
22:11:25.992	0:0:0:0:0:0:0:1:53275	admin	200		43.4 ms
22:11:31.390	0:0:0:0:0:0:0:1:53275	admin	REQUEST	[GET] http://localhost:8080/cm/install?message=Missing%20Database.%20Please%20setup%20Database.&text=Setup&link=%2Fcm%2Finstall%2F.setup
22:11:31.413	SERVER	admin	INFO	Setup Application
22:11:31.414	0:0:0:0:0:0:0:1:53275	admin	200		23.31 ms
22:11:40.594	0:0:0:0:0:0:0:1:53283	admin	REQUEST	[GET] http://localhost:8080/
22:11:40.623	0:0:0:0:0:0:0:1:53283	admin	302		33.0 ms
22:11:40.627	0:0:0:0:0:0:0:1:53283	admin	200		0.07 ms
22:11:40.635	0:0:0:0:0:0:0:1:53283	admin	REQUEST	[GET] http://localhost:8080/cm/app/main
22:11:40.698	0:0:0:0:0:0:0:1:53283	admin	302		62.79 ms
22:11:40.698	0:0:0:0:0:0:0:1:53283	admin	200		0.07 ms
22:11:40.728	0:0:0:0:0:0:0:1:53283	admin	REQUEST	[GET] http://localhost:8080/cm/install?message=Missing%20Database.%20Please%20setup%20Database.&text=Setup&link=%2Fcm%2Finstall%2F.setup
22:11:40.752	SERVER	admin	INFO	Setup Application
22:11:40.753	0:0:0:0:0:0:0:1:53283	admin	200		25.24 ms
22:11:40.895	0:0:0:0:0:0:0:1:53275	admin	REQUEST	[GET] http://localhost:8080/
22:11:40.922	0:0:0:0:0:0:0:1:53275	admin	302		27.95 ms
22:11:40.925	0:0:0:0:0:0:0:1:53275	admin	200		2.09 ms
22:11:40.932	0:0:0:0:0:0:0:1:53275	admin	REQUEST	[GET] http://localhost:8080/cm/app/main
22:11:40.998	0:0:0:0:0:0:0:1:53275	admin	302		66.14 ms
22:11:40.998	0:0:0:0:0:0:0:1:53275	admin	200		0.07 ms
22:11:41.006	0:0:0:0:0:0:0:1:53275	admin	REQUEST	[GET] http://localhost:8080/cm/install?message=Missing%20Database.%20Please%20setup%20Database.&text=Setup&link=%2Fcm%2Finstall%2F.setup
22:11:41.028	SERVER	admin	INFO	Setup Application
22:11:41.029	0:0:0:0:0:0:0:1:53275	admin	200		22.65 ms
22:25:24.284	0:0:0:0:0:0:0:1:53495	admin	REQUEST	[GET] http://localhost:8080/cm/install?message=Missing%20Database.%20Please%20setup%20Database.&text=Setup&link=%2Fcm%2Finstall%2F.setup
22:25:24.288	0:0:0:0:0:0:0:1:53495	admin	400	Stopped at /Users/arthur/Library/Application Support/BaseX/Repo/webapp_cm/cm/modules/tmpl.xqm, 20/3: [XPST0051] Unknown type: node.	3.97 ms
22:26:21.903	0:0:0:0:0:0:0:1:53499	admin	REQUEST	[GET] http://localhost:8080/cm/install?message=Missing%20Database.%20Please%20setup%20Database.&text=Setup&link=%2Fcm%2Finstall%2F.setup
22:26:21.944	SERVER	admin	INFO	Setup Application
22:26:21.945	0:0:0:0:0:0:0:1:53499	admin	200		41.51 ms
22:26:23.977	0:0:0:0:0:0:0:1:53499	admin	REQUEST	[GET] http://localhost:8080/cm/install?message=Missing%20Database.%20Please%20setup%20Database.&text=Setup&link=%2Fcm%2Finstall%2F.setup
22:26:24.005	SERVER	admin	INFO	Setup Application
22:26:24.006	0:0:0:0:0:0:0:1:53499	admin	200		29.11 ms
22:30:18.750	0:0:0:0:0:0:0:1:53521	admin	REQUEST	[GET] http://localhost:8080/
22:30:18.781	0:0:0:0:0:0:0:1:53521	admin	302		31.56 ms
22:30:18.781	0:0:0:0:0:0:0:1:53521	admin	200		0.06 ms
22:30:18.790	0:0:0:0:0:0:0:1:53521	admin	REQUEST	[GET] http://localhost:8080/cm/app/main
22:30:18.828	0:0:0:0:0:0:0:1:53521	admin	302		38.27 ms
22:30:18.828	0:0:0:0:0:0:0:1:53521	admin	200		0.11 ms
22:30:18.835	0:0:0:0:0:0:0:1:53521	admin	REQUEST	[GET] http://localhost:8080/cm/install?message=Missing%20Database.%20Please%20setup%20Database.&text=Setup&link=%2Fcm%2Finstall%2F.setup
22:30:18.856	SERVER	admin	INFO	Setup Application
22:30:18.856	0:0:0:0:0:0:0:1:53521	admin	200		20.96 ms
22:30:19.045	0:0:0:0:0:0:0:1:53524	admin	REQUEST	[GET] http://localhost:8080/
22:30:19.097	0:0:0:0:0:0:0:1:53524	admin	302		51.96 ms
22:30:19.097	0:0:0:0:0:0:0:1:53524	admin	200		0.07 ms
22:30:19.108	0:0:0:0:0:0:0:1:53524	admin	REQUEST	[GET] http://localhost:8080/cm/app/main
22:30:19.170	0:0:0:0:0:0:0:1:53524	admin	302		61.85 ms
22:30:19.170	0:0:0:0:0:0:0:1:53524	admin	200		0.07 ms
22:30:19.181	0:0:0:0:0:0:0:1:53524	admin	REQUEST	[GET] http://localhost:8080/cm/install?message=Missing%20Database.%20Please%20setup%20Database.&text=Setup&link=%2Fcm%2Finstall%2F.setup
22:30:19.212	SERVER	admin	INFO	Setup Application
22:30:19.212	0:0:0:0:0:0:0:1:53524	admin	200		30.95 ms
22:30:21.079	0:0:0:0:0:0:0:1:53524	admin	REQUEST	[GET] http://localhost:8080/cm/install/.setup
22:30:21.197	0:0:0:0:0:0:0:1:53524	admin	302		118.43 ms
22:30:21.197	0:0:0:0:0:0:0:1:53524	admin	200		0.06 ms
22:30:21.210	0:0:0:0:0:0:0:1:53524	admin	REQUEST	[GET] http://localhost:8080/cm/install?message=Database%20app-cm%20successfully%20installed&text=Configure&link=%2Fcm%2Finstall%2F.configure
22:30:21.241	SERVER	admin	INFO	Setup Application
22:30:21.241	0:0:0:0:0:0:0:1:53524	admin	200		31.65 ms
22:30:22.541	0:0:0:0:0:0:0:1:53524	admin	REQUEST	[GET] http://localhost:8080/cm/install/.configure
22:30:22.620	SERVER	admin	INFO	Application setup done!
22:30:22.644	0:0:0:0:0:0:0:1:53524	admin	302		103.12 ms
22:30:22.644	0:0:0:0:0:0:0:1:53524	admin	200		0.18 ms
22:30:22.651	0:0:0:0:0:0:0:1:53524	admin	REQUEST	[GET] http://localhost:8080/cm/install?message=Database%20app-cm%20%2F%207c86dc1a-4ac8-4e0a-8617-d8c08b28603e%20sucessfully%20setup&text=Start%20Application&link=%2F
22:30:22.702	SERVER	admin	INFO	Setup Application
22:30:22.703	0:0:0:0:0:0:0:1:53524	admin	200		51.35 ms
22:30:23.719	0:0:0:0:0:0:0:1:53524	admin	REQUEST	[GET] http://localhost:8080/
22:30:23.744	0:0:0:0:0:0:0:1:53524	admin	302		25.1 ms
22:30:23.744	0:0:0:0:0:0:0:1:53524	admin	200		0.06 ms
22:30:23.753	0:0:0:0:0:0:0:1:53524	admin	REQUEST	[GET] http://localhost:8080/cm/app/main
22:30:23.793	0:0:0:0:0:0:0:1:53524	admin	200		40.65 ms
