17:50:55.837	0:0:0:0:0:0:0:1:56600	admin	REQUEST	[GET] http://localhost:8080/
17:50:55.972	0:0:0:0:0:0:0:1:56600	admin	400	Stopped at /Users/arthur/Library/Application Support/BaseX/Repo/webapp_cm/cm/common.xqm, 21/1: [XPST0003] Expecting ';', found 'd'.	136.8 ms
17:51:15.076	0:0:0:0:0:0:0:1:56600	admin	REQUEST	[GET] http://localhost:8080/
17:51:15.312	0:0:0:0:0:0:0:1:56600	admin	302		236.95 ms
17:51:15.312	0:0:0:0:0:0:0:1:56600	admin	200		0.1 ms
17:51:15.346	0:0:0:0:0:0:0:1:56600	admin	REQUEST	[GET] http://localhost:8080/cm/app
17:51:15.458	SERVER	admin	INFO	Missing Database. Start setup procedure.
17:51:15.459	0:0:0:0:0:0:0:1:56600	admin	302		112.89 ms
17:51:15.459	0:0:0:0:0:0:0:1:56600	admin	200		0.08 ms
17:51:15.476	0:0:0:0:0:0:0:1:56600	admin	REQUEST	[GET] http://localhost:8080/cm/install?message=Missing%20Database.%20Please%20setup%20Database.&text=Setup&link=install%2F.setup
17:51:15.506	0:0:0:0:0:0:0:1:56600	admin	200		29.47 ms
17:57:56.674	0:0:0:0:0:0:0:1:56614	admin	REQUEST	[GET] http://localhost:8080/cm/install?message=Missing%20Database.%20Please%20setup%20Database.&text=Setup&link=install%2F.setup
17:57:56.734	0:0:0:0:0:0:0:1:56614	admin	200		60.58 ms
17:57:57.717	0:0:0:0:0:0:0:1:56614	admin	REQUEST	[GET] http://localhost:8080/cm/install?message=Missing%20Database.%20Please%20setup%20Database.&text=Setup&link=install%2F.setup
17:57:57.754	0:0:0:0:0:0:0:1:56614	admin	200		37.54 ms
17:57:58.494	0:0:0:0:0:0:0:1:56614	admin	REQUEST	[GET] http://localhost:8080/cm/install?message=Missing%20Database.%20Please%20setup%20Database.&text=Setup&link=install%2F.setup
17:57:58.534	0:0:0:0:0:0:0:1:56614	admin	200		40.12 ms
17:58:01.699	0:0:0:0:0:0:0:1:56614	admin	REQUEST	[GET] http://localhost:8080/cm/install?message=Missing%20Database.%20Please%20setup%20Database.&text=Setup&link=install%2F.setup
17:58:01.739	0:0:0:0:0:0:0:1:56614	admin	200		40.14 ms
18:06:31.055	0:0:0:0:0:0:0:1:56761	admin	REQUEST	[GET] http://localhost:8080/cm/install?message=Missing%20Database.%20Please%20setup%20Database.&text=Setup&link=install%2F.setup
18:06:31.059	0:0:0:0:0:0:0:1:56761	admin	400	Stopped at /Users/arthur/Library/Application Support/BaseX/Repo/webapp_cm/cm/common.xqm, 10/64: [XQST0059] Could not retrieve module '/Users/arthur/Library/Application Support/BaseX/Repo/webapp_cm/cm/install/init.xqm'.	4.17 ms
18:10:41.590	0:0:0:0:0:0:0:1:56787	admin	REQUEST	[GET] http://localhost:8080/cm/install?message=Missing%20Database.%20Please%20setup%20Database.&text=Setup&link=install%2F.setup
18:10:41.648	0:0:0:0:0:0:0:1:56787	admin	200		57.96 ms
18:10:44.674	0:0:0:0:0:0:0:1:56787	admin	REQUEST	[GET] http://localhost:8080/cm/install?message=Missing%20Database.%20Please%20setup%20Database.&text=Setup&link=install%2F.setup
18:10:44.708	0:0:0:0:0:0:0:1:56787	admin	200		33.62 ms
18:10:45.804	0:0:0:0:0:0:0:1:56787	admin	REQUEST	[GET] http://localhost:8080/cm/install?message=Missing%20Database.%20Please%20setup%20Database.&text=Setup&link=install%2F.setup
18:10:45.857	0:0:0:0:0:0:0:1:56787	admin	200		52.62 ms
18:11:27.524	0:0:0:0:0:0:0:1:56791	admin	REQUEST	[GET] http://localhost:8080/cm/install?message=Missing%20Database.%20Please%20setup%20Database.&text=Setup&link=install%2F.setup
18:11:27.564	0:0:0:0:0:0:0:1:56791	admin	200		40.29 ms
18:11:28.620	0:0:0:0:0:0:0:1:56791	admin	REQUEST	[GET] http://localhost:8080/cm/install?message=Missing%20Database.%20Please%20setup%20Database.&text=Setup&link=install%2F.setup
18:11:28.651	0:0:0:0:0:0:0:1:56791	admin	200		31.14 ms
18:11:28.914	0:0:0:0:0:0:0:1:56791	admin	REQUEST	[GET] http://localhost:8080/cm/install?message=Missing%20Database.%20Please%20setup%20Database.&text=Setup&link=install%2F.setup
18:11:28.942	0:0:0:0:0:0:0:1:56791	admin	200		28.14 ms
18:15:13.910	SERVER	admin	OK	Server was stopped (port: 1984).
18:15:55.984	SERVER	admin	OK	Server was started (port: 1984).
18:16:04.318	0:0:0:0:0:0:0:1:56811	admin	REQUEST	[GET] http://localhost:8080/cm/install?message=Missing%20Database.%20Please%20setup%20Database.&text=Setup&link=install%2F.setup
18:16:06.146	0:0:0:0:0:0:0:1:56811	admin	200		1829.85 ms
18:16:06.797	0:0:0:0:0:0:0:1:56813	admin	REQUEST	[GET] http://localhost:8080/cm/install?message=Missing%20Database.%20Please%20setup%20Database.&text=Setup&link=install%2F.setup
18:16:06.884	0:0:0:0:0:0:0:1:56813	admin	200		87.07 ms
18:16:10.555	0:0:0:0:0:0:0:1:56813	admin	REQUEST	[GET] http://localhost:8080/cm/install?message=Missing%20Database.%20Please%20setup%20Database.&text=Setup&link=install%2F.setup
18:16:10.633	0:0:0:0:0:0:0:1:56813	admin	200		80.73 ms
18:16:11.995	0:0:0:0:0:0:0:1:56813	admin	REQUEST	[GET] http://localhost:8080/cm/install?message=Missing%20Database.%20Please%20setup%20Database.&text=Setup&link=install%2F.setup
18:16:12.070	0:0:0:0:0:0:0:1:56813	admin	200		76.01 ms
18:16:13.038	0:0:0:0:0:0:0:1:56813	admin	REQUEST	[GET] http://localhost:8080/cm/install?message=Missing%20Database.%20Please%20setup%20Database.&text=Setup&link=install%2F.setup
18:16:13.115	0:0:0:0:0:0:0:1:56813	admin	200		76.52 ms
18:16:37.323	0:0:0:0:0:0:0:1:56813	admin	REQUEST	[GET] http://localhost:8080/cm/install?message=Missing%20Database.%20Please%20setup%20Database.&text=Setup&link=install%2F.setup
18:16:37.400	0:0:0:0:0:0:0:1:56813	admin	200		76.83 ms
18:19:30.342	0:0:0:0:0:0:0:1:56821	admin	REQUEST	[GET] http://localhost:8080/cm/install?message=Missing%20Database.%20Please%20setup%20Database.&text=Setup&link=install%2F.setup
18:19:30.409	0:0:0:0:0:0:0:1:56821	admin	200		66.94 ms
18:19:31.429	0:0:0:0:0:0:0:1:56821	admin	REQUEST	[GET] http://localhost:8080/cm/install?message=Missing%20Database.%20Please%20setup%20Database.&text=Setup&link=install%2F.setup
18:19:31.498	0:0:0:0:0:0:0:1:56821	admin	200		69.07 ms
18:19:32.333	0:0:0:0:0:0:0:1:56821	admin	REQUEST	[GET] http://localhost:8080/cm/install?message=Missing%20Database.%20Please%20setup%20Database.&text=Setup&link=install%2F.setup
18:19:32.393	0:0:0:0:0:0:0:1:56821	admin	200		59.75 ms
18:19:33.184	0:0:0:0:0:0:0:1:56821	admin	REQUEST	[GET] http://localhost:8080/cm/install?message=Missing%20Database.%20Please%20setup%20Database.&text=Setup&link=install%2F.setup
18:19:33.238	0:0:0:0:0:0:0:1:56821	admin	200		54.71 ms
18:19:34.172	0:0:0:0:0:0:0:1:56821	admin	REQUEST	[GET] http://localhost:8080/cm/install?message=Missing%20Database.%20Please%20setup%20Database.&text=Setup&link=install%2F.setup
18:19:34.268	0:0:0:0:0:0:0:1:56821	admin	200		95.79 ms
18:20:24.667	0:0:0:0:0:0:0:1:56825	admin	REQUEST	[GET] http://localhost:8080/
18:20:24.702	0:0:0:0:0:0:0:1:56825	admin	302		34.91 ms
18:20:24.702	0:0:0:0:0:0:0:1:56825	admin	200		0.17 ms
18:20:24.717	0:0:0:0:0:0:0:1:56825	admin	REQUEST	[GET] http://localhost:8080/cm/app
18:20:24.805	0:0:0:0:0:0:0:1:56827	admin	REQUEST	[GET] http://localhost:8080/
18:20:24.857	SERVER	admin	INFO	Missing Database. Start setup procedure.
18:20:24.862	0:0:0:0:0:0:0:1:56825	admin	302		145.2 ms
18:20:24.862	0:0:0:0:0:0:0:1:56825	admin	200		0.12 ms
18:20:24.866	0:0:0:0:0:0:0:1:56827	admin	302		60.67 ms
18:20:24.866	0:0:0:0:0:0:0:1:56827	admin	200		0.14 ms
18:20:24.879	0:0:0:0:0:0:0:1:56827	admin	REQUEST	[GET] http://localhost:8080/cm/app
18:20:24.967	SERVER	admin	INFO	Missing Database. Start setup procedure.
18:20:24.968	0:0:0:0:0:0:0:1:56827	admin	302		88.65 ms
18:20:24.968	0:0:0:0:0:0:0:1:56827	admin	200		0.1 ms
18:20:24.977	0:0:0:0:0:0:0:1:56827	admin	REQUEST	[GET] http://localhost:8080/cm/install?task=setup&message=Missing%20Database.%20Please%20setup%20Database.&text=Start%20Database%20setup&link=install%2F.setup
18:20:25.017	0:0:0:0:0:0:0:1:56827	admin	200		41.35 ms
18:21:09.373	0:0:0:0:0:0:0:1:56831	admin	REQUEST	[GET] http://localhost:8080/
18:21:09.448	0:0:0:0:0:0:0:1:56831	admin	302		75.37 ms
18:21:09.448	0:0:0:0:0:0:0:1:56831	admin	200		0.13 ms
18:21:09.455	0:0:0:0:0:0:0:1:56831	admin	REQUEST	[GET] http://localhost:8080/cm/app
18:21:09.545	SERVER	admin	INFO	Missing Database. Start setup procedure.
18:21:09.545	0:0:0:0:0:0:0:1:56831	admin	302		90.02 ms
18:21:09.545	0:0:0:0:0:0:0:1:56831	admin	200		0.11 ms
18:21:09.553	0:0:0:0:0:0:0:1:56831	admin	REQUEST	[GET] http://localhost:8080/cm/install?task=setup&message=Missing%20database.%20Please%20setup%20database.&text=Start%20database%20setup&link=install%2F.setup
18:21:09.586	0:0:0:0:0:0:0:1:56831	admin	200		33.24 ms
18:28:31.194	0:0:0:0:0:0:0:1:56841	admin	REQUEST	[GET] http://localhost:8080/
18:28:31.284	0:0:0:0:0:0:0:1:56841	admin	302		90.25 ms
18:28:31.285	0:0:0:0:0:0:0:1:56841	admin	200		1.31 ms
18:28:31.301	0:0:0:0:0:0:0:1:56841	admin	REQUEST	[GET] http://localhost:8080/cm/app
18:28:31.384	SERVER	admin	INFO	Missing database. Start database setup procedure.
18:28:31.385	0:0:0:0:0:0:0:1:56841	admin	302		84.11 ms
18:28:31.385	0:0:0:0:0:0:0:1:56841	admin	200		0.1 ms
18:28:31.393	0:0:0:0:0:0:0:1:56841	admin	REQUEST	[GET] http://localhost:8080/cm/install?task=setup&message=Missing%20database.%20Please%20setup%20database.&text=Start%20database%20setup&link=install%2F.setup
18:28:31.437	0:0:0:0:0:0:0:1:56841	admin	200		44.07 ms
18:30:27.597	0:0:0:0:0:0:0:1:56845	admin	REQUEST	[GET] http://localhost:8080/
18:30:27.616	0:0:0:0:0:0:0:1:56845	admin	400	Stopped at /Users/arthur/Library/Application Support/BaseX/Repo/webapp_cm/cm/common.xqm, 33/12: [bxerr:BASX0003] No namespace declared for 'conf:setup'.	19.22 ms
18:31:14.260	0:0:0:0:0:0:0:1:56849	admin	REQUEST	[GET] http://localhost:8080/
18:31:14.326	0:0:0:0:0:0:0:1:56849	admin	302		65.69 ms
18:31:14.326	0:0:0:0:0:0:0:1:56849	admin	200		0.11 ms
18:31:14.334	0:0:0:0:0:0:0:1:56849	admin	REQUEST	[GET] http://localhost:8080/cm/app
18:31:14.409	SERVER	admin	INFO	Missing database. Start database setup procedure.
18:31:14.410	0:0:0:0:0:0:0:1:56849	admin	302		76.23 ms
18:31:14.410	0:0:0:0:0:0:0:1:56849	admin	200		0.1 ms
18:31:14.417	0:0:0:0:0:0:0:1:56849	admin	REQUEST	[GET] http://localhost:8080/cm/install?task=setup&message=Missing%20database.%20Please%20setup%20database.&text=Start%20database%20setup&link=install%2F.setup
18:31:14.443	0:0:0:0:0:0:0:1:56849	admin	200		26.15 ms
18:31:20.447	0:0:0:0:0:0:0:1:56849	admin	REQUEST	[GET] http://localhost:8080/
18:31:20.481	0:0:0:0:0:0:0:1:56849	admin	302		33.96 ms
18:31:20.481	0:0:0:0:0:0:0:1:56849	admin	200		0.11 ms
18:31:20.498	0:0:0:0:0:0:0:1:56849	admin	REQUEST	[GET] http://localhost:8080/cm/app
18:31:20.564	SERVER	admin	INFO	Missing database. Start database setup procedure.
18:31:20.564	0:0:0:0:0:0:0:1:56849	admin	302		66.33 ms
18:31:20.564	0:0:0:0:0:0:0:1:56849	admin	200		0.09 ms
18:31:20.581	0:0:0:0:0:0:0:1:56849	admin	REQUEST	[GET] http://localhost:8080/cm/install?task=setup&message=Missing%20database.%20Please%20setup%20database.&text=Start%20database%20setup&link=install%2F.setup
18:31:20.608	0:0:0:0:0:0:0:1:56849	admin	200		27.31 ms
20:08:36.536	0:0:0:0:0:0:0:1:57091	admin	REQUEST	[GET] http://localhost:8080/
20:08:36.552	0:0:0:0:0:0:0:1:57091	admin	400	Stopped at /Users/arthur/Library/Application Support/BaseX/Repo/webapp_cm/cm/modules/lang.xqm, 19/10: [XPST0003] Expecting '}', found '''.	16.9 ms
