17:15:36.716	0:0:0:0:0:0:0:1:53934	admin	REQUEST	[GET] http://localhost:8080/
17:15:37.317	0:0:0:0:0:0:0:1:53934	admin	400	Stopped at /Users/arthur/Downloads/Projects/WEB/servlet-test/root-base/work/cm/webapp/cm.xqm, 17/12: [XPTY0004] Cannot promote element() to element(html): element head {...}.	614.48 ms
17:15:37.318	0:0:0:0:0:0:0:1:53934	admin	500	Committed	0.76 ms
17:28:14.755	SERVER	admin	ERROR	Server is running or permission was denied.
17:28:19.022	SERVER	admin	OK	Server was stopped (port: 1984).
17:29:00.563	SERVER	admin	OK	Server was started (port: 1984).
17:29:19.018	0:0:0:0:0:0:0:1:54520	admin	REQUEST	[GET] http://localhost:8080/
17:29:19.734	0:0:0:0:0:0:0:1:54520	admin	400	Stopped at /Users/arthur/Downloads/Projects/WEB/servlet-test/root-base/work/cm/webapp/cm.xqm, 17/12: [XPTY0004] Cannot promote element() to element(html): element html {...}.	720.65 ms
17:29:35.245	0:0:0:0:0:0:0:1:54520	admin	REQUEST	[GET] http://localhost:8080/
17:29:35.401	0:0:0:0:0:0:0:1:54520	admin	400	Stopped at /Users/arthur/Downloads/Projects/WEB/servlet-test/root-base/work/cm/webapp/cm.xqm, 17/12: [XPTY0004] Cannot promote element() to element(html): element html {...}.	156.53 ms
17:29:52.899	0:0:0:0:0:0:0:1:54530	admin	REQUEST	[GET] http://localhost:8080/
17:29:52.989	0:0:0:0:0:0:0:1:54530	admin	400	Stopped at /Users/arthur/Downloads/Projects/WEB/servlet-test/root-base/work/cm/webapp/cm.xqm, 17/12: [XPTY0004] Cannot promote element() to element(html): element html {...}.	90.35 ms
17:29:55.844	0:0:0:0:0:0:0:1:54530	admin	REQUEST	[GET] http://localhost:8080/
17:29:55.920	0:0:0:0:0:0:0:1:54530	admin	400	Stopped at /Users/arthur/Downloads/Projects/WEB/servlet-test/root-base/work/cm/webapp/cm.xqm, 17/12: [XPTY0004] Cannot promote element() to element(html): element html {...}.	76.34 ms
17:29:57.705	0:0:0:0:0:0:0:1:54520	admin	REQUEST	[GET] http://localhost:8080/file
17:29:57.781	0:0:0:0:0:0:0:1:54520	admin	200		76.3 ms
17:31:08.312	SERVER	admin	OK	Server was stopped (port: 1984).
17:31:37.369	SERVER	admin	OK	Server was started (port: 1984).
17:32:12.638	0:0:0:0:0:0:0:1:54549	admin	REQUEST	[GET] http://localhost:8080/file
17:32:13.309	0:0:0:0:0:0:0:1:54549	admin	200		674.54 ms
17:44:39.592	0:0:0:0:0:0:0:1:54695	admin	REQUEST	[GET] http://localhost:8080/file
17:44:39.639	0:0:0:0:0:0:0:1:54695	admin	200		46.82 ms
17:44:40.291	0:0:0:0:0:0:0:1:54703	admin	REQUEST	[GET] http://localhost:8080/
17:44:40.625	0:0:0:0:0:0:0:1:54703	admin	400	Stopped at /Users/arthur/Downloads/Projects/WEB/servlet-test/root-base/work/cm/webapp/cm.xqm, 17/12: [XPTY0004] Cannot promote element() to element(html): element html {...}.	334.44 ms
17:47:53.827	SERVER	admin	ERROR	Server is running or permission was denied.
17:48:43.281	SERVER	admin	OK	Server was stopped (port: 1984).
17:48:53.428	SERVER	admin	OK	Server was started (port: 1984).
17:49:19.973	0:0:0:0:0:0:0:1:54760	admin	REQUEST	[GET] http://localhost:8080/.init
17:49:19.976	0:0:0:0:0:0:0:1:54760	admin	200		5.65 ms
17:49:24.769	0:0:0:0:0:0:0:1:54760	admin	REQUEST	[GET] http://localhost:8080/
17:49:27.534	0:0:0:0:0:0:0:1:54760	admin	400	Stopped at /Users/arthur/Downloads/Projects/WEB/servlet-test/root-base/work/cm/webapp/cm.xqm, 17/12: [XPTY0004] Cannot promote element() to element(html): element head {...}.	2765.71 ms
17:50:29.599	0:0:0:0:0:0:0:1:54785	admin	REQUEST	[GET] http://localhost:8080/
17:50:29.722	0:0:0:0:0:0:0:1:54785	admin	400	Stopped at /Users/arthur/Downloads/Projects/WEB/servlet-test/root-base/work/cm/webapp/cm.xqm, 17/12: [XPTY0004] Cannot promote element() to element(html): element head {...}.	123.72 ms
17:51:57.705	SERVER	admin	ERROR	Server is running or permission was denied.
17:52:49.260	SERVER	admin	OK	Server was stopped (port: 1984).
17:52:59.537	SERVER	admin	OK	Server was started (port: 1984).
17:53:37.166	0:0:0:0:0:0:0:1:54809	admin	REQUEST	[GET] http://localhost:8080/.init
17:53:37.168	0:0:0:0:0:0:0:1:54809	admin	200		4.6 ms
17:53:42.030	0:0:0:0:0:0:0:1:54833	admin	REQUEST	[GET] http://localhost:8080/.init
17:53:42.030	0:0:0:0:0:0:0:1:54833	admin	200		0.34 ms
17:53:42.328	0:0:0:0:0:0:0:1:54809	admin	REQUEST	[GET] http://localhost:8080/
17:53:43.266	0:0:0:0:0:0:0:1:54809	admin	400	Stopped at /Users/arthur/Downloads/Projects/WEB/servlet-test/root-base/work/cm/webapp/cm.xqm, 17/12: [XPTY0004] Cannot promote element() to element(html): element head {...}.	937.92 ms
17:53:43.267	0:0:0:0:0:0:0:1:54809	admin	500	Committed	1.92 ms
17:54:00.804	0:0:0:0:0:0:0:1:54833	admin	REQUEST	[GET] http://localhost:8080/file
17:54:00.860	0:0:0:0:0:0:0:1:54833	admin	200		56.87 ms
