20:40:32.833	SERVER	admin	OK	Server was started (port: 1984).
20:40:49.515	0:0:0:0:0:0:0:1:49298	admin	REQUEST	[GET] http://localhost:8080/
20:40:52.709	0:0:0:0:0:0:0:1:49328	admin	REQUEST	[GET] http://localhost:8080/cm/app
20:40:52.950	0:0:0:0:0:0:0:1:49298	admin	302		3445.6 ms
20:40:52.950	0:0:0:0:0:0:0:1:49298	admin	200		0.31 ms
20:40:53.012	0:0:0:0:0:0:0:1:49328	admin	200		303.59 ms
20:40:53.025	0:0:0:0:0:0:0:1:49298	admin	REQUEST	[GET] http://localhost:8080/cm/app
20:40:53.463	0:0:0:0:0:0:0:1:49328	admin	REQUEST	[GET] http://localhost:8080/css?style=default
20:40:53.798	0:0:0:0:0:0:0:1:49298	admin	200		772.97 ms
20:40:53.835	0:0:0:0:0:0:0:1:49328	admin	200		371.55 ms
20:40:54.417	0:0:0:0:0:0:0:1:49298	admin	REQUEST	[GET] http://localhost:8080/favicon.ico
20:40:54.532	0:0:0:0:0:0:0:1:49298	admin	404	No function found that matches the request.	165.53 ms
20:40:54.582	0:0:0:0:0:0:0:1:49333	admin	REQUEST	[GET] http://localhost:8080/favicon.ico
20:40:54.686	0:0:0:0:0:0:0:1:49333	admin	404	No function found that matches the request.	151.19 ms
20:40:55.036	0:0:0:0:0:0:0:1:49340	admin	REQUEST	[GET] http://localhost:8080/apple-touch-icon-precomposed.png
20:40:55.167	0:0:0:0:0:0:0:1:49340	admin	404	No function found that matches the request.	131.46 ms
20:40:55.172	0:0:0:0:0:0:0:1:49340	admin	REQUEST	[GET] http://localhost:8080/apple-touch-icon.png
20:40:55.247	0:0:0:0:0:0:0:1:49340	admin	404	No function found that matches the request.	77.72 ms
20:41:05.408	0:0:0:0:0:0:0:1:49298	admin	REQUEST	[GET] http://localhost:8080/dba/databases
20:41:05.714	0:0:0:0:0:0:0:1:49298	admin	302		306.54 ms
20:41:05.715	0:0:0:0:0:0:0:1:49298	admin	200		0.15 ms
20:41:05.728	0:0:0:0:0:0:0:1:49298	admin	REQUEST	[GET] http://localhost:8080/dba/login
20:41:05.801	0:0:0:0:0:0:0:1:49298	admin	200		73.09 ms
20:41:05.934	0:0:0:0:0:0:0:1:49298	admin	REQUEST	[GET] http://localhost:8080/dba/static/style.css
20:41:05.966	0:0:0:0:0:0:0:1:49333	admin	REQUEST	[GET] http://localhost:8080/dba/static/js.js
20:41:06.042	0:0:0:0:0:0:0:1:49429	admin	REQUEST	[GET] http://localhost:8080/dba
20:41:06.089	0:0:0:0:0:0:0:1:49298	admin	200		154.6 ms
20:41:06.141	0:0:0:0:0:0:0:1:49333	admin	200		174.87 ms
20:41:06.160	0:0:0:0:0:0:0:1:49429	admin	302		117.6 ms
20:41:06.160	0:0:0:0:0:0:0:1:49429	admin	200		0.13 ms
20:41:06.166	0:0:0:0:0:0:0:1:49429	admin	REQUEST	[GET] http://localhost:8080/dba/databases
20:41:06.349	0:0:0:0:0:0:0:1:49429	admin	302		183.04 ms
20:41:06.349	0:0:0:0:0:0:0:1:49429	admin	200		0.14 ms
20:41:06.358	0:0:0:0:0:0:0:1:49429	admin	REQUEST	[GET] http://localhost:8080/dba/login
20:41:06.459	0:0:0:0:0:0:0:1:49429	admin	200		100.76 ms
20:41:06.513	0:0:0:0:0:0:0:1:49429	admin	REQUEST	[GET] http://localhost:8080/dba/static/style.css
20:41:06.521	0:0:0:0:0:0:0:1:49430	admin	REQUEST	[GET] http://localhost:8080/dba/static/js.js
20:41:06.572	0:0:0:0:0:0:0:1:49328	admin	REQUEST	[GET] http://localhost:8080/dba
20:41:06.653	0:0:0:0:0:0:0:1:49429	admin	200		143.56 ms
20:41:06.720	0:0:0:0:0:0:0:1:49430	admin	200		199.1 ms
20:41:06.732	0:0:0:0:0:0:0:1:49429	admin	REQUEST	[GET] http://localhost:8080/dba/static/basex.svg
20:41:06.781	0:0:0:0:0:0:0:1:49328	admin	302		209.33 ms
20:41:06.782	0:0:0:0:0:0:0:1:49328	admin	200		0.14 ms
20:41:06.792	0:0:0:0:0:0:0:1:49328	admin	REQUEST	[GET] http://localhost:8080/dba/databases
20:41:06.893	0:0:0:0:0:0:0:1:49429	admin	200		162.03 ms
20:41:07.467	0:0:0:0:0:0:0:1:49328	admin	302		674.53 ms
20:41:07.467	0:0:0:0:0:0:0:1:49328	admin	200		0.13 ms
20:41:07.473	0:0:0:0:0:0:0:1:49328	admin	REQUEST	[GET] http://localhost:8080/dba/login
20:41:07.554	0:0:0:0:0:0:0:1:49328	admin	200		81.11 ms
20:41:12.922	0:0:0:0:0:0:0:1:49328	admin	REQUEST	[POST] http://localhost:8080/dba/login-check
20:41:13.070	SERVER	admin	INFO	User was logged in: admin
20:41:13.074	0:0:0:0:0:0:0:1:49328	admin	302		152.39 ms
20:41:13.074	0:0:0:0:0:0:0:1:49328	admin	200		0.17 ms
20:41:13.083	0:0:0:0:0:0:0:1:49328	admin	REQUEST	[GET] http://localhost:8080/dba/databases
20:41:13.496	0:0:0:0:0:0:0:1:49328	admin	200		412.6 ms
20:43:38.699	SERVER	admin	OK	Server was stopped (port: 1984).
