14:23:18.036	SERVER	admin	OK	Server was started (port: 1984).
14:23:31.964	0:0:0:0:0:0:0:1:51065	admin	REQUEST	[GET] http://localhost:8080/favicon.ico
14:23:31.987	0:0:0:0:0:0:0:1:51066	admin	REQUEST	[GET] http://localhost:8080/apple-touch-icon-precomposed.png
14:23:34.032	0:0:0:0:0:0:0:1:51065	admin	404	No function found that matches the request.	2073.58 ms
14:23:34.066	0:0:0:0:0:0:0:1:51066	admin	404	No function found that matches the request.	2078.85 ms
14:23:34.073	0:0:0:0:0:0:0:1:51066	admin	REQUEST	[GET] http://localhost:8080/apple-touch-icon.png
14:23:34.108	0:0:0:0:0:0:0:1:51066	admin	404	No function found that matches the request.	34.89 ms
14:51:28.785	SERVER	admin	OK	Server was stopped (port: 1984).
14:55:58.398	SERVER	admin	OK	Server was started (port: 1984).
15:22:05.125	SERVER	admin	OK	Server was stopped (port: 1984).
15:22:14.160	SERVER	admin	OK	Server was started (port: 1984).
15:22:41.220	0:0:0:0:0:0:0:1:51764	admin	REQUEST	[GET] http://localhost:8080/cm/app
15:22:42.780	0:0:0:0:0:0:0:1:51764	admin	400	Stopped at /Users/arthur/Library/Application Support/BaseX/Repo/webapp_cm/dba/databases/resources/download.xqm, 54/4: [bxerr:BASX0003] Unknown serialization parameter "method".	1563.28 ms
15:22:56.112	0:0:0:0:0:0:0:1:51764	admin	REQUEST	[GET] http://localhost:8080/cm/app
15:22:56.717	0:0:0:0:0:0:0:1:51764	admin	400	Stopped at /Users/arthur/Library/Application Support/BaseX/Repo/webapp_cm/dba/databases/resources/download.xqm, 54/4: [bxerr:BASX0003] Unknown serialization parameter "method".	604.86 ms
15:22:59.009	0:0:0:0:0:0:0:1:51764	admin	REQUEST	[GET] http://localhost:8080/cm/app
15:22:59.492	0:0:0:0:0:0:0:1:51764	admin	400	Stopped at /Users/arthur/Library/Application Support/BaseX/Repo/webapp_cm/dba/databases/resources/download.xqm, 54/4: [bxerr:BASX0003] Unknown serialization parameter "method".	483.12 ms
15:23:14.114	0:0:0:0:0:0:0:1:51764	admin	REQUEST	[GET] http://localhost:8080/cm/
15:23:14.265	0:0:0:0:0:0:0:1:51769	admin	REQUEST	[GET] http://localhost:8080/cm/app
15:23:14.684	0:0:0:0:0:0:0:1:51764	admin	400	Stopped at /Users/arthur/Library/Application Support/BaseX/Repo/webapp_cm/dba/databases/resources/download.xqm, 54/4: [bxerr:BASX0003] Unknown serialization parameter "method".	569.93 ms
15:23:15.232	0:0:0:0:0:0:0:1:51769	admin	400	Stopped at /Users/arthur/Library/Application Support/BaseX/Repo/webapp_cm/dba/databases/resources/download.xqm, 54/4: [bxerr:BASX0003] Unknown serialization parameter "method".	967.16 ms
15:23:18.844	0:0:0:0:0:0:0:1:51764	admin	REQUEST	[GET] http://localhost:8080/cm
15:23:19.088	0:0:0:0:0:0:0:1:51769	admin	REQUEST	[GET] http://localhost:8080/cm/
15:23:19.330	0:0:0:0:0:0:0:1:51764	admin	400	Stopped at /Users/arthur/Library/Application Support/BaseX/Repo/webapp_cm/dba/databases/resources/download.xqm, 54/4: [bxerr:BASX0003] Unknown serialization parameter "method".	485.78 ms
15:23:19.870	0:0:0:0:0:0:0:1:51769	admin	400	Stopped at /Users/arthur/Library/Application Support/BaseX/Repo/webapp_cm/dba/databases/resources/download.xqm, 54/4: [bxerr:BASX0003] Unknown serialization parameter "method".	781.88 ms
15:23:22.546	0:0:0:0:0:0:0:1:51764	admin	REQUEST	[GET] http://localhost:8080/
15:23:23.137	0:0:0:0:0:0:0:1:51769	admin	REQUEST	[GET] http://localhost:8080/
15:23:23.250	0:0:0:0:0:0:0:1:51764	admin	400	Stopped at /Users/arthur/Library/Application Support/BaseX/Repo/webapp_cm/dba/databases/resources/download.xqm, 54/4: [bxerr:BASX0003] Unknown serialization parameter "method".	704.47 ms
15:23:23.837	0:0:0:0:0:0:0:1:51769	admin	400	Stopped at /Users/arthur/Library/Application Support/BaseX/Repo/webapp_cm/dba/databases/resources/download.xqm, 54/4: [bxerr:BASX0003] Unknown serialization parameter "method".	699.78 ms
15:23:58.428	0:0:0:0:0:0:0:1:51788	admin	REQUEST	[GET] http://localhost:8080/
15:23:58.587	0:0:0:0:0:0:0:1:51788	admin	302		159.51 ms
15:23:58.587	0:0:0:0:0:0:0:1:51788	admin	200		0.3 ms
15:23:58.596	0:0:0:0:0:0:0:1:51788	admin	REQUEST	[GET] http://localhost:8080/cm/app
15:23:58.724	0:0:0:0:0:0:0:1:51788	admin	200		128.85 ms
15:23:58.846	0:0:0:0:0:0:0:1:51788	admin	REQUEST	[GET] http://localhost:8080/css?style=default
15:23:58.874	0:0:0:0:0:0:0:1:51788	admin	200		28.25 ms
15:24:17.051	0:0:0:0:0:0:0:1:51788	admin	REQUEST	[GET] http://localhost:8080/cm/app
15:24:17.778	0:0:0:0:0:0:0:1:51788	admin	200		727.34 ms
15:24:22.966	0:0:0:0:0:0:0:1:51792	admin	REQUEST	[GET] http://localhost:8080/
15:24:23.020	0:0:0:0:0:0:0:1:51792	admin	302		54.58 ms
15:24:23.020	0:0:0:0:0:0:0:1:51792	admin	200		0.14 ms
15:24:23.041	0:0:0:0:0:0:0:1:51792	admin	REQUEST	[GET] http://localhost:8080/cm/app
15:24:23.105	0:0:0:0:0:0:0:1:51792	admin	200		64.5 ms
15:24:23.755	0:0:0:0:0:0:0:1:51792	admin	REQUEST	[GET] http://localhost:8080/dba/login
15:24:23.851	0:0:0:0:0:0:0:1:51792	admin	200		96.62 ms
15:24:23.917	0:0:0:0:0:0:0:1:51792	admin	REQUEST	[GET] http://localhost:8080/dba/static/style.css
15:24:23.967	0:0:0:0:0:0:0:1:51792	admin	200		49.66 ms
15:24:23.980	0:0:0:0:0:0:0:1:51792	admin	REQUEST	[GET] http://localhost:8080/dba/static/js.js
15:24:24.036	0:0:0:0:0:0:0:1:51792	admin	200		55.55 ms
15:24:24.042	0:0:0:0:0:0:0:1:51792	admin	REQUEST	[GET] http://localhost:8080/dba/static/basex.svg
15:24:24.092	0:0:0:0:0:0:0:1:51792	admin	200		49.8 ms
15:24:24.124	0:0:0:0:0:0:0:1:51788	admin	REQUEST	[GET] http://localhost:8080/dba/login
15:24:24.229	0:0:0:0:0:0:0:1:51788	admin	200		105.45 ms
15:24:29.214	0:0:0:0:0:0:0:1:51788	admin	REQUEST	[POST] http://localhost:8080/dba/login-check
15:24:29.345	SERVER	admin	INFO	DBA user was logged in: admin
15:24:29.345	0:0:0:0:0:0:0:1:51788	admin	302		130.64 ms
15:24:29.345	0:0:0:0:0:0:0:1:51788	admin	200		0.11 ms
15:24:29.354	0:0:0:0:0:0:0:1:51788	admin	REQUEST	[GET] http://localhost:8080/dba/databases
15:24:29.687	0:0:0:0:0:0:0:1:51788	admin	200		339.39 ms
15:24:34.705	0:0:0:0:0:0:0:1:51788	admin	REQUEST	[GET] http://localhost:8080/dba/database?name=0589a896-fc52-46f9-b682-730a62c05e4a
15:24:34.920	0:0:0:0:0:0:0:1:51788	admin	200		215.62 ms
15:24:35.118	0:0:0:0:0:0:0:1:51788	admin	REQUEST	[GET] http://localhost:8080/dba/static/codemirror/lib/codemirror.css
15:24:35.183	0:0:0:0:0:0:0:1:51788	admin	200		65.27 ms
15:24:35.203	0:0:0:0:0:0:0:1:51794	admin	REQUEST	[GET] http://localhost:8080/dba/static/codemirror/lib/codemirror.js
15:24:35.204	0:0:0:0:0:0:0:1:51795	admin	REQUEST	[GET] http://localhost:8080/dba/static/codemirror/mode/xml/xml.js
15:24:35.334	0:0:0:0:0:0:0:1:51795	admin	200		130.38 ms
15:24:35.372	0:0:0:0:0:0:0:1:51794	admin	200		169.69 ms
15:24:37.123	0:0:0:0:0:0:0:1:51788	admin	REQUEST	[GET] http://localhost:8080/dba/database?name=0589a896-fc52-46f9-b682-730a62c05e4a&resource=var%2Fstorage%2F0589a896-fc52-46f9-b682-730a62c05e4a.xml
15:24:37.263	0:0:0:0:0:0:0:1:51788	admin	200		140.58 ms
15:24:37.551	0:0:0:0:0:0:0:1:51788	admin	REQUEST	[POST] http://localhost:8080/dba/query-resource?name=0589a896-fc52-46f9-b682-730a62c05e4a&resource=var%2Fstorage%2F0589a896-fc52-46f9-b682-730a62c05e4a.xml&sort=&loglist=
15:24:38.246	0:0:0:0:0:0:0:1:51788	admin	200		694.63 ms
15:24:40.388	0:0:0:0:0:0:0:1:51788	admin	REQUEST	[GET] http://localhost:8080/dba/databases
15:24:40.542	0:0:0:0:0:0:0:1:51788	admin	200		154.21 ms
15:24:41.987	0:0:0:0:0:0:0:1:51788	admin	REQUEST	[GET] http://localhost:8080/dba/database?name=app-cm
15:24:42.131	0:0:0:0:0:0:0:1:51788	admin	200		143.57 ms
15:24:46.647	0:0:0:0:0:0:0:1:51788	admin	REQUEST	[GET] http://localhost:8080/dba/database?name=app-cm&resource=bin%2Fapp.xml
15:24:46.757	0:0:0:0:0:0:0:1:51788	admin	200		110.79 ms
15:24:46.939	0:0:0:0:0:0:0:1:51788	admin	REQUEST	[POST] http://localhost:8080/dba/query-resource?name=app-cm&resource=bin%2Fapp.xml&sort=&loglist=
15:24:47.410	0:0:0:0:0:0:0:1:51788	admin	200		471.42 ms
15:24:49.248	0:0:0:0:0:0:0:1:51788	admin	REQUEST	[GET] http://localhost:8080/dba/database?name=app-cm&resource=etc%2Fconf%2Fapp%2F9204fadd-faa3-4701-815a-4086ebd4f4bd.xml
15:24:49.373	0:0:0:0:0:0:0:1:51788	admin	200		125.19 ms
15:24:49.527	0:0:0:0:0:0:0:1:51788	admin	REQUEST	[POST] http://localhost:8080/dba/query-resource?name=app-cm&resource=etc%2Fconf%2Fapp%2F9204fadd-faa3-4701-815a-4086ebd4f4bd.xml&sort=&loglist=
15:24:49.933	0:0:0:0:0:0:0:1:51788	admin	200		406.36 ms
15:24:52.070	0:0:0:0:0:0:0:1:51788	admin	REQUEST	[GET] http://localhost:8080/dba/database?name=app-cm&resource=etc%2Fconf%2Ftemplate%2Fc4857b4a-33ae-4c81-bb75-d4148cbed797.xml
15:24:52.198	0:0:0:0:0:0:0:1:51788	admin	200		127.77 ms
15:24:52.369	0:0:0:0:0:0:0:1:51788	admin	REQUEST	[POST] http://localhost:8080/dba/query-resource?name=app-cm&resource=etc%2Fconf%2Ftemplate%2Fc4857b4a-33ae-4c81-bb75-d4148cbed797.xml&sort=&loglist=
15:24:52.726	0:0:0:0:0:0:0:1:51788	admin	200		357.29 ms
15:24:54.503	0:0:0:0:0:0:0:1:51788	admin	REQUEST	[GET] http://localhost:8080/dba/database?name=app-cm&resource=etc%2Finit%2Fjob.xml
15:24:54.648	0:0:0:0:0:0:0:1:51788	admin	200		145.57 ms
15:24:54.831	0:0:0:0:0:0:0:1:51788	admin	REQUEST	[POST] http://localhost:8080/dba/query-resource?name=app-cm&resource=etc%2Finit%2Fjob.xml&sort=&loglist=
15:24:55.294	0:0:0:0:0:0:0:1:51788	admin	200		462.96 ms
18:19:25.402	0:0:0:0:0:0:0:1:52280	admin	REQUEST	[GET] http://localhost:8080/dba/queries
18:19:25.842	0:0:0:0:0:0:0:1:52280	admin	302		451.08 ms
18:19:25.843	0:0:0:0:0:0:0:1:52280	admin	200		0.65 ms
18:19:25.859	0:0:0:0:0:0:0:1:52280	admin	REQUEST	[GET] http://localhost:8080/dba/login
18:19:25.955	0:0:0:0:0:0:0:1:52280	admin	200		96.18 ms
18:19:26.488	0:0:0:0:0:0:0:1:52280	admin	REQUEST	[GET] http://localhost:8080/dba/static/style.css
18:19:26.569	0:0:0:0:0:0:0:1:52281	admin	REQUEST	[GET] http://localhost:8080/dba/static/js.js
18:19:26.635	0:0:0:0:0:0:0:1:52280	admin	200		147.34 ms
18:19:26.697	0:0:0:0:0:0:0:1:52281	admin	200		128.31 ms
18:19:26.713	0:0:0:0:0:0:0:1:52280	admin	REQUEST	[GET] http://localhost:8080/dba/static/basex.svg
18:19:26.822	0:0:0:0:0:0:0:1:52280	admin	200		109.05 ms
18:19:31.387	0:0:0:0:0:0:0:1:52280	admin	REQUEST	[POST] http://localhost:8080/dba/login-check
18:19:31.567	SERVER	admin	INFO	DBA user was logged in: admin
18:19:31.568	0:0:0:0:0:0:0:1:52280	admin	302		181.49 ms
18:19:31.568	0:0:0:0:0:0:0:1:52280	admin	200		0.1 ms
18:19:31.576	0:0:0:0:0:0:0:1:52280	admin	REQUEST	[GET] http://localhost:8080/dba/databases
18:19:31.751	0:0:0:0:0:0:0:1:52280	admin	200		175.4 ms
18:19:37.145	0:0:0:0:0:0:0:1:52280	admin	REQUEST	[GET] http://localhost:8080/dba/queries
18:19:37.335	0:0:0:0:0:0:0:1:52280	admin	200		190.55 ms
18:19:37.448	0:0:0:0:0:0:0:1:52280	admin	REQUEST	[GET] http://localhost:8080/dba/static/codemirror/lib/codemirror.css
18:19:37.485	0:0:0:0:0:0:0:1:52281	admin	REQUEST	[GET] http://localhost:8080/dba/static/editor.js
18:19:37.502	0:0:0:0:0:0:0:1:52284	admin	REQUEST	[GET] http://localhost:8080/dba/static/codemirror/mode/xquery/xquery.js
18:19:37.515	0:0:0:0:0:0:0:1:52285	admin	REQUEST	[GET] http://localhost:8080/dba/static/codemirror/lib/codemirror.js
18:19:37.517	0:0:0:0:0:0:0:1:52286	admin	REQUEST	[GET] http://localhost:8080/dba/static/codemirror/mode/xml/xml.js
18:19:37.699	0:0:0:0:0:0:0:1:52280	admin	200		251.26 ms
18:19:37.806	0:0:0:0:0:0:0:1:52286	admin	200		289.14 ms
18:19:37.857	0:0:0:0:0:0:0:1:52285	admin	200		342.31 ms
18:19:37.970	0:0:0:0:0:0:0:1:52284	admin	200		468.87 ms
18:19:38.027	0:0:0:0:0:0:0:1:52281	admin	200		542.75 ms
18:25:55.174	0:0:0:0:0:0:0:1:52498	admin	REQUEST	[GET] http://localhost:8080/dba/queries
18:25:55.261	0:0:0:0:0:0:0:1:52498	admin	200		87.58 ms
18:25:56.701	0:0:0:0:0:0:0:1:52498	admin	REQUEST	[GET] http://localhost:8080/dba/databases
18:25:56.863	0:0:0:0:0:0:0:1:52498	admin	200		162.45 ms
18:25:58.743	0:0:0:0:0:0:0:1:52498	admin	REQUEST	[GET] http://localhost:8080/dba/database?name=app-cm
18:25:58.893	0:0:0:0:0:0:0:1:52498	admin	200		150.08 ms
18:26:01.820	0:0:0:0:0:0:0:1:52498	admin	REQUEST	[GET] http://localhost:8080/dba/database?name=app-cm&resource=bin%2Fapp.xml
18:26:01.971	0:0:0:0:0:0:0:1:52498	admin	200		151.34 ms
18:26:02.155	0:0:0:0:0:0:0:1:52498	admin	REQUEST	[POST] http://localhost:8080/dba/query-resource?name=app-cm&resource=bin%2Fapp.xml&sort=&loglist=
18:26:02.754	0:0:0:0:0:0:0:1:52498	admin	200		600.15 ms
18:26:09.672	0:0:0:0:0:0:0:1:52498	admin	REQUEST	[POST] http://localhost:8080/dba/query-resource?name=app-cm&resource=bin%2Fapp.xml&sort=&loglist=
18:26:09.936	0:0:0:0:0:0:0:1:52499	admin	REQUEST	[POST] http://localhost:8080/dba/query-resource?name=app-cm&resource=bin%2Fapp.xml&sort=&loglist=
18:26:10.082	0:0:0:0:0:0:0:1:52498	admin	400	Stopped at /Users/arthur/Library/Application Support/BaseX/Repo/webapp_cm/dba/modules/util.xqm, 94/16: [XPST0003] Unknown function or expression.	410.42 ms
18:26:10.298	0:0:0:0:0:0:0:1:52499	admin	400	Stopped at /Users/arthur/Library/Application Support/BaseX/Repo/webapp_cm/dba/modules/util.xqm, 94/16: [XPST0003] Unknown function or expression.	362.2 ms
18:26:10.455	0:0:0:0:0:0:0:1:52498	admin	REQUEST	[POST] http://localhost:8080/dba/query-resource?name=app-cm&resource=bin%2Fapp.xml&sort=&loglist=
18:26:10.690	0:0:0:0:0:0:0:1:52499	admin	REQUEST	[POST] http://localhost:8080/dba/query-resource?name=app-cm&resource=bin%2Fapp.xml&sort=&loglist=
18:26:10.767	0:0:0:0:0:0:0:1:52498	admin	400	Stopped at /Users/arthur/Library/Application Support/BaseX/Repo/webapp_cm/dba/modules/util.xqm, 94/16: [XPST0003] Unknown function or expression.	311.59 ms
18:26:10.937	0:0:0:0:0:0:0:1:52499	admin	200		247.58 ms
18:26:11.413	0:0:0:0:0:0:0:1:52498	admin	REQUEST	[POST] http://localhost:8080/dba/query-resource?name=app-cm&resource=bin%2Fapp.xml&sort=&loglist=
18:26:11.622	0:0:0:0:0:0:0:1:52499	admin	REQUEST	[POST] http://localhost:8080/dba/query-resource?name=app-cm&resource=bin%2Fapp.xml&sort=&loglist=
18:26:11.782	0:0:0:0:0:0:0:1:52498	admin	400	Stopped at /Users/arthur/Library/Application Support/BaseX/Repo/webapp_cm/dba/modules/util.xqm, 94/16: [XPST0003] Unknown function or expression.	369.27 ms
18:26:11.901	0:0:0:0:0:0:0:1:52499	admin	400	Stopped at /Users/arthur/Library/Application Support/BaseX/Repo/webapp_cm/dba/modules/util.xqm, 94/16: [XPST0003] Unknown function or expression.	279.12 ms
18:26:12.115	0:0:0:0:0:0:0:1:52498	admin	REQUEST	[POST] http://localhost:8080/dba/query-resource?name=app-cm&resource=bin%2Fapp.xml&sort=&loglist=
18:26:12.362	0:0:0:0:0:0:0:1:52498	admin	400	Stopped at /Users/arthur/Library/Application Support/BaseX/Repo/webapp_cm/dba/modules/util.xqm, 94/16: [XPST0003] Unknown function or expression.	247.68 ms
18:26:12.683	0:0:0:0:0:0:0:1:52498	admin	REQUEST	[POST] http://localhost:8080/dba/query-resource?name=app-cm&resource=bin%2Fapp.xml&sort=&loglist=
18:26:12.882	0:0:0:0:0:0:0:1:52498	admin	200		199.0 ms
18:26:13.044	0:0:0:0:0:0:0:1:52498	admin	REQUEST	[POST] http://localhost:8080/dba/query-resource?name=app-cm&resource=bin%2Fapp.xml&sort=&loglist=
18:26:13.237	0:0:0:0:0:0:0:1:52499	admin	REQUEST	[POST] http://localhost:8080/dba/query-resource?name=app-cm&resource=bin%2Fapp.xml&sort=&loglist=
18:26:13.351	0:0:0:0:0:0:0:1:52498	admin	200		307.1 ms
18:26:13.598	0:0:0:0:0:0:0:1:52499	admin	400	Stopped at /Users/arthur/Library/Application Support/BaseX/Repo/webapp_cm/dba/modules/util.xqm, 94/16: [XPST0003] Expecting valid step.	361.98 ms
18:26:15.522	0:0:0:0:0:0:0:1:52498	admin	REQUEST	[POST] http://localhost:8080/dba/query-resource?name=app-cm&resource=bin%2Fapp.xml&sort=&loglist=
18:26:15.731	0:0:0:0:0:0:0:1:52498	admin	200		208.92 ms
18:26:17.409	0:0:0:0:0:0:0:1:52498	admin	REQUEST	[POST] http://localhost:8080/dba/query-resource?name=app-cm&resource=bin%2Fapp.xml&sort=&loglist=
18:26:17.643	0:0:0:0:0:0:0:1:52499	admin	REQUEST	[POST] http://localhost:8080/dba/query-resource?name=app-cm&resource=bin%2Fapp.xml&sort=&loglist=
18:26:17.690	0:0:0:0:0:0:0:1:52498	admin	410	Interrupted.	281.24 ms
18:26:17.881	0:0:0:0:0:0:0:1:52499	admin	200		238.19 ms
18:26:17.940	0:0:0:0:0:0:0:1:52498	admin	REQUEST	[POST] http://localhost:8080/dba/query-resource?name=app-cm&resource=bin%2Fapp.xml&sort=&loglist=
18:26:18.170	0:0:0:0:0:0:0:1:52498	admin	200		230.0 ms
18:26:19.604	0:0:0:0:0:0:0:1:52498	admin	REQUEST	[POST] http://localhost:8080/dba/query-resource?name=app-cm&resource=bin%2Fapp.xml&sort=&loglist=
18:26:19.847	0:0:0:0:0:0:0:1:52498	admin	400	Stopped at /Users/arthur/Library/Application Support/BaseX/Repo/webapp_cm/dba/modules/util.xqm, 94/16: [XPST0003] Expecting valid step.	243.42 ms
18:26:20.225	0:0:0:0:0:0:0:1:52498	admin	REQUEST	[POST] http://localhost:8080/dba/query-resource?name=app-cm&resource=bin%2Fapp.xml&sort=&loglist=
18:26:20.405	0:0:0:0:0:0:0:1:52498	admin	200		180.02 ms
18:26:20.689	0:0:0:0:0:0:0:1:52498	admin	REQUEST	[POST] http://localhost:8080/dba/query-resource?name=app-cm&resource=bin%2Fapp.xml&sort=&loglist=
18:26:20.873	0:0:0:0:0:0:0:1:52499	admin	REQUEST	[POST] http://localhost:8080/dba/query-resource?name=app-cm&resource=bin%2Fapp.xml&sort=&loglist=
18:26:20.997	0:0:0:0:0:0:0:1:52498	admin	410	Interrupted.	308.94 ms
18:26:21.158	0:0:0:0:0:0:0:1:52499	admin	200		285.3 ms
18:26:33.732	0:0:0:0:0:0:0:1:52498	admin	REQUEST	[POST] http://localhost:8080/dba/query-resource?name=app-cm&resource=bin%2Fapp.xml&sort=&loglist=
18:26:33.935	0:0:0:0:0:0:0:1:52498	admin	400	Stopped at /Users/arthur/Library/Application Support/BaseX/Repo/webapp_cm/dba/modules/util.xqm, 94/16: [XPST0003] Unexpected end of query: '@'.	202.83 ms
18:26:34.438	0:0:0:0:0:0:0:1:52498	admin	REQUEST	[POST] http://localhost:8080/dba/query-resource?name=app-cm&resource=bin%2Fapp.xml&sort=&loglist=
18:26:34.614	0:0:0:0:0:0:0:1:52499	admin	REQUEST	[POST] http://localhost:8080/dba/query-resource?name=app-cm&resource=bin%2Fapp.xml&sort=&loglist=
18:26:34.921	0:0:0:0:0:0:0:1:52498	admin	400	Stopped at /Users/arthur/Library/Application Support/BaseX/Repo/webapp_cm/dba/modules/util.xqm, 94/16: [XPST0003] Unexpected end of query: '@i'.	482.86 ms
18:26:34.960	0:0:0:0:0:0:0:1:52499	admin	400	Stopped at /Users/arthur/Library/Application Support/BaseX/Repo/webapp_cm/dba/modules/util.xqm, 94/16: [XPST0003] Unexpected end of query: '@id'.	346.76 ms
18:26:36.507	0:0:0:0:0:0:0:1:52498	admin	REQUEST	[POST] http://localhost:8080/dba/query-resource?name=app-cm&resource=bin%2Fapp.xml&sort=&loglist=
18:26:36.716	0:0:0:0:0:0:0:1:52499	admin	REQUEST	[POST] http://localhost:8080/dba/query-resource?name=app-cm&resource=bin%2Fapp.xml&sort=&loglist=
18:26:36.934	0:0:0:0:0:0:0:1:52498	admin	400	Stopped at /Users/arthur/Library/Application Support/BaseX/Repo/webapp_cm/dba/modules/util.xqm, 94/16: [XPST0003] Unexpected end of query: '@i'.	427.98 ms
18:26:36.955	0:0:0:0:0:0:0:1:52499	admin	400	Stopped at /Users/arthur/Library/Application Support/BaseX/Repo/webapp_cm/dba/modules/util.xqm, 94/16: [XPST0003] Unexpected end of query: '@'.	238.55 ms
18:26:37.836	0:0:0:0:0:0:0:1:52498	admin	REQUEST	[POST] http://localhost:8080/dba/query-resource?name=app-cm&resource=bin%2Fapp.xml&sort=&loglist=
18:26:38.038	0:0:0:0:0:0:0:1:52498	admin	200		201.51 ms
18:27:55.539	0:0:0:0:0:0:0:1:52538	admin	REQUEST	[POST] http://localhost:8080/dba/query-resource?name=app-cm&resource=bin%2Fapp.xml&sort=&loglist=
18:27:55.777	0:0:0:0:0:0:0:1:52538	admin	400	Stopped at /Users/arthur/Library/Application Support/BaseX/Repo/webapp_cm/dba/modules/util.xqm, 94/16: [XPST0003] Expecting valid step.	238.19 ms
18:27:56.173	0:0:0:0:0:0:0:1:52538	admin	REQUEST	[POST] http://localhost:8080/dba/query-resource?name=app-cm&resource=bin%2Fapp.xml&sort=&loglist=
18:27:56.393	0:0:0:0:0:0:0:1:52538	admin	400	Stopped at /Users/arthur/Library/Application Support/BaseX/Repo/webapp_cm/dba/modules/util.xqm, 94/16: [XPST0003] Expecting attribute name.	220.11 ms
18:27:56.775	0:0:0:0:0:0:0:1:52538	admin	REQUEST	[POST] http://localhost:8080/dba/query-resource?name=app-cm&resource=bin%2Fapp.xml&sort=&loglist=
18:27:56.998	0:0:0:0:0:0:0:1:52539	admin	REQUEST	[POST] http://localhost:8080/dba/query-resource?name=app-cm&resource=bin%2Fapp.xml&sort=&loglist=
18:27:57.050	0:0:0:0:0:0:0:1:52538	admin	410	Interrupted.	275.91 ms
18:27:57.207	0:0:0:0:0:0:0:1:52539	admin	200		208.94 ms
