16:33:37.205	SERVER	admin	OK	Server was started (port: 1984).
16:34:03.000	0:0:0:0:0:0:0:1:57202	admin	REQUEST	[GET] http://localhost:8080/webdav/
16:34:03.058	0:0:0:0:0:0:0:1:57202	admin	200		60.02 ms
16:34:03.106	0:0:0:0:0:0:0:1:57203	admin	REQUEST	[GET] http://localhost:8080/webdav/
16:34:03.107	0:0:0:0:0:0:0:1:57203	admin	200		2.02 ms
16:34:08.122	0:0:0:0:0:0:0:1:57203	admin	REQUEST	[GET] http://localhost:8080/webdav/
16:34:08.165	0:0:0:0:0:0:0:1:57203	admin	200		46.02 ms
16:34:22.873	0:0:0:0:0:0:0:1:57203	admin	REQUEST	[GET] http://localhost:8080/webdav/
16:34:22.877	0:0:0:0:0:0:0:1:57203	admin	200		3.67 ms
16:34:55.577	0:0:0:0:0:0:0:1:57209	admin	REQUEST	[GET] http://localhost:8080/webdav/
16:34:55.589	0:0:0:0:0:0:0:1:57209	admin	200		12.11 ms
16:35:19.216	0:0:0:0:0:0:0:1:57212	admin	REQUEST	[GET] http://localhost:8080/webdav/
16:35:19.229	0:0:0:0:0:0:0:1:57212	admin	200		14.03 ms
16:35:19.248	0:0:0:0:0:0:0:1:57209	admin	REQUEST	[GET] http://localhost:8080/webdav/
16:35:19.252	0:0:0:0:0:0:0:1:57209	admin	200		4.35 ms
16:39:22.562	0:0:0:0:0:0:0:1:57234	admin	REQUEST	[GET] http://localhost:8080/webdav/
16:39:22.583	0:0:0:0:0:0:0:1:57234	admin	200		22.26 ms
16:39:38.507	0:0:0:0:0:0:0:1:57235	admin	REQUEST	[GET] http://localhost:8080/webdav/
16:39:38.508	0:0:0:0:0:0:0:1:57235	admin	200		1.56 ms
16:39:39.110	0:0:0:0:0:0:0:1:57234	admin	REQUEST	[GET] http://localhost:8080/webdav/
16:39:39.112	0:0:0:0:0:0:0:1:57234	admin	200		2.17 ms
16:41:19.965	0:0:0:0:0:0:0:1:57238	admin	ERROR	Access denied.	89855.37 ms
16:42:40.695	0:0:0:0:0:0:0:1:57241	admin	ERROR	Access denied.	80725.17 ms
16:43:26.270	0:0:0:0:0:0:0:1:57248	admin	REQUEST	[OPTIONS] http://localhost:8080/webdav
16:43:26.278	0:0:0:0:0:0:0:1:57248	admin	200		8.51 ms
16:43:35.431	0:0:0:0:0:0:0:1:57249	admin	REQUEST	[OPTIONS] http://localhost:8080/webdav
16:43:35.433	0:0:0:0:0:0:0:1:57249	admin	200		1.25 ms
16:43:35.891	0:0:0:0:0:0:0:1:57250	admin	REQUEST	[OPTIONS] http://localhost:8080/webdav/
16:43:35.893	0:0:0:0:0:0:0:1:57250	admin	200		1.62 ms
16:43:35.896	0:0:0:0:0:0:0:1:57250	admin	REQUEST	[PROPFIND] http://localhost:8080/webdav/
16:43:35.898	0:0:0:0:0:0:0:1:57250	admin	200		1.91 ms
16:43:35.899	0:0:0:0:0:0:0:1:57250	admin	REQUEST	[PROPFIND] http://localhost:8080/webdav/
16:43:35.953	0:0:0:0:0:0:0:1:57250	admin	200		53.52 ms
16:43:35.982	0:0:0:0:0:0:0:1:57250	admin	REQUEST	[PROPFIND] http://localhost:8080/webdav/
16:43:35.988	0:0:0:0:0:0:0:1:57250	admin	200		6.14 ms
16:43:36.206	0:0:0:0:0:0:0:1:57250	admin	REQUEST	[PROPFIND] http://localhost:8080/webdav/
16:43:36.214	0:0:0:0:0:0:0:1:57250	admin	200		7.6 ms
16:43:36.282	0:0:0:0:0:0:0:1:57251	admin	REQUEST	[PROPFIND] http://localhost:8080/webdav/
16:43:36.286	0:0:0:0:0:0:0:1:57251	admin	200		3.97 ms
16:43:36.300	0:0:0:0:0:0:0:1:57252	admin	REQUEST	[PROPFIND] http://localhost:8080/webdav/
16:43:36.316	0:0:0:0:0:0:0:1:57252	admin	200		17.01 ms
16:43:36.340	0:0:0:0:0:0:0:1:57253	admin	REQUEST	[PROPFIND] http://localhost:8080/webdav/
16:43:36.345	0:0:0:0:0:0:0:1:57253	admin	200		5.27 ms
16:43:36.353	0:0:0:0:0:0:0:1:57254	admin	REQUEST	[PROPFIND] http://localhost:8080/webdav/
16:43:36.359	0:0:0:0:0:0:0:1:57254	admin	200		5.74 ms
16:43:36.428	0:0:0:0:0:0:0:1:57250	admin	REQUEST	[PROPFIND] http://localhost:8080/webdav/._.
16:43:37.285	0:0:0:0:0:0:0:1:57250	admin	200		861.07 ms
16:43:37.301	0:0:0:0:0:0:0:1:57250	admin	REQUEST	[PROPFIND] http://localhost:8080/webdav/
16:43:37.312	0:0:0:0:0:0:0:1:57250	admin	200		11.54 ms
16:43:37.333	0:0:0:0:0:0:0:1:57250	admin	REQUEST	[PROPFIND] http://localhost:8080/webdav/._.
16:43:37.337	0:0:0:0:0:0:0:1:57250	admin	200		4.75 ms
16:43:37.350	0:0:0:0:0:0:0:1:57250	admin	REQUEST	[PROPFIND] http://localhost:8080/webdav/.DS_Store
16:43:37.353	0:0:0:0:0:0:0:1:57250	admin	200		3.18 ms
16:43:37.368	0:0:0:0:0:0:0:1:57250	admin	REQUEST	[PROPFIND] http://localhost:8080/webdav/.Spotlight-V100
16:43:37.372	0:0:0:0:0:0:0:1:57250	admin	200		3.28 ms
16:43:37.397	0:0:0:0:0:0:0:1:57250	admin	REQUEST	[PROPFIND] http://localhost:8080/webdav/.metadata_never_index
16:43:37.400	0:0:0:0:0:0:0:1:57250	admin	200		2.7 ms
16:43:37.402	0:0:0:0:0:0:0:1:57250	admin	REQUEST	[PROPFIND] http://localhost:8080/webdav/.metadata_never_index_unless_rootfs
16:43:37.404	0:0:0:0:0:0:0:1:57250	admin	200		2.57 ms
16:43:37.645	0:0:0:0:0:0:0:1:57250	admin	REQUEST	[PROPFIND] http://localhost:8080/webdav/.DS_Store
16:43:37.648	0:0:0:0:0:0:0:1:57250	admin	200		2.84 ms
16:43:37.655	0:0:0:0:0:0:0:1:57250	admin	REQUEST	[PUT] http://localhost:8080/webdav/.DS_Store
16:43:38.287	0:0:0:0:0:0:0:1:57250	admin	200		632.16 ms
16:43:38.289	0:0:0:0:0:0:0:1:57250	admin	REQUEST	[PROPFIND] http://localhost:8080/webdav/._.DS_Store
16:43:38.291	0:0:0:0:0:0:0:1:57250	admin	200		2.29 ms
16:43:38.297	0:0:0:0:0:0:0:1:57250	admin	REQUEST	[LOCK] http://localhost:8080/webdav/.DS_Store
16:43:38.460	0:0:0:0:0:0:0:1:57250	admin	200		163.37 ms
16:43:38.527	0:0:0:0:0:0:0:1:57250	admin	REQUEST	[PROPFIND] http://localhost:8080/webdav/.DS_Store
16:43:38.530	0:0:0:0:0:0:0:1:57250	admin	200		3.34 ms
16:43:38.555	0:0:0:0:0:0:0:1:57250	admin	REQUEST	[PROPFIND] http://localhost:8080/webdav/._.
16:43:38.558	0:0:0:0:0:0:0:1:57250	admin	200		2.4 ms
16:43:38.592	0:0:0:0:0:0:0:1:57250	admin	REQUEST	[PROPFIND] http://localhost:8080/webdav/.hidden
16:43:38.595	0:0:0:0:0:0:0:1:57250	admin	200		2.5 ms
16:43:38.650	0:0:0:0:0:0:0:1:57250	admin	REQUEST	[PROPFIND] http://localhost:8080/webdav/
16:43:38.696	0:0:0:0:0:0:0:1:57250	admin	200		46.43 ms
16:43:38.753	0:0:0:0:0:0:0:1:57250	admin	REQUEST	[PROPFIND] http://localhost:8080/webdav/._1685008080
16:43:38.756	0:0:0:0:0:0:0:1:57250	admin	200		2.57 ms
16:43:38.776	0:0:0:0:0:0:0:1:57250	admin	REQUEST	[PROPFIND] http://localhost:8080/webdav/._268884640
16:43:38.778	0:0:0:0:0:0:0:1:57250	admin	200		2.2 ms
16:43:38.787	0:0:0:0:0:0:0:1:57250	admin	REQUEST	[PROPFIND] http://localhost:8080/webdav/._BRjx_conf
16:43:38.808	0:0:0:0:0:0:0:1:57250	admin	200		20.4 ms
16:43:38.823	0:0:0:0:0:0:0:1:57250	admin	REQUEST	[PROPFIND] http://localhost:8080/webdav/._BRjx_main
16:43:38.824	0:0:0:0:0:0:0:1:57250	admin	200		1.9 ms
16:43:38.829	0:0:0:0:0:0:0:1:57250	admin	REQUEST	[PROPFIND] http://localhost:8080/webdav/._BRjx_tables
16:43:38.834	0:0:0:0:0:0:0:1:57250	admin	200		4.57 ms
16:43:38.887	0:0:0:0:0:0:0:1:57250	admin	REQUEST	[PROPFIND] http://localhost:8080/webdav/._compare
16:43:38.889	0:0:0:0:0:0:0:1:57250	admin	200		2.42 ms
16:43:38.909	0:0:0:0:0:0:0:1:57250	admin	REQUEST	[PROPFIND] http://localhost:8080/webdav/._template_main
16:43:38.911	0:0:0:0:0:0:0:1:57250	admin	200		2.23 ms
16:43:41.858	0:0:0:0:0:0:0:1:57250	admin	REQUEST	[PROPFIND] http://localhost:8080/webdav/._.
16:43:41.860	0:0:0:0:0:0:0:1:57250	admin	200		2.38 ms
16:43:41.866	0:0:0:0:0:0:0:1:57250	admin	REQUEST	[PROPFIND] http://localhost:8080/webdav/
16:43:41.882	0:0:0:0:0:0:0:1:57250	admin	200		16.9 ms
16:43:41.885	0:0:0:0:0:0:0:1:57250	admin	REQUEST	[PROPFIND] http://localhost:8080/webdav/._1685008080
16:43:41.887	0:0:0:0:0:0:0:1:57250	admin	200		1.9 ms
16:43:41.890	0:0:0:0:0:0:0:1:57250	admin	REQUEST	[PROPFIND] http://localhost:8080/webdav/._268884640
16:43:41.892	0:0:0:0:0:0:0:1:57250	admin	200		2.05 ms
16:43:41.910	0:0:0:0:0:0:0:1:57250	admin	REQUEST	[PROPFIND] http://localhost:8080/webdav/._BRjx_conf
16:43:41.912	0:0:0:0:0:0:0:1:57250	admin	200		2.36 ms
16:43:41.919	0:0:0:0:0:0:0:1:57250	admin	REQUEST	[PROPFIND] http://localhost:8080/webdav/._BRjx_main
16:43:41.921	0:0:0:0:0:0:0:1:57250	admin	200		2.01 ms
16:43:41.925	0:0:0:0:0:0:0:1:57250	admin	REQUEST	[PROPFIND] http://localhost:8080/webdav/._BRjx_tables
16:43:41.928	0:0:0:0:0:0:0:1:57250	admin	200		2.19 ms
16:43:41.931	0:0:0:0:0:0:0:1:57250	admin	REQUEST	[PROPFIND] http://localhost:8080/webdav/._compare
16:43:41.932	0:0:0:0:0:0:0:1:57250	admin	200		1.71 ms
16:43:41.934	0:0:0:0:0:0:0:1:57250	admin	REQUEST	[PROPFIND] http://localhost:8080/webdav/._template_main
16:43:41.936	0:0:0:0:0:0:0:1:57250	admin	200		1.91 ms
16:43:43.947	0:0:0:0:0:0:0:1:57250	admin	REQUEST	[PROPFIND] http://localhost:8080/webdav/.DS_Store
16:43:43.950	0:0:0:0:0:0:0:1:57250	admin	200		2.38 ms
16:43:43.952	0:0:0:0:0:0:0:1:57250	admin	REQUEST	[PROPFIND] http://localhost:8080/webdav/.DS_Store
16:43:43.955	0:0:0:0:0:0:0:1:57250	admin	200		3.41 ms
16:43:43.958	0:0:0:0:0:0:0:1:57250	admin	REQUEST	[PUT] http://localhost:8080/webdav/.DS_Store
16:43:44.015	0:0:0:0:0:0:0:1:57250	admin	200		57.42 ms
16:43:44.026	0:0:0:0:0:0:0:1:57250	admin	REQUEST	[PROPFIND] http://localhost:8080/webdav/._.DS_Store
16:43:44.029	0:0:0:0:0:0:0:1:57250	admin	200		2.73 ms
16:43:44.032	0:0:0:0:0:0:0:1:57250	admin	REQUEST	[LOCK] http://localhost:8080/webdav/.DS_Store
16:43:44.159	0:0:0:0:0:0:0:1:57250	admin	200		126.67 ms
16:43:44.168	0:0:0:0:0:0:0:1:57250	admin	REQUEST	[PROPFIND] http://localhost:8080/webdav/.DS_Store
16:43:44.170	0:0:0:0:0:0:0:1:57250	admin	200		1.86 ms
16:43:44.183	0:0:0:0:0:0:0:1:57250	admin	REQUEST	[PROPFIND] http://localhost:8080/webdav/._BRjx_main
16:43:44.185	0:0:0:0:0:0:0:1:57250	admin	200		1.89 ms
16:43:44.191	0:0:0:0:0:0:0:1:57250	admin	REQUEST	[PROPFIND] http://localhost:8080/webdav/BRjx_main/
16:43:44.242	0:0:0:0:0:0:0:1:57250	admin	200		50.67 ms
16:43:44.251	0:0:0:0:0:0:0:1:57250	admin	REQUEST	[PROPFIND] http://localhost:8080/webdav/BRjx_main/._etc
16:43:44.263	0:0:0:0:0:0:0:1:57250	admin	200		12.13 ms
16:43:44.269	0:0:0:0:0:0:0:1:57250	admin	REQUEST	[PROPFIND] http://localhost:8080/webdav/BRjx_main/._var
16:43:44.284	0:0:0:0:0:0:0:1:57250	admin	200		14.26 ms
16:43:44.287	0:0:0:0:0:0:0:1:57250	admin	REQUEST	[PROPFIND] http://localhost:8080/webdav/BRjx_main/._bin
16:43:44.296	0:0:0:0:0:0:0:1:57250	admin	200		9.63 ms
16:43:44.314	0:0:0:0:0:0:0:1:57250	admin	REQUEST	[PROPFIND] http://localhost:8080/webdav/._.
16:43:44.316	0:0:0:0:0:0:0:1:57250	admin	200		1.96 ms
16:43:44.324	0:0:0:0:0:0:0:1:57250	admin	REQUEST	[PROPFIND] http://localhost:8080/webdav/BRjx_main/.DS_Store
16:43:44.334	0:0:0:0:0:0:0:1:57250	admin	200		9.66 ms
16:43:44.586	0:0:0:0:0:0:0:1:57250	admin	REQUEST	[PROPFIND] http://localhost:8080/webdav/
16:43:44.622	0:0:0:0:0:0:0:1:57250	admin	200		36.41 ms
16:43:44.662	0:0:0:0:0:0:0:1:57250	admin	REQUEST	[PROPFIND] http://localhost:8080/webdav/._1423473823
16:43:44.664	0:0:0:0:0:0:0:1:57250	admin	200		2.24 ms
16:43:44.677	0:0:0:0:0:0:0:1:57250	admin	REQUEST	[PROPFIND] http://localhost:8080/webdav/._1685008080
16:43:44.688	0:0:0:0:0:0:0:1:57250	admin	200		11.11 ms
16:43:44.692	0:0:0:0:0:0:0:1:57250	admin	REQUEST	[PROPFIND] http://localhost:8080/webdav/._268884640
16:43:44.694	0:0:0:0:0:0:0:1:57250	admin	200		2.24 ms
16:43:44.708	0:0:0:0:0:0:0:1:57250	admin	REQUEST	[PROPFIND] http://localhost:8080/webdav/._84788813
16:43:44.710	0:0:0:0:0:0:0:1:57250	admin	200		2.41 ms
16:43:44.721	0:0:0:0:0:0:0:1:57250	admin	REQUEST	[PROPFIND] http://localhost:8080/webdav/._BRjx_conf
16:43:44.723	0:0:0:0:0:0:0:1:57250	admin	200		2.05 ms
16:43:44.727	0:0:0:0:0:0:0:1:57250	admin	REQUEST	[PROPFIND] http://localhost:8080/webdav/._BRjx_main
16:43:44.729	0:0:0:0:0:0:0:1:57250	admin	200		2.06 ms
16:43:44.734	0:0:0:0:0:0:0:1:57250	admin	REQUEST	[PROPFIND] http://localhost:8080/webdav/._BRjx_tables
16:43:44.736	0:0:0:0:0:0:0:1:57250	admin	200		2.36 ms
16:43:44.744	0:0:0:0:0:0:0:1:57250	admin	REQUEST	[PROPFIND] http://localhost:8080/webdav/._compare
16:43:44.746	0:0:0:0:0:0:0:1:57250	admin	200		1.92 ms
16:43:44.751	0:0:0:0:0:0:0:1:57250	admin	REQUEST	[PROPFIND] http://localhost:8080/webdav/._template_main
16:43:44.753	0:0:0:0:0:0:0:1:57250	admin	200		2.16 ms
16:43:45.073	0:0:0:0:0:0:0:1:57250	admin	REQUEST	[PROPFIND] http://localhost:8080/webdav/.DS_Store
16:43:45.076	0:0:0:0:0:0:0:1:57250	admin	200		2.73 ms
16:43:46.794	0:0:0:0:0:0:0:1:57250	admin	REQUEST	[PROPFIND] http://localhost:8080/webdav/BRjx_main/bin/
16:43:46.852	0:0:0:0:0:0:0:1:57250	admin	200		57.37 ms
16:43:46.856	0:0:0:0:0:0:0:1:57250	admin	REQUEST	[PROPFIND] http://localhost:8080/webdav/BRjx_main/bin/._commands.xml
16:43:46.865	0:0:0:0:0:0:0:1:57250	admin	200		9.19 ms
16:43:46.869	0:0:0:0:0:0:0:1:57250	admin	REQUEST	[PROPFIND] http://localhost:8080/webdav/BRjx_main/bin/._main.xml
16:43:46.879	0:0:0:0:0:0:0:1:57250	admin	200		10.64 ms
16:43:46.891	0:0:0:0:0:0:0:1:57250	admin	REQUEST	[PROPFIND] http://localhost:8080/webdav/BRjx_main/bin/._modules.xml
16:43:46.900	0:0:0:0:0:0:0:1:57250	admin	200		9.35 ms
16:43:46.918	0:0:0:0:0:0:0:1:57250	admin	REQUEST	[PROPFIND] http://localhost:8080/webdav/._.
16:43:46.921	0:0:0:0:0:0:0:1:57250	admin	200		2.88 ms
16:43:46.927	0:0:0:0:0:0:0:1:57250	admin	REQUEST	[PROPFIND] http://localhost:8080/webdav/BRjx_main/bin/.DS_Store
16:43:46.935	0:0:0:0:0:0:0:1:57250	admin	200		8.27 ms
16:43:49.176	0:0:0:0:0:0:0:1:57250	admin	REQUEST	[PROPFIND] http://localhost:8080/webdav/._.
16:43:49.179	0:0:0:0:0:0:0:1:57250	admin	200		3.56 ms
16:43:49.182	0:0:0:0:0:0:0:1:57250	admin	REQUEST	[PROPFIND] http://localhost:8080/webdav/BRjx_main/.DS_Store
16:43:49.191	0:0:0:0:0:0:0:1:57250	admin	200		8.99 ms
16:43:49.193	0:0:0:0:0:0:0:1:57250	admin	REQUEST	[PUT] http://localhost:8080/webdav/BRjx_main/.DS_Store
16:43:49.318	0:0:0:0:0:0:0:1:57250	admin	200		125.24 ms
16:43:49.323	0:0:0:0:0:0:0:1:57250	admin	REQUEST	[PROPFIND] http://localhost:8080/webdav/BRjx_main/._.DS_Store
16:43:49.332	0:0:0:0:0:0:0:1:57250	admin	200		9.98 ms
16:43:49.335	0:0:0:0:0:0:0:1:57250	admin	REQUEST	[LOCK] http://localhost:8080/webdav/BRjx_main/.DS_Store
16:43:49.405	0:0:0:0:0:0:0:1:57250	admin	200		70.0 ms
16:43:49.411	0:0:0:0:0:0:0:1:57250	admin	REQUEST	[PROPFIND] http://localhost:8080/webdav/BRjx_main/.DS_Store
16:43:49.425	0:0:0:0:0:0:0:1:57250	admin	200		13.9 ms
16:43:49.431	0:0:0:0:0:0:0:1:57250	admin	REQUEST	[PROPFIND] http://localhost:8080/webdav/.DS_Store
16:43:49.433	0:0:0:0:0:0:0:1:57250	admin	200		1.85 ms
16:43:49.439	0:0:0:0:0:0:0:1:57250	admin	REQUEST	[PROPFIND] http://localhost:8080/webdav/.DS_Store
16:43:49.441	0:0:0:0:0:0:0:1:57250	admin	200		2.3 ms
16:43:49.453	0:0:0:0:0:0:0:1:57250	admin	REQUEST	[PUT] http://localhost:8080/webdav/.DS_Store
16:43:49.495	0:0:0:0:0:0:0:1:57250	admin	200		41.89 ms
16:43:49.520	0:0:0:0:0:0:0:1:57250	admin	REQUEST	[PROPFIND] http://localhost:8080/webdav/._.DS_Store
16:43:49.523	0:0:0:0:0:0:0:1:57250	admin	200		2.54 ms
16:43:49.530	0:0:0:0:0:0:0:1:57250	admin	REQUEST	[LOCK] http://localhost:8080/webdav/.DS_Store
16:43:49.591	0:0:0:0:0:0:0:1:57250	admin	200		61.65 ms
16:43:49.617	0:0:0:0:0:0:0:1:57250	admin	REQUEST	[PROPFIND] http://localhost:8080/webdav/.DS_Store
16:43:49.620	0:0:0:0:0:0:0:1:57250	admin	200		2.84 ms
16:43:49.904	0:0:0:0:0:0:0:1:57250	admin	REQUEST	[PROPFIND] http://localhost:8080/webdav/._BRjx_main
16:43:49.906	0:0:0:0:0:0:0:1:57250	admin	200		2.59 ms
16:43:49.913	0:0:0:0:0:0:0:1:57250	admin	REQUEST	[PROPFIND] http://localhost:8080/webdav/BRjx_main/
16:43:49.937	0:0:0:0:0:0:0:1:57250	admin	200		24.14 ms
16:43:49.945	0:0:0:0:0:0:0:1:57250	admin	REQUEST	[PROPFIND] http://localhost:8080/webdav/BRjx_main/._etc
16:43:49.953	0:0:0:0:0:0:0:1:57250	admin	200		7.9 ms
16:43:49.964	0:0:0:0:0:0:0:1:57250	admin	REQUEST	[PROPFIND] http://localhost:8080/webdav/BRjx_main/._var
16:43:49.971	0:0:0:0:0:0:0:1:57250	admin	200		7.55 ms
16:43:49.979	0:0:0:0:0:0:0:1:57250	admin	REQUEST	[PROPFIND] http://localhost:8080/webdav/BRjx_main/._bin
16:43:49.986	0:0:0:0:0:0:0:1:57250	admin	200		7.02 ms
16:43:49.988	0:0:0:0:0:0:0:1:57250	admin	REQUEST	[PROPFIND] http://localhost:8080/webdav/BRjx_main/._.DS_Store
16:43:49.994	0:0:0:0:0:0:0:1:57250	admin	200		6.66 ms
16:43:50.020	0:0:0:0:0:0:0:1:57250	admin	REQUEST	[PROPFIND] http://localhost:8080/webdav/._.
16:43:50.022	0:0:0:0:0:0:0:1:57250	admin	200		1.94 ms
16:43:50.029	0:0:0:0:0:0:0:1:57250	admin	REQUEST	[PROPFIND] http://localhost:8080/webdav/
16:43:50.050	0:0:0:0:0:0:0:1:57250	admin	200		21.21 ms
16:43:50.105	0:0:0:0:0:0:0:1:57250	admin	REQUEST	[PROPFIND] http://localhost:8080/webdav/._1384225410
16:43:50.109	0:0:0:0:0:0:0:1:57250	admin	200		3.85 ms
16:43:50.134	0:0:0:0:0:0:0:1:57250	admin	REQUEST	[PROPFIND] http://localhost:8080/webdav/._1423473823
16:43:50.135	0:0:0:0:0:0:0:1:57250	admin	200		1.95 ms
16:43:50.162	0:0:0:0:0:0:0:1:57250	admin	REQUEST	[PROPFIND] http://localhost:8080/webdav/._1685008080
16:43:50.164	0:0:0:0:0:0:0:1:57250	admin	200		2.26 ms
16:43:50.173	0:0:0:0:0:0:0:1:57250	admin	REQUEST	[PROPFIND] http://localhost:8080/webdav/._1859936405
16:43:50.175	0:0:0:0:0:0:0:1:57250	admin	200		1.81 ms
16:43:50.191	0:0:0:0:0:0:0:1:57250	admin	REQUEST	[PROPFIND] http://localhost:8080/webdav/._268884640
16:43:50.193	0:0:0:0:0:0:0:1:57250	admin	200		2.0 ms
16:43:50.205	0:0:0:0:0:0:0:1:57250	admin	REQUEST	[PROPFIND] http://localhost:8080/webdav/._84788813
16:43:50.207	0:0:0:0:0:0:0:1:57250	admin	200		2.07 ms
16:43:50.224	0:0:0:0:0:0:0:1:57250	admin	REQUEST	[PROPFIND] http://localhost:8080/webdav/._BRjx_conf
16:43:50.227	0:0:0:0:0:0:0:1:57250	admin	200		3.33 ms
16:43:50.235	0:0:0:0:0:0:0:1:57250	admin	REQUEST	[PROPFIND] http://localhost:8080/webdav/._BRjx_tables
16:43:50.237	0:0:0:0:0:0:0:1:57250	admin	200		2.02 ms
16:43:50.243	0:0:0:0:0:0:0:1:57250	admin	REQUEST	[PROPFIND] http://localhost:8080/webdav/._compare
16:43:50.245	0:0:0:0:0:0:0:1:57250	admin	200		1.7 ms
16:43:50.248	0:0:0:0:0:0:0:1:57250	admin	REQUEST	[PROPFIND] http://localhost:8080/webdav/._template_main
16:43:50.250	0:0:0:0:0:0:0:1:57250	admin	200		1.85 ms
16:43:50.280	0:0:0:0:0:0:0:1:57250	admin	REQUEST	[PROPFIND] http://localhost:8080/webdav/BRjx_main/etc/
16:43:50.298	0:0:0:0:0:0:0:1:57250	admin	200		18.27 ms
16:43:50.309	0:0:0:0:0:0:0:1:57250	admin	REQUEST	[PROPFIND] http://localhost:8080/webdav/BRjx_main/etc/._conf
16:43:50.316	0:0:0:0:0:0:0:1:57250	admin	200		7.68 ms
16:43:50.328	0:0:0:0:0:0:0:1:57250	admin	REQUEST	[PROPFIND] http://localhost:8080/webdav/BRjx_main/etc/._init
16:43:50.336	0:0:0:0:0:0:0:1:57250	admin	200		8.56 ms
16:43:50.348	0:0:0:0:0:0:0:1:57250	admin	REQUEST	[PROPFIND] http://localhost:8080/webdav/._.
16:43:50.350	0:0:0:0:0:0:0:1:57250	admin	200		1.89 ms
16:43:50.361	0:0:0:0:0:0:0:1:57250	admin	REQUEST	[PROPFIND] http://localhost:8080/webdav/BRjx_main/etc/.DS_Store
16:43:50.369	0:0:0:0:0:0:0:1:57250	admin	200		8.11 ms
16:43:50.370	0:0:0:0:0:0:0:1:57251	admin	REQUEST	[PROPFIND] http://localhost:8080/webdav/.DS_Store
16:43:50.372	0:0:0:0:0:0:0:1:57251	admin	200		2.13 ms
16:43:51.034	0:0:0:0:0:0:0:1:57250	admin	REQUEST	[PROPFIND] http://localhost:8080/webdav/._1384225410
16:43:51.036	0:0:0:0:0:0:0:1:57250	admin	200		1.92 ms
16:43:51.042	0:0:0:0:0:0:0:1:57250	admin	REQUEST	[PROPFIND] http://localhost:8080/webdav/._1859936405
16:43:51.044	0:0:0:0:0:0:0:1:57250	admin	200		1.78 ms
16:43:52.237	0:0:0:0:0:0:0:1:57250	admin	REQUEST	[PROPFIND] http://localhost:8080/webdav/BRjx_main/var/
16:43:52.275	0:0:0:0:0:0:0:1:57250	admin	200		37.98 ms
16:43:52.292	0:0:0:0:0:0:0:1:57250	admin	REQUEST	[PROPFIND] http://localhost:8080/webdav/BRjx_main/var/._principals
16:43:52.346	0:0:0:0:0:0:0:1:57250	admin	200		54.48 ms
16:43:52.353	0:0:0:0:0:0:0:1:57250	admin	REQUEST	[PROPFIND] http://localhost:8080/webdav/._BRjx_main
16:43:52.355	0:0:0:0:0:0:0:1:57250	admin	200		1.64 ms
16:43:52.358	0:0:0:0:0:0:0:1:57250	admin	REQUEST	[PROPFIND] http://localhost:8080/webdav/._.
16:43:52.360	0:0:0:0:0:0:0:1:57250	admin	200		1.84 ms
16:43:52.362	0:0:0:0:0:0:0:1:57250	admin	REQUEST	[PROPFIND] http://localhost:8080/webdav/BRjx_main/var/.DS_Store
16:43:52.367	0:0:0:0:0:0:0:1:57250	admin	200		5.56 ms
16:43:53.367	0:0:0:0:0:0:0:1:57250	admin	REQUEST	[PROPFIND] http://localhost:8080/webdav/BRjx_main/etc/._init
16:43:53.374	0:0:0:0:0:0:0:1:57250	admin	200		6.93 ms
16:43:53.378	0:0:0:0:0:0:0:1:57250	admin	REQUEST	[PROPFIND] http://localhost:8080/webdav/BRjx_main/etc/init/
16:43:53.393	0:0:0:0:0:0:0:1:57250	admin	200		14.6 ms
16:43:53.397	0:0:0:0:0:0:0:1:57250	admin	REQUEST	[PROPFIND] http://localhost:8080/webdav/BRjx_main/etc/init/._jobs.xml
16:43:53.402	0:0:0:0:0:0:0:1:57250	admin	200		5.42 ms
16:43:53.416	0:0:0:0:0:0:0:1:57250	admin	REQUEST	[PROPFIND] http://localhost:8080/webdav/BRjx_main/etc/init/._run.xml
16:43:53.424	0:0:0:0:0:0:0:1:57250	admin	200		8.62 ms
16:43:53.431	0:0:0:0:0:0:0:1:57250	admin	REQUEST	[PROPFIND] http://localhost:8080/webdav/._BRjx_main
16:43:53.432	0:0:0:0:0:0:0:1:57250	admin	200		1.56 ms
16:43:53.436	0:0:0:0:0:0:0:1:57250	admin	REQUEST	[PROPFIND] http://localhost:8080/webdav/._.
16:43:53.438	0:0:0:0:0:0:0:1:57250	admin	200		1.54 ms
16:43:53.440	0:0:0:0:0:0:0:1:57250	admin	REQUEST	[PROPFIND] http://localhost:8080/webdav/BRjx_main/etc/init/.DS_Store
16:43:53.445	0:0:0:0:0:0:0:1:57250	admin	200		4.81 ms
16:43:54.282	0:0:0:0:0:0:0:1:57250	admin	REQUEST	[PROPFIND] http://localhost:8080/webdav/BRjx_main/etc/.DS_Store
16:43:54.292	0:0:0:0:0:0:0:1:57250	admin	200		10.01 ms
16:43:54.298	0:0:0:0:0:0:0:1:57250	admin	REQUEST	[PROPFIND] http://localhost:8080/webdav/._BRjx_main
16:43:54.301	0:0:0:0:0:0:0:1:57250	admin	200		3.76 ms
16:43:54.312	0:0:0:0:0:0:0:1:57250	admin	REQUEST	[PROPFIND] http://localhost:8080/webdav/._.
16:43:54.314	0:0:0:0:0:0:0:1:57250	admin	200		2.19 ms
16:43:54.320	0:0:0:0:0:0:0:1:57250	admin	REQUEST	[PROPFIND] http://localhost:8080/webdav/BRjx_main/etc/.DS_Store
16:43:54.328	0:0:0:0:0:0:0:1:57250	admin	200		8.71 ms
16:43:54.335	0:0:0:0:0:0:0:1:57250	admin	REQUEST	[PUT] http://localhost:8080/webdav/BRjx_main/etc/.DS_Store
16:43:54.387	0:0:0:0:0:0:0:1:57250	admin	200		52.17 ms
16:43:54.398	0:0:0:0:0:0:0:1:57250	admin	REQUEST	[PROPFIND] http://localhost:8080/webdav/BRjx_main/etc/._.DS_Store
16:43:54.403	0:0:0:0:0:0:0:1:57250	admin	200		5.13 ms
16:43:54.414	0:0:0:0:0:0:0:1:57250	admin	REQUEST	[LOCK] http://localhost:8080/webdav/BRjx_main/etc/.DS_Store
16:43:54.470	0:0:0:0:0:0:0:1:57250	admin	200		56.29 ms
16:43:54.475	0:0:0:0:0:0:0:1:57250	admin	REQUEST	[PROPFIND] http://localhost:8080/webdav/BRjx_main/etc/.DS_Store
16:43:54.482	0:0:0:0:0:0:0:1:57250	admin	200		7.34 ms
16:43:54.486	0:0:0:0:0:0:0:1:57250	admin	REQUEST	[LOCK] http://localhost:8080/webdav/BRjx_main/.DS_Store
16:43:54.520	0:0:0:0:0:0:0:1:57250	admin	200		34.09 ms
16:43:54.532	0:0:0:0:0:0:0:1:57250	admin	REQUEST	[PROPFIND] http://localhost:8080/webdav/BRjx_main/.DS_Store
16:43:54.540	0:0:0:0:0:0:0:1:57250	admin	200		7.98 ms
16:43:54.552	0:0:0:0:0:0:0:1:57250	admin	REQUEST	[PROPFIND] http://localhost:8080/webdav/BRjx_main/etc/._conf
16:43:54.559	0:0:0:0:0:0:0:1:57250	admin	200		6.59 ms
16:43:54.584	0:0:0:0:0:0:0:1:57250	admin	REQUEST	[PROPFIND] http://localhost:8080/webdav/BRjx_main/etc/conf/
16:43:54.598	0:0:0:0:0:0:0:1:57250	admin	200		14.43 ms
16:43:54.604	0:0:0:0:0:0:0:1:57250	admin	REQUEST	[PROPFIND] http://localhost:8080/webdav/BRjx_main/etc/conf/._configs.xml
16:43:54.609	0:0:0:0:0:0:0:1:57250	admin	200		4.96 ms
16:43:54.613	0:0:0:0:0:0:0:1:57250	admin	REQUEST	[PROPFIND] http://localhost:8080/webdav/BRjx_main/etc/conf/._templates.xml
16:43:54.618	0:0:0:0:0:0:0:1:57250	admin	200		5.03 ms
16:43:54.624	0:0:0:0:0:0:0:1:57250	admin	REQUEST	[PROPFIND] http://localhost:8080/webdav/BRjx_main/etc/conf/._modules
16:43:54.639	0:0:0:0:0:0:0:1:57250	admin	200		14.92 ms
16:43:54.647	0:0:0:0:0:0:0:1:57250	admin	REQUEST	[PROPFIND] http://localhost:8080/webdav/._BRjx_main
16:43:54.648	0:0:0:0:0:0:0:1:57250	admin	200		1.52 ms
16:43:54.652	0:0:0:0:0:0:0:1:57250	admin	REQUEST	[PROPFIND] http://localhost:8080/webdav/BRjx_main/etc/conf/.DS_Store
16:43:54.656	0:0:0:0:0:0:0:1:57250	admin	200		4.91 ms
16:43:54.977	0:0:0:0:0:0:0:1:57250	admin	REQUEST	[PROPFIND] http://localhost:8080/webdav/BRjx_main/etc/
16:43:54.993	0:0:0:0:0:0:0:1:57250	admin	200		16.63 ms
16:43:55.005	0:0:0:0:0:0:0:1:57250	admin	REQUEST	[PROPFIND] http://localhost:8080/webdav/BRjx_main/etc/._init
16:43:55.010	0:0:0:0:0:0:0:1:57250	admin	200		5.83 ms
16:43:55.013	0:0:0:0:0:0:0:1:57250	admin	REQUEST	[PROPFIND] http://localhost:8080/webdav/BRjx_main/etc/._.DS_Store
16:43:55.018	0:0:0:0:0:0:0:1:57250	admin	200		4.94 ms
16:43:56.791	0:0:0:0:0:0:0:1:57250	admin	REQUEST	[PROPFIND] http://localhost:8080/webdav/BRjx_main/etc/conf/modules/
16:43:56.824	0:0:0:0:0:0:0:1:57250	admin	200		32.66 ms
16:43:56.829	0:0:0:0:0:0:0:1:57250	admin	REQUEST	[PROPFIND] http://localhost:8080/webdav/BRjx_main/etc/conf/modules/._BRjx.xml
16:43:56.835	0:0:0:0:0:0:0:1:57250	admin	200		5.63 ms
16:43:56.854	0:0:0:0:0:0:0:1:57250	admin	REQUEST	[PROPFIND] http://localhost:8080/webdav/._.
16:43:56.855	0:0:0:0:0:0:0:1:57250	admin	200		1.72 ms
16:43:56.860	0:0:0:0:0:0:0:1:57250	admin	REQUEST	[PROPFIND] http://localhost:8080/webdav/BRjx_main/etc/conf/modules/.DS_Store
16:43:56.866	0:0:0:0:0:0:0:1:57250	admin	200		5.63 ms
16:44:00.273	0:0:0:0:0:0:0:1:57250	admin	REQUEST	[PROPFIND] http://localhost:8080/webdav/._BRjx_main
16:44:00.275	0:0:0:0:0:0:0:1:57250	admin	200		2.07 ms
16:44:00.278	0:0:0:0:0:0:0:1:57250	admin	REQUEST	[PROPFIND] http://localhost:8080/webdav/._.
16:44:00.279	0:0:0:0:0:0:0:1:57250	admin	200		1.48 ms
16:44:00.282	0:0:0:0:0:0:0:1:57250	admin	REQUEST	[PROPFIND] http://localhost:8080/webdav/BRjx_main/etc/conf/.DS_Store
16:44:00.290	0:0:0:0:0:0:0:1:57250	admin	200		8.39 ms
16:44:00.292	0:0:0:0:0:0:0:1:57250	admin	REQUEST	[PUT] http://localhost:8080/webdav/BRjx_main/etc/conf/.DS_Store
16:44:00.344	0:0:0:0:0:0:0:1:57250	admin	200		52.03 ms
16:44:00.351	0:0:0:0:0:0:0:1:57250	admin	REQUEST	[PROPFIND] http://localhost:8080/webdav/BRjx_main/etc/conf/._.DS_Store
16:44:00.357	0:0:0:0:0:0:0:1:57250	admin	200		6.22 ms
16:44:00.364	0:0:0:0:0:0:0:1:57250	admin	REQUEST	[LOCK] http://localhost:8080/webdav/BRjx_main/etc/conf/.DS_Store
16:44:00.431	0:0:0:0:0:0:0:1:57250	admin	200		67.93 ms
16:44:00.437	0:0:0:0:0:0:0:1:57250	admin	REQUEST	[PROPFIND] http://localhost:8080/webdav/BRjx_main/etc/conf/.DS_Store
16:44:00.444	0:0:0:0:0:0:0:1:57250	admin	200		7.1 ms
16:44:00.932	0:0:0:0:0:0:0:1:57250	admin	REQUEST	[PROPFIND] http://localhost:8080/webdav/BRjx_main/etc/conf/
16:44:00.949	0:0:0:0:0:0:0:1:57250	admin	200		17.47 ms
16:44:00.954	0:0:0:0:0:0:0:1:57250	admin	REQUEST	[PROPFIND] http://localhost:8080/webdav/BRjx_main/etc/conf/._configs.xml
16:44:00.959	0:0:0:0:0:0:0:1:57250	admin	200		5.0 ms
16:44:00.962	0:0:0:0:0:0:0:1:57250	admin	REQUEST	[PROPFIND] http://localhost:8080/webdav/BRjx_main/etc/conf/._templates.xml
16:44:00.984	0:0:0:0:0:0:0:1:57250	admin	200		21.65 ms
16:44:00.987	0:0:0:0:0:0:0:1:57250	admin	REQUEST	[PROPFIND] http://localhost:8080/webdav/BRjx_main/etc/conf/._modules
16:44:00.992	0:0:0:0:0:0:0:1:57250	admin	200		5.1 ms
16:44:00.995	0:0:0:0:0:0:0:1:57250	admin	REQUEST	[PROPFIND] http://localhost:8080/webdav/BRjx_main/etc/conf/._.DS_Store
16:44:01.000	0:0:0:0:0:0:0:1:57250	admin	200		4.65 ms
16:44:03.034	0:0:0:0:0:0:0:1:57250	admin	REQUEST	[GET] http://localhost:8080/webdav/BRjx_main/etc/conf/modules/BRjx.xml
16:44:03.053	0:0:0:0:0:0:0:1:57250	admin	200		19.62 ms
16:44:03.125	0:0:0:0:0:0:0:1:57250	admin	REQUEST	[PROPFIND] http://localhost:8080/webdav/BRjx_main/
16:44:03.134	0:0:0:0:0:0:0:1:57251	admin	REQUEST	[PROPFIND] http://localhost:8080/webdav/BRjx_main/etc/conf/modules/BRjx.xml
16:44:03.142	0:0:0:0:0:0:0:1:57250	admin	200		16.74 ms
16:44:03.146	0:0:0:0:0:0:0:1:57251	admin	200		11.52 ms
16:44:03.154	0:0:0:0:0:0:0:1:57250	admin	REQUEST	[PROPFIND] http://localhost:8080/webdav/BRjx_main/etc/
16:44:03.188	0:0:0:0:0:0:0:1:57250	admin	200		33.92 ms
16:44:03.205	0:0:0:0:0:0:0:1:57250	admin	REQUEST	[PROPFIND] http://localhost:8080/webdav/BRjx_main/etc/conf/
16:44:03.220	0:0:0:0:0:0:0:1:57250	admin	200		14.94 ms
16:44:03.265	0:0:0:0:0:0:0:1:57250	admin	REQUEST	[PROPFIND] http://localhost:8080/webdav/BRjx_main/etc/conf/modules/
16:44:03.275	0:0:0:0:0:0:0:1:57250	admin	200		10.03 ms
16:44:03.320	0:0:0:0:0:0:0:1:57250	admin	REQUEST	[PROPFIND] http://localhost:8080/webdav/BRjx_main/etc/conf/modules/._BRjx.xml
16:44:03.325	0:0:0:0:0:0:0:1:57250	admin	200		4.91 ms
16:44:06.299	0:0:0:0:0:0:0:1:57250	admin	REQUEST	[PROPFIND] http://localhost:8080/webdav/BRjx_main/etc/conf/modules/-bash
16:44:06.303	0:0:0:0:0:0:0:1:57250	admin	200		4.86 ms
16:44:06.512	0:0:0:0:0:0:0:1:57250	admin	REQUEST	[PROPFIND] http://localhost:8080/webdav/BRjx_main/etc/conf/modules/
16:44:06.526	0:0:0:0:0:0:0:1:57250	admin	200		14.25 ms
16:44:06.923	0:0:0:0:0:0:0:1:57250	admin	REQUEST	[PROPFIND] http://localhost:8080/webdav/BRjx_main/etc/conf/modules/.ctags
16:44:06.930	0:0:0:0:0:0:0:1:57250	admin	200		6.73 ms
16:44:06.957	0:0:0:0:0:0:0:1:57250	admin	REQUEST	[PROPFIND] http://localhost:8080/webdav/BRjx_main/etc/conf/modules/tags
16:44:06.965	0:0:0:0:0:0:0:1:57250	admin	200		8.37 ms
16:44:07.194	0:0:0:0:0:0:0:1:57250	admin	REQUEST	[PROPFIND] http://localhost:8080/webdav/BRjx_main/etc/conf/modules/.BRjx.xml.swp
16:44:07.213	0:0:0:0:0:0:0:1:57250	admin	200		19.27 ms
16:44:07.217	0:0:0:0:0:0:0:1:57250	admin	REQUEST	[PROPFIND] http://localhost:8080/webdav/BRjx_main/etc/conf/modules/.BRjx.xml.swp
16:44:07.237	0:0:0:0:0:0:0:1:57250	admin	200		20.27 ms
16:44:07.241	0:0:0:0:0:0:0:1:57250	admin	REQUEST	[PUT] http://localhost:8080/webdav/BRjx_main/etc/conf/modules/.BRjx.xml.swp
16:44:07.315	0:0:0:0:0:0:0:1:57250	admin	200		73.86 ms
16:44:07.318	0:0:0:0:0:0:0:1:57250	admin	REQUEST	[PROPFIND] http://localhost:8080/webdav/BRjx_main/etc/conf/modules/._.BRjx.xml.swp
16:44:07.323	0:0:0:0:0:0:0:1:57250	admin	200		5.4 ms
16:44:07.332	0:0:0:0:0:0:0:1:57250	admin	REQUEST	[LOCK] http://localhost:8080/webdav/BRjx_main/etc/conf/modules/.BRjx.xml.swp
16:44:07.370	0:0:0:0:0:0:0:1:57250	admin	200		37.8 ms
16:44:07.378	0:0:0:0:0:0:0:1:57250	admin	REQUEST	[PROPFIND] http://localhost:8080/webdav/BRjx_main/etc/conf/modules/.BRjx.xml.swp
16:44:07.385	0:0:0:0:0:0:0:1:57250	admin	200		7.3 ms
16:44:07.389	0:0:0:0:0:0:0:1:57250	admin	REQUEST	[PROPFIND] http://localhost:8080/webdav/BRjx_main/etc/conf/modules/.BRjx.xml.swx
16:44:07.394	0:0:0:0:0:0:0:1:57250	admin	200		5.35 ms
16:44:07.432	0:0:0:0:0:0:0:1:57250	admin	REQUEST	[GET] http://localhost:8080/webdav/BRjx_main/etc/conf/modules/.BRjx.xml.swp
16:44:07.452	0:0:0:0:0:0:0:1:57250	admin	200		20.43 ms
16:44:07.463	0:0:0:0:0:0:0:1:57250	admin	REQUEST	[PROPFIND] http://localhost:8080/webdav/BRjx_main/etc/conf/modules/.BRjx.xml.swp
16:44:07.487	0:0:0:0:0:0:0:1:57250	admin	200		24.18 ms
16:44:07.570	0:0:0:0:0:0:0:1:57251	admin	REQUEST	[PROPFIND] http://localhost:8080/webdav/BRjx_main/etc/conf/modules/.BRjx.xml.swp
16:44:07.582	0:0:0:0:0:0:0:1:57251	admin	200		11.65 ms
16:44:07.772	0:0:0:0:0:0:0:1:57250	admin	REQUEST	[PROPFIND] http://localhost:8080/webdav/BRjx_main/etc/conf/modules/
16:44:07.806	0:0:0:0:0:0:0:1:57250	admin	200		33.83 ms
16:44:07.830	0:0:0:0:0:0:0:1:57250	admin	REQUEST	[PROPFIND] http://localhost:8080/webdav/BRjx_main/etc/conf/modules/._BRjx.xml
16:44:07.837	0:0:0:0:0:0:0:1:57250	admin	200		7.25 ms
16:44:07.850	0:0:0:0:0:0:0:1:57250	admin	REQUEST	[PROPFIND] http://localhost:8080/webdav/BRjx_main/etc/conf/modules/._.BRjx.xml.swp
16:44:07.856	0:0:0:0:0:0:0:1:57250	admin	200		6.55 ms
16:44:11.593	0:0:0:0:0:0:0:1:57250	admin	REQUEST	[PROPFIND] http://localhost:8080/webdav/BRjx_main/etc/conf/modules/.BRjx.xml.swo
16:44:11.602	0:0:0:0:0:0:0:1:57250	admin	200		9.35 ms
16:44:11.610	0:0:0:0:0:0:0:1:57250	admin	REQUEST	[PROPFIND] http://localhost:8080/webdav/BRjx_main/etc/conf/modules/.BRjx.xml.swo
16:44:11.615	0:0:0:0:0:0:0:1:57250	admin	200		5.8 ms
16:44:11.624	0:0:0:0:0:0:0:1:57250	admin	REQUEST	[PUT] http://localhost:8080/webdav/BRjx_main/etc/conf/modules/.BRjx.xml.swo
16:44:11.688	0:0:0:0:0:0:0:1:57250	admin	200		64.01 ms
16:44:11.699	0:0:0:0:0:0:0:1:57250	admin	REQUEST	[PROPFIND] http://localhost:8080/webdav/BRjx_main/etc/conf/modules/._.BRjx.xml.swo
16:44:11.708	0:0:0:0:0:0:0:1:57250	admin	200		9.03 ms
16:44:11.714	0:0:0:0:0:0:0:1:57250	admin	REQUEST	[LOCK] http://localhost:8080/webdav/BRjx_main/etc/conf/modules/.BRjx.xml.swo
16:44:11.776	0:0:0:0:0:0:0:1:57250	admin	200		62.59 ms
16:44:11.799	0:0:0:0:0:0:0:1:57250	admin	REQUEST	[PROPFIND] http://localhost:8080/webdav/BRjx_main/etc/conf/modules/BRjx.xml
16:44:11.808	0:0:0:0:0:0:0:1:57250	admin	200		9.43 ms
16:44:11.848	0:0:0:0:0:0:0:1:57250	admin	REQUEST	[PROPFIND] http://localhost:8080/webdav/BRjx_main/etc/conf/modules/.git
16:44:11.857	0:0:0:0:0:0:0:1:57250	admin	200		9.71 ms
16:44:11.867	0:0:0:0:0:0:0:1:57250	admin	REQUEST	[PROPFIND] http://localhost:8080/webdav/BRjx_main/etc/conf/modules/HEAD
16:44:11.875	0:0:0:0:0:0:0:1:57250	admin	200		7.23 ms
16:44:11.879	0:0:0:0:0:0:0:1:57250	admin	REQUEST	[PROPFIND] http://localhost:8080/webdav/BRjx_main/etc/conf/.git
16:44:11.903	0:0:0:0:0:0:0:1:57250	admin	200		24.67 ms
16:44:11.907	0:0:0:0:0:0:0:1:57250	admin	REQUEST	[PROPFIND] http://localhost:8080/webdav/BRjx_main/etc/conf/HEAD
16:44:11.913	0:0:0:0:0:0:0:1:57250	admin	200		6.75 ms
16:44:11.915	0:0:0:0:0:0:0:1:57250	admin	REQUEST	[PROPFIND] http://localhost:8080/webdav/BRjx_main/etc/.git
16:44:11.922	0:0:0:0:0:0:0:1:57250	admin	200		6.69 ms
16:44:11.951	0:0:0:0:0:0:0:1:57250	admin	REQUEST	[PROPFIND] http://localhost:8080/webdav/BRjx_main/etc/HEAD
16:44:11.963	0:0:0:0:0:0:0:1:57250	admin	200		11.57 ms
16:44:11.967	0:0:0:0:0:0:0:1:57250	admin	REQUEST	[PROPFIND] http://localhost:8080/webdav/BRjx_main/.git
16:44:11.973	0:0:0:0:0:0:0:1:57250	admin	200		6.81 ms
16:44:11.984	0:0:0:0:0:0:0:1:57250	admin	REQUEST	[PROPFIND] http://localhost:8080/webdav/BRjx_main/HEAD
16:44:11.990	0:0:0:0:0:0:0:1:57250	admin	200		6.27 ms
16:44:12.000	0:0:0:0:0:0:0:1:57250	admin	REQUEST	[PROPFIND] http://localhost:8080/webdav/.git
16:44:12.001	0:0:0:0:0:0:0:1:57250	admin	200		1.53 ms
16:44:12.010	0:0:0:0:0:0:0:1:57250	admin	REQUEST	[PROPFIND] http://localhost:8080/webdav/HEAD
16:44:12.012	0:0:0:0:0:0:0:1:57250	admin	200		1.58 ms
16:44:12.099	0:0:0:0:0:0:0:1:57250	admin	REQUEST	[PROPFIND] http://localhost:8080/webdav/BRjx_main/etc/conf/modules/_vim_path_
16:44:12.106	0:0:0:0:0:0:0:1:57250	admin	200		7.2 ms
16:44:12.210	0:0:0:0:0:0:0:1:57250	admin	REQUEST	[PROPFIND] http://localhost:8080/webdav/BRjx_main/etc/conf/modules/
16:44:12.230	0:0:0:0:0:0:0:1:57250	admin	200		19.81 ms
16:44:12.236	0:0:0:0:0:0:0:1:57250	admin	REQUEST	[PROPFIND] http://localhost:8080/webdav/BRjx_main/etc/conf/modules/._BRjx.xml
16:44:12.243	0:0:0:0:0:0:0:1:57250	admin	200		7.66 ms
16:44:12.256	0:0:0:0:0:0:0:1:57250	admin	REQUEST	[PROPFIND] http://localhost:8080/webdav/BRjx_main/etc/conf/modules/._.BRjx.xml.swo
16:44:12.271	0:0:0:0:0:0:0:1:57250	admin	200		15.82 ms
16:44:12.286	0:0:0:0:0:0:0:1:57250	admin	REQUEST	[PROPFIND] http://localhost:8080/webdav/BRjx_main/etc/conf/modules/._.BRjx.xml.swp
16:44:12.294	0:0:0:0:0:0:0:1:57250	admin	200		8.17 ms
16:44:12.694	0:0:0:0:0:0:0:1:57250	admin	REQUEST	[PROPFIND] http://localhost:8080/webdav/BRjx_main/etc/conf/modules/libuuid.dylib
16:44:12.700	0:0:0:0:0:0:0:1:57250	admin	200		6.34 ms
16:44:12.703	0:0:0:0:0:0:0:1:57250	admin	REQUEST	[PROPFIND] http://localhost:8080/webdav/BRjx_main/etc/conf/modules/uuid.dylib
16:44:12.710	0:0:0:0:0:0:0:1:57250	admin	200		6.76 ms
16:44:12.723	0:0:0:0:0:0:0:1:57250	admin	REQUEST	[PROPFIND] http://localhost:8080/webdav/BRjx_main/etc/conf/modules/uuid.framework
16:44:12.730	0:0:0:0:0:0:0:1:57250	admin	200		6.3 ms
16:44:12.827	0:0:0:0:0:0:0:1:57250	admin	REQUEST	[PROPFIND] http://localhost:8080/webdav/BRjx_main/etc/conf/modules/_vim_path_
16:44:12.836	0:0:0:0:0:0:0:1:57250	admin	200		8.98 ms
16:44:13.008	0:0:0:0:0:0:0:1:57250	admin	REQUEST	[PROPFIND] http://localhost:8080/webdav/BRjx_main/etc/conf/modules/tags
16:44:13.040	0:0:0:0:0:0:0:1:57250	admin	200		31.74 ms
16:44:13.061	0:0:0:0:0:0:0:1:57250	admin	REQUEST	[PROPFIND] http://localhost:8080/webdav/BRjx_main/etc/conf/modules/NERD_tree_1
16:44:13.066	0:0:0:0:0:0:0:1:57250	admin	200		4.85 ms
16:44:13.074	0:0:0:0:0:0:0:1:57250	admin	REQUEST	[PROPFIND] http://localhost:8080/webdav/BRjx_main/etc/conf/modules/.NERD_tree_1.swp
16:44:13.079	0:0:0:0:0:0:0:1:57250	admin	200		4.61 ms
16:44:13.099	0:0:0:0:0:0:0:1:57250	admin	REQUEST	[PROPFIND] http://localhost:8080/webdav/BRjx_main/etc/conf/modules/.NERD_tree_1.swp
16:44:13.104	0:0:0:0:0:0:0:1:57250	admin	200		5.04 ms
16:44:13.106	0:0:0:0:0:0:0:1:57250	admin	REQUEST	[PUT] http://localhost:8080/webdav/BRjx_main/etc/conf/modules/.NERD_tree_1.swp
16:44:13.146	0:0:0:0:0:0:0:1:57250	admin	200		39.71 ms
16:44:13.149	0:0:0:0:0:0:0:1:57250	admin	REQUEST	[PROPFIND] http://localhost:8080/webdav/BRjx_main/etc/conf/modules/._.NERD_tree_1.swp
16:44:13.154	0:0:0:0:0:0:0:1:57250	admin	200		5.02 ms
16:44:13.171	0:0:0:0:0:0:0:1:57250	admin	REQUEST	[LOCK] http://localhost:8080/webdav/BRjx_main/etc/conf/modules/.NERD_tree_1.swp
16:44:13.200	0:0:0:0:0:0:0:1:57250	admin	200		28.78 ms
16:44:13.206	0:0:0:0:0:0:0:1:57250	admin	REQUEST	[PROPFIND] http://localhost:8080/webdav/BRjx_main/etc/conf/modules/.NERD_tree_1.swp
16:44:13.213	0:0:0:0:0:0:0:1:57250	admin	200		7.23 ms
16:44:13.220	0:0:0:0:0:0:0:1:57250	admin	REQUEST	[PROPFIND] http://localhost:8080/webdav/BRjx_main/etc/conf/modules/.NERD_tree_1.swx
16:44:13.299	0:0:0:0:0:0:0:1:57250	admin	200		78.88 ms
16:44:13.305	0:0:0:0:0:0:0:1:57250	admin	REQUEST	[GET] http://localhost:8080/webdav/BRjx_main/etc/conf/modules/.NERD_tree_1.swp
16:44:13.313	0:0:0:0:0:0:0:1:57250	admin	200		7.25 ms
16:44:13.316	0:0:0:0:0:0:0:1:57250	admin	REQUEST	[PROPFIND] http://localhost:8080/webdav/BRjx_main/etc/conf/modules/.NERD_tree_1.swp
16:44:13.323	0:0:0:0:0:0:0:1:57250	admin	200		6.89 ms
16:44:13.326	0:0:0:0:0:0:0:1:57250	admin	REQUEST	[PROPFIND] http://localhost:8080/webdav/BRjx_main/etc/conf/modules/NERD_tree_1
16:44:13.331	0:0:0:0:0:0:0:1:57250	admin	200		4.64 ms
16:44:13.335	0:0:0:0:0:0:0:1:57250	admin	REQUEST	[PROPFIND] http://localhost:8080/webdav/BRjx_main/etc/conf/._modules
16:44:13.345	0:0:0:0:0:0:0:1:57250	admin	200		10.12 ms
16:44:13.357	0:0:0:0:0:0:0:1:57250	admin	REQUEST	[PROPFIND] http://localhost:8080/webdav/BRjx_main/etc/conf/modules/
16:44:13.371	0:0:0:0:0:0:0:1:57250	admin	200		13.92 ms
16:44:13.376	0:0:0:0:0:0:0:1:57250	admin	REQUEST	[PROPFIND] http://localhost:8080/webdav/BRjx_main/etc/conf/modules/._BRjx.xml
16:44:13.380	0:0:0:0:0:0:0:1:57250	admin	200		4.66 ms
16:44:13.383	0:0:0:0:0:0:0:1:57250	admin	REQUEST	[PROPFIND] http://localhost:8080/webdav/BRjx_main/etc/conf/modules/._.BRjx.xml.swo
16:44:13.387	0:0:0:0:0:0:0:1:57250	admin	200		4.45 ms
16:44:13.389	0:0:0:0:0:0:0:1:57250	admin	REQUEST	[PROPFIND] http://localhost:8080/webdav/BRjx_main/etc/conf/modules/._.BRjx.xml.swp
16:44:13.394	0:0:0:0:0:0:0:1:57250	admin	200		4.43 ms
16:44:13.398	0:0:0:0:0:0:0:1:57250	admin	REQUEST	[PROPFIND] http://localhost:8080/webdav/BRjx_main/etc/conf/modules/._.NERD_tree_1.swp
16:44:13.504	0:0:0:0:0:0:0:1:57250	admin	200		106.58 ms
16:44:13.745	0:0:0:0:0:0:0:1:57250	admin	REQUEST	[PROPFIND] http://localhost:8080/webdav/BRjx_main/etc/conf/modules/libuuid.dylib
16:44:13.750	0:0:0:0:0:0:0:1:57250	admin	200		5.08 ms
16:44:13.755	0:0:0:0:0:0:0:1:57250	admin	REQUEST	[PROPFIND] http://localhost:8080/webdav/BRjx_main/etc/conf/modules/uuid.dylib
16:44:13.759	0:0:0:0:0:0:0:1:57250	admin	200		4.44 ms
16:44:13.762	0:0:0:0:0:0:0:1:57250	admin	REQUEST	[PROPFIND] http://localhost:8080/webdav/BRjx_main/etc/conf/modules/uuid.framework
16:44:13.766	0:0:0:0:0:0:0:1:57250	admin	200		4.22 ms
16:44:15.722	0:0:0:0:0:0:0:1:57250	admin	REQUEST	[PROPFIND] http://localhost:8080/webdav/BRjx_main/etc/conf/modules/.NERD_tree_1.swo
16:44:15.728	0:0:0:0:0:0:0:1:57250	admin	200		5.8 ms
16:44:15.736	0:0:0:0:0:0:0:1:57250	admin	REQUEST	[PROPFIND] http://localhost:8080/webdav/BRjx_main/etc/conf/modules/.NERD_tree_1.swo
16:44:15.741	0:0:0:0:0:0:0:1:57250	admin	200		5.32 ms
16:44:15.743	0:0:0:0:0:0:0:1:57250	admin	REQUEST	[PUT] http://localhost:8080/webdav/BRjx_main/etc/conf/modules/.NERD_tree_1.swo
16:44:15.787	0:0:0:0:0:0:0:1:57250	admin	200		44.56 ms
16:44:15.795	0:0:0:0:0:0:0:1:57250	admin	REQUEST	[PROPFIND] http://localhost:8080/webdav/BRjx_main/etc/conf/modules/._.NERD_tree_1.swo
16:44:15.800	0:0:0:0:0:0:0:1:57250	admin	200		4.79 ms
16:44:15.802	0:0:0:0:0:0:0:1:57250	admin	REQUEST	[LOCK] http://localhost:8080/webdav/BRjx_main/etc/conf/modules/.NERD_tree_1.swo
16:44:15.825	0:0:0:0:0:0:0:1:57250	admin	200		22.54 ms
16:44:15.828	0:0:0:0:0:0:0:1:57250	admin	REQUEST	[PROPFIND] http://localhost:8080/webdav/BRjx_main/etc/conf/modules/NERD_tree_1
16:44:15.832	0:0:0:0:0:0:0:1:57250	admin	200		4.34 ms
16:44:15.842	0:0:0:0:0:0:0:1:57250	admin	REQUEST	[PROPFIND] http://localhost:8080/webdav/BRjx_main/etc/conf/modules/NERD_tree_1
16:44:15.846	0:0:0:0:0:0:0:1:57250	admin	200		4.4 ms
16:44:15.864	0:0:0:0:0:0:0:1:57250	admin	REQUEST	[PROPFIND] http://localhost:8080/webdav/BRjx_main/etc/conf/modules/
16:44:15.878	0:0:0:0:0:0:0:1:57250	admin	200		14.02 ms
16:44:15.891	0:0:0:0:0:0:0:1:57250	admin	REQUEST	[PROPFIND] http://localhost:8080/webdav/BRjx_main/etc/conf/modules/
16:44:15.906	0:0:0:0:0:0:0:1:57250	admin	200		14.64 ms
16:44:15.915	0:0:0:0:0:0:0:1:57250	admin	REQUEST	[PROPFIND] http://localhost:8080/webdav/BRjx_main/etc/conf/modules/BRjx.xml
16:44:15.922	0:0:0:0:0:0:0:1:57250	admin	200		6.92 ms
16:44:15.926	0:0:0:0:0:0:0:1:57251	admin	REQUEST	[GET] http://localhost:8080/webdav/BRjx_main/etc/conf/modules/.BRjx.xml.swo
16:44:15.933	0:0:0:0:0:0:0:1:57251	admin	200		7.26 ms
16:44:15.937	0:0:0:0:0:0:0:1:57250	admin	REQUEST	[PROPFIND] http://localhost:8080/webdav/BRjx_main/etc/conf/modules/.BRjx.xml.swo
16:44:15.943	0:0:0:0:0:0:0:1:57250	admin	200		6.45 ms
16:44:15.944	0:0:0:0:0:0:0:1:57251	admin	REQUEST	[GET] http://localhost:8080/webdav/BRjx_main/etc/conf/modules/.NERD_tree_1.swo
16:44:15.950	0:0:0:0:0:0:0:1:57266	admin	REQUEST	[PROPFIND] http://localhost:8080/webdav/BRjx_main/etc/conf/modules/.BRjx.xml.swp
16:44:15.963	0:0:0:0:0:0:0:1:57266	admin	200		12.83 ms
16:44:15.965	0:0:0:0:0:0:0:1:57251	admin	200		21.36 ms
16:44:15.969	0:0:0:0:0:0:0:1:57250	admin	REQUEST	[PROPFIND] http://localhost:8080/webdav/BRjx_main/etc/conf/modules/.NERD_tree_1.swo
16:44:15.976	0:0:0:0:0:0:0:1:57250	admin	200		6.76 ms
16:44:15.988	0:0:0:0:0:0:0:1:57250	admin	REQUEST	[PROPFIND] http://localhost:8080/webdav/BRjx_main/etc/conf/modules/.NERD_tree_1.swp
16:44:15.995	0:0:0:0:0:0:0:1:57250	admin	200		7.4 ms
16:44:16.006	0:0:0:0:0:0:0:1:57250	admin	REQUEST	[PROPFIND] http://localhost:8080/webdav/BRjx_main/etc/conf/modules/.git
16:44:16.011	0:0:0:0:0:0:0:1:57250	admin	200		5.09 ms
16:44:16.013	0:0:0:0:0:0:0:1:57250	admin	REQUEST	[PROPFIND] http://localhost:8080/webdav/BRjx_main/etc/conf/modules/HEAD
16:44:16.017	0:0:0:0:0:0:0:1:57250	admin	200		4.41 ms
16:44:16.020	0:0:0:0:0:0:0:1:57250	admin	REQUEST	[PROPFIND] http://localhost:8080/webdav/BRjx_main/etc/conf/.git
16:44:16.024	0:0:0:0:0:0:0:1:57250	admin	200		4.45 ms
16:44:16.027	0:0:0:0:0:0:0:1:57250	admin	REQUEST	[PROPFIND] http://localhost:8080/webdav/BRjx_main/etc/conf/HEAD
16:44:16.032	0:0:0:0:0:0:0:1:57250	admin	200		5.68 ms
16:44:16.034	0:0:0:0:0:0:0:1:57250	admin	REQUEST	[PROPFIND] http://localhost:8080/webdav/BRjx_main/etc/.git
16:44:16.039	0:0:0:0:0:0:0:1:57250	admin	200		5.01 ms
16:44:16.041	0:0:0:0:0:0:0:1:57250	admin	REQUEST	[PROPFIND] http://localhost:8080/webdav/BRjx_main/etc/HEAD
16:44:16.047	0:0:0:0:0:0:0:1:57250	admin	200		6.02 ms
16:44:16.049	0:0:0:0:0:0:0:1:57250	admin	REQUEST	[PROPFIND] http://localhost:8080/webdav/BRjx_main/.git
16:44:16.054	0:0:0:0:0:0:0:1:57250	admin	200		5.79 ms
16:44:16.056	0:0:0:0:0:0:0:1:57250	admin	REQUEST	[PROPFIND] http://localhost:8080/webdav/BRjx_main/HEAD
16:44:16.061	0:0:0:0:0:0:0:1:57250	admin	200		5.5 ms
16:44:16.063	0:0:0:0:0:0:0:1:57250	admin	REQUEST	[PROPFIND] http://localhost:8080/webdav/.git
16:44:16.065	0:0:0:0:0:0:0:1:57250	admin	200		1.59 ms
16:44:16.067	0:0:0:0:0:0:0:1:57250	admin	REQUEST	[PROPFIND] http://localhost:8080/webdav/HEAD
16:44:16.068	0:0:0:0:0:0:0:1:57250	admin	200		1.53 ms
16:44:16.174	0:0:0:0:0:0:0:1:57250	admin	REQUEST	[PROPFIND] http://localhost:8080/webdav/BRjx_main/etc/conf/._modules
16:44:16.181	0:0:0:0:0:0:0:1:57250	admin	200		7.42 ms
16:44:16.221	0:0:0:0:0:0:0:1:57250	admin	REQUEST	[PROPFIND] http://localhost:8080/webdav/BRjx_main/etc/conf/modules/
16:44:16.239	0:0:0:0:0:0:0:1:57250	admin	200		17.67 ms
16:44:16.243	0:0:0:0:0:0:0:1:57250	admin	REQUEST	[PROPFIND] http://localhost:8080/webdav/BRjx_main/etc/conf/modules/._BRjx.xml
16:44:16.250	0:0:0:0:0:0:0:1:57250	admin	200		7.17 ms
16:44:16.255	0:0:0:0:0:0:0:1:57250	admin	REQUEST	[PROPFIND] http://localhost:8080/webdav/BRjx_main/etc/conf/modules/._.BRjx.xml.swo
16:44:16.260	0:0:0:0:0:0:0:1:57250	admin	200		4.83 ms
16:44:16.267	0:0:0:0:0:0:0:1:57250	admin	REQUEST	[PROPFIND] http://localhost:8080/webdav/BRjx_main/etc/conf/modules/
16:44:16.281	0:0:0:0:0:0:0:1:57250	admin	200		14.29 ms
16:44:16.291	0:0:0:0:0:0:0:1:57250	admin	REQUEST	[PROPFIND] http://localhost:8080/webdav/BRjx_main/etc/conf/modules/._.BRjx.xml.swp
16:44:16.298	0:0:0:0:0:0:0:1:57250	admin	200		6.66 ms
16:44:16.302	0:0:0:0:0:0:0:1:57250	admin	REQUEST	[PROPFIND] http://localhost:8080/webdav/BRjx_main/etc/conf/modules/
16:44:16.318	0:0:0:0:0:0:0:1:57250	admin	200		16.55 ms
16:44:16.324	0:0:0:0:0:0:0:1:57250	admin	REQUEST	[PROPFIND] http://localhost:8080/webdav/BRjx_main/etc/conf/modules/._.NERD_tree_1.swo
16:44:16.328	0:0:0:0:0:0:0:1:57250	admin	200		4.33 ms
16:44:16.332	0:0:0:0:0:0:0:1:57250	admin	REQUEST	[PROPFIND] http://localhost:8080/webdav/BRjx_main/etc/conf/modules/._.NERD_tree_1.swp
16:44:16.337	0:0:0:0:0:0:0:1:57250	admin	200		5.33 ms
16:44:18.392	0:0:0:0:0:0:0:1:57250	admin	REQUEST	[PROPFIND] http://localhost:8080/webdav/BRjx_main/etc/conf/modules/.ctags
16:44:18.396	0:0:0:0:0:0:0:1:57250	admin	200		4.46 ms
16:44:23.665	0:0:0:0:0:0:0:1:57250	admin	REQUEST	[PROPFIND] http://localhost:8080/webdav/BRjx_main/etc/conf/modules/BRjx.xml
16:44:23.682	0:0:0:0:0:0:0:1:57250	admin	200		17.66 ms
16:44:32.912	0:0:0:0:0:0:0:1:57250	admin	REQUEST	[PROPFIND] http://localhost:8080/webdav/._.
16:44:32.914	0:0:0:0:0:0:0:1:57250	admin	200		1.8 ms
16:44:32.916	0:0:0:0:0:0:0:1:57250	admin	REQUEST	[PROPFIND] http://localhost:8080/webdav/._.
16:44:32.918	0:0:0:0:0:0:0:1:57250	admin	200		1.29 ms
16:44:32.920	0:0:0:0:0:0:0:1:57250	admin	REQUEST	[PROPFIND] http://localhost:8080/webdav/
16:44:32.959	0:0:0:0:0:0:0:1:57250	admin	200		39.64 ms
16:44:32.997	0:0:0:0:0:0:0:1:57250	admin	REQUEST	[PROPFIND] http://localhost:8080/webdav/._1384225410
16:44:32.998	0:0:0:0:0:0:0:1:57250	admin	200		1.48 ms
16:44:33.000	0:0:0:0:0:0:0:1:57250	admin	REQUEST	[PROPFIND] http://localhost:8080/webdav/._1423473823
16:44:33.001	0:0:0:0:0:0:0:1:57250	admin	200		1.06 ms
16:44:33.003	0:0:0:0:0:0:0:1:57250	admin	REQUEST	[PROPFIND] http://localhost:8080/webdav/._1685008080
16:44:33.004	0:0:0:0:0:0:0:1:57250	admin	200		0.93 ms
16:44:33.040	0:0:0:0:0:0:0:1:57250	admin	REQUEST	[PROPFIND] http://localhost:8080/webdav/._1859936405
16:44:33.041	0:0:0:0:0:0:0:1:57250	admin	200		1.33 ms
16:44:33.043	0:0:0:0:0:0:0:1:57250	admin	REQUEST	[PROPFIND] http://localhost:8080/webdav/._268884640
16:44:33.151	0:0:0:0:0:0:0:1:57250	admin	200		108.26 ms
16:44:33.153	0:0:0:0:0:0:0:1:57250	admin	REQUEST	[PROPFIND] http://localhost:8080/webdav/._84788813
16:44:33.154	0:0:0:0:0:0:0:1:57250	admin	200		1.36 ms
16:44:33.156	0:0:0:0:0:0:0:1:57250	admin	REQUEST	[PROPFIND] http://localhost:8080/webdav/._BRjx_conf
16:44:33.159	0:0:0:0:0:0:0:1:57250	admin	200		2.54 ms
16:44:33.165	0:0:0:0:0:0:0:1:57250	admin	REQUEST	[PROPFIND] http://localhost:8080/webdav/._BRjx_main
16:44:33.166	0:0:0:0:0:0:0:1:57250	admin	200		1.26 ms
16:44:33.168	0:0:0:0:0:0:0:1:57250	admin	REQUEST	[PROPFIND] http://localhost:8080/webdav/._BRjx_tables
16:44:33.169	0:0:0:0:0:0:0:1:57250	admin	200		1.09 ms
16:44:33.183	0:0:0:0:0:0:0:1:57250	admin	REQUEST	[PROPFIND] http://localhost:8080/webdav/._compare
16:44:33.187	0:0:0:0:0:0:0:1:57250	admin	200		4.08 ms
16:44:33.191	0:0:0:0:0:0:0:1:57250	admin	REQUEST	[PROPFIND] http://localhost:8080/webdav/._template_main
16:44:33.193	0:0:0:0:0:0:0:1:57250	admin	200		2.26 ms
16:44:33.217	0:0:0:0:0:0:0:1:57250	admin	REQUEST	[PROPFIND] http://localhost:8080/webdav/BRjx_main/
16:44:33.236	0:0:0:0:0:0:0:1:57250	admin	200		19.11 ms
16:44:33.241	0:0:0:0:0:0:0:1:57250	admin	REQUEST	[PROPFIND] http://localhost:8080/webdav/BRjx_main/._etc
16:44:33.246	0:0:0:0:0:0:0:1:57250	admin	200		5.22 ms
16:44:33.249	0:0:0:0:0:0:0:1:57250	admin	REQUEST	[PROPFIND] http://localhost:8080/webdav/BRjx_main/._var
16:44:33.254	0:0:0:0:0:0:0:1:57250	admin	200		5.43 ms
16:44:33.285	0:0:0:0:0:0:0:1:57250	admin	REQUEST	[PROPFIND] http://localhost:8080/webdav/BRjx_main/._bin
16:44:33.291	0:0:0:0:0:0:0:1:57250	admin	200		5.89 ms
16:44:33.299	0:0:0:0:0:0:0:1:57250	admin	REQUEST	[PROPFIND] http://localhost:8080/webdav/BRjx_main/._.DS_Store
16:44:33.303	0:0:0:0:0:0:0:1:57250	admin	200		4.57 ms
16:44:33.315	0:0:0:0:0:0:0:1:57250	admin	REQUEST	[PROPFIND] http://localhost:8080/webdav/BRjx_main/bin/
16:44:33.333	0:0:0:0:0:0:0:1:57250	admin	200		18.25 ms
16:44:33.342	0:0:0:0:0:0:0:1:57250	admin	REQUEST	[PROPFIND] http://localhost:8080/webdav/BRjx_main/bin/._commands.xml
16:44:33.347	0:0:0:0:0:0:0:1:57250	admin	200		4.92 ms
16:44:33.349	0:0:0:0:0:0:0:1:57250	admin	REQUEST	[PROPFIND] http://localhost:8080/webdav/BRjx_main/bin/._main.xml
16:44:33.354	0:0:0:0:0:0:0:1:57250	admin	200		5.35 ms
16:44:33.355	0:0:0:0:0:0:0:1:57250	admin	REQUEST	[PROPFIND] http://localhost:8080/webdav/BRjx_main/bin/._modules.xml
16:44:33.371	0:0:0:0:0:0:0:1:57250	admin	200		15.73 ms
16:44:33.393	0:0:0:0:0:0:0:1:57250	admin	REQUEST	[PROPFIND] http://localhost:8080/webdav/BRjx_main/etc/
16:44:33.423	0:0:0:0:0:0:0:1:57250	admin	200		29.76 ms
16:44:33.428	0:0:0:0:0:0:0:1:57250	admin	REQUEST	[PROPFIND] http://localhost:8080/webdav/BRjx_main/etc/._conf
16:44:33.434	0:0:0:0:0:0:0:1:57250	admin	200		6.71 ms
16:44:33.437	0:0:0:0:0:0:0:1:57250	admin	REQUEST	[PROPFIND] http://localhost:8080/webdav/BRjx_main/etc/._init
16:44:33.453	0:0:0:0:0:0:0:1:57250	admin	200		15.4 ms
16:44:33.456	0:0:0:0:0:0:0:1:57250	admin	REQUEST	[PROPFIND] http://localhost:8080/webdav/BRjx_main/etc/._.DS_Store
16:44:33.464	0:0:0:0:0:0:0:1:57250	admin	200		8.26 ms
16:44:33.475	0:0:0:0:0:0:0:1:57250	admin	REQUEST	[PROPFIND] http://localhost:8080/webdav/BRjx_main/etc/conf/
16:44:33.501	0:0:0:0:0:0:0:1:57250	admin	200		26.61 ms
16:44:33.505	0:0:0:0:0:0:0:1:57250	admin	REQUEST	[PROPFIND] http://localhost:8080/webdav/BRjx_main/etc/conf/._configs.xml
16:44:33.511	0:0:0:0:0:0:0:1:57250	admin	200		6.81 ms
16:44:33.515	0:0:0:0:0:0:0:1:57250	admin	REQUEST	[PROPFIND] http://localhost:8080/webdav/BRjx_main/etc/conf/._templates.xml
16:44:33.520	0:0:0:0:0:0:0:1:57250	admin	200		4.33 ms
16:44:33.524	0:0:0:0:0:0:0:1:57250	admin	REQUEST	[PROPFIND] http://localhost:8080/webdav/BRjx_main/etc/conf/._modules
16:44:33.529	0:0:0:0:0:0:0:1:57250	admin	200		4.73 ms
16:44:33.534	0:0:0:0:0:0:0:1:57250	admin	REQUEST	[PROPFIND] http://localhost:8080/webdav/BRjx_main/etc/conf/._.DS_Store
16:44:33.539	0:0:0:0:0:0:0:1:57250	admin	200		5.02 ms
16:44:33.566	0:0:0:0:0:0:0:1:57250	admin	REQUEST	[PROPFIND] http://localhost:8080/webdav/BRjx_main/etc/conf/modules/
16:44:33.581	0:0:0:0:0:0:0:1:57250	admin	200		15.62 ms
16:44:33.585	0:0:0:0:0:0:0:1:57250	admin	REQUEST	[PROPFIND] http://localhost:8080/webdav/BRjx_main/etc/conf/modules/._BRjx.xml
16:44:33.590	0:0:0:0:0:0:0:1:57250	admin	200		5.59 ms
16:44:33.595	0:0:0:0:0:0:0:1:57250	admin	REQUEST	[PROPFIND] http://localhost:8080/webdav/BRjx_main/etc/conf/modules/._.BRjx.xml.swo
16:44:33.621	0:0:0:0:0:0:0:1:57250	admin	200		26.0 ms
16:44:33.624	0:0:0:0:0:0:0:1:57250	admin	REQUEST	[PROPFIND] http://localhost:8080/webdav/BRjx_main/etc/conf/modules/._.BRjx.xml.swp
16:44:33.630	0:0:0:0:0:0:0:1:57250	admin	200		6.49 ms
16:44:33.638	0:0:0:0:0:0:0:1:57250	admin	REQUEST	[PROPFIND] http://localhost:8080/webdav/BRjx_main/etc/conf/modules/._.NERD_tree_1.swo
16:44:33.643	0:0:0:0:0:0:0:1:57250	admin	200		5.37 ms
16:44:33.652	0:0:0:0:0:0:0:1:57250	admin	REQUEST	[PROPFIND] http://localhost:8080/webdav/BRjx_main/etc/conf/modules/._.NERD_tree_1.swp
16:44:33.656	0:0:0:0:0:0:0:1:57250	admin	200		4.42 ms
16:44:33.670	0:0:0:0:0:0:0:1:57250	admin	REQUEST	[PROPFIND] http://localhost:8080/webdav/BRjx_main/etc/init/
16:44:33.686	0:0:0:0:0:0:0:1:57250	admin	200		15.6 ms
16:44:33.699	0:0:0:0:0:0:0:1:57250	admin	REQUEST	[PROPFIND] http://localhost:8080/webdav/BRjx_main/etc/init/._jobs.xml
16:44:33.707	0:0:0:0:0:0:0:1:57250	admin	200		7.81 ms
16:44:33.708	0:0:0:0:0:0:0:1:57250	admin	REQUEST	[PROPFIND] http://localhost:8080/webdav/BRjx_main/etc/init/._run.xml
16:44:33.718	0:0:0:0:0:0:0:1:57250	admin	200		9.29 ms
16:44:33.734	0:0:0:0:0:0:0:1:57250	admin	REQUEST	[PROPFIND] http://localhost:8080/webdav/BRjx_main/var/
16:44:33.753	0:0:0:0:0:0:0:1:57250	admin	200		19.23 ms
16:44:33.756	0:0:0:0:0:0:0:1:57250	admin	REQUEST	[PROPFIND] http://localhost:8080/webdav/BRjx_main/var/._principals
16:44:33.768	0:0:0:0:0:0:0:1:57250	admin	200		11.38 ms
16:44:33.784	0:0:0:0:0:0:0:1:57250	admin	REQUEST	[PROPFIND] http://localhost:8080/webdav/.DS_Store
16:44:33.849	0:0:0:0:0:0:0:1:57250	admin	200		64.73 ms
16:44:33.854	0:0:0:0:0:0:0:1:57250	admin	REQUEST	[PROPFIND] http://localhost:8080/webdav/.DS_Store
16:44:33.856	0:0:0:0:0:0:0:1:57250	admin	200		2.27 ms
16:44:33.867	0:0:0:0:0:0:0:1:57250	admin	REQUEST	[PUT] http://localhost:8080/webdav/.DS_Store
16:44:33.904	0:0:0:0:0:0:0:1:57250	admin	200		36.87 ms
16:44:33.916	0:0:0:0:0:0:0:1:57250	admin	REQUEST	[PROPFIND] http://localhost:8080/webdav/._.DS_Store
16:44:33.918	0:0:0:0:0:0:0:1:57250	admin	200		2.42 ms
16:44:33.921	0:0:0:0:0:0:0:1:57250	admin	REQUEST	[LOCK] http://localhost:8080/webdav/.DS_Store
16:44:34.064	0:0:0:0:0:0:0:1:57250	admin	200		143.87 ms
16:44:34.081	0:0:0:0:0:0:0:1:57250	admin	REQUEST	[PROPFIND] http://localhost:8080/webdav/.DS_Store
16:44:34.082	0:0:0:0:0:0:0:1:57250	admin	200		1.51 ms
16:44:34.101	0:0:0:0:0:0:0:1:57250	admin	REQUEST	[PROPFIND] http://localhost:8080/webdav/._BRjx_tables
16:44:34.102	0:0:0:0:0:0:0:1:57250	admin	200		1.27 ms
16:44:34.124	0:0:0:0:0:0:0:1:57250	admin	REQUEST	[PROPFIND] http://localhost:8080/webdav/BRjx_tables/
16:44:34.137	0:0:0:0:0:0:0:1:57250	admin	200		12.83 ms
16:44:34.141	0:0:0:0:0:0:0:1:57250	admin	REQUEST	[PROPFIND] http://localhost:8080/webdav/BRjx_tables/._var
16:44:34.161	0:0:0:0:0:0:0:1:57250	admin	200		20.09 ms
16:44:34.190	0:0:0:0:0:0:0:1:57250	admin	REQUEST	[PROPFIND] http://localhost:8080/webdav/._.
16:44:34.191	0:0:0:0:0:0:0:1:57250	admin	200		1.23 ms
16:44:34.195	0:0:0:0:0:0:0:1:57250	admin	REQUEST	[PROPFIND] http://localhost:8080/webdav/BRjx_tables/.DS_Store
16:44:34.199	0:0:0:0:0:0:0:1:57250	admin	200		3.62 ms
16:44:34.390	0:0:0:0:0:0:0:1:57250	admin	REQUEST	[PROPFIND] http://localhost:8080/webdav/.DS_Store
16:44:34.391	0:0:0:0:0:0:0:1:57250	admin	200		1.2 ms
16:44:35.854	0:0:0:0:0:0:0:1:57250	admin	REQUEST	[PROPFIND] http://localhost:8080/webdav/BRjx_tables/var/
16:44:35.874	0:0:0:0:0:0:0:1:57250	admin	200		19.75 ms
16:44:35.877	0:0:0:0:0:0:0:1:57250	admin	REQUEST	[PROPFIND] http://localhost:8080/webdav/BRjx_tables/var/._storage
16:44:35.880	0:0:0:0:0:0:0:1:57250	admin	200		3.55 ms
16:44:35.887	0:0:0:0:0:0:0:1:57250	admin	REQUEST	[PROPFIND] http://localhost:8080/webdav/BRjx_tables/var/.DS_Store
16:44:35.890	0:0:0:0:0:0:0:1:57250	admin	200		3.43 ms
16:44:35.896	0:0:0:0:0:0:0:1:57250	admin	REQUEST	[PROPFIND] http://localhost:8080/webdav/
16:44:35.916	0:0:0:0:0:0:0:1:57250	admin	200		19.45 ms
16:44:35.922	0:0:0:0:0:0:0:1:57250	admin	REQUEST	[PROPFIND] http://localhost:8080/webdav/._1384225410
16:44:35.924	0:0:0:0:0:0:0:1:57250	admin	200		1.47 ms
16:44:35.932	0:0:0:0:0:0:0:1:57250	admin	REQUEST	[PROPFIND] http://localhost:8080/webdav/._1423473823
16:44:35.933	0:0:0:0:0:0:0:1:57250	admin	200		1.27 ms
16:44:35.935	0:0:0:0:0:0:0:1:57250	admin	REQUEST	[PROPFIND] http://localhost:8080/webdav/._1685008080
16:44:35.936	0:0:0:0:0:0:0:1:57250	admin	200		1.37 ms
16:44:35.940	0:0:0:0:0:0:0:1:57250	admin	REQUEST	[PROPFIND] http://localhost:8080/webdav/._1819866583
16:44:35.941	0:0:0:0:0:0:0:1:57250	admin	200		1.31 ms
16:44:35.944	0:0:0:0:0:0:0:1:57250	admin	REQUEST	[PROPFIND] http://localhost:8080/webdav/._1859936405
16:44:35.945	0:0:0:0:0:0:0:1:57250	admin	200		1.11 ms
16:44:35.956	0:0:0:0:0:0:0:1:57250	admin	REQUEST	[PROPFIND] http://localhost:8080/webdav/._268884640
16:44:35.958	0:0:0:0:0:0:0:1:57250	admin	200		1.28 ms
16:44:35.961	0:0:0:0:0:0:0:1:57250	admin	REQUEST	[PROPFIND] http://localhost:8080/webdav/._311315762
16:44:35.963	0:0:0:0:0:0:0:1:57250	admin	200		2.31 ms
16:44:35.965	0:0:0:0:0:0:0:1:57250	admin	REQUEST	[PROPFIND] http://localhost:8080/webdav/._84788813
16:44:35.967	0:0:0:0:0:0:0:1:57250	admin	200		1.46 ms
16:44:35.969	0:0:0:0:0:0:0:1:57250	admin	REQUEST	[PROPFIND] http://localhost:8080/webdav/._BRjx_conf
16:44:35.971	0:0:0:0:0:0:0:1:57250	admin	200		1.46 ms
16:44:35.972	0:0:0:0:0:0:0:1:57250	admin	REQUEST	[PROPFIND] http://localhost:8080/webdav/._BRjx_main
16:44:35.973	0:0:0:0:0:0:0:1:57250	admin	200		1.1 ms
16:44:35.975	0:0:0:0:0:0:0:1:57250	admin	REQUEST	[PROPFIND] http://localhost:8080/webdav/._compare
16:44:35.976	0:0:0:0:0:0:0:1:57250	admin	200		1.39 ms
16:44:35.978	0:0:0:0:0:0:0:1:57250	admin	REQUEST	[PROPFIND] http://localhost:8080/webdav/._template_main
16:44:35.979	0:0:0:0:0:0:0:1:57250	admin	200		1.12 ms
16:44:40.832	0:0:0:0:0:0:0:1:57250	admin	REQUEST	[PROPFIND] http://localhost:8080/webdav/BRjx_tables/.DS_Store
16:44:40.836	0:0:0:0:0:0:0:1:57250	admin	200		4.82 ms
16:44:40.839	0:0:0:0:0:0:0:1:57250	admin	REQUEST	[PROPFIND] http://localhost:8080/webdav/._.
16:44:40.840	0:0:0:0:0:0:0:1:57250	admin	200		1.31 ms
16:44:40.842	0:0:0:0:0:0:0:1:57250	admin	REQUEST	[PROPFIND] http://localhost:8080/webdav/BRjx_tables/.DS_Store
16:44:40.845	0:0:0:0:0:0:0:1:57250	admin	200		3.34 ms
16:44:40.847	0:0:0:0:0:0:0:1:57250	admin	REQUEST	[PUT] http://localhost:8080/webdav/BRjx_tables/.DS_Store
16:44:40.877	0:0:0:0:0:0:0:1:57250	admin	200		30.05 ms
16:44:40.880	0:0:0:0:0:0:0:1:57250	admin	REQUEST	[PROPFIND] http://localhost:8080/webdav/BRjx_tables/._.DS_Store
16:44:40.884	0:0:0:0:0:0:0:1:57250	admin	200		3.64 ms
16:44:40.889	0:0:0:0:0:0:0:1:57250	admin	REQUEST	[LOCK] http://localhost:8080/webdav/BRjx_tables/.DS_Store
16:44:40.914	0:0:0:0:0:0:0:1:57250	admin	200		25.7 ms
16:44:40.924	0:0:0:0:0:0:0:1:57250	admin	REQUEST	[PROPFIND] http://localhost:8080/webdav/BRjx_tables/.DS_Store
16:44:40.931	0:0:0:0:0:0:0:1:57250	admin	200		7.22 ms
16:44:41.452	0:0:0:0:0:0:0:1:57250	admin	REQUEST	[PROPFIND] http://localhost:8080/webdav/._BRjx_tables
16:44:41.453	0:0:0:0:0:0:0:1:57250	admin	200		1.79 ms
16:44:41.459	0:0:0:0:0:0:0:1:57250	admin	REQUEST	[PROPFIND] http://localhost:8080/webdav/BRjx_tables/
16:44:41.468	0:0:0:0:0:0:0:1:57250	admin	200		8.88 ms
16:44:41.471	0:0:0:0:0:0:0:1:57250	admin	REQUEST	[PROPFIND] http://localhost:8080/webdav/BRjx_tables/._var
16:44:41.474	0:0:0:0:0:0:0:1:57250	admin	200		3.43 ms
16:44:41.476	0:0:0:0:0:0:0:1:57250	admin	REQUEST	[PROPFIND] http://localhost:8080/webdav/BRjx_tables/._.DS_Store
16:44:41.479	0:0:0:0:0:0:0:1:57250	admin	200		3.28 ms
16:44:44.661	0:0:0:0:0:0:0:1:57250	admin	REQUEST	[PROPFIND] http://localhost:8080/webdav/BRjx_main/bin/._modules.xml
16:44:44.666	0:0:0:0:0:0:0:1:57250	admin	200		4.56 ms
16:44:44.669	0:0:0:0:0:0:0:1:57251	admin	REQUEST	[GET] http://localhost:8080/webdav/BRjx_main/bin/modules.xml
16:44:44.685	0:0:0:0:0:0:0:1:57251	admin	200		17.0 ms
16:44:44.690	0:0:0:0:0:0:0:1:57250	admin	REQUEST	[PROPFIND] http://localhost:8080/webdav/BRjx_main/bin/modules.xml
16:44:44.696	0:0:0:0:0:0:0:1:57250	admin	200		6.2 ms
16:44:44.723	0:0:0:0:0:0:0:1:57250	admin	REQUEST	[PROPFIND] http://localhost:8080/webdav/BRjx_main/
16:44:44.768	0:0:0:0:0:0:0:1:57250	admin	200		44.91 ms
16:44:44.770	0:0:0:0:0:0:0:1:57250	admin	REQUEST	[PROPFIND] http://localhost:8080/webdav/BRjx_main/bin/
16:44:44.780	0:0:0:0:0:0:0:1:57250	admin	200		10.12 ms
16:44:47.555	0:0:0:0:0:0:0:1:57250	admin	REQUEST	[PROPFIND] http://localhost:8080/webdav/BRjx_main/bin/-bash
16:44:47.560	0:0:0:0:0:0:0:1:57250	admin	200		4.51 ms
16:44:47.719	0:0:0:0:0:0:0:1:57250	admin	REQUEST	[PROPFIND] http://localhost:8080/webdav/BRjx_main/bin/
16:44:47.733	0:0:0:0:0:0:0:1:57250	admin	200		14.22 ms
16:44:48.079	0:0:0:0:0:0:0:1:57250	admin	REQUEST	[PROPFIND] http://localhost:8080/webdav/BRjx_main/bin/.ctags
16:44:48.084	0:0:0:0:0:0:0:1:57250	admin	200		5.12 ms
16:44:48.095	0:0:0:0:0:0:0:1:57250	admin	REQUEST	[PROPFIND] http://localhost:8080/webdav/BRjx_main/bin/tags
16:44:48.100	0:0:0:0:0:0:0:1:57250	admin	200		4.43 ms
16:44:48.328	0:0:0:0:0:0:0:1:57250	admin	REQUEST	[PROPFIND] http://localhost:8080/webdav/BRjx_main/bin/.modules.xml.swp
16:44:48.342	0:0:0:0:0:0:0:1:57250	admin	200		13.62 ms
16:44:48.346	0:0:0:0:0:0:0:1:57250	admin	REQUEST	[PROPFIND] http://localhost:8080/webdav/BRjx_main/bin/.modules.xml.swp
16:44:48.358	0:0:0:0:0:0:0:1:57250	admin	200		12.08 ms
16:44:48.367	0:0:0:0:0:0:0:1:57250	admin	REQUEST	[PUT] http://localhost:8080/webdav/BRjx_main/bin/.modules.xml.swp
16:44:48.405	0:0:0:0:0:0:0:1:57250	admin	200		38.63 ms
16:44:48.409	0:0:0:0:0:0:0:1:57250	admin	REQUEST	[PROPFIND] http://localhost:8080/webdav/BRjx_main/bin/._.modules.xml.swp
16:44:48.413	0:0:0:0:0:0:0:1:57250	admin	200		4.4 ms
16:44:48.419	0:0:0:0:0:0:0:1:57250	admin	REQUEST	[LOCK] http://localhost:8080/webdav/BRjx_main/bin/.modules.xml.swp
16:44:48.440	0:0:0:0:0:0:0:1:57250	admin	200		21.18 ms
16:44:48.443	0:0:0:0:0:0:0:1:57250	admin	REQUEST	[PROPFIND] http://localhost:8080/webdav/BRjx_main/bin/.modules.xml.swp
16:44:48.449	0:0:0:0:0:0:0:1:57250	admin	200		6.04 ms
16:44:48.452	0:0:0:0:0:0:0:1:57250	admin	REQUEST	[PROPFIND] http://localhost:8080/webdav/BRjx_main/bin/.modules.xml.swx
16:44:48.456	0:0:0:0:0:0:0:1:57250	admin	200		4.91 ms
16:44:48.461	0:0:0:0:0:0:0:1:57250	admin	REQUEST	[GET] http://localhost:8080/webdav/BRjx_main/bin/.modules.xml.swp
16:44:48.468	0:0:0:0:0:0:0:1:57250	admin	200		6.41 ms
16:44:48.470	0:0:0:0:0:0:0:1:57250	admin	REQUEST	[PROPFIND] http://localhost:8080/webdav/BRjx_main/bin/.modules.xml.swp
16:44:48.476	0:0:0:0:0:0:0:1:57250	admin	200		6.29 ms
16:44:48.485	0:0:0:0:0:0:0:1:57250	admin	REQUEST	[PROPFIND] http://localhost:8080/webdav/BRjx_main/bin/
16:44:48.498	0:0:0:0:0:0:0:1:57250	admin	200		13.23 ms
16:44:48.501	0:0:0:0:0:0:0:1:57250	admin	REQUEST	[PROPFIND] http://localhost:8080/webdav/BRjx_main/bin/._commands.xml
16:44:48.505	0:0:0:0:0:0:0:1:57250	admin	200		4.41 ms
16:44:48.510	0:0:0:0:0:0:0:1:57250	admin	REQUEST	[PROPFIND] http://localhost:8080/webdav/BRjx_main/bin/._main.xml
16:44:48.514	0:0:0:0:0:0:0:1:57250	admin	200		4.26 ms
16:44:48.516	0:0:0:0:0:0:0:1:57250	admin	REQUEST	[PROPFIND] http://localhost:8080/webdav/BRjx_main/bin/._modules.xml
16:44:48.520	0:0:0:0:0:0:0:1:57250	admin	200		3.99 ms
16:44:48.522	0:0:0:0:0:0:0:1:57250	admin	REQUEST	[PROPFIND] http://localhost:8080/webdav/BRjx_main/bin/._.modules.xml.swp
16:44:48.550	0:0:0:0:0:0:0:1:57250	admin	200		29.02 ms
16:44:50.296	0:0:0:0:0:0:0:1:57250	admin	REQUEST	[PROPFIND] http://localhost:8080/webdav/BRjx_main/bin/.modules.xml.swo
16:44:50.302	0:0:0:0:0:0:0:1:57250	admin	200		5.32 ms
16:44:50.311	0:0:0:0:0:0:0:1:57250	admin	REQUEST	[PROPFIND] http://localhost:8080/webdav/BRjx_main/bin/.modules.xml.swo
16:44:50.315	0:0:0:0:0:0:0:1:57250	admin	200		4.39 ms
16:44:50.317	0:0:0:0:0:0:0:1:57250	admin	REQUEST	[PUT] http://localhost:8080/webdav/BRjx_main/bin/.modules.xml.swo
16:44:50.353	0:0:0:0:0:0:0:1:57250	admin	200		36.8 ms
16:44:50.359	0:0:0:0:0:0:0:1:57250	admin	REQUEST	[PROPFIND] http://localhost:8080/webdav/BRjx_main/bin/._.modules.xml.swo
16:44:50.363	0:0:0:0:0:0:0:1:57250	admin	200		4.44 ms
16:44:50.374	0:0:0:0:0:0:0:1:57250	admin	REQUEST	[LOCK] http://localhost:8080/webdav/BRjx_main/bin/.modules.xml.swo
16:44:50.398	0:0:0:0:0:0:0:1:57250	admin	200		24.65 ms
16:44:50.423	0:0:0:0:0:0:0:1:57250	admin	REQUEST	[PROPFIND] http://localhost:8080/webdav/BRjx_main/bin/modules.xml
16:44:50.430	0:0:0:0:0:0:0:1:57250	admin	200		6.71 ms
16:44:50.443	0:0:0:0:0:0:0:1:57250	admin	REQUEST	[PROPFIND] http://localhost:8080/webdav/BRjx_main/bin/.git
16:44:50.447	0:0:0:0:0:0:0:1:57250	admin	200		4.59 ms
16:44:50.451	0:0:0:0:0:0:0:1:57250	admin	REQUEST	[PROPFIND] http://localhost:8080/webdav/BRjx_main/bin/HEAD
16:44:50.456	0:0:0:0:0:0:0:1:57250	admin	200		4.57 ms
16:44:50.459	0:0:0:0:0:0:0:1:57250	admin	REQUEST	[PROPFIND] http://localhost:8080/webdav/BRjx_main/.git
16:44:50.463	0:0:0:0:0:0:0:1:57250	admin	200		4.18 ms
16:44:50.465	0:0:0:0:0:0:0:1:57250	admin	REQUEST	[PROPFIND] http://localhost:8080/webdav/BRjx_main/HEAD
16:44:50.469	0:0:0:0:0:0:0:1:57250	admin	200		4.19 ms
16:44:50.471	0:0:0:0:0:0:0:1:57250	admin	REQUEST	[PROPFIND] http://localhost:8080/webdav/.git
16:44:50.472	0:0:0:0:0:0:0:1:57250	admin	200		1.15 ms
16:44:50.474	0:0:0:0:0:0:0:1:57250	admin	REQUEST	[PROPFIND] http://localhost:8080/webdav/HEAD
16:44:50.476	0:0:0:0:0:0:0:1:57250	admin	200		1.19 ms
16:44:50.543	0:0:0:0:0:0:0:1:57250	admin	REQUEST	[PROPFIND] http://localhost:8080/webdav/BRjx_main/bin/_vim_path_
16:44:50.548	0:0:0:0:0:0:0:1:57250	admin	200		4.37 ms
16:44:50.609	0:0:0:0:0:0:0:1:57250	admin	REQUEST	[PROPFIND] http://localhost:8080/webdav/BRjx_main/bin/.modules.xml.swo
16:44:50.616	0:0:0:0:0:0:0:1:57250	admin	200		6.33 ms
16:44:50.892	0:0:0:0:0:0:0:1:57250	admin	REQUEST	[PROPFIND] http://localhost:8080/webdav/BRjx_main/._bin
16:44:50.896	0:0:0:0:0:0:0:1:57250	admin	200		4.51 ms
16:44:50.901	0:0:0:0:0:0:0:1:57250	admin	REQUEST	[PROPFIND] http://localhost:8080/webdav/BRjx_main/bin/
16:44:50.917	0:0:0:0:0:0:0:1:57250	admin	200		16.6 ms
16:44:50.927	0:0:0:0:0:0:0:1:57250	admin	REQUEST	[PROPFIND] http://localhost:8080/webdav/BRjx_main/bin/._commands.xml
16:44:50.931	0:0:0:0:0:0:0:1:57250	admin	200		4.31 ms
16:44:50.937	0:0:0:0:0:0:0:1:57250	admin	REQUEST	[PROPFIND] http://localhost:8080/webdav/BRjx_main/bin/
16:44:50.949	0:0:0:0:0:0:0:1:57250	admin	200		12.62 ms
16:44:50.960	0:0:0:0:0:0:0:1:57250	admin	REQUEST	[PROPFIND] http://localhost:8080/webdav/BRjx_main/bin/._main.xml
16:44:50.964	0:0:0:0:0:0:0:1:57250	admin	200		4.39 ms
16:44:50.990	0:0:0:0:0:0:0:1:57250	admin	REQUEST	[PROPFIND] http://localhost:8080/webdav/BRjx_main/bin/._modules.xml
16:44:50.994	0:0:0:0:0:0:0:1:57250	admin	200		4.22 ms
16:44:50.998	0:0:0:0:0:0:0:1:57250	admin	REQUEST	[PROPFIND] http://localhost:8080/webdav/BRjx_main/bin/._.modules.xml.swo
16:44:51.002	0:0:0:0:0:0:0:1:57250	admin	200		4.01 ms
16:44:51.008	0:0:0:0:0:0:0:1:57250	admin	REQUEST	[PROPFIND] http://localhost:8080/webdav/BRjx_main/bin/._.modules.xml.swp
16:44:51.015	0:0:0:0:0:0:0:1:57250	admin	200		7.02 ms
16:44:51.077	0:0:0:0:0:0:0:1:57250	admin	REQUEST	[PROPFIND] http://localhost:8080/webdav/BRjx_main/bin/libuuid.dylib
16:44:51.081	0:0:0:0:0:0:0:1:57250	admin	200		4.28 ms
16:44:51.097	0:0:0:0:0:0:0:1:57250	admin	REQUEST	[PROPFIND] http://localhost:8080/webdav/BRjx_main/bin/uuid.dylib
16:44:51.105	0:0:0:0:0:0:0:1:57250	admin	200		8.34 ms
16:44:51.108	0:0:0:0:0:0:0:1:57250	admin	REQUEST	[PROPFIND] http://localhost:8080/webdav/BRjx_main/bin/uuid.framework
16:44:51.112	0:0:0:0:0:0:0:1:57250	admin	200		4.19 ms
16:44:51.203	0:0:0:0:0:0:0:1:57250	admin	REQUEST	[PROPFIND] http://localhost:8080/webdav/BRjx_main/bin/_vim_path_
16:44:51.207	0:0:0:0:0:0:0:1:57250	admin	200		4.39 ms
16:44:51.401	0:0:0:0:0:0:0:1:57250	admin	REQUEST	[PROPFIND] http://localhost:8080/webdav/BRjx_main/bin/tags
16:44:51.405	0:0:0:0:0:0:0:1:57250	admin	200		4.52 ms
16:44:51.416	0:0:0:0:0:0:0:1:57250	admin	REQUEST	[PROPFIND] http://localhost:8080/webdav/BRjx_main/bin/NERD_tree_1
16:44:51.420	0:0:0:0:0:0:0:1:57250	admin	200		4.25 ms
16:44:51.424	0:0:0:0:0:0:0:1:57250	admin	REQUEST	[PROPFIND] http://localhost:8080/webdav/BRjx_main/bin/.NERD_tree_1.swp
16:44:51.428	0:0:0:0:0:0:0:1:57250	admin	200		4.15 ms
16:44:51.429	0:0:0:0:0:0:0:1:57250	admin	REQUEST	[PROPFIND] http://localhost:8080/webdav/BRjx_main/bin/.NERD_tree_1.swp
16:44:51.433	0:0:0:0:0:0:0:1:57250	admin	200		4.21 ms
16:44:51.435	0:0:0:0:0:0:0:1:57250	admin	REQUEST	[PUT] http://localhost:8080/webdav/BRjx_main/bin/.NERD_tree_1.swp
16:44:51.473	0:0:0:0:0:0:0:1:57250	admin	200		38.09 ms
16:44:51.475	0:0:0:0:0:0:0:1:57250	admin	REQUEST	[PROPFIND] http://localhost:8080/webdav/BRjx_main/bin/._.NERD_tree_1.swp
16:44:51.482	0:0:0:0:0:0:0:1:57250	admin	200		7.28 ms
16:44:51.484	0:0:0:0:0:0:0:1:57250	admin	REQUEST	[LOCK] http://localhost:8080/webdav/BRjx_main/bin/.NERD_tree_1.swp
16:44:51.504	0:0:0:0:0:0:0:1:57250	admin	200		19.49 ms
16:44:51.505	0:0:0:0:0:0:0:1:57250	admin	REQUEST	[PROPFIND] http://localhost:8080/webdav/BRjx_main/bin/.NERD_tree_1.swp
16:44:51.511	0:0:0:0:0:0:0:1:57250	admin	200		6.06 ms
16:44:51.513	0:0:0:0:0:0:0:1:57250	admin	REQUEST	[PROPFIND] http://localhost:8080/webdav/BRjx_main/bin/.NERD_tree_1.swx
16:44:51.517	0:0:0:0:0:0:0:1:57250	admin	200		4.31 ms
16:44:51.522	0:0:0:0:0:0:0:1:57250	admin	REQUEST	[GET] http://localhost:8080/webdav/BRjx_main/bin/.NERD_tree_1.swp
16:44:51.581	0:0:0:0:0:0:0:1:57250	admin	200		58.91 ms
16:44:51.583	0:0:0:0:0:0:0:1:57250	admin	REQUEST	[PROPFIND] http://localhost:8080/webdav/BRjx_main/bin/.NERD_tree_1.swp
16:44:51.589	0:0:0:0:0:0:0:1:57250	admin	200		6.16 ms
16:44:51.592	0:0:0:0:0:0:0:1:57250	admin	REQUEST	[PROPFIND] http://localhost:8080/webdav/BRjx_main/bin/NERD_tree_1
16:44:51.596	0:0:0:0:0:0:0:1:57250	admin	200		4.44 ms
16:44:51.602	0:0:0:0:0:0:0:1:57250	admin	REQUEST	[PROPFIND] http://localhost:8080/webdav/BRjx_main/bin/._modules.xml
16:44:51.607	0:0:0:0:0:0:0:1:57250	admin	200		4.54 ms
16:44:51.914	0:0:0:0:0:0:0:1:57250	admin	REQUEST	[PROPFIND] http://localhost:8080/webdav/BRjx_main/bin/libuuid.dylib
16:44:51.918	0:0:0:0:0:0:0:1:57250	admin	200		4.56 ms
16:44:51.922	0:0:0:0:0:0:0:1:57250	admin	REQUEST	[PROPFIND] http://localhost:8080/webdav/BRjx_main/bin/uuid.dylib
16:44:51.927	0:0:0:0:0:0:0:1:57250	admin	200		4.69 ms
16:44:51.953	0:0:0:0:0:0:0:1:57250	admin	REQUEST	[PROPFIND] http://localhost:8080/webdav/BRjx_main/bin/uuid.framework
16:44:51.958	0:0:0:0:0:0:0:1:57250	admin	200		4.55 ms
16:44:52.226	0:0:0:0:0:0:0:1:57250	admin	REQUEST	[PROPFIND] http://localhost:8080/webdav/BRjx_main/._bin
16:44:52.233	0:0:0:0:0:0:0:1:57250	admin	200		6.61 ms
16:44:52.237	0:0:0:0:0:0:0:1:57250	admin	REQUEST	[PROPFIND] http://localhost:8080/webdav/BRjx_main/bin/
16:44:52.250	0:0:0:0:0:0:0:1:57250	admin	200		13.34 ms
16:44:52.252	0:0:0:0:0:0:0:1:57250	admin	REQUEST	[PROPFIND] http://localhost:8080/webdav/BRjx_main/bin/._commands.xml
16:44:52.256	0:0:0:0:0:0:0:1:57250	admin	200		4.08 ms
16:44:52.258	0:0:0:0:0:0:0:1:57250	admin	REQUEST	[PROPFIND] http://localhost:8080/webdav/BRjx_main/bin/._main.xml
16:44:52.262	0:0:0:0:0:0:0:1:57250	admin	200		4.17 ms
16:44:52.264	0:0:0:0:0:0:0:1:57250	admin	REQUEST	[PROPFIND] http://localhost:8080/webdav/BRjx_main/bin/._modules.xml
16:44:52.268	0:0:0:0:0:0:0:1:57250	admin	200		4.44 ms
16:44:52.269	0:0:0:0:0:0:0:1:57250	admin	REQUEST	[PROPFIND] http://localhost:8080/webdav/BRjx_main/bin/._.modules.xml.swo
16:44:52.273	0:0:0:0:0:0:0:1:57250	admin	200		3.9 ms
16:44:52.276	0:0:0:0:0:0:0:1:57250	admin	REQUEST	[PROPFIND] http://localhost:8080/webdav/BRjx_main/bin/._.modules.xml.swp
16:44:52.279	0:0:0:0:0:0:0:1:57250	admin	200		3.94 ms
16:44:52.281	0:0:0:0:0:0:0:1:57250	admin	REQUEST	[PROPFIND] http://localhost:8080/webdav/BRjx_main/bin/._.NERD_tree_1.swp
16:44:52.285	0:0:0:0:0:0:0:1:57250	admin	200		4.11 ms
16:44:52.837	0:0:0:0:0:0:0:1:57250	admin	REQUEST	[PROPFIND] http://localhost:8080/webdav/BRjx_main/bin/.NERD_tree_1.swo
16:44:52.842	0:0:0:0:0:0:0:1:57250	admin	200		5.15 ms
16:44:52.848	0:0:0:0:0:0:0:1:57250	admin	REQUEST	[PROPFIND] http://localhost:8080/webdav/BRjx_main/bin/.NERD_tree_1.swo
16:44:52.856	0:0:0:0:0:0:0:1:57250	admin	200		7.88 ms
16:44:52.858	0:0:0:0:0:0:0:1:57250	admin	REQUEST	[PUT] http://localhost:8080/webdav/BRjx_main/bin/.NERD_tree_1.swo
16:44:52.902	0:0:0:0:0:0:0:1:57250	admin	200		43.85 ms
16:44:52.914	0:0:0:0:0:0:0:1:57250	admin	REQUEST	[PROPFIND] http://localhost:8080/webdav/BRjx_main/bin/._.NERD_tree_1.swo
16:44:52.920	0:0:0:0:0:0:0:1:57250	admin	200		5.72 ms
16:44:52.924	0:0:0:0:0:0:0:1:57250	admin	REQUEST	[LOCK] http://localhost:8080/webdav/BRjx_main/bin/.NERD_tree_1.swo
16:44:52.949	0:0:0:0:0:0:0:1:57250	admin	200		25.32 ms
16:44:52.954	0:0:0:0:0:0:0:1:57250	admin	REQUEST	[PROPFIND] http://localhost:8080/webdav/BRjx_main/bin/NERD_tree_1
16:44:52.959	0:0:0:0:0:0:0:1:57250	admin	200		5.39 ms
16:44:52.965	0:0:0:0:0:0:0:1:57250	admin	REQUEST	[PROPFIND] http://localhost:8080/webdav/BRjx_main/bin/NERD_tree_1
16:44:52.971	0:0:0:0:0:0:0:1:57250	admin	200		6.32 ms
16:44:52.989	0:0:0:0:0:0:0:1:57250	admin	REQUEST	[PROPFIND] http://localhost:8080/webdav/BRjx_main/bin/
16:44:53.007	0:0:0:0:0:0:0:1:57250	admin	200		18.5 ms
16:44:53.018	0:0:0:0:0:0:0:1:57250	admin	REQUEST	[PROPFIND] http://localhost:8080/webdav/BRjx_main/bin/
16:44:53.037	0:0:0:0:0:0:0:1:57250	admin	200		19.05 ms
16:44:53.044	0:0:0:0:0:0:0:1:57250	admin	REQUEST	[GET] http://localhost:8080/webdav/BRjx_main/bin/commands.xml
16:44:53.055	0:0:0:0:0:0:0:1:57250	admin	200		11.11 ms
16:44:53.059	0:0:0:0:0:0:0:1:57251	admin	REQUEST	[PROPFIND] http://localhost:8080/webdav/BRjx_main/bin/
16:44:53.062	0:0:0:0:0:0:0:1:57250	admin	REQUEST	[PROPFIND] http://localhost:8080/webdav/BRjx_main/bin/commands.xml
16:44:53.070	0:0:0:0:0:0:0:1:57250	admin	200		8.0 ms
16:44:53.077	0:0:0:0:0:0:0:1:57251	admin	200		18.03 ms
16:44:53.083	0:0:0:0:0:0:0:1:57250	admin	REQUEST	[PROPFIND] http://localhost:8080/webdav/BRjx_main/bin/._commands.xml
16:44:53.085	0:0:0:0:0:0:0:1:57281	admin	REQUEST	[GET] http://localhost:8080/webdav/BRjx_main/bin/main.xml
16:44:53.089	0:0:0:0:0:0:0:1:57250	admin	200		5.76 ms
16:44:53.094	0:0:0:0:0:0:0:1:57281	admin	200		8.89 ms
16:44:53.098	0:0:0:0:0:0:0:1:57250	admin	REQUEST	[PROPFIND] http://localhost:8080/webdav/BRjx_main/bin/._main.xml
16:44:53.104	0:0:0:0:0:0:0:1:57250	admin	200		5.44 ms
16:44:53.113	0:0:0:0:0:0:0:1:57251	admin	REQUEST	[PROPFIND] http://localhost:8080/webdav/BRjx_main/bin/main.xml
16:44:53.117	0:0:0:0:0:0:0:1:57281	admin	REQUEST	[GET] http://localhost:8080/webdav/BRjx_main/bin/.modules.xml.swo
16:44:53.121	0:0:0:0:0:0:0:1:57250	admin	REQUEST	[PROPFIND] http://localhost:8080/webdav/BRjx_main/bin/._modules.xml
16:44:53.123	0:0:0:0:0:0:0:1:57281	admin	200		5.91 ms
16:44:53.123	0:0:0:0:0:0:0:1:57250	admin	200		1.98 ms
16:44:53.126	0:0:0:0:0:0:0:1:57251	admin	200		13.86 ms
16:44:53.134	0:0:0:0:0:0:0:1:57250	admin	REQUEST	[PROPFIND] http://localhost:8080/webdav/BRjx_main/bin/._.modules.xml.swo
16:44:53.135	0:0:0:0:0:0:0:1:57251	admin	REQUEST	[PROPFIND] http://localhost:8080/webdav/BRjx_main/bin/.modules.xml.swo
16:44:53.135	0:0:0:0:0:0:0:1:57282	admin	REQUEST	[PROPFIND] http://localhost:8080/webdav/BRjx_main/bin/modules.xml
16:44:53.145	0:0:0:0:0:0:0:1:57282	admin	200		9.65 ms
16:44:53.145	0:0:0:0:0:0:0:1:57251	admin	200		10.17 ms
16:44:53.148	0:0:0:0:0:0:0:1:57250	admin	200		13.34 ms
16:44:53.155	0:0:0:0:0:0:0:1:57250	admin	REQUEST	[PROPFIND] http://localhost:8080/webdav/BRjx_main/bin/._.modules.xml.swp
16:44:53.160	0:0:0:0:0:0:0:1:57250	admin	200		5.75 ms
16:44:53.163	0:0:0:0:0:0:0:1:57281	admin	REQUEST	[GET] http://localhost:8080/webdav/BRjx_main/bin/.NERD_tree_1.swo
16:44:53.163	0:0:0:0:0:0:0:1:57251	admin	REQUEST	[PROPFIND] http://localhost:8080/webdav/BRjx_main/bin/.modules.xml.swp
16:44:53.170	0:0:0:0:0:0:0:1:57251	admin	200		7.04 ms
16:44:53.176	0:0:0:0:0:0:0:1:57281	admin	200		13.26 ms
16:44:53.183	0:0:0:0:0:0:0:1:57250	admin	REQUEST	[PROPFIND] http://localhost:8080/webdav/BRjx_main/bin/._.NERD_tree_1.swo
16:44:53.189	0:0:0:0:0:0:0:1:57250	admin	200		5.77 ms
16:44:53.190	0:0:0:0:0:0:0:1:57251	admin	REQUEST	[PROPFIND] http://localhost:8080/webdav/BRjx_main/bin/.NERD_tree_1.swo
16:44:53.198	0:0:0:0:0:0:0:1:57250	admin	REQUEST	[PROPFIND] http://localhost:8080/webdav/BRjx_main/bin/._.NERD_tree_1.swp
16:44:53.199	0:0:0:0:0:0:0:1:57251	admin	200		9.08 ms
16:44:53.203	0:0:0:0:0:0:0:1:57250	admin	200		5.68 ms
16:44:53.217	0:0:0:0:0:0:0:1:57250	admin	REQUEST	[PROPFIND] http://localhost:8080/webdav/BRjx_main/bin/.NERD_tree_1.swp
16:44:53.225	0:0:0:0:0:0:0:1:57250	admin	200		8.5 ms
16:44:53.246	0:0:0:0:0:0:0:1:57250	admin	REQUEST	[PROPFIND] http://localhost:8080/webdav/BRjx_main/bin/.git
16:44:53.252	0:0:0:0:0:0:0:1:57250	admin	200		6.53 ms
16:44:53.255	0:0:0:0:0:0:0:1:57250	admin	REQUEST	[PROPFIND] http://localhost:8080/webdav/BRjx_main/bin/HEAD
16:44:53.261	0:0:0:0:0:0:0:1:57250	admin	200		5.94 ms
16:44:53.262	0:0:0:0:0:0:0:1:57250	admin	REQUEST	[PROPFIND] http://localhost:8080/webdav/BRjx_main/.git
16:44:53.270	0:0:0:0:0:0:0:1:57250	admin	200		7.5 ms
16:44:53.271	0:0:0:0:0:0:0:1:57250	admin	REQUEST	[PROPFIND] http://localhost:8080/webdav/BRjx_main/HEAD
16:44:53.277	0:0:0:0:0:0:0:1:57250	admin	200		5.34 ms
16:44:53.280	0:0:0:0:0:0:0:1:57250	admin	REQUEST	[PROPFIND] http://localhost:8080/webdav/.git
16:44:53.282	0:0:0:0:0:0:0:1:57250	admin	200		2.5 ms
16:44:53.294	0:0:0:0:0:0:0:1:57250	admin	REQUEST	[PROPFIND] http://localhost:8080/webdav/HEAD
16:44:53.295	0:0:0:0:0:0:0:1:57250	admin	200		1.23 ms
16:45:22.467	0:0:0:0:0:0:0:1:57250	admin	REQUEST	[PROPFIND] http://localhost:8080/webdav/
16:45:22.470	0:0:0:0:0:0:0:1:57250	admin	200		3.23 ms
16:45:38.762	0:0:0:0:0:0:0:1:57250	admin	REQUEST	[PROPFIND] http://localhost:8080/webdav/._.
16:45:38.763	0:0:0:0:0:0:0:1:57250	admin	200		1.38 ms
16:45:38.767	0:0:0:0:0:0:0:1:57250	admin	REQUEST	[PROPFIND] http://localhost:8080/webdav/
16:45:38.816	0:0:0:0:0:0:0:1:57250	admin	200		48.32 ms
16:45:38.885	0:0:0:0:0:0:0:1:57250	admin	REQUEST	[PROPFIND] http://localhost:8080/webdav/._1384225410
16:45:38.887	0:0:0:0:0:0:0:1:57250	admin	200		1.41 ms
16:45:38.889	0:0:0:0:0:0:0:1:57250	admin	REQUEST	[PROPFIND] http://localhost:8080/webdav/._1423473823
16:45:38.890	0:0:0:0:0:0:0:1:57250	admin	200		1.21 ms
16:45:38.892	0:0:0:0:0:0:0:1:57250	admin	REQUEST	[PROPFIND] http://localhost:8080/webdav/._1685008080
16:45:38.894	0:0:0:0:0:0:0:1:57250	admin	200		1.18 ms
16:45:38.938	0:0:0:0:0:0:0:1:57250	admin	REQUEST	[PROPFIND] http://localhost:8080/webdav/._1819866583
16:45:39.019	0:0:0:0:0:0:0:1:57250	admin	200		81.19 ms
16:45:39.021	0:0:0:0:0:0:0:1:57250	admin	REQUEST	[PROPFIND] http://localhost:8080/webdav/._1859936405
16:45:39.022	0:0:0:0:0:0:0:1:57250	admin	200		1.09 ms
16:45:39.024	0:0:0:0:0:0:0:1:57250	admin	REQUEST	[PROPFIND] http://localhost:8080/webdav/._268884640
16:45:39.025	0:0:0:0:0:0:0:1:57250	admin	200		0.94 ms
16:45:39.027	0:0:0:0:0:0:0:1:57250	admin	REQUEST	[PROPFIND] http://localhost:8080/webdav/._311315762
16:45:39.028	0:0:0:0:0:0:0:1:57250	admin	200		0.93 ms
16:45:39.030	0:0:0:0:0:0:0:1:57250	admin	REQUEST	[PROPFIND] http://localhost:8080/webdav/._84788813
16:45:39.031	0:0:0:0:0:0:0:1:57250	admin	200		1.11 ms
16:45:39.033	0:0:0:0:0:0:0:1:57250	admin	REQUEST	[PROPFIND] http://localhost:8080/webdav/._BRjx_conf
16:45:39.034	0:0:0:0:0:0:0:1:57250	admin	200		1.12 ms
16:45:39.036	0:0:0:0:0:0:0:1:57250	admin	REQUEST	[PROPFIND] http://localhost:8080/webdav/._BRjx_main
16:45:39.037	0:0:0:0:0:0:0:1:57250	admin	200		1.13 ms
16:45:39.039	0:0:0:0:0:0:0:1:57250	admin	REQUEST	[PROPFIND] http://localhost:8080/webdav/._BRjx_tables
16:45:39.040	0:0:0:0:0:0:0:1:57250	admin	200		1.03 ms
16:45:39.042	0:0:0:0:0:0:0:1:57250	admin	REQUEST	[PROPFIND] http://localhost:8080/webdav/._compare
16:45:39.043	0:0:0:0:0:0:0:1:57250	admin	200		1.01 ms
16:45:39.045	0:0:0:0:0:0:0:1:57250	admin	REQUEST	[PROPFIND] http://localhost:8080/webdav/._template_main
16:45:39.046	0:0:0:0:0:0:0:1:57250	admin	200		1.33 ms
16:45:39.075	0:0:0:0:0:0:0:1:57250	admin	REQUEST	[PROPFIND] http://localhost:8080/webdav/BRjx_main/
16:45:39.098	0:0:0:0:0:0:0:1:57250	admin	200		23.29 ms
16:45:39.101	0:0:0:0:0:0:0:1:57250	admin	REQUEST	[PROPFIND] http://localhost:8080/webdav/BRjx_main/._etc
16:45:39.107	0:0:0:0:0:0:0:1:57250	admin	200		5.88 ms
16:45:39.109	0:0:0:0:0:0:0:1:57250	admin	REQUEST	[PROPFIND] http://localhost:8080/webdav/BRjx_main/._var
16:45:39.116	0:0:0:0:0:0:0:1:57250	admin	200		7.21 ms
16:45:39.120	0:0:0:0:0:0:0:1:57250	admin	REQUEST	[PROPFIND] http://localhost:8080/webdav/BRjx_main/._bin
16:45:39.126	0:0:0:0:0:0:0:1:57250	admin	200		5.7 ms
16:45:39.128	0:0:0:0:0:0:0:1:57250	admin	REQUEST	[PROPFIND] http://localhost:8080/webdav/BRjx_main/._.DS_Store
16:45:39.133	0:0:0:0:0:0:0:1:57250	admin	200		5.59 ms
16:45:39.142	0:0:0:0:0:0:0:1:57250	admin	REQUEST	[PROPFIND] http://localhost:8080/webdav/BRjx_main/bin/
16:45:39.161	0:0:0:0:0:0:0:1:57250	admin	200		19.75 ms
16:45:39.164	0:0:0:0:0:0:0:1:57250	admin	REQUEST	[PROPFIND] http://localhost:8080/webdav/BRjx_main/bin/._commands.xml
16:45:39.171	0:0:0:0:0:0:0:1:57250	admin	200		7.53 ms
16:45:39.174	0:0:0:0:0:0:0:1:57250	admin	REQUEST	[PROPFIND] http://localhost:8080/webdav/BRjx_main/bin/._main.xml
16:45:39.180	0:0:0:0:0:0:0:1:57250	admin	200		5.72 ms
16:45:39.182	0:0:0:0:0:0:0:1:57250	admin	REQUEST	[PROPFIND] http://localhost:8080/webdav/BRjx_main/bin/._modules.xml
16:45:39.187	0:0:0:0:0:0:0:1:57250	admin	200		5.53 ms
16:45:39.190	0:0:0:0:0:0:0:1:57250	admin	REQUEST	[PROPFIND] http://localhost:8080/webdav/BRjx_main/bin/._.modules.xml.swo
16:45:39.196	0:0:0:0:0:0:0:1:57250	admin	200		5.71 ms
16:45:39.198	0:0:0:0:0:0:0:1:57250	admin	REQUEST	[PROPFIND] http://localhost:8080/webdav/BRjx_main/bin/._.modules.xml.swp
16:45:39.211	0:0:0:0:0:0:0:1:57250	admin	200		12.71 ms
16:45:39.214	0:0:0:0:0:0:0:1:57250	admin	REQUEST	[PROPFIND] http://localhost:8080/webdav/BRjx_main/bin/._.NERD_tree_1.swo
16:45:39.219	0:0:0:0:0:0:0:1:57250	admin	200		5.31 ms
16:45:39.221	0:0:0:0:0:0:0:1:57250	admin	REQUEST	[PROPFIND] http://localhost:8080/webdav/BRjx_main/bin/._.NERD_tree_1.swp
16:45:39.228	0:0:0:0:0:0:0:1:57250	admin	200		6.71 ms
16:45:39.256	0:0:0:0:0:0:0:1:57250	admin	REQUEST	[PROPFIND] http://localhost:8080/webdav/BRjx_main/etc/
16:45:39.282	0:0:0:0:0:0:0:1:57250	admin	200		25.94 ms
16:45:39.286	0:0:0:0:0:0:0:1:57250	admin	REQUEST	[PROPFIND] http://localhost:8080/webdav/BRjx_main/etc/._conf
16:45:39.292	0:0:0:0:0:0:0:1:57250	admin	200		5.53 ms
16:45:39.294	0:0:0:0:0:0:0:1:57250	admin	REQUEST	[PROPFIND] http://localhost:8080/webdav/BRjx_main/etc/._init
16:45:39.305	0:0:0:0:0:0:0:1:57250	admin	200		11.82 ms
16:45:39.307	0:0:0:0:0:0:0:1:57250	admin	REQUEST	[PROPFIND] http://localhost:8080/webdav/BRjx_main/etc/._.DS_Store
16:45:39.313	0:0:0:0:0:0:0:1:57250	admin	200		5.45 ms
16:45:39.320	0:0:0:0:0:0:0:1:57250	admin	REQUEST	[PROPFIND] http://localhost:8080/webdav/BRjx_main/etc/conf/
16:45:39.341	0:0:0:0:0:0:0:1:57250	admin	200		20.76 ms
16:45:39.343	0:0:0:0:0:0:0:1:57250	admin	REQUEST	[PROPFIND] http://localhost:8080/webdav/BRjx_main/etc/conf/._configs.xml
16:45:39.358	0:0:0:0:0:0:0:1:57250	admin	200		15.47 ms
16:45:39.366	0:0:0:0:0:0:0:1:57250	admin	REQUEST	[PROPFIND] http://localhost:8080/webdav/BRjx_main/etc/conf/._templates.xml
16:45:39.372	0:0:0:0:0:0:0:1:57250	admin	200		5.58 ms
16:45:39.373	0:0:0:0:0:0:0:1:57250	admin	REQUEST	[PROPFIND] http://localhost:8080/webdav/BRjx_main/etc/conf/._modules
16:45:39.379	0:0:0:0:0:0:0:1:57250	admin	200		5.8 ms
16:45:39.381	0:0:0:0:0:0:0:1:57250	admin	REQUEST	[PROPFIND] http://localhost:8080/webdav/BRjx_main/etc/conf/._.DS_Store
16:45:39.393	0:0:0:0:0:0:0:1:57250	admin	200		12.25 ms
16:45:39.410	0:0:0:0:0:0:0:1:57250	admin	REQUEST	[PROPFIND] http://localhost:8080/webdav/BRjx_main/etc/conf/modules/
16:45:39.437	0:0:0:0:0:0:0:1:57250	admin	200		27.39 ms
16:45:39.441	0:0:0:0:0:0:0:1:57250	admin	REQUEST	[PROPFIND] http://localhost:8080/webdav/BRjx_main/etc/conf/modules/._BRjx.xml
16:45:39.447	0:0:0:0:0:0:0:1:57250	admin	200		5.51 ms
16:45:39.448	0:0:0:0:0:0:0:1:57250	admin	REQUEST	[PROPFIND] http://localhost:8080/webdav/BRjx_main/etc/conf/modules/._.BRjx.xml.swo
16:45:39.454	0:0:0:0:0:0:0:1:57250	admin	200		5.75 ms
16:45:39.456	0:0:0:0:0:0:0:1:57250	admin	REQUEST	[PROPFIND] http://localhost:8080/webdav/BRjx_main/etc/conf/modules/._.BRjx.xml.swp
16:45:39.461	0:0:0:0:0:0:0:1:57250	admin	200		5.91 ms
16:45:39.465	0:0:0:0:0:0:0:1:57250	admin	REQUEST	[PROPFIND] http://localhost:8080/webdav/BRjx_main/etc/conf/modules/._.NERD_tree_1.swo
16:45:39.471	0:0:0:0:0:0:0:1:57250	admin	200		5.67 ms
16:45:39.472	0:0:0:0:0:0:0:1:57250	admin	REQUEST	[PROPFIND] http://localhost:8080/webdav/BRjx_main/etc/conf/modules/._.NERD_tree_1.swp
16:45:39.479	0:0:0:0:0:0:0:1:57250	admin	200		6.47 ms
16:45:39.497	0:0:0:0:0:0:0:1:57250	admin	REQUEST	[PROPFIND] http://localhost:8080/webdav/BRjx_main/etc/init/
16:45:39.513	0:0:0:0:0:0:0:1:57250	admin	200		15.77 ms
16:45:39.523	0:0:0:0:0:0:0:1:57250	admin	REQUEST	[PROPFIND] http://localhost:8080/webdav/BRjx_main/etc/init/._jobs.xml
16:45:39.529	0:0:0:0:0:0:0:1:57250	admin	200		5.72 ms
16:45:39.531	0:0:0:0:0:0:0:1:57250	admin	REQUEST	[PROPFIND] http://localhost:8080/webdav/BRjx_main/etc/init/._run.xml
16:45:39.580	0:0:0:0:0:0:0:1:57250	admin	200		49.04 ms
16:45:39.598	0:0:0:0:0:0:0:1:57250	admin	REQUEST	[PROPFIND] http://localhost:8080/webdav/BRjx_main/var/
16:45:39.634	0:0:0:0:0:0:0:1:57250	admin	200		35.81 ms
16:45:39.643	0:0:0:0:0:0:0:1:57250	admin	REQUEST	[PROPFIND] http://localhost:8080/webdav/BRjx_main/var/._principals
16:45:39.649	0:0:0:0:0:0:0:1:57250	admin	200		6.27 ms
16:45:39.658	0:0:0:0:0:0:0:1:57250	admin	REQUEST	[PROPFIND] http://localhost:8080/webdav/BRjx_tables/
16:45:39.670	0:0:0:0:0:0:0:1:57250	admin	200		12.71 ms
16:45:39.682	0:0:0:0:0:0:0:1:57250	admin	REQUEST	[PROPFIND] http://localhost:8080/webdav/BRjx_tables/._var
16:45:39.688	0:0:0:0:0:0:0:1:57250	admin	200		5.94 ms
16:45:39.689	0:0:0:0:0:0:0:1:57250	admin	REQUEST	[PROPFIND] http://localhost:8080/webdav/BRjx_tables/._.DS_Store
16:45:39.694	0:0:0:0:0:0:0:1:57250	admin	200		4.98 ms
16:45:39.708	0:0:0:0:0:0:0:1:57250	admin	REQUEST	[PROPFIND] http://localhost:8080/webdav/BRjx_tables/var/
16:45:39.727	0:0:0:0:0:0:0:1:57250	admin	200		19.14 ms
16:45:39.731	0:0:0:0:0:0:0:1:57250	admin	REQUEST	[PROPFIND] http://localhost:8080/webdav/BRjx_tables/var/._storage
16:45:39.738	0:0:0:0:0:0:0:1:57250	admin	200		7.06 ms
16:45:39.742	0:0:0:0:0:0:0:1:57250	admin	REQUEST	[PROPFIND] http://localhost:8080/webdav/.DS_Store
16:45:39.743	0:0:0:0:0:0:0:1:57250	admin	200		1.13 ms
16:45:39.745	0:0:0:0:0:0:0:1:57250	admin	REQUEST	[PROPFIND] http://localhost:8080/webdav/.DS_Store
16:45:39.749	0:0:0:0:0:0:0:1:57250	admin	200		4.79 ms
16:45:39.752	0:0:0:0:0:0:0:1:57250	admin	REQUEST	[PUT] http://localhost:8080/webdav/.DS_Store
16:45:39.786	0:0:0:0:0:0:0:1:57250	admin	200		33.82 ms
16:45:39.793	0:0:0:0:0:0:0:1:57250	admin	REQUEST	[PROPFIND] http://localhost:8080/webdav/._.DS_Store
16:45:39.794	0:0:0:0:0:0:0:1:57250	admin	200		1.27 ms
16:45:39.796	0:0:0:0:0:0:0:1:57250	admin	REQUEST	[LOCK] http://localhost:8080/webdav/.DS_Store
16:45:39.857	0:0:0:0:0:0:0:1:57250	admin	200		61.67 ms
16:45:39.863	0:0:0:0:0:0:0:1:57250	admin	REQUEST	[PROPFIND] http://localhost:8080/webdav/.DS_Store
16:45:39.864	0:0:0:0:0:0:0:1:57250	admin	200		1.18 ms
16:45:39.868	0:0:0:0:0:0:0:1:57250	admin	REQUEST	[PROPFIND] http://localhost:8080/webdav/._1859936405
16:45:39.869	0:0:0:0:0:0:0:1:57250	admin	200		1.13 ms
16:45:39.872	0:0:0:0:0:0:0:1:57250	admin	REQUEST	[PROPFIND] http://localhost:8080/webdav/1859936405/
16:45:39.882	0:0:0:0:0:0:0:1:57250	admin	200		9.73 ms
16:45:39.885	0:0:0:0:0:0:0:1:57250	admin	REQUEST	[PROPFIND] http://localhost:8080/webdav/1859936405/._.DS_Store
16:45:39.889	0:0:0:0:0:0:0:1:57250	admin	200		4.64 ms
16:45:39.902	0:0:0:0:0:0:0:1:57250	admin	REQUEST	[PROPFIND] http://localhost:8080/webdav/._.
16:45:39.903	0:0:0:0:0:0:0:1:57250	admin	200		1.08 ms
16:45:39.917	0:0:0:0:0:0:0:1:57250	admin	REQUEST	[GET] http://localhost:8080/webdav/1859936405/.DS_Store
16:45:39.923	0:0:0:0:0:0:0:1:57250	admin	200		6.16 ms
16:45:39.934	0:0:0:0:0:0:0:1:57250	admin	REQUEST	[PROPFIND] http://localhost:8080/webdav/1859936405/.DS_Store
16:45:39.947	0:0:0:0:0:0:0:1:57250	admin	200		13.69 ms
16:45:40.559	0:0:0:0:0:0:0:1:57250	admin	REQUEST	[PROPFIND] http://localhost:8080/webdav/.DS_Store
16:45:40.560	0:0:0:0:0:0:0:1:57250	admin	200		1.34 ms
16:45:41.729	0:0:0:0:0:0:0:1:57250	admin	REQUEST	[PROPFIND] http://localhost:8080/webdav/
16:45:41.750	0:0:0:0:0:0:0:1:57250	admin	200		20.59 ms
16:45:41.752	0:0:0:0:0:0:0:1:57250	admin	REQUEST	[PROPFIND] http://localhost:8080/webdav/._1384225410
16:45:41.753	0:0:0:0:0:0:0:1:57250	admin	200		1.06 ms
16:45:41.755	0:0:0:0:0:0:0:1:57250	admin	REQUEST	[PROPFIND] http://localhost:8080/webdav/._1423473823
16:45:41.756	0:0:0:0:0:0:0:1:57250	admin	200		0.97 ms
16:45:41.758	0:0:0:0:0:0:0:1:57250	admin	REQUEST	[PROPFIND] http://localhost:8080/webdav/._1685008080
16:45:41.758	0:0:0:0:0:0:0:1:57250	admin	200		0.81 ms
16:45:41.760	0:0:0:0:0:0:0:1:57250	admin	REQUEST	[PROPFIND] http://localhost:8080/webdav/._1819866583
16:45:41.761	0:0:0:0:0:0:0:1:57250	admin	200		1.01 ms
16:45:41.762	0:0:0:0:0:0:0:1:57250	admin	REQUEST	[PROPFIND] http://localhost:8080/webdav/._1859936405
16:45:41.763	0:0:0:0:0:0:0:1:57250	admin	200		0.86 ms
16:45:41.764	0:0:0:0:0:0:0:1:57250	admin	REQUEST	[PROPFIND] http://localhost:8080/webdav/._1950490579
16:45:41.765	0:0:0:0:0:0:0:1:57250	admin	200		0.85 ms
16:45:41.767	0:0:0:0:0:0:0:1:57250	admin	REQUEST	[PROPFIND] http://localhost:8080/webdav/._268884640
16:45:41.768	0:0:0:0:0:0:0:1:57250	admin	200		0.82 ms
16:45:41.769	0:0:0:0:0:0:0:1:57250	admin	REQUEST	[PROPFIND] http://localhost:8080/webdav/._311315762
16:45:41.769	0:0:0:0:0:0:0:1:57250	admin	200		0.73 ms
16:45:41.771	0:0:0:0:0:0:0:1:57250	admin	REQUEST	[PROPFIND] http://localhost:8080/webdav/._716603270
16:45:41.772	0:0:0:0:0:0:0:1:57250	admin	200		0.75 ms
16:45:41.773	0:0:0:0:0:0:0:1:57250	admin	REQUEST	[PROPFIND] http://localhost:8080/webdav/._84788813
16:45:41.773	0:0:0:0:0:0:0:1:57250	admin	200		0.72 ms
16:45:41.775	0:0:0:0:0:0:0:1:57250	admin	REQUEST	[PROPFIND] http://localhost:8080/webdav/._BRjx_conf
16:45:41.775	0:0:0:0:0:0:0:1:57250	admin	200		0.84 ms
16:45:41.777	0:0:0:0:0:0:0:1:57250	admin	REQUEST	[PROPFIND] http://localhost:8080/webdav/._BRjx_main
16:45:41.777	0:0:0:0:0:0:0:1:57250	admin	200		0.72 ms
16:45:41.779	0:0:0:0:0:0:0:1:57250	admin	REQUEST	[PROPFIND] http://localhost:8080/webdav/._BRjx_tables
16:45:41.780	0:0:0:0:0:0:0:1:57250	admin	200		1.03 ms
16:45:41.781	0:0:0:0:0:0:0:1:57250	admin	REQUEST	[PROPFIND] http://localhost:8080/webdav/._compare
16:45:41.783	0:0:0:0:0:0:0:1:57250	admin	200		1.11 ms
16:45:41.784	0:0:0:0:0:0:0:1:57250	admin	REQUEST	[PROPFIND] http://localhost:8080/webdav/._template_main
16:45:41.789	0:0:0:0:0:0:0:1:57250	admin	200		4.53 ms
16:45:44.939	0:0:0:0:0:0:0:1:57250	admin	REQUEST	[PROPFIND] http://localhost:8080/webdav/.DS_Store
16:45:44.941	0:0:0:0:0:0:0:1:57250	admin	200		1.97 ms
16:45:44.943	0:0:0:0:0:0:0:1:57250	admin	REQUEST	[PUT] http://localhost:8080/webdav/.DS_Store
16:45:45.003	0:0:0:0:0:0:0:1:57250	admin	200		59.48 ms
16:45:45.008	0:0:0:0:0:0:0:1:57250	admin	REQUEST	[PROPFIND] http://localhost:8080/webdav/._.DS_Store
16:45:45.009	0:0:0:0:0:0:0:1:57250	admin	200		1.38 ms
16:45:45.015	0:0:0:0:0:0:0:1:57250	admin	REQUEST	[LOCK] http://localhost:8080/webdav/.DS_Store
16:45:45.058	0:0:0:0:0:0:0:1:57250	admin	200		43.23 ms
16:45:45.063	0:0:0:0:0:0:0:1:57250	admin	REQUEST	[PROPFIND] http://localhost:8080/webdav/.DS_Store
16:45:45.064	0:0:0:0:0:0:0:1:57250	admin	200		1.11 ms
16:45:45.067	0:0:0:0:0:0:0:1:57250	admin	REQUEST	[PROPFIND] http://localhost:8080/webdav/._1819866583
16:45:45.068	0:0:0:0:0:0:0:1:57250	admin	200		1.26 ms
16:45:45.072	0:0:0:0:0:0:0:1:57250	admin	REQUEST	[PROPFIND] http://localhost:8080/webdav/1819866583/
16:45:45.083	0:0:0:0:0:0:0:1:57250	admin	200		11.7 ms
16:45:45.085	0:0:0:0:0:0:0:1:57250	admin	REQUEST	[PROPFIND] http://localhost:8080/webdav/1819866583/._.DS_Store
16:45:45.091	0:0:0:0:0:0:0:1:57250	admin	200		5.29 ms
16:45:45.100	0:0:0:0:0:0:0:1:57250	admin	REQUEST	[PROPFIND] http://localhost:8080/webdav/._.
16:45:45.101	0:0:0:0:0:0:0:1:57250	admin	200		1.16 ms
16:45:45.105	0:0:0:0:0:0:0:1:57250	admin	REQUEST	[GET] http://localhost:8080/webdav/1819866583/.DS_Store
16:45:45.110	0:0:0:0:0:0:0:1:57250	admin	200		4.92 ms
16:45:45.113	0:0:0:0:0:0:0:1:57250	admin	REQUEST	[PROPFIND] http://localhost:8080/webdav/1819866583/.DS_Store
16:45:45.118	0:0:0:0:0:0:0:1:57250	admin	200		5.7 ms
16:45:45.567	0:0:0:0:0:0:0:1:57250	admin	REQUEST	[PROPFIND] http://localhost:8080/webdav/
16:45:45.589	0:0:0:0:0:0:0:1:57250	admin	200		22.09 ms
16:45:45.592	0:0:0:0:0:0:0:1:57250	admin	REQUEST	[PROPFIND] http://localhost:8080/webdav/._100998636
16:45:45.594	0:0:0:0:0:0:0:1:57250	admin	200		1.88 ms
16:45:45.597	0:0:0:0:0:0:0:1:57250	admin	REQUEST	[PROPFIND] http://localhost:8080/webdav/._1384225410
16:45:45.598	0:0:0:0:0:0:0:1:57250	admin	200		1.15 ms
16:45:45.599	0:0:0:0:0:0:0:1:57250	admin	REQUEST	[PROPFIND] http://localhost:8080/webdav/._1423473823
16:45:45.600	0:0:0:0:0:0:0:1:57250	admin	200		0.78 ms
16:45:45.602	0:0:0:0:0:0:0:1:57250	admin	REQUEST	[PROPFIND] http://localhost:8080/webdav/._1685008080
16:45:45.603	0:0:0:0:0:0:0:1:57250	admin	200		1.04 ms
16:45:45.604	0:0:0:0:0:0:0:1:57250	admin	REQUEST	[PROPFIND] http://localhost:8080/webdav/._1819866583
16:45:45.605	0:0:0:0:0:0:0:1:57250	admin	200		0.95 ms
16:45:45.606	0:0:0:0:0:0:0:1:57250	admin	REQUEST	[PROPFIND] http://localhost:8080/webdav/._1859936405
16:45:45.607	0:0:0:0:0:0:0:1:57250	admin	200		0.73 ms
16:45:45.608	0:0:0:0:0:0:0:1:57250	admin	REQUEST	[PROPFIND] http://localhost:8080/webdav/._1950490579
16:45:45.609	0:0:0:0:0:0:0:1:57250	admin	200		1.13 ms
16:45:45.611	0:0:0:0:0:0:0:1:57250	admin	REQUEST	[PROPFIND] http://localhost:8080/webdav/._1954094629
16:45:45.612	0:0:0:0:0:0:0:1:57250	admin	200		1.13 ms
16:45:45.614	0:0:0:0:0:0:0:1:57250	admin	REQUEST	[PROPFIND] http://localhost:8080/webdav/._268884640
16:45:45.615	0:0:0:0:0:0:0:1:57250	admin	200		0.76 ms
16:45:45.616	0:0:0:0:0:0:0:1:57250	admin	REQUEST	[PROPFIND] http://localhost:8080/webdav/._311315762
16:45:45.617	0:0:0:0:0:0:0:1:57250	admin	200		0.72 ms
16:45:45.619	0:0:0:0:0:0:0:1:57250	admin	REQUEST	[PROPFIND] http://localhost:8080/webdav/._716603270
16:45:45.620	0:0:0:0:0:0:0:1:57250	admin	200		1.03 ms
16:45:45.621	0:0:0:0:0:0:0:1:57250	admin	REQUEST	[PROPFIND] http://localhost:8080/webdav/._84788813
16:45:45.622	0:0:0:0:0:0:0:1:57250	admin	200		0.77 ms
16:45:45.623	0:0:0:0:0:0:0:1:57250	admin	REQUEST	[PROPFIND] http://localhost:8080/webdav/._BRjx_conf
16:45:45.624	0:0:0:0:0:0:0:1:57250	admin	200		0.8 ms
16:45:45.627	0:0:0:0:0:0:0:1:57250	admin	REQUEST	[PROPFIND] http://localhost:8080/webdav/._BRjx_main
16:45:45.628	0:0:0:0:0:0:0:1:57250	admin	200		1.08 ms
16:45:45.630	0:0:0:0:0:0:0:1:57250	admin	REQUEST	[PROPFIND] http://localhost:8080/webdav/._BRjx_tables
16:45:45.631	0:0:0:0:0:0:0:1:57250	admin	200		0.84 ms
16:45:45.633	0:0:0:0:0:0:0:1:57250	admin	REQUEST	[PROPFIND] http://localhost:8080/webdav/._compare
16:45:45.634	0:0:0:0:0:0:0:1:57250	admin	200		1.19 ms
16:45:45.636	0:0:0:0:0:0:0:1:57250	admin	REQUEST	[PROPFIND] http://localhost:8080/webdav/._template_main
16:45:45.637	0:0:0:0:0:0:0:1:57250	admin	200		1.05 ms
16:45:45.668	0:0:0:0:0:0:0:1:57250	admin	REQUEST	[PROPFIND] http://localhost:8080/webdav/.DS_Store
16:45:45.669	0:0:0:0:0:0:0:1:57250	admin	200		1.23 ms
16:45:55.962	0:0:0:0:0:0:0:1:57250	admin	REQUEST	[PROPFIND] http://localhost:8080/webdav/
16:45:55.968	0:0:0:0:0:0:0:1:57250	admin	200		5.96 ms
16:51:47.760	0:0:0:0:0:0:0:1:57242	admin	ERROR	Timeout exceeded.	600020.23 ms
16:57:35.268	SERVER	admin	OK	Server was stopped (port: 1984).
