07:21:08.351	SERVER	admin	OK	Server was started (port: 1984).
07:21:25.891	0:0:0:0:0:0:0:1:51082	admin	REQUEST	[GET] http://localhost:8080/
07:21:28.492	0:0:0:0:0:0:0:1:51082	admin	302		2603.3 ms
07:21:28.492	0:0:0:0:0:0:0:1:51082	admin	200		0.34 ms
07:21:28.528	0:0:0:0:0:0:0:1:51083	admin	REQUEST	[GET] http://localhost:8080/webdav
07:21:28.615	0:0:0:0:0:0:0:1:51083	admin	200		90.8 ms
07:21:29.110	0:0:0:0:0:0:0:1:51083	admin	REQUEST	[GET] http://localhost:8080/webdav
07:21:29.111	0:0:0:0:0:0:0:1:51083	admin	200		1.28 ms
07:21:29.587	0:0:0:0:0:0:0:1:51085	admin	REQUEST	[GET] http://localhost:8080/webdav
07:21:29.588	0:0:0:0:0:0:0:1:51085	admin	200		1.04 ms
07:21:29.618	0:0:0:0:0:0:0:1:51085	admin	REQUEST	[GET] http://localhost:8080/webdav
07:21:29.619	0:0:0:0:0:0:0:1:51085	admin	200		1.22 ms
07:21:34.463	0:0:0:0:0:0:0:1:51085	admin	REQUEST	[GET] http://localhost:8080/webdav
07:21:34.769	0:0:0:0:0:0:0:1:51085	admin	200		306.41 ms
07:21:35.095	0:0:0:0:0:0:0:1:51083	admin	REQUEST	[GET] http://localhost:8080/favicon.ico
07:21:35.134	0:0:0:0:0:0:0:1:51086	admin	REQUEST	[GET] http://localhost:8080/apple-touch-icon-precomposed.png
07:21:35.309	0:0:0:0:0:0:0:1:51083	admin	404	No function found that matches the request.	214.62 ms
07:21:35.380	0:0:0:0:0:0:0:1:51086	admin	404	No function found that matches the request.	246.3 ms
07:21:35.509	0:0:0:0:0:0:0:1:51086	admin	REQUEST	[GET] http://localhost:8080/apple-touch-icon.png
07:21:35.563	0:0:0:0:0:0:0:1:51086	admin	404	No function found that matches the request.	54.34 ms
07:21:44.664	0:0:0:0:0:0:0:1:51085	admin	REQUEST	[GET] http://localhost:8080/webdav/
07:21:44.667	0:0:0:0:0:0:0:1:51085	admin	200		3.17 ms
07:25:49.088	0:0:0:0:0:0:0:1:51141	admin	REQUEST	[GET] http://localhost:8080/webdav
07:25:49.089	0:0:0:0:0:0:0:1:51141	admin	200		1.31 ms
07:25:49.834	0:0:0:0:0:0:0:1:51141	admin	REQUEST	[GET] http://localhost:8080/
07:25:49.882	0:0:0:0:0:0:0:1:51143	admin	REQUEST	[GET] http://localhost:8080/
07:25:50.034	0:0:0:0:0:0:0:1:51143	admin	302		151.77 ms
07:25:50.034	0:0:0:0:0:0:0:1:51143	admin	200		0.15 ms
07:25:50.041	0:0:0:0:0:0:0:1:51141	admin	302		206.84 ms
07:25:50.041	0:0:0:0:0:0:0:1:51141	admin	200		0.17 ms
07:25:50.049	0:0:0:0:0:0:0:1:51141	admin	REQUEST	[GET] http://localhost:8080/cm/app
07:25:50.109	0:0:0:0:0:0:0:1:51143	admin	REQUEST	[GET] http://localhost:8080/cm/app
07:25:50.279	0:0:0:0:0:0:0:1:51143	admin	200		170.51 ms
07:25:50.285	0:0:0:0:0:0:0:1:51141	admin	200		236.18 ms
07:25:50.468	0:0:0:0:0:0:0:1:51143	admin	REQUEST	[GET] http://localhost:8080/css?style=default
07:25:50.534	0:0:0:0:0:0:0:1:51141	admin	REQUEST	[GET] http://localhost:8080/css?style=default
07:25:50.691	0:0:0:0:0:0:0:1:51143	admin	200		222.99 ms
07:25:50.746	0:0:0:0:0:0:0:1:51141	admin	200		212.07 ms
07:26:02.643	0:0:0:0:0:0:0:1:51141	admin	REQUEST	[GET] http://localhost:8080/webdav
07:26:02.644	0:0:0:0:0:0:0:1:51141	admin	200		0.86 ms
07:26:03.123	0:0:0:0:0:0:0:1:51141	admin	REQUEST	[GET] http://localhost:8080/webdav
07:26:03.124	0:0:0:0:0:0:0:1:51141	admin	200		0.87 ms
07:26:03.763	0:0:0:0:0:0:0:1:51141	admin	REQUEST	[GET] http://localhost:8080/webdav
07:26:03.764	0:0:0:0:0:0:0:1:51141	admin	200		1.88 ms
07:26:04.080	0:0:0:0:0:0:0:1:51141	admin	REQUEST	[GET] http://localhost:8080/webdav
07:26:04.081	0:0:0:0:0:0:0:1:51141	admin	200		1.02 ms
07:26:04.526	0:0:0:0:0:0:0:1:51141	admin	REQUEST	[GET] http://localhost:8080/webdav
07:26:04.527	0:0:0:0:0:0:0:1:51141	admin	200		0.99 ms
07:26:06.045	0:0:0:0:0:0:0:1:51143	admin	REQUEST	[GET] http://localhost:8080/webdav
07:26:06.047	0:0:0:0:0:0:0:1:51143	admin	200		2.86 ms
07:26:41.497	0:0:0:0:0:0:0:1:51163	admin	REQUEST	[GET] http://localhost:8080/webdav/
07:26:41.497	0:0:0:0:0:0:0:1:51163	admin	200		1.01 ms
07:26:41.653	0:0:0:0:0:0:0:1:51165	admin	REQUEST	[GET] http://localhost:8080/webdav/
07:26:41.654	0:0:0:0:0:0:0:1:51165	admin	200		1.8 ms
07:32:52.190	0:0:0:0:0:0:0:1:51265	admin	REQUEST	[OPTIONS] http://localhost:8080/webdav
07:32:52.192	0:0:0:0:0:0:0:1:51265	admin	200		2.23 ms
07:32:58.255	0:0:0:0:0:0:0:1:51266	admin	REQUEST	[OPTIONS] http://localhost:8080/webdav
07:32:58.256	0:0:0:0:0:0:0:1:51266	admin	200		1.0 ms
07:32:58.932	0:0:0:0:0:0:0:1:51267	admin	REQUEST	[OPTIONS] http://localhost:8080/webdav/
07:32:58.932	0:0:0:0:0:0:0:1:51267	admin	200		0.98 ms
07:32:58.935	0:0:0:0:0:0:0:1:51267	admin	REQUEST	[PROPFIND] http://localhost:8080/webdav/
07:32:58.936	0:0:0:0:0:0:0:1:51267	admin	200		1.09 ms
07:32:58.939	0:0:0:0:0:0:0:1:51267	admin	REQUEST	[PROPFIND] http://localhost:8080/webdav/
07:32:58.961	0:0:0:0:0:0:0:1:51267	admin	200		22.23 ms
07:32:58.983	0:0:0:0:0:0:0:1:51267	admin	REQUEST	[PROPFIND] http://localhost:8080/webdav/
07:32:58.988	0:0:0:0:0:0:0:1:51267	admin	200		5.47 ms
07:32:59.029	0:0:0:0:0:0:0:1:51267	admin	REQUEST	[PROPFIND] http://localhost:8080/webdav/
07:32:59.033	0:0:0:0:0:0:0:1:51267	admin	200		4.14 ms
07:32:59.038	0:0:0:0:0:0:0:1:51267	admin	REQUEST	[PROPFIND] http://localhost:8080/webdav/
07:32:59.043	0:0:0:0:0:0:0:1:51267	admin	200		4.45 ms
07:32:59.057	0:0:0:0:0:0:0:1:51268	admin	REQUEST	[PROPFIND] http://localhost:8080/webdav/
07:32:59.061	0:0:0:0:0:0:0:1:51268	admin	200		4.23 ms
07:32:59.064	0:0:0:0:0:0:0:1:51269	admin	REQUEST	[PROPFIND] http://localhost:8080/webdav/
07:32:59.067	0:0:0:0:0:0:0:1:51269	admin	200		3.77 ms
07:32:59.076	0:0:0:0:0:0:0:1:51270	admin	REQUEST	[PROPFIND] http://localhost:8080/webdav/
07:32:59.079	0:0:0:0:0:0:0:1:51270	admin	200		3.33 ms
07:32:59.086	0:0:0:0:0:0:0:1:51271	admin	REQUEST	[PROPFIND] http://localhost:8080/webdav/
07:32:59.089	0:0:0:0:0:0:0:1:51271	admin	200		3.23 ms
07:32:59.092	0:0:0:0:0:0:0:1:51267	admin	REQUEST	[PROPFIND] http://localhost:8080/webdav/._.
07:32:59.129	0:0:0:0:0:0:0:1:51267	admin	200		37.54 ms
07:32:59.134	0:0:0:0:0:0:0:1:51267	admin	REQUEST	[PROPFIND] http://localhost:8080/webdav/._.
07:32:59.137	0:0:0:0:0:0:0:1:51267	admin	200		2.9 ms
07:32:59.160	0:0:0:0:0:0:0:1:51267	admin	REQUEST	[PROPFIND] http://localhost:8080/webdav/.Spotlight-V100
07:32:59.162	0:0:0:0:0:0:0:1:51267	admin	200		2.53 ms
07:32:59.170	0:0:0:0:0:0:0:1:51267	admin	REQUEST	[PROPFIND] http://localhost:8080/webdav/.metadata_never_index
07:32:59.174	0:0:0:0:0:0:0:1:51267	admin	200		3.75 ms
07:32:59.206	0:0:0:0:0:0:0:1:51267	admin	REQUEST	[PROPFIND] http://localhost:8080/webdav/.metadata_never_index_unless_rootfs
07:32:59.208	0:0:0:0:0:0:0:1:51267	admin	200		2.31 ms
07:32:59.218	0:0:0:0:0:0:0:1:51267	admin	REQUEST	[PROPFIND] http://localhost:8080/webdav/.DS_Store
07:32:59.222	0:0:0:0:0:0:0:1:51267	admin	200		6.89 ms
07:32:59.281	0:0:0:0:0:0:0:1:51267	admin	REQUEST	[PROPFIND] http://localhost:8080/webdav/.DS_Store
07:32:59.287	0:0:0:0:0:0:0:1:51267	admin	200		5.86 ms
07:32:59.308	0:0:0:0:0:0:0:1:51267	admin	REQUEST	[PUT] http://localhost:8080/webdav/.DS_Store
07:32:59.430	0:0:0:0:0:0:0:1:51267	admin	200		122.05 ms
07:32:59.432	0:0:0:0:0:0:0:1:51267	admin	REQUEST	[PROPFIND] http://localhost:8080/webdav/.DS_Store
07:32:59.436	0:0:0:0:0:0:0:1:51267	admin	200		3.3 ms
07:32:59.446	0:0:0:0:0:0:0:1:51267	admin	REQUEST	[PROPFIND] http://localhost:8080/webdav/.hidden
07:32:59.448	0:0:0:0:0:0:0:1:51267	admin	200		2.4 ms
07:32:59.453	0:0:0:0:0:0:0:1:51267	admin	REQUEST	[PROPFIND] http://localhost:8080/webdav/
07:32:59.472	0:0:0:0:0:0:0:1:51267	admin	200		18.81 ms
07:32:59.478	0:0:0:0:0:0:0:1:51267	admin	REQUEST	[PROPFIND] http://localhost:8080/webdav/._0589a896-fc52-46f9-b682-730a62c05e4a
07:32:59.480	0:0:0:0:0:0:0:1:51267	admin	200		2.41 ms
07:32:59.486	0:0:0:0:0:0:0:1:51267	admin	REQUEST	[PROPFIND] http://localhost:8080/webdav/._app-cm
07:32:59.489	0:0:0:0:0:0:0:1:51267	admin	200		2.67 ms
07:32:59.492	0:0:0:0:0:0:0:1:51267	admin	REQUEST	[PROPFIND] http://localhost:8080/webdav/._factbook
07:32:59.494	0:0:0:0:0:0:0:1:51267	admin	200		2.51 ms
07:32:59.952	0:0:0:0:0:0:0:1:51267	admin	REQUEST	[PROPFIND] http://localhost:8080/webdav/
07:32:59.962	0:0:0:0:0:0:0:1:51267	admin	200		9.95 ms
07:33:00.455	0:0:0:0:0:0:0:1:51267	admin	REQUEST	[PROPFIND] http://localhost:8080/webdav/._.
07:33:00.458	0:0:0:0:0:0:0:1:51267	admin	200		3.81 ms
07:33:00.468	0:0:0:0:0:0:0:1:51267	admin	REQUEST	[PROPFIND] http://localhost:8080/webdav/
07:33:00.500	0:0:0:0:0:0:0:1:51267	admin	200		33.33 ms
07:33:00.514	0:0:0:0:0:0:0:1:51267	admin	REQUEST	[PROPFIND] http://localhost:8080/webdav/._0589a896-fc52-46f9-b682-730a62c05e4a
07:33:00.518	0:0:0:0:0:0:0:1:51267	admin	200		4.41 ms
07:33:00.525	0:0:0:0:0:0:0:1:51267	admin	REQUEST	[PROPFIND] http://localhost:8080/webdav/._app-cm
07:33:00.529	0:0:0:0:0:0:0:1:51267	admin	200		4.18 ms
07:33:00.531	0:0:0:0:0:0:0:1:51267	admin	REQUEST	[PROPFIND] http://localhost:8080/webdav/._factbook
07:33:00.533	0:0:0:0:0:0:0:1:51267	admin	200		2.06 ms
07:33:04.963	0:0:0:0:0:0:0:1:51267	admin	REQUEST	[PROPFIND] http://localhost:8080/webdav/.DS_Store
07:33:04.967	0:0:0:0:0:0:0:1:51267	admin	200		3.78 ms
07:33:04.975	0:0:0:0:0:0:0:1:51267	admin	REQUEST	[PROPFIND] http://localhost:8080/webdav/.DS_Store
07:33:04.978	0:0:0:0:0:0:0:1:51267	admin	200		3.4 ms
07:33:04.990	0:0:0:0:0:0:0:1:51267	admin	REQUEST	[PUT] http://localhost:8080/webdav/.DS_Store
07:33:05.020	0:0:0:0:0:0:0:1:51267	admin	200		29.95 ms
07:33:05.024	0:0:0:0:0:0:0:1:51267	admin	REQUEST	[PROPFIND] http://localhost:8080/webdav/.DS_Store
07:33:05.026	0:0:0:0:0:0:0:1:51267	admin	200		2.46 ms
07:33:05.038	0:0:0:0:0:0:0:1:51267	admin	REQUEST	[PROPFIND] http://localhost:8080/webdav/0589a896-fc52-46f9-b682-730a62c05e4a/
07:33:05.070	0:0:0:0:0:0:0:1:51267	admin	200		31.79 ms
07:33:05.085	0:0:0:0:0:0:0:1:51267	admin	REQUEST	[PROPFIND] http://localhost:8080/webdav/0589a896-fc52-46f9-b682-730a62c05e4a/._var
07:33:05.104	0:0:0:0:0:0:0:1:51267	admin	200		19.61 ms
07:33:05.118	0:0:0:0:0:0:0:1:51267	admin	REQUEST	[PROPFIND] http://localhost:8080/webdav/._.
07:33:05.121	0:0:0:0:0:0:0:1:51267	admin	200		2.74 ms
07:33:05.123	0:0:0:0:0:0:0:1:51267	admin	REQUEST	[PROPFIND] http://localhost:8080/webdav/0589a896-fc52-46f9-b682-730a62c05e4a/.DS_Store
07:33:05.136	0:0:0:0:0:0:0:1:51267	admin	200		13.69 ms
07:33:06.497	0:0:0:0:0:0:0:1:51267	admin	REQUEST	[PROPFIND] http://localhost:8080/webdav/0589a896-fc52-46f9-b682-730a62c05e4a/var/
07:33:06.537	0:0:0:0:0:0:0:1:51267	admin	200		40.21 ms
07:33:06.559	0:0:0:0:0:0:0:1:51267	admin	REQUEST	[PROPFIND] http://localhost:8080/webdav/0589a896-fc52-46f9-b682-730a62c05e4a/var/._storage
07:33:06.564	0:0:0:0:0:0:0:1:51267	admin	200		5.34 ms
07:33:06.574	0:0:0:0:0:0:0:1:51267	admin	REQUEST	[PROPFIND] http://localhost:8080/webdav/._0589a896-fc52-46f9-b682-730a62c05e4a
07:33:06.577	0:0:0:0:0:0:0:1:51267	admin	200		2.67 ms
07:33:06.579	0:0:0:0:0:0:0:1:51267	admin	REQUEST	[PROPFIND] http://localhost:8080/webdav/._.
07:33:06.582	0:0:0:0:0:0:0:1:51267	admin	200		2.93 ms
07:33:06.587	0:0:0:0:0:0:0:1:51267	admin	REQUEST	[PROPFIND] http://localhost:8080/webdav/0589a896-fc52-46f9-b682-730a62c05e4a/var/.DS_Store
07:33:06.592	0:0:0:0:0:0:0:1:51267	admin	200		5.89 ms
07:33:07.753	0:0:0:0:0:0:0:1:51267	admin	REQUEST	[PROPFIND] http://localhost:8080/webdav/0589a896-fc52-46f9-b682-730a62c05e4a/var/._storage
07:33:07.762	0:0:0:0:0:0:0:1:51267	admin	200		9.13 ms
07:33:07.780	0:0:0:0:0:0:0:1:51267	admin	REQUEST	[PROPFIND] http://localhost:8080/webdav/0589a896-fc52-46f9-b682-730a62c05e4a/var/storage/
07:33:07.796	0:0:0:0:0:0:0:1:51267	admin	200		15.92 ms
07:33:07.804	0:0:0:0:0:0:0:1:51267	admin	REQUEST	[PROPFIND] http://localhost:8080/webdav/0589a896-fc52-46f9-b682-730a62c05e4a/var/storage/._0589a896-fc52-46f9-b682-730a62c05e4a.xml
07:33:07.810	0:0:0:0:0:0:0:1:51267	admin	200		6.21 ms
07:33:07.820	0:0:0:0:0:0:0:1:51267	admin	REQUEST	[PROPFIND] http://localhost:8080/webdav/._0589a896-fc52-46f9-b682-730a62c05e4a
07:33:07.823	0:0:0:0:0:0:0:1:51267	admin	200		2.89 ms
07:33:07.825	0:0:0:0:0:0:0:1:51267	admin	REQUEST	[PROPFIND] http://localhost:8080/webdav/._.
07:33:07.827	0:0:0:0:0:0:0:1:51267	admin	200		2.22 ms
07:33:07.829	0:0:0:0:0:0:0:1:51267	admin	REQUEST	[PROPFIND] http://localhost:8080/webdav/0589a896-fc52-46f9-b682-730a62c05e4a/var/storage/.DS_Store
07:33:07.835	0:0:0:0:0:0:0:1:51267	admin	200		5.71 ms
07:33:10.216	0:0:0:0:0:0:0:1:51267	admin	REQUEST	[PROPFIND] http://localhost:8080/webdav/0589a896-fc52-46f9-b682-730a62c05e4a/var/.DS_Store
07:33:10.222	0:0:0:0:0:0:0:1:51267	admin	200		6.18 ms
07:33:10.242	0:0:0:0:0:0:0:1:51267	admin	REQUEST	[PROPFIND] http://localhost:8080/webdav/0589a896-fc52-46f9-b682-730a62c05e4a/var/.DS_Store
07:33:10.246	0:0:0:0:0:0:0:1:51267	admin	200		3.82 ms
07:33:10.262	0:0:0:0:0:0:0:1:51267	admin	REQUEST	[PUT] http://localhost:8080/webdav/0589a896-fc52-46f9-b682-730a62c05e4a/var/.DS_Store
07:33:10.359	0:0:0:0:0:0:0:1:51267	admin	200		97.26 ms
07:33:10.362	0:0:0:0:0:0:0:1:51267	admin	REQUEST	[PROPFIND] http://localhost:8080/webdav/0589a896-fc52-46f9-b682-730a62c05e4a/var/._.DS_Store
07:33:10.381	0:0:0:0:0:0:0:1:51267	admin	200		19.19 ms
07:33:10.383	0:0:0:0:0:0:0:1:51267	admin	REQUEST	[LOCK] http://localhost:8080/webdav/0589a896-fc52-46f9-b682-730a62c05e4a/var/.DS_Store
07:33:10.581	0:0:0:0:0:0:0:1:51267	admin	200		198.56 ms
07:33:10.583	0:0:0:0:0:0:0:1:51267	admin	REQUEST	[UNLOCK] http://localhost:8080/webdav/0589a896-fc52-46f9-b682-730a62c05e4a/var/.DS_Store
07:33:10.649	0:0:0:0:0:0:0:1:51271	admin	REQUEST	[PROPFIND] http://localhost:8080/webdav/0589a896-fc52-46f9-b682-730a62c05e4a/var/._.DS_Store
07:33:10.654	0:0:0:0:0:0:0:1:51271	admin	200		5.33 ms
07:33:10.655	0:0:0:0:0:0:0:1:51271	admin	REQUEST	[PUT] http://localhost:8080/webdav/0589a896-fc52-46f9-b682-730a62c05e4a/var/._.DS_Store
07:33:10.719	0:0:0:0:0:0:0:1:51271	admin	200		63.51 ms
07:33:10.722	0:0:0:0:0:0:0:1:51271	admin	REQUEST	[LOCK] http://localhost:8080/webdav/0589a896-fc52-46f9-b682-730a62c05e4a/var/._.DS_Store
07:33:10.784	0:0:0:0:0:0:0:1:51271	admin	200		62.01 ms
07:33:10.787	0:0:0:0:0:0:0:1:51271	admin	REQUEST	[PUT] http://localhost:8080/webdav/0589a896-fc52-46f9-b682-730a62c05e4a/var/._.DS_Store
07:33:10.864	0:0:0:0:0:0:0:1:51267	admin	200		281.26 ms
07:33:10.865	0:0:0:0:0:0:0:1:51267	admin	REQUEST	[PROPFIND] http://localhost:8080/webdav/0589a896-fc52-46f9-b682-730a62c05e4a/var/.DS_Store
07:33:10.874	0:0:0:0:0:0:0:1:51271	admin	200		87.79 ms
07:33:10.875	0:0:0:0:0:0:0:1:51271	admin	REQUEST	[PROPFIND] http://localhost:8080/webdav/0589a896-fc52-46f9-b682-730a62c05e4a/var/._.DS_Store
07:33:10.899	0:0:0:0:0:0:0:1:51267	admin	200		34.52 ms
07:33:10.907	0:0:0:0:0:0:0:1:51267	admin	REQUEST	[UNLOCK] http://localhost:8080/webdav/0589a896-fc52-46f9-b682-730a62c05e4a/var/._.DS_Store
07:33:10.948	0:0:0:0:0:0:0:1:51267	admin	200		41.4 ms
07:33:10.949	0:0:0:0:0:0:0:1:51267	admin	REQUEST	[LOCK] http://localhost:8080/webdav/0589a896-fc52-46f9-b682-730a62c05e4a/var/.DS_Store
07:33:10.964	0:0:0:0:0:0:0:1:51271	admin	200		88.32 ms
07:33:11.024	0:0:0:0:0:0:0:1:51267	admin	200		75.44 ms
07:33:11.026	0:0:0:0:0:0:0:1:51267	admin	REQUEST	[UNLOCK] http://localhost:8080/webdav/0589a896-fc52-46f9-b682-730a62c05e4a/var/.DS_Store
07:33:11.068	0:0:0:0:0:0:0:1:51267	admin	200		42.51 ms
07:33:11.069	0:0:0:0:0:0:0:1:51267	admin	REQUEST	[LOCK] http://localhost:8080/webdav/0589a896-fc52-46f9-b682-730a62c05e4a/var/.DS_Store
07:33:11.144	0:0:0:0:0:0:0:1:51267	admin	200		75.24 ms
07:33:11.147	0:0:0:0:0:0:0:1:51267	admin	REQUEST	[PUT] http://localhost:8080/webdav/0589a896-fc52-46f9-b682-730a62c05e4a/var/.DS_Store
07:33:11.280	0:0:0:0:0:0:0:1:51267	admin	200		133.87 ms
07:33:11.281	0:0:0:0:0:0:0:1:51267	admin	REQUEST	[PROPFIND] http://localhost:8080/webdav/0589a896-fc52-46f9-b682-730a62c05e4a/var/.DS_Store
07:33:11.294	0:0:0:0:0:0:0:1:51267	admin	200		13.32 ms
07:33:11.295	0:0:0:0:0:0:0:1:51267	admin	REQUEST	[UNLOCK] http://localhost:8080/webdav/0589a896-fc52-46f9-b682-730a62c05e4a/var/.DS_Store
07:33:11.335	0:0:0:0:0:0:0:1:51267	admin	200		40.75 ms
07:33:11.336	0:0:0:0:0:0:0:1:51271	admin	REQUEST	[PROPFIND] http://localhost:8080/webdav/0589a896-fc52-46f9-b682-730a62c05e4a/var/.DS_Store
07:33:11.336	0:0:0:0:0:0:0:1:51267	admin	REQUEST	[PROPFIND] http://localhost:8080/webdav/0589a896-fc52-46f9-b682-730a62c05e4a/var/.DS_Store
07:33:11.342	0:0:0:0:0:0:0:1:51271	admin	200		6.65 ms
07:33:11.344	0:0:0:0:0:0:0:1:51271	admin	REQUEST	[PROPFIND] http://localhost:8080/webdav/0589a896-fc52-46f9-b682-730a62c05e4a/.DS_Store
07:33:11.347	0:0:0:0:0:0:0:1:51271	admin	200		3.67 ms
07:33:11.349	0:0:0:0:0:0:0:1:51271	admin	REQUEST	[PUT] http://localhost:8080/webdav/0589a896-fc52-46f9-b682-730a62c05e4a/.DS_Store
07:33:11.375	0:0:0:0:0:0:0:1:51271	admin	200		26.66 ms
07:33:11.377	0:0:0:0:0:0:0:1:51271	admin	REQUEST	[PROPFIND] http://localhost:8080/webdav/0589a896-fc52-46f9-b682-730a62c05e4a/._.DS_Store
07:33:11.380	0:0:0:0:0:0:0:1:51271	admin	200		3.56 ms
07:33:11.382	0:0:0:0:0:0:0:1:51271	admin	REQUEST	[LOCK] http://localhost:8080/webdav/0589a896-fc52-46f9-b682-730a62c05e4a/.DS_Store
07:33:11.420	0:0:0:0:0:0:0:1:51271	admin	200		38.85 ms
07:33:11.422	0:0:0:0:0:0:0:1:51271	admin	REQUEST	[UNLOCK] http://localhost:8080/webdav/0589a896-fc52-46f9-b682-730a62c05e4a/.DS_Store
07:33:11.450	0:0:0:0:0:0:0:1:51267	admin	200		114.6 ms
07:33:11.463	0:0:0:0:0:0:0:1:51267	admin	REQUEST	[PROPFIND] http://localhost:8080/webdav/0589a896-fc52-46f9-b682-730a62c05e4a/.DS_Store
07:33:11.463	0:0:0:0:0:0:0:1:51271	admin	200		41.36 ms
07:33:11.463	0:0:0:0:0:0:0:1:51271	admin	REQUEST	[PROPFIND] http://localhost:8080/webdav/0589a896-fc52-46f9-b682-730a62c05e4a/._.DS_Store
07:33:11.468	0:0:0:0:0:0:0:1:51267	admin	200		5.46 ms
07:33:11.472	0:0:0:0:0:0:0:1:51271	admin	200		8.59 ms
07:33:11.473	0:0:0:0:0:0:0:1:51267	admin	REQUEST	[PROPFIND] http://localhost:8080/webdav/0589a896-fc52-46f9-b682-730a62c05e4a/._.DS_Store
07:33:11.477	0:0:0:0:0:0:0:1:51267	admin	200		3.69 ms
07:33:11.478	0:0:0:0:0:0:0:1:51267	admin	REQUEST	[PUT] http://localhost:8080/webdav/0589a896-fc52-46f9-b682-730a62c05e4a/._.DS_Store
07:33:11.511	0:0:0:0:0:0:0:1:51267	admin	200		33.77 ms
07:33:11.520	0:0:0:0:0:0:0:1:51267	admin	REQUEST	[LOCK] http://localhost:8080/webdav/0589a896-fc52-46f9-b682-730a62c05e4a/._.DS_Store
07:33:11.596	0:0:0:0:0:0:0:1:51267	admin	200		75.98 ms
07:33:11.604	0:0:0:0:0:0:0:1:51267	admin	REQUEST	[PUT] http://localhost:8080/webdav/0589a896-fc52-46f9-b682-730a62c05e4a/._.DS_Store
07:33:11.695	0:0:0:0:0:0:0:1:51267	admin	200		90.63 ms
07:33:11.699	0:0:0:0:0:0:0:1:51267	admin	REQUEST	[PROPFIND] http://localhost:8080/webdav/0589a896-fc52-46f9-b682-730a62c05e4a/._.DS_Store
07:33:11.715	0:0:0:0:0:0:0:1:51267	admin	200		16.14 ms
07:33:11.716	0:0:0:0:0:0:0:1:51267	admin	REQUEST	[UNLOCK] http://localhost:8080/webdav/0589a896-fc52-46f9-b682-730a62c05e4a/._.DS_Store
07:33:11.751	0:0:0:0:0:0:0:1:51267	admin	200		34.34 ms
07:33:11.752	0:0:0:0:0:0:0:1:51267	admin	REQUEST	[LOCK] http://localhost:8080/webdav/0589a896-fc52-46f9-b682-730a62c05e4a/.DS_Store
07:33:11.776	0:0:0:0:0:0:0:1:51267	admin	200		24.84 ms
07:33:11.778	0:0:0:0:0:0:0:1:51267	admin	REQUEST	[UNLOCK] http://localhost:8080/webdav/0589a896-fc52-46f9-b682-730a62c05e4a/.DS_Store
07:33:11.800	0:0:0:0:0:0:0:1:51267	admin	200		22.64 ms
07:33:11.801	0:0:0:0:0:0:0:1:51267	admin	REQUEST	[LOCK] http://localhost:8080/webdav/0589a896-fc52-46f9-b682-730a62c05e4a/.DS_Store
07:33:11.832	0:0:0:0:0:0:0:1:51267	admin	200		31.46 ms
07:33:11.835	0:0:0:0:0:0:0:1:51267	admin	REQUEST	[PUT] http://localhost:8080/webdav/0589a896-fc52-46f9-b682-730a62c05e4a/.DS_Store
07:33:11.887	0:0:0:0:0:0:0:1:51267	admin	200		52.22 ms
07:33:11.893	0:0:0:0:0:0:0:1:51267	admin	REQUEST	[PROPFIND] http://localhost:8080/webdav/0589a896-fc52-46f9-b682-730a62c05e4a/.DS_Store
07:33:11.912	0:0:0:0:0:0:0:1:51267	admin	200		19.74 ms
07:33:11.913	0:0:0:0:0:0:0:1:51267	admin	REQUEST	[UNLOCK] http://localhost:8080/webdav/0589a896-fc52-46f9-b682-730a62c05e4a/.DS_Store
07:33:11.954	0:0:0:0:0:0:0:1:51271	admin	REQUEST	[PROPFIND] http://localhost:8080/webdav/0589a896-fc52-46f9-b682-730a62c05e4a/.DS_Store
07:33:11.960	0:0:0:0:0:0:0:1:51271	admin	200		5.52 ms
07:33:11.961	0:0:0:0:0:0:0:1:51271	admin	REQUEST	[PROPFIND] http://localhost:8080/webdav/.DS_Store
07:33:11.963	0:0:0:0:0:0:0:1:51271	admin	200		1.65 ms
07:33:11.964	0:0:0:0:0:0:0:1:51271	admin	REQUEST	[PROPFIND] http://localhost:8080/webdav/.DS_Store
07:33:11.966	0:0:0:0:0:0:0:1:51271	admin	200		1.84 ms
07:33:11.967	0:0:0:0:0:0:0:1:51271	admin	REQUEST	[PUT] http://localhost:8080/webdav/.DS_Store
07:33:11.980	0:0:0:0:0:0:0:1:51271	admin	200		13.92 ms
07:33:11.983	0:0:0:0:0:0:0:1:51271	admin	REQUEST	[PROPFIND] http://localhost:8080/webdav/.DS_Store
07:33:11.985	0:0:0:0:0:0:0:1:51271	admin	200		2.22 ms
07:33:11.991	0:0:0:0:0:0:0:1:51271	admin	REQUEST	[PROPFIND] http://localhost:8080/webdav/._app-cm
07:33:11.993	0:0:0:0:0:0:0:1:51271	admin	200		2.0 ms
07:33:11.995	0:0:0:0:0:0:0:1:51271	admin	REQUEST	[PROPFIND] http://localhost:8080/webdav/app-cm/
07:33:11.997	0:0:0:0:0:0:0:1:51267	admin	200		84.32 ms
07:33:11.998	0:0:0:0:0:0:0:1:51267	admin	REQUEST	[PROPFIND] http://localhost:8080/webdav/0589a896-fc52-46f9-b682-730a62c05e4a/.DS_Store
07:33:12.014	0:0:0:0:0:0:0:1:51271	admin	200		19.59 ms
07:33:12.033	0:0:0:0:0:0:0:1:51267	admin	200		34.69 ms
07:33:12.034	0:0:0:0:0:0:0:1:51271	admin	REQUEST	[PROPFIND] http://localhost:8080/webdav/app-cm/._bin
07:33:12.039	0:0:0:0:0:0:0:1:51271	admin	200		5.81 ms
07:33:12.041	0:0:0:0:0:0:0:1:51267	admin	REQUEST	[PROPFIND] http://localhost:8080/webdav/app-cm/._etc
07:33:12.044	0:0:0:0:0:0:0:1:51267	admin	200		3.27 ms
07:33:12.048	0:0:0:0:0:0:0:1:51267	admin	REQUEST	[PROPFIND] http://localhost:8080/webdav/app-cm/._var
07:33:12.051	0:0:0:0:0:0:0:1:51267	admin	200		3.4 ms
07:33:12.059	0:0:0:0:0:0:0:1:51267	admin	REQUEST	[PROPFIND] http://localhost:8080/webdav/._.
07:33:12.061	0:0:0:0:0:0:0:1:51267	admin	200		1.84 ms
07:33:12.062	0:0:0:0:0:0:0:1:51267	admin	REQUEST	[PROPFIND] http://localhost:8080/webdav/app-cm/.DS_Store
07:33:12.065	0:0:0:0:0:0:0:1:51267	admin	200		2.95 ms
07:33:12.068	0:0:0:0:0:0:0:1:51267	admin	REQUEST	[PROPFIND] http://localhost:8080/webdav/0589a896-fc52-46f9-b682-730a62c05e4a/._var
07:33:12.072	0:0:0:0:0:0:0:1:51267	admin	200		3.94 ms
07:33:12.077	0:0:0:0:0:0:0:1:51267	admin	REQUEST	[PROPFIND] http://localhost:8080/webdav/0589a896-fc52-46f9-b682-730a62c05e4a/var/
07:33:12.113	0:0:0:0:0:0:0:1:51267	admin	200		37.19 ms
07:33:12.122	0:0:0:0:0:0:0:1:51267	admin	REQUEST	[PROPFIND] http://localhost:8080/webdav/0589a896-fc52-46f9-b682-730a62c05e4a/var/._storage
07:33:12.128	0:0:0:0:0:0:0:1:51267	admin	200		5.4 ms
07:33:12.130	0:0:0:0:0:0:0:1:51267	admin	REQUEST	[PROPFIND] http://localhost:8080/webdav/0589a896-fc52-46f9-b682-730a62c05e4a/var/._storage
07:33:12.135	0:0:0:0:0:0:0:1:51267	admin	200		4.5 ms
07:33:12.137	0:0:0:0:0:0:0:1:51267	admin	REQUEST	[PROPFIND] http://localhost:8080/webdav/._0589a896-fc52-46f9-b682-730a62c05e4a
07:33:12.138	0:0:0:0:0:0:0:1:51267	admin	200		1.74 ms
07:33:12.141	0:0:0:0:0:0:0:1:51267	admin	REQUEST	[PROPFIND] http://localhost:8080/webdav/0589a896-fc52-46f9-b682-730a62c05e4a/
07:33:12.151	0:0:0:0:0:0:0:1:51267	admin	200		10.87 ms
07:33:12.160	0:0:0:0:0:0:0:1:51267	admin	REQUEST	[PROPFIND] http://localhost:8080/webdav/._factbook
07:33:12.162	0:0:0:0:0:0:0:1:51267	admin	200		1.99 ms
07:33:12.164	0:0:0:0:0:0:0:1:51267	admin	REQUEST	[PROPFIND] http://localhost:8080/webdav/factbook/
07:33:12.186	0:0:0:0:0:0:0:1:51267	admin	200		21.69 ms
07:33:12.188	0:0:0:0:0:0:0:1:51267	admin	REQUEST	[PROPFIND] http://localhost:8080/webdav/factbook/._factbook.xml
07:33:12.203	0:0:0:0:0:0:0:1:51267	admin	200		14.32 ms
07:33:12.213	0:0:0:0:0:0:0:1:51267	admin	REQUEST	[PROPFIND] http://localhost:8080/webdav/factbook/.DS_Store
07:33:12.229	0:0:0:0:0:0:0:1:51267	admin	200		15.66 ms
07:33:12.642	0:0:0:0:0:0:0:1:51267	admin	REQUEST	[PROPFIND] http://localhost:8080/webdav/0589a896-fc52-46f9-b682-730a62c05e4a/
07:33:12.652	0:0:0:0:0:0:0:1:51267	admin	200		10.08 ms
07:33:17.160	0:0:0:0:0:0:0:1:51267	admin	REQUEST	[PROPFIND] http://localhost:8080/webdav/.DS_Store
07:33:17.162	0:0:0:0:0:0:0:1:51267	admin	200		2.72 ms
07:33:17.164	0:0:0:0:0:0:0:1:51267	admin	REQUEST	[PROPFIND] http://localhost:8080/webdav/.DS_Store
07:33:17.166	0:0:0:0:0:0:0:1:51267	admin	200		2.07 ms
07:33:17.169	0:0:0:0:0:0:0:1:51267	admin	REQUEST	[PUT] http://localhost:8080/webdav/.DS_Store
07:33:17.180	0:0:0:0:0:0:0:1:51267	admin	200		11.89 ms
07:33:17.192	0:0:0:0:0:0:0:1:51267	admin	REQUEST	[PROPFIND] http://localhost:8080/webdav/.DS_Store
07:33:17.194	0:0:0:0:0:0:0:1:51267	admin	200		1.99 ms
07:33:42.501	0:0:0:0:0:0:0:1:51267	admin	REQUEST	[PROPFIND] http://localhost:8080/webdav/._.
07:33:42.515	0:0:0:0:0:0:0:1:51267	admin	200		14.26 ms
07:33:42.522	0:0:0:0:0:0:0:1:51267	admin	REQUEST	[PROPFIND] http://localhost:8080/webdav/
07:33:42.535	0:0:0:0:0:0:0:1:51267	admin	200		12.89 ms
07:33:42.569	0:0:0:0:0:0:0:1:51267	admin	REQUEST	[PROPFIND] http://localhost:8080/webdav/._0589a896-fc52-46f9-b682-730a62c05e4a
07:33:42.571	0:0:0:0:0:0:0:1:51267	admin	200		1.94 ms
07:33:42.573	0:0:0:0:0:0:0:1:51267	admin	REQUEST	[PROPFIND] http://localhost:8080/webdav/._app-cm
07:33:42.574	0:0:0:0:0:0:0:1:51267	admin	200		1.62 ms
07:33:42.587	0:0:0:0:0:0:0:1:51267	admin	REQUEST	[PROPFIND] http://localhost:8080/webdav/._factbook
07:33:42.591	0:0:0:0:0:0:0:1:51267	admin	200		4.09 ms
07:33:42.599	0:0:0:0:0:0:0:1:51267	admin	REQUEST	[PROPFIND] http://localhost:8080/webdav/0589a896-fc52-46f9-b682-730a62c05e4a/
07:33:42.645	0:0:0:0:0:0:0:1:51267	admin	200		46.44 ms
07:33:42.646	0:0:0:0:0:0:0:1:51267	admin	REQUEST	[PROPFIND] http://localhost:8080/webdav/0589a896-fc52-46f9-b682-730a62c05e4a/var/
07:33:42.688	0:0:0:0:0:0:0:1:51267	admin	200		42.59 ms
07:33:42.691	0:0:0:0:0:0:0:1:51267	admin	REQUEST	[PROPFIND] http://localhost:8080/webdav/0589a896-fc52-46f9-b682-730a62c05e4a/var/._storage
07:33:42.703	0:0:0:0:0:0:0:1:51267	admin	200		12.07 ms
07:33:42.707	0:0:0:0:0:0:0:1:51267	admin	REQUEST	[PROPFIND] http://localhost:8080/webdav/0589a896-fc52-46f9-b682-730a62c05e4a/var/storage/
07:33:42.717	0:0:0:0:0:0:0:1:51267	admin	200		9.49 ms
07:33:42.729	0:0:0:0:0:0:0:1:51267	admin	REQUEST	[PROPFIND] http://localhost:8080/webdav/app-cm/
07:33:42.738	0:0:0:0:0:0:0:1:51267	admin	200		8.65 ms
07:33:42.749	0:0:0:0:0:0:0:1:51267	admin	REQUEST	[PROPFIND] http://localhost:8080/webdav/app-cm/._bin
07:33:42.752	0:0:0:0:0:0:0:1:51267	admin	200		3.61 ms
07:33:42.758	0:0:0:0:0:0:0:1:51267	admin	REQUEST	[PROPFIND] http://localhost:8080/webdav/app-cm/._etc
07:33:42.761	0:0:0:0:0:0:0:1:51267	admin	200		3.17 ms
07:33:42.762	0:0:0:0:0:0:0:1:51267	admin	REQUEST	[PROPFIND] http://localhost:8080/webdav/app-cm/._var
07:33:42.765	0:0:0:0:0:0:0:1:51267	admin	200		2.84 ms
07:33:42.776	0:0:0:0:0:0:0:1:51267	admin	REQUEST	[PROPFIND] http://localhost:8080/webdav/factbook/
07:33:42.793	0:0:0:0:0:0:0:1:51267	admin	200		17.33 ms
07:33:47.036	0:0:0:0:0:0:0:1:51267	admin	REQUEST	[PROPFIND] http://localhost:8080/webdav/._.
07:33:47.042	0:0:0:0:0:0:0:1:51267	admin	200		5.74 ms
07:33:47.049	0:0:0:0:0:0:0:1:51267	admin	REQUEST	[PROPFIND] http://localhost:8080/webdav/
07:33:47.060	0:0:0:0:0:0:0:1:51267	admin	200		11.78 ms
07:33:47.090	0:0:0:0:0:0:0:1:51267	admin	REQUEST	[PROPFIND] http://localhost:8080/webdav/._0589a896-fc52-46f9-b682-730a62c05e4a
07:33:47.092	0:0:0:0:0:0:0:1:51267	admin	200		2.22 ms
07:33:47.094	0:0:0:0:0:0:0:1:51267	admin	REQUEST	[PROPFIND] http://localhost:8080/webdav/._app-cm
07:33:47.096	0:0:0:0:0:0:0:1:51267	admin	200		1.84 ms
07:33:47.103	0:0:0:0:0:0:0:1:51267	admin	REQUEST	[PROPFIND] http://localhost:8080/webdav/._factbook
07:33:47.105	0:0:0:0:0:0:0:1:51267	admin	200		2.31 ms
07:33:47.115	0:0:0:0:0:0:0:1:51267	admin	REQUEST	[PROPFIND] http://localhost:8080/webdav/0589a896-fc52-46f9-b682-730a62c05e4a/
07:33:47.147	0:0:0:0:0:0:0:1:51267	admin	200		37.87 ms
07:33:47.159	0:0:0:0:0:0:0:1:51267	admin	REQUEST	[PROPFIND] http://localhost:8080/webdav/0589a896-fc52-46f9-b682-730a62c05e4a/var/
07:33:47.198	0:0:0:0:0:0:0:1:51267	admin	200		39.3 ms
07:33:47.199	0:0:0:0:0:0:0:1:51267	admin	REQUEST	[PROPFIND] http://localhost:8080/webdav/0589a896-fc52-46f9-b682-730a62c05e4a/var/storage/
07:33:47.266	0:0:0:0:0:0:0:1:51267	admin	200		67.08 ms
07:33:47.274	0:0:0:0:0:0:0:1:51267	admin	REQUEST	[PROPFIND] http://localhost:8080/webdav/app-cm/
07:33:47.282	0:0:0:0:0:0:0:1:51267	admin	200		8.11 ms
07:33:47.291	0:0:0:0:0:0:0:1:51267	admin	REQUEST	[PROPFIND] http://localhost:8080/webdav/factbook/
07:33:47.300	0:0:0:0:0:0:0:1:51267	admin	200		8.99 ms
07:34:09.272	0:0:0:0:0:0:0:1:51267	admin	REQUEST	[PROPFIND] http://localhost:8080/webdav/._.
07:34:09.281	0:0:0:0:0:0:0:1:51267	admin	200		8.27 ms
07:34:09.307	0:0:0:0:0:0:0:1:51267	admin	REQUEST	[PROPFIND] http://localhost:8080/webdav/
07:34:09.326	0:0:0:0:0:0:0:1:51267	admin	200		18.89 ms
07:34:09.341	0:0:0:0:0:0:0:1:51267	admin	REQUEST	[PROPFIND] http://localhost:8080/webdav/._0589a896-fc52-46f9-b682-730a62c05e4a
07:34:09.344	0:0:0:0:0:0:0:1:51267	admin	200		2.88 ms
07:34:09.346	0:0:0:0:0:0:0:1:51267	admin	REQUEST	[PROPFIND] http://localhost:8080/webdav/._app-cm
07:34:09.348	0:0:0:0:0:0:0:1:51267	admin	200		1.85 ms
07:34:09.350	0:0:0:0:0:0:0:1:51267	admin	REQUEST	[PROPFIND] http://localhost:8080/webdav/._factbook
07:34:09.353	0:0:0:0:0:0:0:1:51267	admin	200		2.4 ms
07:34:09.357	0:0:0:0:0:0:0:1:51267	admin	REQUEST	[PROPFIND] http://localhost:8080/webdav/0589a896-fc52-46f9-b682-730a62c05e4a/
07:34:09.368	0:0:0:0:0:0:0:1:51267	admin	200		10.78 ms
07:34:09.385	0:0:0:0:0:0:0:1:51267	admin	REQUEST	[PROPFIND] http://localhost:8080/webdav/0589a896-fc52-46f9-b682-730a62c05e4a/var/
07:34:09.425	0:0:0:0:0:0:0:1:51267	admin	200		40.08 ms
07:34:09.425	0:0:0:0:0:0:0:1:51267	admin	REQUEST	[PROPFIND] http://localhost:8080/webdav/0589a896-fc52-46f9-b682-730a62c05e4a/var/storage/
07:34:09.471	0:0:0:0:0:0:0:1:51267	admin	200		45.86 ms
07:34:09.475	0:0:0:0:0:0:0:1:51267	admin	REQUEST	[PROPFIND] http://localhost:8080/webdav/app-cm/
07:34:09.485	0:0:0:0:0:0:0:1:51267	admin	200		9.99 ms
07:34:09.501	0:0:0:0:0:0:0:1:51267	admin	REQUEST	[PROPFIND] http://localhost:8080/webdav/factbook/
07:34:09.509	0:0:0:0:0:0:0:1:51267	admin	200		7.93 ms
08:47:53.506	0:0:0:0:0:0:0:1:51620	admin	REQUEST	[PROPFIND] http://localhost:8080/webdav/
08:47:53.562	0:0:0:0:0:0:0:1:51620	admin	200		57.04 ms
08:47:53.565	0:0:0:0:0:0:0:1:51620	admin	REQUEST	[PROPFIND] http://localhost:8080/webdav/._.
08:47:53.589	0:0:0:0:0:0:0:1:51620	admin	200		24.31 ms
08:47:53.591	0:0:0:0:0:0:0:1:51620	admin	REQUEST	[PROPFIND] http://localhost:8080/webdav/
08:47:53.606	0:0:0:0:0:0:0:1:51620	admin	200		14.92 ms
08:47:53.683	0:0:0:0:0:0:0:1:51620	admin	REQUEST	[PROPFIND] http://localhost:8080/webdav/._0589a896-fc52-46f9-b682-730a62c05e4a
08:47:53.685	0:0:0:0:0:0:0:1:51620	admin	200		2.2 ms
08:47:53.692	0:0:0:0:0:0:0:1:51620	admin	REQUEST	[PROPFIND] http://localhost:8080/webdav/._app-cm
08:47:53.694	0:0:0:0:0:0:0:1:51620	admin	200		2.13 ms
08:47:53.714	0:0:0:0:0:0:0:1:51620	admin	REQUEST	[PROPFIND] http://localhost:8080/webdav/._factbook
08:47:53.716	0:0:0:0:0:0:0:1:51620	admin	200		2.63 ms
08:47:53.752	0:0:0:0:0:0:0:1:51620	admin	REQUEST	[PROPFIND] http://localhost:8080/webdav/0589a896-fc52-46f9-b682-730a62c05e4a/
08:47:53.773	0:0:0:0:0:0:0:1:51620	admin	200		21.33 ms
08:47:53.793	0:0:0:0:0:0:0:1:51620	admin	REQUEST	[GET] http://localhost:8080/webdav/0589a896-fc52-46f9-b682-730a62c05e4a/._.DS_Store
08:47:53.812	0:0:0:0:0:0:0:1:51620	admin	200		19.4 ms
08:47:53.837	0:0:0:0:0:0:0:1:51620	admin	REQUEST	[PROPFIND] http://localhost:8080/webdav/0589a896-fc52-46f9-b682-730a62c05e4a/var/
08:47:53.870	0:0:0:0:0:0:0:1:51620	admin	200		34.43 ms
08:47:53.874	0:0:0:0:0:0:0:1:51620	admin	REQUEST	[GET] http://localhost:8080/webdav/0589a896-fc52-46f9-b682-730a62c05e4a/var/._.DS_Store
08:47:53.882	0:0:0:0:0:0:0:1:51620	admin	200		8.45 ms
08:47:53.910	0:0:0:0:0:0:0:1:51620	admin	REQUEST	[PROPFIND] http://localhost:8080/webdav/0589a896-fc52-46f9-b682-730a62c05e4a/var/storage/
08:47:53.928	0:0:0:0:0:0:0:1:51620	admin	200		17.91 ms
08:47:53.955	0:0:0:0:0:0:0:1:51620	admin	REQUEST	[PROPFIND] http://localhost:8080/webdav/app-cm/
08:47:53.965	0:0:0:0:0:0:0:1:51620	admin	200		10.86 ms
08:47:53.984	0:0:0:0:0:0:0:1:51620	admin	REQUEST	[PROPFIND] http://localhost:8080/webdav/factbook/
08:47:54.006	0:0:0:0:0:0:0:1:51620	admin	200		21.76 ms
10:12:45.257	0:0:0:0:0:0:0:1:52140	admin	REQUEST	[PROPFIND] http://localhost:8080/webdav/
10:12:45.365	0:0:0:0:0:0:0:1:52140	admin	200		109.5 ms
10:12:45.390	0:0:0:0:0:0:0:1:52140	admin	REQUEST	[PROPFIND] http://localhost:8080/webdav/._.
10:12:45.402	0:0:0:0:0:0:0:1:52140	admin	200		12.28 ms
11:39:36.819	0:0:0:0:0:0:0:1:52867	admin	REQUEST	[PROPFIND] http://localhost:8080/webdav/
11:39:36.886	0:0:0:0:0:0:0:1:52867	admin	200		68.25 ms
14:15:06.856	0:0:0:0:0:0:0:1:53396	admin	REQUEST	[PROPFIND] http://localhost:8080/webdav/
14:15:06.899	0:0:0:0:0:0:0:1:53396	admin	200		44.28 ms
14:15:06.945	0:0:0:0:0:0:0:1:53396	admin	REQUEST	[PROPFIND] http://localhost:8080/webdav/
14:15:06.948	0:0:0:0:0:0:0:1:53396	admin	200		3.91 ms
14:15:06.952	0:0:0:0:0:0:0:1:53396	admin	REQUEST	[PROPFIND] http://localhost:8080/webdav/._.
14:15:06.970	0:0:0:0:0:0:0:1:53396	admin	200		18.25 ms
14:15:07.180	0:0:0:0:0:0:0:1:53396	admin	REQUEST	[PROPFIND] http://localhost:8080/webdav/._.
14:15:07.185	0:0:0:0:0:0:0:1:53396	admin	200		4.82 ms
14:15:18.493	0:0:0:0:0:0:0:1:53396	admin	REQUEST	[PROPFIND] http://localhost:8080/webdav/._.
14:15:18.501	0:0:0:0:0:0:0:1:53396	admin	200		8.03 ms
17:23:37.825	0:0:0:0:0:0:0:1:55019	admin	REQUEST	[PROPFIND] http://localhost:8080/webdav/
17:23:37.869	0:0:0:0:0:0:0:1:55019	admin	200		44.87 ms
17:23:37.900	0:0:0:0:0:0:0:1:55019	admin	REQUEST	[PROPFIND] http://localhost:8080/webdav/.DS_Store
17:23:37.984	0:0:0:0:0:0:0:1:55019	admin	200		83.87 ms
17:23:38.003	0:0:0:0:0:0:0:1:55019	admin	REQUEST	[PROPFIND] http://localhost:8080/webdav/.DS_Store
17:23:38.007	0:0:0:0:0:0:0:1:55019	admin	200		3.63 ms
17:23:38.020	0:0:0:0:0:0:0:1:55019	admin	REQUEST	[PUT] http://localhost:8080/webdav/.DS_Store
17:23:38.094	0:0:0:0:0:0:0:1:55019	admin	200		73.72 ms
17:23:38.099	0:0:0:0:0:0:0:1:55019	admin	REQUEST	[PROPFIND] http://localhost:8080/webdav/.DS_Store
17:23:38.104	0:0:0:0:0:0:0:1:55019	admin	200		5.54 ms
17:56:02.622	SERVER	admin	OK	Server was stopped (port: 1984).
19:17:53.568	SERVER	admin	OK	Server was started (port: 1984).
19:24:10.994	SERVER	admin	OK	Server was stopped (port: 1984).
19:24:50.807	SERVER	admin	OK	Server was started (port: 1984).
19:25:07.319	SERVER	admin	OK	Server was stopped (port: 1984).
19:25:35.944	SERVER	admin	OK	Server was started (port: 1984).
19:25:48.962	SERVER	admin	OK	Server was stopped (port: 1984).
20:31:06.549	SERVER	admin	OK	Server was started (port: 1984).
20:44:22.841	SERVER	admin	OK	Server was stopped (port: 1984).
20:46:01.202	SERVER	admin	OK	Server was started (port: 1984).
20:46:03.360	0:0:0:0:0:0:0:1:56951	admin	REQUEST	[GET] http://localhost:8080/
20:46:05.295	0:0:0:0:0:0:0:1:56951	admin	302		1937.44 ms
20:46:05.296	0:0:0:0:0:0:0:1:56951	admin	200		0.79 ms
20:46:05.308	0:0:0:0:0:0:0:1:56951	admin	REQUEST	[GET] http://localhost:8080/cm/app
20:46:05.450	0:0:0:0:0:0:0:1:56951	admin	200		142.36 ms
20:46:05.809	0:0:0:0:0:0:0:1:56951	admin	REQUEST	[GET] http://localhost:8080/css?style=default
20:46:06.040	0:0:0:0:0:0:0:1:56951	admin	200		231.06 ms
20:47:19.216	SERVER	admin	OK	Server was stopped (port: 1984).
