11:01:25.756	SERVER	admin	OK	Server was started (port: 1984).
11:02:30.999	SERVER	admin	OK	Server was stopped (port: 1984).
11:02:38.873	SERVER	admin	OK	Server was started (port: 1984).
11:06:03.184	SERVER	admin	OK	Server was stopped (port: 1984).
11:06:15.165	SERVER	admin	OK	Server was started (port: 1984).
11:09:21.156	SERVER	admin	OK	Server was stopped (port: 1984).
11:09:28.961	SERVER	admin	OK	Server was started (port: 1984).
11:12:55.968	SERVER	admin	OK	Server was stopped (port: 1984).
11:13:03.870	SERVER	admin	OK	Server was started (port: 1984).
11:15:49.676	SERVER	admin	OK	Server was stopped (port: 1984).
11:15:58.635	SERVER	admin	OK	Server was started (port: 1984).
11:18:18.592	SERVER	admin	OK	Server was stopped (port: 1984).
11:18:31.848	SERVER	admin	OK	Server was started (port: 1984).
11:47:46.209	SERVER	admin	OK	Server was stopped (port: 1984).
11:47:55.368	SERVER	admin	OK	Server was started (port: 1984).
11:47:58.202	127.0.0.1:62696	admin	OK	QUERY[0] false	3.38 ms
11:47:58.290	127.0.0.1:62696	admin	OK	BIND[0] $dbname=undefined	85.83 ms
11:47:58.394	127.0.0.1:62696	admin	REQUEST	EXEC[0]	103.29 ms
11:47:58.394	127.0.0.1:62696	admin	ERROR	Stopped at ., 1/6: [XPDY0002] false: no context value bound.	0.17 ms
11:47:58.544	127.0.0.1:62697	admin	OK	QUERY[0] false	0.19 ms
11:47:58.545	127.0.0.1:62697	admin	OK	BIND[0] $dbname=undefined	0.22 ms
11:47:58.546	127.0.0.1:62697	admin	REQUEST	EXEC[0]	0.75 ms
11:47:58.546	127.0.0.1:62697	admin	ERROR	Stopped at ., 1/6: [XPDY0002] false: no context value bound.	0.1 ms
11:53:23.715	SERVER	admin	OK	Server was stopped (port: 1984).
11:53:32.553	SERVER	admin	OK	Server was started (port: 1984).
11:53:46.420	SERVER	admin	OK	Server was stopped (port: 1984).
12:41:31.454	SERVER	admin	OK	Server was started (port: 1984).
12:41:44.038	SERVER	admin	OK	Server was stopped (port: 1984).
13:01:09.751	SERVER	admin	OK	Server was started (port: 1984).
13:15:48.965	SERVER	admin	OK	Server was stopped (port: 1984).
13:15:58.435	SERVER	admin	OK	Server was started (port: 1984).
13:16:37.584	SERVER	admin	OK	Server was stopped (port: 1984).
13:16:46.689	SERVER	admin	OK	Server was started (port: 1984).
13:21:46.947	SERVER	admin	OK	Server was stopped (port: 1984).
13:21:55.210	SERVER	admin	OK	Server was started (port: 1984).
13:22:16.846	SERVER	admin	OK	Server was stopped (port: 1984).
13:22:25.014	SERVER	admin	OK	Server was started (port: 1984).
13:25:43.540	SERVER	admin	OK	Server was stopped (port: 1984).
13:26:32.095	SERVER	admin	OK	Server was started (port: 1984).
13:28:09.197	SERVER	admin	OK	Server was stopped (port: 1984).
13:28:24.488	SERVER	admin	OK	Server was started (port: 1984).
13:32:17.293	SERVER	admin	OK	Server was stopped (port: 1984).
13:32:26.061	SERVER	admin	OK	Server was started (port: 1984).
13:35:02.110	SERVER	admin	OK	Server was stopped (port: 1984).
13:35:11.646	SERVER	admin	OK	Server was started (port: 1984).
13:37:06.304	SERVER	admin	OK	Server was stopped (port: 1984).
13:37:17.004	SERVER	admin	OK	Server was started (port: 1984).
13:43:00.826	SERVER	admin	OK	Server was stopped (port: 1984).
13:43:09.481	SERVER	admin	OK	Server was started (port: 1984).
13:50:20.719	SERVER	admin	OK	Server was stopped (port: 1984).
13:50:31.219	SERVER	admin	OK	Server was started (port: 1984).
13:54:25.032	SERVER	admin	OK	Server was stopped (port: 1984).
13:54:33.851	SERVER	admin	OK	Server was started (port: 1984).
13:55:08.421	SERVER	admin	OK	Server was stopped (port: 1984).
13:55:17.477	SERVER	admin	OK	Server was started (port: 1984).
13:55:40.669	SERVER	admin	OK	Server was stopped (port: 1984).
13:55:49.133	SERVER	admin	OK	Server was started (port: 1984).
13:58:24.522	SERVER	admin	OK	Server was stopped (port: 1984).
13:58:33.696	SERVER	admin	OK	Server was started (port: 1984).
13:59:25.744	SERVER	admin	OK	Server was stopped (port: 1984).
13:59:38.232	SERVER	admin	OK	Server was started (port: 1984).
14:03:51.415	SERVER	admin	OK	Server was stopped (port: 1984).
14:04:00.205	SERVER	admin	OK	Server was started (port: 1984).
14:04:23.640	SERVER	admin	OK	Server was stopped (port: 1984).
14:11:04.034	SERVER	admin	OK	Server was started (port: 1984).
14:12:30.075	SERVER	admin	OK	Server was stopped (port: 1984).
14:12:37.634	SERVER	admin	OK	Server was started (port: 1984).
14:16:09.898	SERVER	admin	OK	Server was stopped (port: 1984).
14:16:19.337	SERVER	admin	OK	Server was started (port: 1984).
14:17:30.096	SERVER	admin	OK	Server was stopped (port: 1984).
14:17:41.789	SERVER	admin	OK	Server was started (port: 1984).
14:18:36.548	SERVER	admin	OK	Server was stopped (port: 1984).
14:18:46.204	SERVER	admin	OK	Server was started (port: 1984).
14:19:51.813	SERVER	admin	OK	Server was stopped (port: 1984).
14:20:01.496	SERVER	admin	OK	Server was started (port: 1984).
14:20:30.693	SERVER	admin	OK	Server was stopped (port: 1984).
14:20:39.151	SERVER	admin	OK	Server was started (port: 1984).
14:21:14.209	SERVER	admin	OK	Server was stopped (port: 1984).
14:21:22.607	SERVER	admin	OK	Server was started (port: 1984).
14:21:56.145	SERVER	admin	OK	Server was stopped (port: 1984).
14:22:11.765	SERVER	admin	OK	Server was started (port: 1984).
14:22:38.234	SERVER	admin	OK	Server was stopped (port: 1984).
14:22:46.915	SERVER	admin	OK	Server was started (port: 1984).
14:25:20.256	SERVER	admin	OK	Server was stopped (port: 1984).
14:25:28.881	SERVER	admin	OK	Server was started (port: 1984).
14:27:21.914	SERVER	admin	OK	Server was stopped (port: 1984).
14:27:31.548	SERVER	admin	OK	Server was started (port: 1984).
14:27:42.490	SERVER	admin	OK	Server was stopped (port: 1984).
14:45:34.147	SERVER	admin	OK	Server was started (port: 1984).
14:46:02.505	SERVER	admin	OK	Server was stopped (port: 1984).
14:46:11.436	SERVER	admin	OK	Server was started (port: 1984).
14:46:35.891	SERVER	admin	OK	Server was stopped (port: 1984).
14:46:44.745	SERVER	admin	OK	Server was started (port: 1984).
14:49:39.041	SERVER	admin	OK	Server was stopped (port: 1984).
14:49:48.695	SERVER	admin	OK	Server was started (port: 1984).
14:50:13.806	SERVER	admin	OK	Server was stopped (port: 1984).
14:50:22.196	SERVER	admin	OK	Server was started (port: 1984).
14:51:10.659	SERVER	admin	OK	Server was stopped (port: 1984).
14:51:18.969	SERVER	admin	OK	Server was started (port: 1984).
15:17:58.743	SERVER	admin	OK	Server was stopped (port: 1984).
15:19:01.561	SERVER	admin	OK	Server was started (port: 1984).
15:20:10.566	SERVER	admin	OK	Server was stopped (port: 1984).
15:20:18.564	SERVER	admin	OK	Server was started (port: 1984).
15:34:01.605	SERVER	admin	OK	Server was stopped (port: 1984).
15:34:10.348	SERVER	admin	OK	Server was started (port: 1984).
15:34:33.513	SERVER	admin	OK	Server was stopped (port: 1984).
15:34:41.552	SERVER	admin	OK	Server was started (port: 1984).
15:35:13.917	SERVER	admin	OK	Server was stopped (port: 1984).
15:35:23.127	SERVER	admin	OK	Server was started (port: 1984).
15:36:05.799	SERVER	admin	OK	Server was stopped (port: 1984).
15:36:13.584	SERVER	admin	OK	Server was started (port: 1984).
15:37:19.082	SERVER	admin	OK	Server was stopped (port: 1984).
15:37:28.246	SERVER	admin	OK	Server was started (port: 1984).
15:38:07.610	SERVER	admin	OK	Server was stopped (port: 1984).
15:38:15.482	SERVER	admin	OK	Server was started (port: 1984).
15:38:52.500	SERVER	admin	OK	Server was stopped (port: 1984).
15:39:00.366	SERVER	admin	OK	Server was started (port: 1984).
15:39:46.582	SERVER	admin	OK	Server was stopped (port: 1984).
15:39:54.681	SERVER	admin	OK	Server was started (port: 1984).
15:57:31.706	SERVER	admin	OK	Server was stopped (port: 1984).
15:57:39.651	SERVER	admin	OK	Server was started (port: 1984).
16:02:51.687	SERVER	admin	OK	Server was stopped (port: 1984).
16:02:59.740	SERVER	admin	OK	Server was started (port: 1984).
16:03:19.383	SERVER	admin	OK	Server was stopped (port: 1984).
16:03:28.349	SERVER	admin	OK	Server was started (port: 1984).
16:04:02.800	SERVER	admin	OK	Server was stopped (port: 1984).
16:04:11.216	SERVER	admin	OK	Server was started (port: 1984).
16:04:39.623	SERVER	admin	OK	Server was stopped (port: 1984).
16:13:22.873	SERVER	admin	OK	Server was started (port: 1984).
16:14:25.169	SERVER	admin	OK	Server was stopped (port: 1984).
16:14:33.773	SERVER	admin	OK	Server was started (port: 1984).
16:14:55.700	SERVER	admin	OK	Server was stopped (port: 1984).
16:15:05.043	SERVER	admin	OK	Server was started (port: 1984).
16:19:12.462	SERVER	admin	OK	Server was stopped (port: 1984).
16:19:19.901	SERVER	admin	OK	Server was started (port: 1984).
16:25:13.568	SERVER	admin	OK	Server was stopped (port: 1984).
16:25:20.715	SERVER	admin	OK	Server was started (port: 1984).
16:25:34.157	SERVER	admin	OK	Server was stopped (port: 1984).
19:13:32.592	SERVER	admin	OK	Server was started (port: 1984).
19:20:43.838	SERVER	admin	OK	Server was stopped (port: 1984).
19:20:52.510	SERVER	admin	OK	Server was started (port: 1984).
19:22:57.174	SERVER	admin	OK	Server was stopped (port: 1984).
19:23:05.199	SERVER	admin	OK	Server was started (port: 1984).
19:27:20.861	SERVER	admin	OK	Server was stopped (port: 1984).
19:27:29.722	SERVER	admin	OK	Server was started (port: 1984).
19:29:00.218	SERVER	admin	OK	Server was stopped (port: 1984).
19:29:08.458	SERVER	admin	OK	Server was started (port: 1984).
19:31:05.889	SERVER	admin	OK	Server was stopped (port: 1984).
19:31:14.726	SERVER	admin	OK	Server was started (port: 1984).
19:32:30.089	SERVER	admin	OK	Server was stopped (port: 1984).
19:32:39.442	SERVER	admin	OK	Server was started (port: 1984).
19:35:30.519	SERVER	admin	OK	Server was stopped (port: 1984).
19:35:40.513	SERVER	admin	OK	Server was started (port: 1984).
19:37:06.446	SERVER	admin	OK	Server was stopped (port: 1984).
19:37:15.547	SERVER	admin	OK	Server was started (port: 1984).
19:40:55.602	SERVER	admin	OK	Server was stopped (port: 1984).
19:41:04.708	SERVER	admin	OK	Server was started (port: 1984).
19:41:56.543	SERVER	admin	OK	Server was stopped (port: 1984).
19:42:06.508	SERVER	admin	OK	Server was started (port: 1984).
19:43:38.224	SERVER	admin	OK	Server was stopped (port: 1984).
19:43:46.781	SERVER	admin	OK	Server was started (port: 1984).
19:44:48.558	SERVER	admin	OK	Server was stopped (port: 1984).
19:44:57.802	SERVER	admin	OK	Server was started (port: 1984).
19:47:37.868	SERVER	admin	OK	Server was stopped (port: 1984).
19:47:50.132	SERVER	admin	OK	Server was started (port: 1984).
19:49:04.240	SERVER	admin	OK	Server was stopped (port: 1984).
19:49:11.445	SERVER	admin	OK	Server was started (port: 1984).
19:49:54.282	SERVER	admin	OK	Server was stopped (port: 1984).
19:50:02.481	SERVER	admin	OK	Server was started (port: 1984).
19:50:16.162	SERVER	admin	OK	Server was stopped (port: 1984).
19:50:26.321	SERVER	admin	OK	Server was started (port: 1984).
19:52:19.296	SERVER	admin	OK	Server was stopped (port: 1984).
19:52:30.474	SERVER	admin	OK	Server was started (port: 1984).
19:57:22.754	SERVER	admin	OK	Server was stopped (port: 1984).
19:57:34.020	SERVER	admin	OK	Server was started (port: 1984).
20:02:12.833	SERVER	admin	OK	Server was stopped (port: 1984).
20:02:21.492	SERVER	admin	OK	Server was started (port: 1984).
20:04:13.607	SERVER	admin	OK	Server was stopped (port: 1984).
20:04:22.083	SERVER	admin	OK	Server was started (port: 1984).
20:05:22.089	SERVER	admin	OK	Server was stopped (port: 1984).
20:05:29.689	SERVER	admin	OK	Server was started (port: 1984).
20:11:54.401	SERVER	admin	OK	Server was stopped (port: 1984).
20:12:02.841	SERVER	admin	OK	Server was started (port: 1984).
20:12:49.262	SERVER	admin	OK	Server was stopped (port: 1984).
20:12:58.783	SERVER	admin	OK	Server was started (port: 1984).
20:13:48.624	SERVER	admin	OK	Server was stopped (port: 1984).
20:13:56.449	SERVER	admin	OK	Server was started (port: 1984).
20:26:32.562	SERVER	admin	OK	Server was stopped (port: 1984).
20:26:41.737	SERVER	admin	OK	Server was started (port: 1984).
20:27:37.178	SERVER	admin	OK	Server was stopped (port: 1984).
20:27:45.945	SERVER	admin	OK	Server was started (port: 1984).
21:07:36.698	SERVER	admin	OK	Server was stopped (port: 1984).
21:07:45.171	SERVER	admin	OK	Server was started (port: 1984).
21:09:36.124	SERVER	admin	OK	Server was stopped (port: 1984).
21:09:48.042	SERVER	admin	OK	Server was started (port: 1984).
21:11:20.704	SERVER	admin	OK	Server was stopped (port: 1984).
21:11:28.421	SERVER	admin	OK	Server was started (port: 1984).
21:12:44.301	SERVER	admin	OK	Server was stopped (port: 1984).
21:31:08.046	SERVER	admin	OK	Server was started (port: 1984).
21:31:37.514	SERVER	admin	OK	Server was stopped (port: 1984).
21:31:46.250	SERVER	admin	OK	Server was started (port: 1984).
21:32:00.437	SERVER	admin	OK	Server was stopped (port: 1984).
21:33:05.908	SERVER	admin	OK	Server was started (port: 1984).
21:33:13.623	SERVER	admin	OK	Server was stopped (port: 1984).
21:34:08.082	SERVER	admin	OK	Server was started (port: 1984).
21:34:28.360	SERVER	admin	OK	Server was stopped (port: 1984).
21:34:36.103	SERVER	admin	OK	Server was started (port: 1984).
21:34:44.407	SERVER	admin	OK	Server was stopped (port: 1984).
21:49:31.427	SERVER	admin	OK	Server was started (port: 1984).
21:51:10.842	SERVER	admin	OK	Server was stopped (port: 1984).
21:51:20.136	SERVER	admin	OK	Server was started (port: 1984).
21:51:28.482	SERVER	admin	OK	Server was stopped (port: 1984).
22:03:07.150	SERVER	admin	OK	Server was started (port: 1984).
22:10:03.808	SERVER	admin	OK	Server was stopped (port: 1984).
22:10:12.766	SERVER	admin	OK	Server was started (port: 1984).
22:12:09.741	SERVER	admin	OK	Server was stopped (port: 1984).
22:12:18.196	SERVER	admin	OK	Server was started (port: 1984).
22:15:39.018	SERVER	admin	OK	Server was stopped (port: 1984).
22:15:47.679	SERVER	admin	OK	Server was started (port: 1984).
22:17:05.870	SERVER	admin	OK	Server was stopped (port: 1984).
22:17:13.640	SERVER	admin	OK	Server was started (port: 1984).
22:19:14.410	SERVER	admin	OK	Server was stopped (port: 1984).
22:19:22.395	SERVER	admin	OK	Server was started (port: 1984).
22:21:09.278	SERVER	admin	OK	Server was stopped (port: 1984).
22:21:17.816	SERVER	admin	OK	Server was started (port: 1984).
22:23:12.380	SERVER	admin	OK	Server was stopped (port: 1984).
22:23:24.420	SERVER	admin	OK	Server was started (port: 1984).
22:25:40.985	SERVER	admin	OK	Server was stopped (port: 1984).
22:25:48.419	SERVER	admin	OK	Server was started (port: 1984).
22:27:22.058	SERVER	admin	OK	Server was stopped (port: 1984).
22:27:31.800	SERVER	admin	OK	Server was started (port: 1984).
22:28:30.570	SERVER	admin	OK	Server was stopped (port: 1984).
22:28:39.491	SERVER	admin	OK	Server was started (port: 1984).
