07:16:34.570	SERVER	admin	OK	Server was started (port: 1984).
07:31:41.917	SERVER	admin	ERROR	Der Server läuft, oder der Zugriff wurde untersagt.
07:35:06.085	127.0.0.1:50457	admin	REQUEST	HELP	31.04 ms
07:35:06.088	127.0.0.1:50457	admin	OK		3.29 ms
07:36:08.814	127.0.0.1:50457	admin	REQUEST	INFO DB	1.41 ms
07:36:08.815	127.0.0.1:50457	admin	ERROR	No database opened.	0.39 ms
20:07:54.712	0:0:0:0:0:0:0:1:56438	admin	REQUEST	[GET] http://localhost:8080/
20:07:57.181	0:0:0:0:0:0:0:1:56438	admin	302		2475.01 ms
20:07:57.183	0:0:0:0:0:0:0:1:56438	admin	200		2.28 ms
20:07:57.197	0:0:0:0:0:0:0:1:56438	admin	REQUEST	[GET] http://localhost:8080/cm/app
20:07:57.345	0:0:0:0:0:0:0:1:56438	admin	200		148.43 ms
20:07:57.477	0:0:0:0:0:0:0:1:56438	admin	REQUEST	[GET] http://localhost:8080/css?style=default
20:07:57.932	0:0:0:0:0:0:0:1:56438	admin	200		455.9 ms
20:09:17.205	SERVER	admin	OK	Server was stopped (port: 1984).
20:09:29.717	SERVER	admin	OK	Server was started (port: 1984).
20:11:00.822	SERVER	admin	OK	Server was stopped (port: 1984).
20:11:56.918	SERVER	admin	OK	Server was started (port: 1984).
20:13:11.239	SERVER	admin	OK	Server was stopped (port: 1984).
20:13:52.159	SERVER	admin	OK	Server was started (port: 1984).
20:14:18.621	SERVER	admin	OK	Server was stopped (port: 1984).
20:17:28.947	SERVER	admin	OK	Server was started (port: 1984).
20:19:02.913	0:0:0:0:0:0:0:1:56514	admin	REQUEST	[GET] http://localhost:8080/index.htm
20:19:04.784	0:0:0:0:0:0:0:1:56514	admin	404	No function found that matches the request.	1873.1 ms
20:19:11.609	0:0:0:0:0:0:0:1:56560	admin	REQUEST	[GET] http://localhost:8080/index.htm
20:19:11.656	0:0:0:0:0:0:0:1:56560	admin	404	No function found that matches the request.	46.91 ms
20:19:12.435	0:0:0:0:0:0:0:1:56514	admin	REQUEST	[GET] http://localhost:8080/index.html
20:19:12.488	0:0:0:0:0:0:0:1:56514	admin	404	No function found that matches the request.	53.03 ms
20:21:18.197	SERVER	admin	OK	Server was stopped (port: 1984).
20:23:40.844	SERVER	admin	OK	Server was started (port: 1984).
20:24:53.666	0:0:0:0:0:0:0:1:56591	admin	REQUEST	[GET] http://localhost:8080/
20:24:57.279	0:0:0:0:0:0:0:1:56591	admin	302		3614.26 ms
20:24:57.279	0:0:0:0:0:0:0:1:56591	admin	200		0.28 ms
20:30:51.107	SERVER	admin	OK	Server was stopped (port: 1984).
20:31:17.411	SERVER	admin	OK	Server was started (port: 1984).
20:34:50.741	0:0:0:0:0:0:0:1:56666	admin	REQUEST	[GET] http://localhost:8080/
20:34:51.547	0:0:0:0:0:0:0:1:56676	admin	REQUEST	[GET] http://localhost:8080/r
20:34:53.423	0:0:0:0:0:0:0:1:56676	admin	404	No function found that matches the request.	1877.04 ms
20:34:53.552	0:0:0:0:0:0:0:1:56666	admin	302		2812.78 ms
20:34:53.552	0:0:0:0:0:0:0:1:56666	admin	200		0.18 ms
20:39:41.493	0:0:0:0:0:0:0:1:56728	admin	REQUEST	[GET] http://localhost:8080/
20:39:41.558	0:0:0:0:0:0:0:1:56728	admin	302		65.22 ms
20:39:41.558	0:0:0:0:0:0:0:1:56728	admin	200		0.12 ms
20:39:41.573	0:0:0:0:0:0:0:1:56728	admin	REQUEST	[GET] http://localhost:8080/cm/app
20:39:41.692	0:0:0:0:0:0:0:1:56728	admin	200		119.74 ms
20:39:41.740	0:0:0:0:0:0:0:1:56728	admin	REQUEST	[GET] http://localhost:8080/css?style=default
20:39:41.803	0:0:0:0:0:0:0:1:56728	admin	200		63.08 ms
20:45:03.301	SERVER	admin	OK	Server was stopped (port: 1984).
20:45:51.093	SERVER	admin	OK	Server was started (port: 1984).
22:47:09.658	SERVER	admin	OK	Server was stopped (port: 1984).
22:51:22.106	SERVER	admin	OK	Server was started (port: 1984).
22:51:53.428	SERVER	admin	OK	Server was stopped (port: 1984).
22:53:34.934	SERVER	admin	OK	Server was started (port: 1984).
22:53:43.707	SERVER	admin	OK	Server was stopped (port: 1984).
22:53:58.878	SERVER	admin	OK	Server was started (port: 1984).
22:55:33.665	SERVER	admin	OK	Server was stopped (port: 1984).
22:55:53.220	SERVER	admin	OK	Server was started (port: 1984).
22:56:14.002	0:0:0:0:0:0:0:1:57276	admin	REQUEST	[GET] http://localhost:8080/
22:56:14.472	0:0:0:0:0:0:0:1:57275	admin	REQUEST	[GET] http://localhost:8080/
22:56:16.043	0:0:0:0:0:0:0:1:57276	admin	302		2043.55 ms
22:56:16.044	0:0:0:0:0:0:0:1:57276	admin	200		0.36 ms
22:56:16.046	0:0:0:0:0:0:0:1:57275	admin	302		1574.71 ms
22:56:16.046	0:0:0:0:0:0:0:1:57275	admin	200		0.19 ms
22:56:16.054	0:0:0:0:0:0:0:1:57275	admin	REQUEST	[GET] http://localhost:8080/cm/app
22:56:16.133	0:0:0:0:0:0:0:1:57276	admin	REQUEST	[GET] http://localhost:8080/cm/app
22:56:16.190	0:0:0:0:0:0:0:1:57275	admin	200		135.94 ms
22:56:16.296	0:0:0:0:0:0:0:1:57276	admin	200		171.32 ms
22:56:16.478	0:0:0:0:0:0:0:1:57275	admin	REQUEST	[GET] http://localhost:8080/css?style=default
22:56:16.640	0:0:0:0:0:0:0:1:57275	admin	200		162.43 ms
22:56:16.954	0:0:0:0:0:0:0:1:57276	admin	REQUEST	[GET] http://localhost:8080/css?style=default
22:56:17.072	0:0:0:0:0:0:0:1:57276	admin	200		118.6 ms
22:56:25.297	SERVER	admin	OK	Server was stopped (port: 1984).
22:57:24.597	SERVER	admin	OK	Server was started (port: 1984).
22:57:40.817	0:0:0:0:0:0:0:1:57298	admin	REQUEST	[GET] http://localhost:8080/cm/app
22:57:40.885	0:0:0:0:0:0:0:1:57300	admin	REQUEST	[GET] http://localhost:8080/
22:57:41.285	0:0:0:0:0:0:0:1:57310	admin	REQUEST	[GET] http://localhost:8080/
22:57:52.678	0:0:0:0:0:0:0:1:57298	admin	200		11954.31 ms
22:57:52.687	0:0:0:0:0:0:0:1:57300	admin	302		11802.46 ms
22:57:52.687	0:0:0:0:0:0:0:1:57300	admin	200		0.18 ms
22:57:52.695	0:0:0:0:0:0:0:1:57300	admin	REQUEST	[GET] http://localhost:8080/cm/app
22:57:52.812	0:0:0:0:0:0:0:1:57310	admin	302		11527.38 ms
22:57:52.818	0:0:0:0:0:0:0:1:57310	admin	200		6.34 ms
22:57:52.844	0:0:0:0:0:0:0:1:57310	admin	REQUEST	[GET] http://localhost:8080/cm/app
22:57:53.060	0:0:0:0:0:0:0:1:57300	admin	200		364.87 ms
22:57:53.296	0:0:0:0:0:0:0:1:57310	admin	200		452.2 ms
22:57:58.781	0:0:0:0:0:0:0:1:57310	admin	REQUEST	[GET] http://localhost:8080/cm/app
22:57:58.869	0:0:0:0:0:0:0:1:57310	admin	200		88.65 ms
22:57:59.475	0:0:0:0:0:0:0:1:57300	admin	REQUEST	[GET] http://localhost:8080/
22:57:59.576	0:0:0:0:0:0:0:1:57300	admin	302		101.7 ms
22:57:59.577	0:0:0:0:0:0:0:1:57300	admin	200		0.16 ms
22:57:59.585	0:0:0:0:0:0:0:1:57300	admin	REQUEST	[GET] http://localhost:8080/cm/app
22:57:59.674	0:0:0:0:0:0:0:1:57300	admin	200		89.19 ms
22:57:59.869	0:0:0:0:0:0:0:1:57310	admin	REQUEST	[GET] http://localhost:8080/
22:57:59.984	0:0:0:0:0:0:0:1:57310	admin	302		115.08 ms
22:57:59.984	0:0:0:0:0:0:0:1:57310	admin	200		0.14 ms
22:57:59.995	0:0:0:0:0:0:0:1:57310	admin	REQUEST	[GET] http://localhost:8080/cm/app
22:58:00.075	0:0:0:0:0:0:0:1:57310	admin	200		79.73 ms
23:01:03.277	SERVER	admin	OK	Server was stopped (port: 1984).
23:02:42.653	SERVER	admin	OK	Server was started (port: 1984).
23:03:32.123	SERVER	admin	OK	Server was stopped (port: 1984).
23:03:48.275	SERVER	admin	OK	Server was started (port: 1984).
23:04:42.794	SERVER	admin	OK	Server was stopped (port: 1984).
23:08:28.214	SERVER	admin	OK	Server was started (port: 1984).
23:08:35.294	0:0:0:0:0:0:0:1:57396	admin	REQUEST	[GET] http://localhost:8080/rjs/
23:08:37.201	0:0:0:0:0:0:0:1:57396	admin	404	No function found that matches the request.	1908.74 ms
23:11:03.508	SERVER	admin	OK	Server was stopped (port: 1984).
