13:00:20.497	SERVER	admin	OK	Server was stopped (port: 1984).
13:00:29.196	SERVER	admin	OK	Server was started (port: 1984).
13:05:53.204	SERVER	admin	OK	Server was stopped (port: 1984).
13:06:03.339	SERVER	admin	OK	Server was started (port: 1984).
13:13:02.670	SERVER	admin	OK	Server was stopped (port: 1984).
13:13:12.482	SERVER	admin	OK	Server was started (port: 1984).
13:18:59.964	SERVER	admin	OK	Server was stopped (port: 1984).
13:19:09.937	SERVER	admin	OK	Server was started (port: 1984).
13:22:59.943	SERVER	admin	OK	Server was stopped (port: 1984).
13:23:07.610	SERVER	admin	OK	Server was started (port: 1984).
13:24:23.304	SERVER	admin	OK	Server was stopped (port: 1984).
13:24:31.217	SERVER	admin	OK	Server was started (port: 1984).
13:29:33.513	SERVER	admin	OK	Server was stopped (port: 1984).
13:29:46.228	SERVER	admin	OK	Server was started (port: 1984).
14:31:21.170	SERVER	admin	OK	Server was stopped (port: 1984).
14:31:52.988	SERVER	admin	OK	Server was started (port: 1984).
14:34:06.191	SERVER	admin	OK	Server was stopped (port: 1984).
14:34:25.370	SERVER	admin	OK	Server was started (port: 1984).
15:51:01.551	SERVER	admin	OK	Server was stopped (port: 1984).
15:51:14.865	SERVER	admin	OK	Server was started (port: 1984).
16:32:09.755	SERVER	admin	OK	Server was stopped (port: 1984).
16:32:18.428	SERVER	admin	OK	Server was started (port: 1984).
16:37:29.265	SERVER	admin	OK	Server was stopped (port: 1984).
16:37:41.387	SERVER	admin	OK	Server was started (port: 1984).
16:59:36.480	SERVER	admin	OK	Server was stopped (port: 1984).
16:59:48.587	SERVER	admin	OK	Server was started (port: 1984).
17:09:03.029	SERVER	admin	OK	Server was stopped (port: 1984).
17:09:36.374	SERVER	admin	OK	Server was started (port: 1984).
17:27:39.164	SERVER	admin	OK	Server was stopped (port: 1984).
17:27:47.375	SERVER	admin	OK	Server was started (port: 1984).
17:30:46.088	SERVER	admin	OK	Server was stopped (port: 1984).
17:30:57.105	SERVER	admin	OK	Server was started (port: 1984).
17:40:26.384	SERVER	admin	OK	Server was stopped (port: 1984).
17:40:34.027	SERVER	admin	OK	Server was started (port: 1984).
17:42:37.757	SERVER	admin	OK	Server was stopped (port: 1984).
17:42:47.110	SERVER	admin	OK	Server was started (port: 1984).
17:43:59.461	SERVER	admin	OK	Server was stopped (port: 1984).
17:44:08.298	SERVER	admin	OK	Server was started (port: 1984).
17:45:56.941	SERVER	admin	OK	Server was stopped (port: 1984).
17:46:06.916	SERVER	admin	OK	Server was started (port: 1984).
19:11:30.860	SERVER	admin	OK	Server was stopped (port: 1984).
19:11:40.170	SERVER	admin	OK	Server was started (port: 1984).
19:14:00.975	SERVER	admin	OK	Server was stopped (port: 1984).
19:14:10.605	SERVER	admin	OK	Server was started (port: 1984).
19:23:24.506	SERVER	admin	OK	Server was stopped (port: 1984).
19:23:32.397	SERVER	admin	OK	Server was started (port: 1984).
19:26:43.358	SERVER	admin	OK	Server was stopped (port: 1984).
19:26:52.428	SERVER	admin	OK	Server was started (port: 1984).
19:27:36.914	127.0.0.1:62989	admin	OK	QUERY[0] undefined	3.57 ms
19:27:36.995	127.0.0.1:62989	admin	OK	BIND[0] $dbname=app_cfg	78.52 ms
19:27:37.097	127.0.0.1:62989	admin	REQUEST	EXEC[0]	101.43 ms
19:27:37.097	127.0.0.1:62989	admin	ERROR	Stopped at ., 1/10: [XPDY0002] undefined: no context value bound.	0.16 ms
19:27:37.258	127.0.0.1:62990	admin	OK	QUERY[0] undefined	0.17 ms
19:27:37.259	127.0.0.1:62990	admin	OK	BIND[0] $dbname=app_cfg	0.21 ms
19:27:37.260	127.0.0.1:62990	admin	REQUEST	EXEC[0]	0.86 ms
19:27:37.260	127.0.0.1:62990	admin	ERROR	Stopped at ., 1/10: [XPDY0002] undefined: no context value bound.	0.1 ms
19:27:54.044	127.0.0.1:62996	admin	OK	QUERY[0] undefined	0.18 ms
19:27:54.045	127.0.0.1:62996	admin	OK	BIND[0] $dbname=app_cfg	0.21 ms
19:27:54.047	127.0.0.1:62996	admin	REQUEST	EXEC[0]	0.73 ms
19:27:54.047	127.0.0.1:62996	admin	ERROR	Stopped at ., 1/10: [XPDY0002] undefined: no context value bound.	0.11 ms
19:27:54.134	127.0.0.1:62997	admin	OK	QUERY[0] undefined	0.35 ms
19:27:54.136	127.0.0.1:62997	admin	OK	BIND[0] $dbname=app_cfg	0.21 ms
19:27:54.137	127.0.0.1:62997	admin	REQUEST	EXEC[0]	0.65 ms
19:27:54.137	127.0.0.1:62997	admin	ERROR	Stopped at ., 1/10: [XPDY0002] undefined: no context value bound.	0.16 ms
19:41:19.153	SERVER	admin	OK	Server was stopped (port: 1984).
19:41:28.902	SERVER	admin	OK	Server was started (port: 1984).
19:48:30.331	SERVER	admin	OK	Server was stopped (port: 1984).
19:48:39.167	SERVER	admin	OK	Server was started (port: 1984).
19:50:32.823	SERVER	admin	OK	Server was stopped (port: 1984).
19:50:49.738	SERVER	admin	OK	Server was started (port: 1984).
19:57:03.713	SERVER	admin	OK	Server was stopped (port: 1984).
19:57:11.584	SERVER	admin	OK	Server was started (port: 1984).
19:59:11.403	SERVER	admin	OK	Server was stopped (port: 1984).
19:59:22.733	SERVER	admin	OK	Server was started (port: 1984).
20:05:13.139	SERVER	admin	OK	Server was stopped (port: 1984).
20:05:21.103	SERVER	admin	OK	Server was started (port: 1984).
20:06:03.283	SERVER	admin	OK	Server was stopped (port: 1984).
20:06:12.552	SERVER	admin	OK	Server was started (port: 1984).
20:07:27.259	SERVER	admin	OK	Server was stopped (port: 1984).
20:07:36.874	SERVER	admin	OK	Server was started (port: 1984).
20:09:08.404	SERVER	admin	OK	Server was stopped (port: 1984).
20:09:20.077	SERVER	admin	OK	Server was started (port: 1984).
20:10:12.740	SERVER	admin	OK	Server was stopped (port: 1984).
20:10:21.833	SERVER	admin	OK	Server was started (port: 1984).
20:11:07.653	SERVER	admin	OK	Server was stopped (port: 1984).
20:11:15.580	SERVER	admin	OK	Server was started (port: 1984).
20:22:30.727	SERVER	admin	OK	Server was stopped (port: 1984).
20:22:39.691	SERVER	admin	OK	Server was started (port: 1984).
20:23:33.045	SERVER	admin	OK	Server was stopped (port: 1984).
20:24:09.093	SERVER	admin	OK	Server was started (port: 1984).
20:25:54.683	SERVER	admin	OK	Server was stopped (port: 1984).
20:26:03.152	SERVER	admin	OK	Server was started (port: 1984).
20:31:00.342	SERVER	admin	OK	Server was stopped (port: 1984).
20:31:09.453	SERVER	admin	OK	Server was started (port: 1984).
20:32:48.785	SERVER	admin	OK	Server was stopped (port: 1984).
20:32:56.935	SERVER	admin	OK	Server was started (port: 1984).
20:34:01.239	SERVER	admin	OK	Server was stopped (port: 1984).
20:34:09.516	SERVER	admin	OK	Server was started (port: 1984).
20:34:51.351	SERVER	admin	OK	Server was stopped (port: 1984).
20:35:01.186	SERVER	admin	OK	Server was started (port: 1984).
20:40:04.328	SERVER	admin	OK	Server was stopped (port: 1984).
20:40:13.613	SERVER	admin	OK	Server was started (port: 1984).
20:41:43.978	SERVER	admin	OK	Server was stopped (port: 1984).
20:41:52.002	SERVER	admin	OK	Server was started (port: 1984).
20:42:58.877	SERVER	admin	OK	Server was stopped (port: 1984).
20:43:09.167	SERVER	admin	OK	Server was started (port: 1984).
20:51:52.038	SERVER	admin	OK	Server was stopped (port: 1984).
20:52:00.783	SERVER	admin	OK	Server was started (port: 1984).
20:52:35.451	SERVER	admin	OK	Server was stopped (port: 1984).
20:52:43.973	SERVER	admin	OK	Server was started (port: 1984).
20:53:20.618	SERVER	admin	OK	Server was stopped (port: 1984).
20:53:28.413	SERVER	admin	OK	Server was started (port: 1984).
20:56:30.701	SERVER	admin	OK	Server was stopped (port: 1984).
20:57:19.705	SERVER	admin	OK	Server was started (port: 1984).
21:18:07.454	SERVER	admin	OK	Server was stopped (port: 1984).
21:18:16.455	SERVER	admin	OK	Server was started (port: 1984).
21:19:06.008	SERVER	admin	OK	Server was stopped (port: 1984).
21:19:14.455	SERVER	admin	OK	Server was started (port: 1984).
21:22:53.464	SERVER	admin	OK	Server was stopped (port: 1984).
21:23:02.590	SERVER	admin	OK	Server was started (port: 1984).
21:24:02.946	SERVER	admin	OK	Server was stopped (port: 1984).
21:24:11.364	SERVER	admin	OK	Server was started (port: 1984).
21:29:09.027	SERVER	admin	OK	Server was stopped (port: 1984).
21:29:17.061	SERVER	admin	OK	Server was started (port: 1984).
21:30:38.114	SERVER	admin	OK	Server was stopped (port: 1984).
21:30:50.378	SERVER	admin	OK	Server was started (port: 1984).
